2024-05-14 14:08:57.665 +01:00  INF  User profile is available. Using 'C:\Users\Oluwayanmife.ayeni\AppData\Local\ASP.NET\DataProtection-Keys' as key repository and Windows DPAPI to encrypt keys at rest.
2024-05-14 14:08:58.639 +01:00  INF  Application started. Press Ctrl+C to shut down.
2024-05-14 14:08:58.639 +01:00  INF  Hosting environment: Development
2024-05-14 14:08:58.639 +01:00  INF  Content root path: C:\Users\Oluwayanmife.ayeni\OneDrive - United Capital Plc\Documents\ASP.NET\Authenticator\Authenticator\
2024-05-14 14:08:58.719 +01:00  INF  Request starting HTTP/2 GET https://localhost:44318/swagger/index.html - -
2024-05-14 14:08:59.884 +01:00  INF  Request starting HTTP/2 GET https://localhost:44318/_framework/aspnetcore-browser-refresh.js - -
2024-05-14 14:08:59.886 +01:00  INF  Request finished HTTP/2 GET https://localhost:44318/swagger/index.html - - - 200 - text/html;charset=utf-8 1172.5329ms
2024-05-14 14:08:59.905 +01:00  INF  Request finished HTTP/2 GET https://localhost:44318/_framework/aspnetcore-browser-refresh.js - - - 200 12358 application/javascript;+charset=utf-8 20.1961ms
2024-05-14 14:09:00.152 +01:00  INF  Request starting HTTP/2 GET https://localhost:44318/_vs/browserLink - -
2024-05-14 14:09:00.385 +01:00  INF  Request finished HTTP/2 GET https://localhost:44318/_vs/browserLink - - - 200 - text/javascript;+charset=UTF-8 233.2444ms
2024-05-14 14:09:00.500 +01:00  INF  Request starting HTTP/2 GET https://localhost:44318/swagger/v1/swagger.json - -
2024-05-14 14:09:00.761 +01:00  INF  Request finished HTTP/2 GET https://localhost:44318/swagger/v1/swagger.json - - - 200 - application/json;charset=utf-8 261.1795ms
2024-05-14 14:09:42.517 +01:00  INF  Request starting HTTP/2 POST https://localhost:44318/api/Account/Login application/json 52
2024-05-14 14:09:43.231 +01:00  INF  Executing endpoint 'Authenticator.Controllers.AccountController.Login (Authenticator)'
2024-05-14 14:09:43.298 +01:00  INF  Route matched with {action = "Login", controller = "Account"}. Executing controller action with signature System.Threading.Tasks.Task`1[Microsoft.AspNetCore.Mvc.IActionResult] Login(Authenticator.DTO.Account.LoginDTO) on controller Authenticator.Controllers.AccountController (Authenticator).
2024-05-14 14:09:45.353 +01:00  WRN  No store type was specified for the decimal property 'Div' on entity type 'Stocks'. This will cause values to be silently truncated if they do not fit in the default precision and scale. Explicitly specify the SQL server column type that can accommodate all the values in 'OnModelCreating' using 'HasColumnType', specify precision and scale using 'HasPrecision', or configure a value converter using 'HasConversion'.
2024-05-14 14:09:45.354 +01:00  WRN  No store type was specified for the decimal property 'Purchase' on entity type 'Stocks'. This will cause values to be silently truncated if they do not fit in the default precision and scale. Explicitly specify the SQL server column type that can accommodate all the values in 'OnModelCreating' using 'HasColumnType', specify precision and scale using 'HasPrecision', or configure a value converter using 'HasConversion'.
2024-05-14 14:09:45.623 +01:00  INF  Entity Framework Core 6.0.29 initialized 'ApplicationDbContext' using provider 'Microsoft.EntityFrameworkCore.SqlServer:6.0.29' with options: None
2024-05-14 14:09:48.886 +01:00  INF  Executed DbCommand (256ms) [Parameters=[@__ToLower_0='?' (Size = 4000)], CommandType='"Text"', CommandTimeout='30']
SELECT TOP(1) [a].[Id], [a].[EmailAddress], [a].[PasswordHash], [a].[PasswordSalt], [a].[Username]
FROM [AccountsTable] AS [a]
WHERE LOWER([a].[Username]) = @__ToLower_0
2024-05-14 14:09:49.677 +01:00  INF  Executing ObjectResult, writing value of type 'System.Collections.Generic.List`1[[System.String, System.Private.CoreLib, Version=6.0.0.0, Culture=neutral, PublicKeyToken=7cec85d7bea7798e]]'.
2024-05-14 14:09:49.698 +01:00  INF  Executed action Authenticator.Controllers.AccountController.Login (Authenticator) in 6385.713ms
2024-05-14 14:09:49.701 +01:00  INF  Executed endpoint 'Authenticator.Controllers.AccountController.Login (Authenticator)'
2024-05-14 14:09:49.712 +01:00  INF  HTTP POST /api/Account/Login responded 200 in 7153.9564 ms
2024-05-14 14:09:49.737 +01:00  INF  Request finished HTTP/2 POST https://localhost:44318/api/Account/Login application/json 52 - 200 - application/json;+charset=utf-8 7220.4077ms
2024-05-14 14:09:57.941 +01:00  INF  Request starting HTTP/2 POST https://localhost:44318/api/Account/Login application/json 51
2024-05-14 14:09:57.944 +01:00  INF  Executing endpoint 'Authenticator.Controllers.AccountController.Login (Authenticator)'
2024-05-14 14:09:57.944 +01:00  INF  Route matched with {action = "Login", controller = "Account"}. Executing controller action with signature System.Threading.Tasks.Task`1[Microsoft.AspNetCore.Mvc.IActionResult] Login(Authenticator.DTO.Account.LoginDTO) on controller Authenticator.Controllers.AccountController (Authenticator).
2024-05-14 14:09:57.958 +01:00  INF  Executing BadRequestObjectResult, writing value of type 'Microsoft.AspNetCore.Mvc.ValidationProblemDetails'.
2024-05-14 14:09:57.962 +01:00  INF  Executed action Authenticator.Controllers.AccountController.Login (Authenticator) in 17.3563ms
2024-05-14 14:09:57.962 +01:00  INF  Executed endpoint 'Authenticator.Controllers.AccountController.Login (Authenticator)'
2024-05-14 14:09:57.962 +01:00  INF  HTTP POST /api/Account/Login responded 400 in 18.2376 ms
2024-05-14 14:09:57.962 +01:00  INF  Request finished HTTP/2 POST https://localhost:44318/api/Account/Login application/json 51 - 400 - application/problem+json;+charset=utf-8 21.1563ms
2024-05-14 14:10:04.315 +01:00  INF  Request starting HTTP/2 POST https://localhost:44318/api/Account/Login application/json 53
2024-05-14 14:10:04.318 +01:00  INF  Executing endpoint 'Authenticator.Controllers.AccountController.Login (Authenticator)'
2024-05-14 14:10:04.318 +01:00  INF  Route matched with {action = "Login", controller = "Account"}. Executing controller action with signature System.Threading.Tasks.Task`1[Microsoft.AspNetCore.Mvc.IActionResult] Login(Authenticator.DTO.Account.LoginDTO) on controller Authenticator.Controllers.AccountController (Authenticator).
2024-05-14 14:10:04.337 +01:00  INF  Entity Framework Core 6.0.29 initialized 'ApplicationDbContext' using provider 'Microsoft.EntityFrameworkCore.SqlServer:6.0.29' with options: None
2024-05-14 14:10:04.368 +01:00  INF  Executed DbCommand (14ms) [Parameters=[@__ToLower_0='?' (Size = 4000)], CommandType='"Text"', CommandTimeout='30']
SELECT TOP(1) [a].[Id], [a].[EmailAddress], [a].[PasswordHash], [a].[PasswordSalt], [a].[Username]
FROM [AccountsTable] AS [a]
WHERE LOWER([a].[Username]) = @__ToLower_0
2024-05-14 14:10:04.370 +01:00  INF  Executing ObjectResult, writing value of type 'System.Collections.Generic.List`1[[System.String, System.Private.CoreLib, Version=6.0.0.0, Culture=neutral, PublicKeyToken=7cec85d7bea7798e]]'.
2024-05-14 14:10:04.370 +01:00  INF  Executed action Authenticator.Controllers.AccountController.Login (Authenticator) in 51.8202ms
2024-05-14 14:10:04.370 +01:00  INF  Executed endpoint 'Authenticator.Controllers.AccountController.Login (Authenticator)'
2024-05-14 14:10:04.370 +01:00  INF  HTTP POST /api/Account/Login responded 401 in 55.1605 ms
2024-05-14 14:10:04.371 +01:00  INF  Request finished HTTP/2 POST https://localhost:44318/api/Account/Login application/json 53 - 401 - application/json;+charset=utf-8 55.6822ms
2024-05-14 14:10:53.822 +01:00  INF  Request starting HTTP/2 GET https://localhost:44318/api/Account/Get By UserId?id=1 - -
2024-05-14 14:10:53.823 +01:00  INF  Executing endpoint 'Authenticator.Controllers.AccountController.GetById (Authenticator)'
2024-05-14 14:10:53.827 +01:00  INF  Route matched with {action = "GetById", controller = "Account"}. Executing controller action with signature System.Threading.Tasks.Task`1[Microsoft.AspNetCore.Mvc.IActionResult] GetById(Int32) on controller Authenticator.Controllers.AccountController (Authenticator).
2024-05-14 14:10:53.905 +01:00  INF  Entity Framework Core 6.0.29 initialized 'ApplicationDbContext' using provider 'Microsoft.EntityFrameworkCore.SqlServer:6.0.29' with options: None
2024-05-14 14:10:53.921 +01:00  INF  Executed DbCommand (9ms) [Parameters=[@__id_0='?' (DbType = Int32)], CommandType='"Text"', CommandTimeout='30']
SELECT TOP(1) [a].[Id], [a].[EmailAddress], [a].[PasswordHash], [a].[PasswordSalt], [a].[Username]
FROM [AccountsTable] AS [a]
WHERE [a].[Id] = @__id_0
2024-05-14 14:10:53.923 +01:00  INF  Executing ObjectResult, writing value of type 'System.Collections.Generic.List`1[[System.String, System.Private.CoreLib, Version=6.0.0.0, Culture=neutral, PublicKeyToken=7cec85d7bea7798e]]'.
2024-05-14 14:10:53.924 +01:00  INF  Executed action Authenticator.Controllers.AccountController.GetById (Authenticator) in 96.9895ms
2024-05-14 14:10:53.924 +01:00  INF  Executed endpoint 'Authenticator.Controllers.AccountController.GetById (Authenticator)'
2024-05-14 14:10:53.925 +01:00  INF  HTTP GET /api/Account/Get By UserId responded 200 in 102.0155 ms
2024-05-14 14:10:53.925 +01:00  INF  Request finished HTTP/2 GET https://localhost:44318/api/Account/Get By UserId?id=1 - - - 200 - application/json;+charset=utf-8 102.4586ms
2024-05-14 14:27:04.007 +01:00  INF  User profile is available. Using 'C:\Users\Oluwayanmife.ayeni\AppData\Local\ASP.NET\DataProtection-Keys' as key repository and Windows DPAPI to encrypt keys at rest.
2024-05-14 14:27:04.930 +01:00  INF  Request starting HTTP/2 GET https://localhost:44318/swagger/index.html - -
2024-05-14 14:27:04.978 +01:00  INF  Application started. Press Ctrl+C to shut down.
2024-05-14 14:27:04.979 +01:00  INF  Hosting environment: Development
2024-05-14 14:27:04.980 +01:00  INF  Content root path: C:\Users\Oluwayanmife.ayeni\OneDrive - United Capital Plc\Documents\ASP.NET\Authenticator\Authenticator\
2024-05-14 14:27:07.351 +01:00  INF  Request starting HTTP/2 GET https://localhost:44318/_framework/aspnetcore-browser-refresh.js - -
2024-05-14 14:27:07.355 +01:00  INF  Request finished HTTP/2 GET https://localhost:44318/swagger/index.html - - - 200 - text/html;charset=utf-8 2431.0925ms
2024-05-14 14:27:07.372 +01:00  INF  Request finished HTTP/2 GET https://localhost:44318/_framework/aspnetcore-browser-refresh.js - - - 200 12358 application/javascript;+charset=utf-8 19.1180ms
2024-05-14 14:27:07.980 +01:00  INF  Request starting HTTP/2 GET https://localhost:44318/_vs/browserLink - -
2024-05-14 14:27:08.225 +01:00  INF  Request finished HTTP/2 GET https://localhost:44318/_vs/browserLink - - - 200 - text/javascript;+charset=UTF-8 245.7973ms
2024-05-14 14:27:08.386 +01:00  INF  Request starting HTTP/2 GET https://localhost:44318/swagger/v1/swagger.json - -
2024-05-14 14:27:08.808 +01:00  INF  Request finished HTTP/2 GET https://localhost:44318/swagger/v1/swagger.json - - - 200 - application/json;charset=utf-8 421.9117ms
2024-05-14 14:27:26.534 +01:00  INF  Request starting HTTP/2 GET https://localhost:44318/api/Account/Get By UserId?id=1 - -
2024-05-14 14:27:26.965 +01:00  INF  Executing endpoint 'Authenticator.Controllers.AccountController.GetById (Authenticator)'
2024-05-14 14:27:27.026 +01:00  INF  Route matched with {action = "GetById", controller = "Account"}. Executing controller action with signature System.Threading.Tasks.Task`1[Microsoft.AspNetCore.Mvc.IActionResult] GetById(Int32) on controller Authenticator.Controllers.AccountController (Authenticator).
2024-05-14 14:27:29.408 +01:00  WRN  No store type was specified for the decimal property 'Div' on entity type 'Stocks'. This will cause values to be silently truncated if they do not fit in the default precision and scale. Explicitly specify the SQL server column type that can accommodate all the values in 'OnModelCreating' using 'HasColumnType', specify precision and scale using 'HasPrecision', or configure a value converter using 'HasConversion'.
2024-05-14 14:27:29.409 +01:00  WRN  No store type was specified for the decimal property 'Purchase' on entity type 'Stocks'. This will cause values to be silently truncated if they do not fit in the default precision and scale. Explicitly specify the SQL server column type that can accommodate all the values in 'OnModelCreating' using 'HasColumnType', specify precision and scale using 'HasPrecision', or configure a value converter using 'HasConversion'.
2024-05-14 14:27:29.782 +01:00  INF  Entity Framework Core 6.0.29 initialized 'ApplicationDbContext' using provider 'Microsoft.EntityFrameworkCore.SqlServer:6.0.29' with options: None
2024-05-14 14:27:32.148 +01:00  INF  Executed DbCommand (212ms) [Parameters=[@__id_0='?' (DbType = Int32)], CommandType='"Text"', CommandTimeout='30']
SELECT TOP(1) [a].[Id], [a].[EmailAddress], [a].[PasswordHash], [a].[PasswordSalt], [a].[Username]
FROM [AccountsTable] AS [a]
WHERE [a].[Id] = @__id_0
2024-05-14 14:27:32.407 +01:00  INF  Executing ObjectResult, writing value of type 'System.Collections.Generic.List`1[[System.String, System.Private.CoreLib, Version=6.0.0.0, Culture=neutral, PublicKeyToken=7cec85d7bea7798e]]'.
2024-05-14 14:27:32.423 +01:00  INF  Executed action Authenticator.Controllers.AccountController.GetById (Authenticator) in 5388.2503ms
2024-05-14 14:27:32.426 +01:00  INF  Executed endpoint 'Authenticator.Controllers.AccountController.GetById (Authenticator)'
2024-05-14 14:27:32.439 +01:00  INF  HTTP GET /api/Account/Get By UserId responded 200 in 5883.0313 ms
2024-05-14 14:27:32.463 +01:00  INF  Request finished HTTP/2 GET https://localhost:44318/api/Account/Get By UserId?id=1 - - - 200 - application/json;+charset=utf-8 5929.3493ms
2024-05-14 14:30:36.871 +01:00  INF  User profile is available. Using 'C:\Users\Oluwayanmife.ayeni\AppData\Local\ASP.NET\DataProtection-Keys' as key repository and Windows DPAPI to encrypt keys at rest.
2024-05-14 14:30:37.501 +01:00  INF  Request starting HTTP/2 GET https://localhost:44318/swagger/index.html - -
2024-05-14 14:30:37.562 +01:00  INF  Application started. Press Ctrl+C to shut down.
2024-05-14 14:30:37.563 +01:00  INF  Hosting environment: Development
2024-05-14 14:30:37.563 +01:00  INF  Content root path: C:\Users\Oluwayanmife.ayeni\OneDrive - United Capital Plc\Documents\ASP.NET\Authenticator\Authenticator\
2024-05-14 14:30:38.498 +01:00  INF  Request starting HTTP/2 GET https://localhost:44318/_framework/aspnetcore-browser-refresh.js - -
2024-05-14 14:30:38.498 +01:00  INF  Request finished HTTP/2 GET https://localhost:44318/swagger/index.html - - - 200 - text/html;charset=utf-8 1003.3128ms
2024-05-14 14:30:38.567 +01:00  INF  Request finished HTTP/2 GET https://localhost:44318/_framework/aspnetcore-browser-refresh.js - - - 200 12358 application/javascript;+charset=utf-8 68.8997ms
2024-05-14 14:30:38.856 +01:00  INF  Request starting HTTP/2 GET https://localhost:44318/_vs/browserLink - -
2024-05-14 14:30:39.010 +01:00  INF  Request finished HTTP/2 GET https://localhost:44318/_vs/browserLink - - - 200 - text/javascript;+charset=UTF-8 154.1290ms
2024-05-14 14:30:39.338 +01:00  INF  Request starting HTTP/2 GET https://localhost:44318/swagger/v1/swagger.json - -
2024-05-14 14:30:39.720 +01:00  INF  Request finished HTTP/2 GET https://localhost:44318/swagger/v1/swagger.json - - - 200 - application/json;charset=utf-8 382.5632ms
2024-05-14 14:31:16.473 +01:00  INF  Request starting HTTP/2 GET https://localhost:44318/api/Account/Get By UserId?id=1 - -
2024-05-14 14:31:16.727 +01:00  INF  Executing endpoint 'Authenticator.Controllers.AccountController.GetById (Authenticator)'
2024-05-14 14:31:16.776 +01:00  INF  Route matched with {action = "GetById", controller = "Account"}. Executing controller action with signature System.Threading.Tasks.Task`1[Microsoft.AspNetCore.Mvc.IActionResult] GetById(Int32) on controller Authenticator.Controllers.AccountController (Authenticator).
2024-05-14 14:31:18.813 +01:00  WRN  No store type was specified for the decimal property 'Div' on entity type 'Stocks'. This will cause values to be silently truncated if they do not fit in the default precision and scale. Explicitly specify the SQL server column type that can accommodate all the values in 'OnModelCreating' using 'HasColumnType', specify precision and scale using 'HasPrecision', or configure a value converter using 'HasConversion'.
2024-05-14 14:31:18.817 +01:00  WRN  No store type was specified for the decimal property 'Purchase' on entity type 'Stocks'. This will cause values to be silently truncated if they do not fit in the default precision and scale. Explicitly specify the SQL server column type that can accommodate all the values in 'OnModelCreating' using 'HasColumnType', specify precision and scale using 'HasPrecision', or configure a value converter using 'HasConversion'.
2024-05-14 14:31:19.146 +01:00  INF  Entity Framework Core 6.0.29 initialized 'ApplicationDbContext' using provider 'Microsoft.EntityFrameworkCore.SqlServer:6.0.29' with options: None
2024-05-14 14:31:21.446 +01:00  INF  Executed DbCommand (175ms) [Parameters=[@__id_0='?' (DbType = Int32)], CommandType='"Text"', CommandTimeout='30']
SELECT TOP(1) [a].[Id], [a].[EmailAddress], [a].[PasswordHash], [a].[PasswordSalt], [a].[Username]
FROM [AccountsTable] AS [a]
WHERE [a].[Id] = @__id_0
2024-05-14 14:31:21.788 +01:00  INF  Executing ObjectResult, writing value of type 'System.Collections.Generic.List`1[[System.String, System.Private.CoreLib, Version=6.0.0.0, Culture=neutral, PublicKeyToken=7cec85d7bea7798e]]'.
2024-05-14 14:31:21.802 +01:00  INF  Executed action Authenticator.Controllers.AccountController.GetById (Authenticator) in 5016.9123ms
2024-05-14 14:31:21.805 +01:00  INF  Executed endpoint 'Authenticator.Controllers.AccountController.GetById (Authenticator)'
2024-05-14 14:31:21.814 +01:00  INF  HTTP GET /api/Account/Get By UserId responded 200 in 5308.7787 ms
2024-05-14 14:31:21.841 +01:00  INF  Request finished HTTP/2 GET https://localhost:44318/api/Account/Get By UserId?id=1 - - - 200 - application/json;+charset=utf-8 5367.0392ms
2024-05-14 14:44:40.863 +01:00  INF  User profile is available. Using 'C:\Users\Oluwayanmife.ayeni\AppData\Local\ASP.NET\DataProtection-Keys' as key repository and Windows DPAPI to encrypt keys at rest.
2024-05-14 14:44:41.568 +01:00  INF  Application started. Press Ctrl+C to shut down.
2024-05-14 14:44:41.568 +01:00  INF  Hosting environment: Development
2024-05-14 14:44:41.569 +01:00  INF  Content root path: C:\Users\Oluwayanmife.ayeni\OneDrive - United Capital Plc\Documents\ASP.NET\Authenticator\Authenticator\
2024-05-14 14:44:41.588 +01:00  INF  Request starting HTTP/2 GET https://localhost:44318/swagger/index.html - -
2024-05-14 14:44:42.466 +01:00  INF  Request finished HTTP/2 GET https://localhost:44318/swagger/index.html - - - 200 - text/html;charset=utf-8 884.2449ms
2024-05-14 14:44:42.508 +01:00  INF  Request starting HTTP/2 GET https://localhost:44318/_framework/aspnetcore-browser-refresh.js - -
2024-05-14 14:44:42.545 +01:00  INF  Request finished HTTP/2 GET https://localhost:44318/_framework/aspnetcore-browser-refresh.js - - - 200 12358 application/javascript;+charset=utf-8 22.8713ms
2024-05-14 14:44:42.963 +01:00  INF  Request starting HTTP/2 GET https://localhost:44318/_vs/browserLink - -
2024-05-14 14:44:43.290 +01:00  INF  Request finished HTTP/2 GET https://localhost:44318/_vs/browserLink - - - 200 - text/javascript;+charset=UTF-8 326.8272ms
2024-05-14 14:44:43.426 +01:00  INF  Request starting HTTP/2 GET https://localhost:44318/swagger/v1/swagger.json - -
2024-05-14 14:44:43.940 +01:00  INF  Request finished HTTP/2 GET https://localhost:44318/swagger/v1/swagger.json - - - 200 - application/json;charset=utf-8 513.8058ms
2024-05-14 14:44:55.752 +01:00  INF  Request starting HTTP/2 GET https://localhost:44318/api/Account/Get By UserId?id=1 - -
2024-05-14 14:44:56.192 +01:00  INF  Executing endpoint 'Authenticator.Controllers.AccountController.GetById (Authenticator)'
2024-05-14 14:44:56.254 +01:00  INF  Route matched with {action = "GetById", controller = "Account"}. Executing controller action with signature System.Threading.Tasks.Task`1[Microsoft.AspNetCore.Mvc.IActionResult] GetById(Int32) on controller Authenticator.Controllers.AccountController (Authenticator).
2024-05-14 14:44:58.508 +01:00  WRN  No store type was specified for the decimal property 'Div' on entity type 'Stocks'. This will cause values to be silently truncated if they do not fit in the default precision and scale. Explicitly specify the SQL server column type that can accommodate all the values in 'OnModelCreating' using 'HasColumnType', specify precision and scale using 'HasPrecision', or configure a value converter using 'HasConversion'.
2024-05-14 14:44:58.509 +01:00  WRN  No store type was specified for the decimal property 'Purchase' on entity type 'Stocks'. This will cause values to be silently truncated if they do not fit in the default precision and scale. Explicitly specify the SQL server column type that can accommodate all the values in 'OnModelCreating' using 'HasColumnType', specify precision and scale using 'HasPrecision', or configure a value converter using 'HasConversion'.
2024-05-14 14:44:58.890 +01:00  INF  Entity Framework Core 6.0.29 initialized 'ApplicationDbContext' using provider 'Microsoft.EntityFrameworkCore.SqlServer:6.0.29' with options: None
2024-05-14 14:45:01.484 +01:00  INF  Executed DbCommand (238ms) [Parameters=[@__id_0='?' (DbType = Int32)], CommandType='"Text"', CommandTimeout='30']
SELECT TOP(1) [a].[Id], [a].[EmailAddress], [a].[PasswordHash], [a].[PasswordSalt], [a].[Username]
FROM [AccountsTable] AS [a]
WHERE [a].[Id] = @__id_0
2024-05-14 14:45:01.906 +01:00  INF  Executing ObjectResult, writing value of type 'System.Collections.Generic.List`1[[System.String, System.Private.CoreLib, Version=6.0.0.0, Culture=neutral, PublicKeyToken=7cec85d7bea7798e]]'.
2024-05-14 14:45:01.929 +01:00  INF  Executed action Authenticator.Controllers.AccountController.GetById (Authenticator) in 5660.985ms
2024-05-14 14:45:01.935 +01:00  INF  Executed endpoint 'Authenticator.Controllers.AccountController.GetById (Authenticator)'
2024-05-14 14:45:01.954 +01:00  INF  HTTP GET /api/Account/Get By UserId responded 200 in 6181.1004 ms
2024-05-14 14:45:01.998 +01:00  INF  Request finished HTTP/2 GET https://localhost:44318/api/Account/Get By UserId?id=1 - - - 200 - application/json;+charset=utf-8 6245.1740ms
2024-05-14 14:52:52.303 +01:00  INF  User profile is available. Using 'C:\Users\Oluwayanmife.ayeni\AppData\Local\ASP.NET\DataProtection-Keys' as key repository and Windows DPAPI to encrypt keys at rest.
2024-05-14 14:52:53.082 +01:00  INF  Request starting HTTP/2 GET https://localhost:44318/swagger/index.html - -
2024-05-14 14:52:53.122 +01:00  INF  Application started. Press Ctrl+C to shut down.
2024-05-14 14:52:53.123 +01:00  INF  Hosting environment: Development
2024-05-14 14:52:53.124 +01:00  INF  Content root path: C:\Users\Oluwayanmife.ayeni\OneDrive - United Capital Plc\Documents\ASP.NET\Authenticator\Authenticator\
2024-05-14 14:52:54.057 +01:00  INF  Request starting HTTP/2 GET https://localhost:44318/_framework/aspnetcore-browser-refresh.js - -
2024-05-14 14:52:54.108 +01:00  INF  Request finished HTTP/2 GET https://localhost:44318/swagger/index.html - - - 200 - text/html;charset=utf-8 961.5401ms
2024-05-14 14:52:54.119 +01:00  INF  Request finished HTTP/2 GET https://localhost:44318/_framework/aspnetcore-browser-refresh.js - - - 200 12358 application/javascript;+charset=utf-8 72.6811ms
2024-05-14 14:52:54.338 +01:00  INF  Request starting HTTP/2 GET https://localhost:44318/_vs/browserLink - -
2024-05-14 14:52:55.115 +01:00  INF  Request finished HTTP/2 GET https://localhost:44318/_vs/browserLink - - - 200 - text/javascript;+charset=UTF-8 766.8724ms
2024-05-14 14:52:55.122 +01:00  INF  Request starting HTTP/2 GET https://localhost:44318/swagger/v1/swagger.json - -
2024-05-14 14:52:55.501 +01:00  INF  Request finished HTTP/2 GET https://localhost:44318/swagger/v1/swagger.json - - - 200 - application/json;charset=utf-8 379.1292ms
2024-05-14 14:53:03.695 +01:00  INF  Request starting HTTP/2 GET https://localhost:44318/api/Account/Get By UserId?id=1 - -
2024-05-14 14:53:03.970 +01:00  INF  Executing endpoint 'Authenticator.Controllers.AccountController.GetById (Authenticator)'
2024-05-14 14:53:04.030 +01:00  INF  Route matched with {action = "GetById", controller = "Account"}. Executing controller action with signature System.Threading.Tasks.Task`1[Microsoft.AspNetCore.Mvc.IActionResult] GetById(Int32) on controller Authenticator.Controllers.AccountController (Authenticator).
2024-05-14 14:53:06.383 +01:00  WRN  No store type was specified for the decimal property 'Div' on entity type 'Stocks'. This will cause values to be silently truncated if they do not fit in the default precision and scale. Explicitly specify the SQL server column type that can accommodate all the values in 'OnModelCreating' using 'HasColumnType', specify precision and scale using 'HasPrecision', or configure a value converter using 'HasConversion'.
2024-05-14 14:53:06.384 +01:00  WRN  No store type was specified for the decimal property 'Purchase' on entity type 'Stocks'. This will cause values to be silently truncated if they do not fit in the default precision and scale. Explicitly specify the SQL server column type that can accommodate all the values in 'OnModelCreating' using 'HasColumnType', specify precision and scale using 'HasPrecision', or configure a value converter using 'HasConversion'.
2024-05-14 14:53:06.831 +01:00  INF  Entity Framework Core 6.0.29 initialized 'ApplicationDbContext' using provider 'Microsoft.EntityFrameworkCore.SqlServer:6.0.29' with options: None
2024-05-14 14:53:24.088 +01:00  ERR  An error occurred using the connection to database 'AuthenticationDb' on server 'UCAP-IT-40\TESTSERVER'.
2024-05-14 14:53:24.957 +01:00  ERR  An exception occurred while iterating over the results of a query for context type 'Authenticator.Data.ApplicationDbContext'.
Microsoft.Data.SqlClient.SqlException (0x80131904): Connection Timeout Expired.  The timeout period elapsed during the post-login phase.  The connection could have timed out while waiting for server to complete the login process and respond; Or it could have timed out while attempting to create multiple active connections.  The duration spent while attempting to connect to this server was - [Pre-Login] initialization=518; handshake=182; [Login] initialization=26; authentication=56; [Post-Login] complete=14078; 
 ---> System.ComponentModel.Win32Exception (258): The wait operation timed out.
   at Microsoft.Data.SqlClient.TdsParser.ThrowExceptionAndWarning(TdsParserStateObject stateObj, Boolean callerHasConnectionLock, Boolean asyncClose)
   at Microsoft.Data.SqlClient.TdsParserStateObject.ReadSniError(TdsParserStateObject stateObj, UInt32 error)
   at Microsoft.Data.SqlClient.TdsParserStateObject.ReadSniSyncOverAsync()
   at Microsoft.Data.SqlClient.TdsParserStateObject.TryReadNetworkPacket()
   at Microsoft.Data.SqlClient.TdsParserStateObject.TryPrepareBuffer()
   at Microsoft.Data.SqlClient.TdsParserStateObject.TryReadByte(Byte& value)
   at Microsoft.Data.SqlClient.TdsParser.TryRun(RunBehavior runBehavior, SqlCommand cmdHandler, SqlDataReader dataStream, BulkCopySimpleResultSet bulkCopyHandler, TdsParserStateObject stateObj, Boolean& dataReady)
   at Microsoft.Data.SqlClient.TdsParser.Run(RunBehavior runBehavior, SqlCommand cmdHandler, SqlDataReader dataStream, BulkCopySimpleResultSet bulkCopyHandler, TdsParserStateObject stateObj)
   at Microsoft.Data.SqlClient.SqlInternalConnectionTds.CompleteLogin(Boolean enlistOK)
   at Microsoft.Data.SqlClient.SqlInternalConnectionTds.AttemptOneLogin(ServerInfo serverInfo, String newPassword, SecureString newSecurePassword, Boolean ignoreSniOpenTimeout, TimeoutTimer timeout, Boolean withFailover)
   at Microsoft.Data.SqlClient.SqlInternalConnectionTds.LoginNoFailover(ServerInfo serverInfo, String newPassword, SecureString newSecurePassword, Boolean redirectedUserInstance, SqlConnectionString connectionOptions, SqlCredential credential, TimeoutTimer timeout)
   at Microsoft.Data.SqlClient.SqlInternalConnectionTds.OpenLoginEnlist(TimeoutTimer timeout, SqlConnectionString connectionOptions, SqlCredential credential, String newPassword, SecureString newSecurePassword, Boolean redirectedUserInstance)
   at Microsoft.Data.SqlClient.SqlInternalConnectionTds..ctor(DbConnectionPoolIdentity identity, SqlConnectionString connectionOptions, SqlCredential credential, Object providerInfo, String newPassword, SecureString newSecurePassword, Boolean redirectedUserInstance, SqlConnectionString userConnectionOptions, SessionData reconnectSessionData, Boolean applyTransientFaultHandling, String accessToken, DbConnectionPool pool)
   at Microsoft.Data.SqlClient.SqlConnectionFactory.CreateConnection(DbConnectionOptions options, DbConnectionPoolKey poolKey, Object poolGroupProviderInfo, DbConnectionPool pool, DbConnection owningConnection, DbConnectionOptions userOptions)
   at Microsoft.Data.ProviderBase.DbConnectionFactory.CreatePooledConnection(DbConnectionPool pool, DbConnection owningObject, DbConnectionOptions options, DbConnectionPoolKey poolKey, DbConnectionOptions userOptions)
   at Microsoft.Data.ProviderBase.DbConnectionPool.CreateObject(DbConnection owningObject, DbConnectionOptions userOptions, DbConnectionInternal oldConnection)
   at Microsoft.Data.ProviderBase.DbConnectionPool.UserCreateRequest(DbConnection owningObject, DbConnectionOptions userOptions, DbConnectionInternal oldConnection)
   at Microsoft.Data.ProviderBase.DbConnectionPool.TryGetConnection(DbConnection owningObject, UInt32 waitForMultipleObjectsTimeout, Boolean allowCreate, Boolean onlyOneCheckConnection, DbConnectionOptions userOptions, DbConnectionInternal& connection)
   at Microsoft.Data.ProviderBase.DbConnectionPool.WaitForPendingOpen()
--- End of stack trace from previous location ---
   at Microsoft.EntityFrameworkCore.Storage.RelationalConnection.OpenInternalAsync(Boolean errorsExpected, CancellationToken cancellationToken)
   at Microsoft.EntityFrameworkCore.Storage.RelationalConnection.OpenInternalAsync(Boolean errorsExpected, CancellationToken cancellationToken)
   at Microsoft.EntityFrameworkCore.Storage.RelationalConnection.OpenAsync(CancellationToken cancellationToken, Boolean errorsExpected)
   at Microsoft.EntityFrameworkCore.Storage.RelationalCommand.ExecuteReaderAsync(RelationalCommandParameterObject parameterObject, CancellationToken cancellationToken)
   at Microsoft.EntityFrameworkCore.Query.Internal.SingleQueryingEnumerable`1.AsyncEnumerator.InitializeReaderAsync(AsyncEnumerator enumerator, CancellationToken cancellationToken)
   at Microsoft.EntityFrameworkCore.SqlServer.Storage.Internal.SqlServerExecutionStrategy.ExecuteAsync[TState,TResult](TState state, Func`4 operation, Func`4 verifySucceeded, CancellationToken cancellationToken)
   at Microsoft.EntityFrameworkCore.Query.Internal.SingleQueryingEnumerable`1.AsyncEnumerator.MoveNextAsync()
ClientConnectionId:54d883d5-91b9-4c5f-ba30-cbf3904a72d1
Error Number:-2,State:0,Class:11Microsoft.Data.SqlClient.SqlException (0x80131904): Connection Timeout Expired.  The timeout period elapsed during the post-login phase.  The connection could have timed out while waiting for server to complete the login process and respond; Or it could have timed out while attempting to create multiple active connections.  The duration spent while attempting to connect to this server was - [Pre-Login] initialization=518; handshake=182; [Login] initialization=26; authentication=56; [Post-Login] complete=14078; 
 ---> System.ComponentModel.Win32Exception (258): The wait operation timed out.
   at Microsoft.Data.SqlClient.TdsParser.ThrowExceptionAndWarning(TdsParserStateObject stateObj, Boolean callerHasConnectionLock, Boolean asyncClose)
   at Microsoft.Data.SqlClient.TdsParserStateObject.ReadSniError(TdsParserStateObject stateObj, UInt32 error)
   at Microsoft.Data.SqlClient.TdsParserStateObject.ReadSniSyncOverAsync()
   at Microsoft.Data.SqlClient.TdsParserStateObject.TryReadNetworkPacket()
   at Microsoft.Data.SqlClient.TdsParserStateObject.TryPrepareBuffer()
   at Microsoft.Data.SqlClient.TdsParserStateObject.TryReadByte(Byte& value)
   at Microsoft.Data.SqlClient.TdsParser.TryRun(RunBehavior runBehavior, SqlCommand cmdHandler, SqlDataReader dataStream, BulkCopySimpleResultSet bulkCopyHandler, TdsParserStateObject stateObj, Boolean& dataReady)
   at Microsoft.Data.SqlClient.TdsParser.Run(RunBehavior runBehavior, SqlCommand cmdHandler, SqlDataReader dataStream, BulkCopySimpleResultSet bulkCopyHandler, TdsParserStateObject stateObj)
   at Microsoft.Data.SqlClient.SqlInternalConnectionTds.CompleteLogin(Boolean enlistOK)
   at Microsoft.Data.SqlClient.SqlInternalConnectionTds.AttemptOneLogin(ServerInfo serverInfo, String newPassword, SecureString newSecurePassword, Boolean ignoreSniOpenTimeout, TimeoutTimer timeout, Boolean withFailover)
   at Microsoft.Data.SqlClient.SqlInternalConnectionTds.LoginNoFailover(ServerInfo serverInfo, String newPassword, SecureString newSecurePassword, Boolean redirectedUserInstance, SqlConnectionString connectionOptions, SqlCredential credential, TimeoutTimer timeout)
   at Microsoft.Data.SqlClient.SqlInternalConnectionTds.OpenLoginEnlist(TimeoutTimer timeout, SqlConnectionString connectionOptions, SqlCredential credential, String newPassword, SecureString newSecurePassword, Boolean redirectedUserInstance)
   at Microsoft.Data.SqlClient.SqlInternalConnectionTds..ctor(DbConnectionPoolIdentity identity, SqlConnectionString connectionOptions, SqlCredential credential, Object providerInfo, String newPassword, SecureString newSecurePassword, Boolean redirectedUserInstance, SqlConnectionString userConnectionOptions, SessionData reconnectSessionData, Boolean applyTransientFaultHandling, String accessToken, DbConnectionPool pool)
   at Microsoft.Data.SqlClient.SqlConnectionFactory.CreateConnection(DbConnectionOptions options, DbConnectionPoolKey poolKey, Object poolGroupProviderInfo, DbConnectionPool pool, DbConnection owningConnection, DbConnectionOptions userOptions)
   at Microsoft.Data.ProviderBase.DbConnectionFactory.CreatePooledConnection(DbConnectionPool pool, DbConnection owningObject, DbConnectionOptions options, DbConnectionPoolKey poolKey, DbConnectionOptions userOptions)
   at Microsoft.Data.ProviderBase.DbConnectionPool.CreateObject(DbConnection owningObject, DbConnectionOptions userOptions, DbConnectionInternal oldConnection)
   at Microsoft.Data.ProviderBase.DbConnectionPool.UserCreateRequest(DbConnection owningObject, DbConnectionOptions userOptions, DbConnectionInternal oldConnection)
   at Microsoft.Data.ProviderBase.DbConnectionPool.TryGetConnection(DbConnection owningObject, UInt32 waitForMultipleObjectsTimeout, Boolean allowCreate, Boolean onlyOneCheckConnection, DbConnectionOptions userOptions, DbConnectionInternal& connection)
   at Microsoft.Data.ProviderBase.DbConnectionPool.WaitForPendingOpen()
--- End of stack trace from previous location ---
   at Microsoft.EntityFrameworkCore.Storage.RelationalConnection.OpenInternalAsync(Boolean errorsExpected, CancellationToken cancellationToken)
   at Microsoft.EntityFrameworkCore.Storage.RelationalConnection.OpenInternalAsync(Boolean errorsExpected, CancellationToken cancellationToken)
   at Microsoft.EntityFrameworkCore.Storage.RelationalConnection.OpenAsync(CancellationToken cancellationToken, Boolean errorsExpected)
   at Microsoft.EntityFrameworkCore.Storage.RelationalCommand.ExecuteReaderAsync(RelationalCommandParameterObject parameterObject, CancellationToken cancellationToken)
   at Microsoft.EntityFrameworkCore.Query.Internal.SingleQueryingEnumerable`1.AsyncEnumerator.InitializeReaderAsync(AsyncEnumerator enumerator, CancellationToken cancellationToken)
   at Microsoft.EntityFrameworkCore.SqlServer.Storage.Internal.SqlServerExecutionStrategy.ExecuteAsync[TState,TResult](TState state, Func`4 operation, Func`4 verifySucceeded, CancellationToken cancellationToken)
   at Microsoft.EntityFrameworkCore.Query.Internal.SingleQueryingEnumerable`1.AsyncEnumerator.MoveNextAsync()
ClientConnectionId:54d883d5-91b9-4c5f-ba30-cbf3904a72d1
Error Number:-2,State:0,Class:11

2024-05-14 14:53:25.845 +01:00  INF  Executed action Authenticator.Controllers.AccountController.GetById (Authenticator) in 21792.91ms
2024-05-14 14:53:25.859 +01:00  INF  Executed endpoint 'Authenticator.Controllers.AccountController.GetById (Authenticator)'
2024-05-14 14:53:25.884 +01:00  ERR  HTTP GET /api/Account/Get By UserId responded 500 in 22166.6237 msMicrosoft.Data.SqlClient.SqlException (0x80131904): Connection Timeout Expired.  The timeout period elapsed during the post-login phase.  The connection could have timed out while waiting for server to complete the login process and respond; Or it could have timed out while attempting to create multiple active connections.  The duration spent while attempting to connect to this server was - [Pre-Login] initialization=518; handshake=182; [Login] initialization=26; authentication=56; [Post-Login] complete=14078; 
 ---> System.ComponentModel.Win32Exception (258): The wait operation timed out.
   at Microsoft.Data.SqlClient.TdsParser.ThrowExceptionAndWarning(TdsParserStateObject stateObj, Boolean callerHasConnectionLock, Boolean asyncClose)
   at Microsoft.Data.SqlClient.TdsParserStateObject.ReadSniError(TdsParserStateObject stateObj, UInt32 error)
   at Microsoft.Data.SqlClient.TdsParserStateObject.ReadSniSyncOverAsync()
   at Microsoft.Data.SqlClient.TdsParserStateObject.TryReadNetworkPacket()
   at Microsoft.Data.SqlClient.TdsParserStateObject.TryPrepareBuffer()
   at Microsoft.Data.SqlClient.TdsParserStateObject.TryReadByte(Byte& value)
   at Microsoft.Data.SqlClient.TdsParser.TryRun(RunBehavior runBehavior, SqlCommand cmdHandler, SqlDataReader dataStream, BulkCopySimpleResultSet bulkCopyHandler, TdsParserStateObject stateObj, Boolean& dataReady)
   at Microsoft.Data.SqlClient.TdsParser.Run(RunBehavior runBehavior, SqlCommand cmdHandler, SqlDataReader dataStream, BulkCopySimpleResultSet bulkCopyHandler, TdsParserStateObject stateObj)
   at Microsoft.Data.SqlClient.SqlInternalConnectionTds.CompleteLogin(Boolean enlistOK)
   at Microsoft.Data.SqlClient.SqlInternalConnectionTds.AttemptOneLogin(ServerInfo serverInfo, String newPassword, SecureString newSecurePassword, Boolean ignoreSniOpenTimeout, TimeoutTimer timeout, Boolean withFailover)
   at Microsoft.Data.SqlClient.SqlInternalConnectionTds.LoginNoFailover(ServerInfo serverInfo, String newPassword, SecureString newSecurePassword, Boolean redirectedUserInstance, SqlConnectionString connectionOptions, SqlCredential credential, TimeoutTimer timeout)
   at Microsoft.Data.SqlClient.SqlInternalConnectionTds.OpenLoginEnlist(TimeoutTimer timeout, SqlConnectionString connectionOptions, SqlCredential credential, String newPassword, SecureString newSecurePassword, Boolean redirectedUserInstance)
   at Microsoft.Data.SqlClient.SqlInternalConnectionTds..ctor(DbConnectionPoolIdentity identity, SqlConnectionString connectionOptions, SqlCredential credential, Object providerInfo, String newPassword, SecureString newSecurePassword, Boolean redirectedUserInstance, SqlConnectionString userConnectionOptions, SessionData reconnectSessionData, Boolean applyTransientFaultHandling, String accessToken, DbConnectionPool pool)
   at Microsoft.Data.SqlClient.SqlConnectionFactory.CreateConnection(DbConnectionOptions options, DbConnectionPoolKey poolKey, Object poolGroupProviderInfo, DbConnectionPool pool, DbConnection owningConnection, DbConnectionOptions userOptions)
   at Microsoft.Data.ProviderBase.DbConnectionFactory.CreatePooledConnection(DbConnectionPool pool, DbConnection owningObject, DbConnectionOptions options, DbConnectionPoolKey poolKey, DbConnectionOptions userOptions)
   at Microsoft.Data.ProviderBase.DbConnectionPool.CreateObject(DbConnection owningObject, DbConnectionOptions userOptions, DbConnectionInternal oldConnection)
   at Microsoft.Data.ProviderBase.DbConnectionPool.UserCreateRequest(DbConnection owningObject, DbConnectionOptions userOptions, DbConnectionInternal oldConnection)
   at Microsoft.Data.ProviderBase.DbConnectionPool.TryGetConnection(DbConnection owningObject, UInt32 waitForMultipleObjectsTimeout, Boolean allowCreate, Boolean onlyOneCheckConnection, DbConnectionOptions userOptions, DbConnectionInternal& connection)
   at Microsoft.Data.ProviderBase.DbConnectionPool.WaitForPendingOpen()
--- End of stack trace from previous location ---
   at Microsoft.EntityFrameworkCore.Storage.RelationalConnection.OpenInternalAsync(Boolean errorsExpected, CancellationToken cancellationToken)
   at Microsoft.EntityFrameworkCore.Storage.RelationalConnection.OpenInternalAsync(Boolean errorsExpected, CancellationToken cancellationToken)
   at Microsoft.EntityFrameworkCore.Storage.RelationalConnection.OpenAsync(CancellationToken cancellationToken, Boolean errorsExpected)
   at Microsoft.EntityFrameworkCore.Storage.RelationalCommand.ExecuteReaderAsync(RelationalCommandParameterObject parameterObject, CancellationToken cancellationToken)
   at Microsoft.EntityFrameworkCore.Query.Internal.SingleQueryingEnumerable`1.AsyncEnumerator.InitializeReaderAsync(AsyncEnumerator enumerator, CancellationToken cancellationToken)
   at Microsoft.EntityFrameworkCore.SqlServer.Storage.Internal.SqlServerExecutionStrategy.ExecuteAsync[TState,TResult](TState state, Func`4 operation, Func`4 verifySucceeded, CancellationToken cancellationToken)
   at Microsoft.EntityFrameworkCore.Query.Internal.SingleQueryingEnumerable`1.AsyncEnumerator.MoveNextAsync()
   at Microsoft.EntityFrameworkCore.Query.ShapedQueryCompilingExpressionVisitor.SingleOrDefaultAsync[TSource](IAsyncEnumerable`1 asyncEnumerable, CancellationToken cancellationToken)
   at Microsoft.EntityFrameworkCore.Query.ShapedQueryCompilingExpressionVisitor.SingleOrDefaultAsync[TSource](IAsyncEnumerable`1 asyncEnumerable, CancellationToken cancellationToken)
   at Authenticator.Repository.Account.AccountRepo.GetAccount(Int32 id) in C:\Users\Oluwayanmife.ayeni\OneDrive - United Capital Plc\Documents\ASP.NET\Authenticator\Authenticator\Repository\Account\AccountRepo.cs:line 112
   at Authenticator.Repository.Account.AccountRepo.GetAccountFromCacheOrRepo(Int32 id) in C:\Users\Oluwayanmife.ayeni\OneDrive - United Capital Plc\Documents\ASP.NET\Authenticator\Authenticator\Repository\Account\AccountRepo.cs:line 118
   at Authenticator.Controllers.AccountController.GetById(Int32 id) in C:\Users\Oluwayanmife.ayeni\OneDrive - United Capital Plc\Documents\ASP.NET\Authenticator\Authenticator\Controllers\AccountController.cs:line 38
   at Microsoft.AspNetCore.Mvc.Infrastructure.ActionMethodExecutor.TaskOfIActionResultExecutor.Execute(IActionResultTypeMapper mapper, ObjectMethodExecutor executor, Object controller, Object[] arguments)
   at Microsoft.AspNetCore.Mvc.Infrastructure.ControllerActionInvoker.<InvokeActionMethodAsync>g__Awaited|12_0(ControllerActionInvoker invoker, ValueTask`1 actionResultValueTask)
   at Microsoft.AspNetCore.Mvc.Infrastructure.ControllerActionInvoker.<InvokeNextActionFilterAsync>g__Awaited|10_0(ControllerActionInvoker invoker, Task lastTask, State next, Scope scope, Object state, Boolean isCompleted)
   at Microsoft.AspNetCore.Mvc.Infrastructure.ControllerActionInvoker.Rethrow(ActionExecutedContextSealed context)
   at Microsoft.AspNetCore.Mvc.Infrastructure.ControllerActionInvoker.Next(State& next, Scope& scope, Object& state, Boolean& isCompleted)
   at Microsoft.AspNetCore.Mvc.Infrastructure.ControllerActionInvoker.<InvokeInnerFilterAsync>g__Awaited|13_0(ControllerActionInvoker invoker, Task lastTask, State next, Scope scope, Object state, Boolean isCompleted)
   at Microsoft.AspNetCore.Mvc.Infrastructure.ResourceInvoker.<InvokeFilterPipelineAsync>g__Awaited|20_0(ResourceInvoker invoker, Task lastTask, State next, Scope scope, Object state, Boolean isCompleted)
   at Microsoft.AspNetCore.Mvc.Infrastructure.ResourceInvoker.<InvokeAsync>g__Logged|17_1(ResourceInvoker invoker)
   at Microsoft.AspNetCore.Mvc.Infrastructure.ResourceInvoker.<InvokeAsync>g__Logged|17_1(ResourceInvoker invoker)
   at Microsoft.AspNetCore.Routing.EndpointMiddleware.<Invoke>g__AwaitRequestTask|6_0(Endpoint endpoint, Task requestTask, ILogger logger)
   at Microsoft.AspNetCore.Authorization.AuthorizationMiddleware.Invoke(HttpContext context)
   at Microsoft.AspNetCore.Authentication.AuthenticationMiddleware.Invoke(HttpContext context)
   at Serilog.AspNetCore.RequestLoggingMiddleware.Invoke(HttpContext httpContext)
ClientConnectionId:54d883d5-91b9-4c5f-ba30-cbf3904a72d1
Error Number:-2,State:0,Class:11

2024-05-14 14:53:26.012 +01:00  ERR  An unhandled exception has occurred while executing the request.Microsoft.Data.SqlClient.SqlException (0x80131904): Connection Timeout Expired.  The timeout period elapsed during the post-login phase.  The connection could have timed out while waiting for server to complete the login process and respond; Or it could have timed out while attempting to create multiple active connections.  The duration spent while attempting to connect to this server was - [Pre-Login] initialization=518; handshake=182; [Login] initialization=26; authentication=56; [Post-Login] complete=14078; 
 ---> System.ComponentModel.Win32Exception (258): The wait operation timed out.
   at Microsoft.Data.SqlClient.TdsParser.ThrowExceptionAndWarning(TdsParserStateObject stateObj, Boolean callerHasConnectionLock, Boolean asyncClose)
   at Microsoft.Data.SqlClient.TdsParserStateObject.ReadSniError(TdsParserStateObject stateObj, UInt32 error)
   at Microsoft.Data.SqlClient.TdsParserStateObject.ReadSniSyncOverAsync()
   at Microsoft.Data.SqlClient.TdsParserStateObject.TryReadNetworkPacket()
   at Microsoft.Data.SqlClient.TdsParserStateObject.TryPrepareBuffer()
   at Microsoft.Data.SqlClient.TdsParserStateObject.TryReadByte(Byte& value)
   at Microsoft.Data.SqlClient.TdsParser.TryRun(RunBehavior runBehavior, SqlCommand cmdHandler, SqlDataReader dataStream, BulkCopySimpleResultSet bulkCopyHandler, TdsParserStateObject stateObj, Boolean& dataReady)
   at Microsoft.Data.SqlClient.TdsParser.Run(RunBehavior runBehavior, SqlCommand cmdHandler, SqlDataReader dataStream, BulkCopySimpleResultSet bulkCopyHandler, TdsParserStateObject stateObj)
   at Microsoft.Data.SqlClient.SqlInternalConnectionTds.CompleteLogin(Boolean enlistOK)
   at Microsoft.Data.SqlClient.SqlInternalConnectionTds.AttemptOneLogin(ServerInfo serverInfo, String newPassword, SecureString newSecurePassword, Boolean ignoreSniOpenTimeout, TimeoutTimer timeout, Boolean withFailover)
   at Microsoft.Data.SqlClient.SqlInternalConnectionTds.LoginNoFailover(ServerInfo serverInfo, String newPassword, SecureString newSecurePassword, Boolean redirectedUserInstance, SqlConnectionString connectionOptions, SqlCredential credential, TimeoutTimer timeout)
   at Microsoft.Data.SqlClient.SqlInternalConnectionTds.OpenLoginEnlist(TimeoutTimer timeout, SqlConnectionString connectionOptions, SqlCredential credential, String newPassword, SecureString newSecurePassword, Boolean redirectedUserInstance)
   at Microsoft.Data.SqlClient.SqlInternalConnectionTds..ctor(DbConnectionPoolIdentity identity, SqlConnectionString connectionOptions, SqlCredential credential, Object providerInfo, String newPassword, SecureString newSecurePassword, Boolean redirectedUserInstance, SqlConnectionString userConnectionOptions, SessionData reconnectSessionData, Boolean applyTransientFaultHandling, String accessToken, DbConnectionPool pool)
   at Microsoft.Data.SqlClient.SqlConnectionFactory.CreateConnection(DbConnectionOptions options, DbConnectionPoolKey poolKey, Object poolGroupProviderInfo, DbConnectionPool pool, DbConnection owningConnection, DbConnectionOptions userOptions)
   at Microsoft.Data.ProviderBase.DbConnectionFactory.CreatePooledConnection(DbConnectionPool pool, DbConnection owningObject, DbConnectionOptions options, DbConnectionPoolKey poolKey, DbConnectionOptions userOptions)
   at Microsoft.Data.ProviderBase.DbConnectionPool.CreateObject(DbConnection owningObject, DbConnectionOptions userOptions, DbConnectionInternal oldConnection)
   at Microsoft.Data.ProviderBase.DbConnectionPool.UserCreateRequest(DbConnection owningObject, DbConnectionOptions userOptions, DbConnectionInternal oldConnection)
   at Microsoft.Data.ProviderBase.DbConnectionPool.TryGetConnection(DbConnection owningObject, UInt32 waitForMultipleObjectsTimeout, Boolean allowCreate, Boolean onlyOneCheckConnection, DbConnectionOptions userOptions, DbConnectionInternal& connection)
   at Microsoft.Data.ProviderBase.DbConnectionPool.WaitForPendingOpen()
--- End of stack trace from previous location ---
   at Microsoft.EntityFrameworkCore.Storage.RelationalConnection.OpenInternalAsync(Boolean errorsExpected, CancellationToken cancellationToken)
   at Microsoft.EntityFrameworkCore.Storage.RelationalConnection.OpenInternalAsync(Boolean errorsExpected, CancellationToken cancellationToken)
   at Microsoft.EntityFrameworkCore.Storage.RelationalConnection.OpenAsync(CancellationToken cancellationToken, Boolean errorsExpected)
   at Microsoft.EntityFrameworkCore.Storage.RelationalCommand.ExecuteReaderAsync(RelationalCommandParameterObject parameterObject, CancellationToken cancellationToken)
   at Microsoft.EntityFrameworkCore.Query.Internal.SingleQueryingEnumerable`1.AsyncEnumerator.InitializeReaderAsync(AsyncEnumerator enumerator, CancellationToken cancellationToken)
   at Microsoft.EntityFrameworkCore.SqlServer.Storage.Internal.SqlServerExecutionStrategy.ExecuteAsync[TState,TResult](TState state, Func`4 operation, Func`4 verifySucceeded, CancellationToken cancellationToken)
   at Microsoft.EntityFrameworkCore.Query.Internal.SingleQueryingEnumerable`1.AsyncEnumerator.MoveNextAsync()
   at Microsoft.EntityFrameworkCore.Query.ShapedQueryCompilingExpressionVisitor.SingleOrDefaultAsync[TSource](IAsyncEnumerable`1 asyncEnumerable, CancellationToken cancellationToken)
   at Microsoft.EntityFrameworkCore.Query.ShapedQueryCompilingExpressionVisitor.SingleOrDefaultAsync[TSource](IAsyncEnumerable`1 asyncEnumerable, CancellationToken cancellationToken)
   at Authenticator.Repository.Account.AccountRepo.GetAccount(Int32 id) in C:\Users\Oluwayanmife.ayeni\OneDrive - United Capital Plc\Documents\ASP.NET\Authenticator\Authenticator\Repository\Account\AccountRepo.cs:line 112
   at Authenticator.Repository.Account.AccountRepo.GetAccountFromCacheOrRepo(Int32 id) in C:\Users\Oluwayanmife.ayeni\OneDrive - United Capital Plc\Documents\ASP.NET\Authenticator\Authenticator\Repository\Account\AccountRepo.cs:line 118
   at Authenticator.Controllers.AccountController.GetById(Int32 id) in C:\Users\Oluwayanmife.ayeni\OneDrive - United Capital Plc\Documents\ASP.NET\Authenticator\Authenticator\Controllers\AccountController.cs:line 38
   at Microsoft.AspNetCore.Mvc.Infrastructure.ActionMethodExecutor.TaskOfIActionResultExecutor.Execute(IActionResultTypeMapper mapper, ObjectMethodExecutor executor, Object controller, Object[] arguments)
   at Microsoft.AspNetCore.Mvc.Infrastructure.ControllerActionInvoker.<InvokeActionMethodAsync>g__Awaited|12_0(ControllerActionInvoker invoker, ValueTask`1 actionResultValueTask)
   at Microsoft.AspNetCore.Mvc.Infrastructure.ControllerActionInvoker.<InvokeNextActionFilterAsync>g__Awaited|10_0(ControllerActionInvoker invoker, Task lastTask, State next, Scope scope, Object state, Boolean isCompleted)
   at Microsoft.AspNetCore.Mvc.Infrastructure.ControllerActionInvoker.Rethrow(ActionExecutedContextSealed context)
   at Microsoft.AspNetCore.Mvc.Infrastructure.ControllerActionInvoker.Next(State& next, Scope& scope, Object& state, Boolean& isCompleted)
   at Microsoft.AspNetCore.Mvc.Infrastructure.ControllerActionInvoker.<InvokeInnerFilterAsync>g__Awaited|13_0(ControllerActionInvoker invoker, Task lastTask, State next, Scope scope, Object state, Boolean isCompleted)
   at Microsoft.AspNetCore.Mvc.Infrastructure.ResourceInvoker.<InvokeFilterPipelineAsync>g__Awaited|20_0(ResourceInvoker invoker, Task lastTask, State next, Scope scope, Object state, Boolean isCompleted)
   at Microsoft.AspNetCore.Mvc.Infrastructure.ResourceInvoker.<InvokeAsync>g__Logged|17_1(ResourceInvoker invoker)
   at Microsoft.AspNetCore.Mvc.Infrastructure.ResourceInvoker.<InvokeAsync>g__Logged|17_1(ResourceInvoker invoker)
   at Microsoft.AspNetCore.Routing.EndpointMiddleware.<Invoke>g__AwaitRequestTask|6_0(Endpoint endpoint, Task requestTask, ILogger logger)
   at Microsoft.AspNetCore.Authorization.AuthorizationMiddleware.Invoke(HttpContext context)
   at Microsoft.AspNetCore.Authentication.AuthenticationMiddleware.Invoke(HttpContext context)
   at Serilog.AspNetCore.RequestLoggingMiddleware.Invoke(HttpContext httpContext)
   at Swashbuckle.AspNetCore.SwaggerUI.SwaggerUIMiddleware.Invoke(HttpContext httpContext)
   at Swashbuckle.AspNetCore.Swagger.SwaggerMiddleware.Invoke(HttpContext httpContext, ISwaggerProvider swaggerProvider)
   at Microsoft.AspNetCore.Diagnostics.DeveloperExceptionPageMiddleware.Invoke(HttpContext context)
ClientConnectionId:54d883d5-91b9-4c5f-ba30-cbf3904a72d1
Error Number:-2,State:0,Class:11

2024-05-14 14:53:26.143 +01:00  INF  Request finished HTTP/2 GET https://localhost:44318/api/Account/Get By UserId?id=1 - - - 500 - text/plain;+charset=utf-8 22448.3222ms
2024-05-14 15:01:53.385 +01:00  INF  User profile is available. Using 'C:\Users\Oluwayanmife.ayeni\AppData\Local\ASP.NET\DataProtection-Keys' as key repository and Windows DPAPI to encrypt keys at rest.
2024-05-14 15:01:54.703 +01:00  INF  Request starting HTTP/2 GET https://localhost:44318/swagger/index.html - -
2024-05-14 15:01:54.786 +01:00  INF  Application started. Press Ctrl+C to shut down.
2024-05-14 15:01:54.788 +01:00  INF  Hosting environment: Development
2024-05-14 15:01:54.789 +01:00  INF  Content root path: C:\Users\Oluwayanmife.ayeni\OneDrive - United Capital Plc\Documents\ASP.NET\Authenticator\Authenticator\
2024-05-14 15:01:56.211 +01:00  INF  Request starting HTTP/2 GET https://localhost:44318/_framework/aspnetcore-browser-refresh.js - -
2024-05-14 15:01:56.218 +01:00  INF  Request finished HTTP/2 GET https://localhost:44318/swagger/index.html - - - 200 - text/html;charset=utf-8 1528.8380ms
2024-05-14 15:01:56.226 +01:00  INF  Request finished HTTP/2 GET https://localhost:44318/_framework/aspnetcore-browser-refresh.js - - - 200 12358 application/javascript;+charset=utf-8 15.0245ms
2024-05-14 15:01:56.617 +01:00  INF  Request starting HTTP/2 GET https://localhost:44318/_vs/browserLink - -
2024-05-14 15:01:56.943 +01:00  INF  Request finished HTTP/2 GET https://localhost:44318/_vs/browserLink - - - 200 - text/javascript;+charset=UTF-8 325.9798ms
2024-05-14 15:01:57.079 +01:00  INF  Request starting HTTP/2 GET https://localhost:44318/swagger/v1/swagger.json - -
2024-05-14 15:01:57.611 +01:00  INF  Request finished HTTP/2 GET https://localhost:44318/swagger/v1/swagger.json - - - 200 - application/json;charset=utf-8 531.5989ms
2024-05-14 15:02:09.094 +01:00  INF  Request starting HTTP/2 GET https://localhost:44318/api/Account/Get By UserId?id=1 - -
2024-05-14 15:02:09.775 +01:00  INF  Executing endpoint 'Authenticator.Controllers.AccountController.GetById (Authenticator)'
2024-05-14 15:02:09.903 +01:00  INF  Route matched with {action = "GetById", controller = "Account"}. Executing controller action with signature System.Threading.Tasks.Task`1[Microsoft.AspNetCore.Mvc.IActionResult] GetById(Int32) on controller Authenticator.Controllers.AccountController (Authenticator).
2024-05-14 15:02:14.290 +01:00  WRN  No store type was specified for the decimal property 'Div' on entity type 'Stocks'. This will cause values to be silently truncated if they do not fit in the default precision and scale. Explicitly specify the SQL server column type that can accommodate all the values in 'OnModelCreating' using 'HasColumnType', specify precision and scale using 'HasPrecision', or configure a value converter using 'HasConversion'.
2024-05-14 15:02:14.291 +01:00  WRN  No store type was specified for the decimal property 'Purchase' on entity type 'Stocks'. This will cause values to be silently truncated if they do not fit in the default precision and scale. Explicitly specify the SQL server column type that can accommodate all the values in 'OnModelCreating' using 'HasColumnType', specify precision and scale using 'HasPrecision', or configure a value converter using 'HasConversion'.
2024-05-14 15:02:15.107 +01:00  INF  Entity Framework Core 6.0.29 initialized 'ApplicationDbContext' using provider 'Microsoft.EntityFrameworkCore.SqlServer:6.0.29' with options: None
2024-05-14 15:02:19.908 +01:00  INF  Executed DbCommand (610ms) [Parameters=[@__id_0='?' (DbType = Int32)], CommandType='"Text"', CommandTimeout='30']
SELECT TOP(1) [a].[Id], [a].[EmailAddress], [a].[PasswordHash], [a].[PasswordSalt], [a].[Username]
FROM [AccountsTable] AS [a]
WHERE [a].[Id] = @__id_0
2024-05-14 15:02:20.442 +01:00  INF  Executing ObjectResult, writing value of type 'System.Collections.Generic.List`1[[System.String, System.Private.CoreLib, Version=6.0.0.0, Culture=neutral, PublicKeyToken=7cec85d7bea7798e]]'.
2024-05-14 15:02:20.495 +01:00  INF  Executed action Authenticator.Controllers.AccountController.GetById (Authenticator) in 10554.4322ms
2024-05-14 15:02:20.507 +01:00  INF  Executed endpoint 'Authenticator.Controllers.AccountController.GetById (Authenticator)'
2024-05-14 15:02:20.557 +01:00  INF  HTTP GET /api/Account/Get By UserId responded 200 in 11416.7512 ms
2024-05-14 15:02:20.650 +01:00  INF  Request finished HTTP/2 GET https://localhost:44318/api/Account/Get By UserId?id=1 - - - 200 - application/json;+charset=utf-8 11555.8942ms
2024-05-14 15:02:26.600 +01:00  INF  Request starting HTTP/2 GET https://localhost:44318/api/Account/Get By UserId?id=1 - -
2024-05-14 15:02:26.611 +01:00  INF  Executing endpoint 'Authenticator.Controllers.AccountController.GetById (Authenticator)'
2024-05-14 15:02:26.614 +01:00  INF  Route matched with {action = "GetById", controller = "Account"}. Executing controller action with signature System.Threading.Tasks.Task`1[Microsoft.AspNetCore.Mvc.IActionResult] GetById(Int32) on controller Authenticator.Controllers.AccountController (Authenticator).
2024-05-14 15:02:26.671 +01:00  INF  Executing ObjectResult, writing value of type 'System.Collections.Generic.List`1[[System.String, System.Private.CoreLib, Version=6.0.0.0, Culture=neutral, PublicKeyToken=7cec85d7bea7798e]]'.
2024-05-14 15:02:26.673 +01:00  INF  Executed action Authenticator.Controllers.AccountController.GetById (Authenticator) in 55.2588ms
2024-05-14 15:02:26.674 +01:00  INF  Executed endpoint 'Authenticator.Controllers.AccountController.GetById (Authenticator)'
2024-05-14 15:02:26.675 +01:00  INF  HTTP GET /api/Account/Get By UserId responded 200 in 66.6085 ms
2024-05-14 15:02:26.676 +01:00  INF  Request finished HTTP/2 GET https://localhost:44318/api/Account/Get By UserId?id=1 - - - 200 - application/json;+charset=utf-8 76.5047ms
2024-05-14 15:02:27.678 +01:00  INF  Request starting HTTP/2 GET https://localhost:44318/api/Account/Get By UserId?id=1 - -
2024-05-14 15:02:27.682 +01:00  INF  Executing endpoint 'Authenticator.Controllers.AccountController.GetById (Authenticator)'
2024-05-14 15:02:27.683 +01:00  INF  Route matched with {action = "GetById", controller = "Account"}. Executing controller action with signature System.Threading.Tasks.Task`1[Microsoft.AspNetCore.Mvc.IActionResult] GetById(Int32) on controller Authenticator.Controllers.AccountController (Authenticator).
2024-05-14 15:02:27.692 +01:00  INF  Executing ObjectResult, writing value of type 'System.Collections.Generic.List`1[[System.String, System.Private.CoreLib, Version=6.0.0.0, Culture=neutral, PublicKeyToken=7cec85d7bea7798e]]'.
2024-05-14 15:02:27.694 +01:00  INF  Executed action Authenticator.Controllers.AccountController.GetById (Authenticator) in 10.0381ms
2024-05-14 15:02:27.697 +01:00  INF  Executed endpoint 'Authenticator.Controllers.AccountController.GetById (Authenticator)'
2024-05-14 15:02:27.700 +01:00  INF  HTTP GET /api/Account/Get By UserId responded 200 in 21.1043 ms
2024-05-14 15:02:27.702 +01:00  INF  Request finished HTTP/2 GET https://localhost:44318/api/Account/Get By UserId?id=1 - - - 200 - application/json;+charset=utf-8 23.7577ms
2024-05-14 15:02:28.524 +01:00  INF  Request starting HTTP/2 GET https://localhost:44318/api/Account/Get By UserId?id=1 - -
2024-05-14 15:02:28.525 +01:00  INF  Executing endpoint 'Authenticator.Controllers.AccountController.GetById (Authenticator)'
2024-05-14 15:02:28.526 +01:00  INF  Route matched with {action = "GetById", controller = "Account"}. Executing controller action with signature System.Threading.Tasks.Task`1[Microsoft.AspNetCore.Mvc.IActionResult] GetById(Int32) on controller Authenticator.Controllers.AccountController (Authenticator).
2024-05-14 15:02:28.529 +01:00  INF  Executing ObjectResult, writing value of type 'System.Collections.Generic.List`1[[System.String, System.Private.CoreLib, Version=6.0.0.0, Culture=neutral, PublicKeyToken=7cec85d7bea7798e]]'.
2024-05-14 15:02:28.530 +01:00  INF  Executed action Authenticator.Controllers.AccountController.GetById (Authenticator) in 1.7854ms
2024-05-14 15:02:28.530 +01:00  INF  Executed endpoint 'Authenticator.Controllers.AccountController.GetById (Authenticator)'
2024-05-14 15:02:28.530 +01:00  INF  HTTP GET /api/Account/Get By UserId responded 200 in 5.2411 ms
2024-05-14 15:02:28.531 +01:00  INF  Request finished HTTP/2 GET https://localhost:44318/api/Account/Get By UserId?id=1 - - - 200 - application/json;+charset=utf-8 6.6239ms
2024-05-14 15:02:29.394 +01:00  INF  Request starting HTTP/2 GET https://localhost:44318/api/Account/Get By UserId?id=1 - -
2024-05-14 15:02:29.394 +01:00  INF  Executing endpoint 'Authenticator.Controllers.AccountController.GetById (Authenticator)'
2024-05-14 15:02:29.395 +01:00  INF  Route matched with {action = "GetById", controller = "Account"}. Executing controller action with signature System.Threading.Tasks.Task`1[Microsoft.AspNetCore.Mvc.IActionResult] GetById(Int32) on controller Authenticator.Controllers.AccountController (Authenticator).
2024-05-14 15:02:29.396 +01:00  INF  Executing ObjectResult, writing value of type 'System.Collections.Generic.List`1[[System.String, System.Private.CoreLib, Version=6.0.0.0, Culture=neutral, PublicKeyToken=7cec85d7bea7798e]]'.
2024-05-14 15:02:29.397 +01:00  INF  Executed action Authenticator.Controllers.AccountController.GetById (Authenticator) in 1.7423ms
2024-05-14 15:02:29.397 +01:00  INF  Executed endpoint 'Authenticator.Controllers.AccountController.GetById (Authenticator)'
2024-05-14 15:02:29.397 +01:00  INF  HTTP GET /api/Account/Get By UserId responded 200 in 2.9897 ms
2024-05-14 15:02:29.398 +01:00  INF  Request finished HTTP/2 GET https://localhost:44318/api/Account/Get By UserId?id=1 - - - 200 - application/json;+charset=utf-8 3.9942ms
2024-05-14 15:02:32.486 +01:00  INF  Request starting HTTP/2 GET https://localhost:44318/api/Account/Get By UserId?id=2 - -
2024-05-14 15:02:32.486 +01:00  INF  Executing endpoint 'Authenticator.Controllers.AccountController.GetById (Authenticator)'
2024-05-14 15:02:32.487 +01:00  INF  Route matched with {action = "GetById", controller = "Account"}. Executing controller action with signature System.Threading.Tasks.Task`1[Microsoft.AspNetCore.Mvc.IActionResult] GetById(Int32) on controller Authenticator.Controllers.AccountController (Authenticator).
2024-05-14 15:02:32.492 +01:00  INF  Entity Framework Core 6.0.29 initialized 'ApplicationDbContext' using provider 'Microsoft.EntityFrameworkCore.SqlServer:6.0.29' with options: None
2024-05-14 15:02:32.553 +01:00  INF  Executed DbCommand (39ms) [Parameters=[@__id_0='?' (DbType = Int32)], CommandType='"Text"', CommandTimeout='30']
SELECT TOP(1) [a].[Id], [a].[EmailAddress], [a].[PasswordHash], [a].[PasswordSalt], [a].[Username]
FROM [AccountsTable] AS [a]
WHERE [a].[Id] = @__id_0
2024-05-14 15:02:32.556 +01:00  INF  Executing ObjectResult, writing value of type 'System.Collections.Generic.List`1[[System.String, System.Private.CoreLib, Version=6.0.0.0, Culture=neutral, PublicKeyToken=7cec85d7bea7798e]]'.
2024-05-14 15:02:32.557 +01:00  INF  Executed action Authenticator.Controllers.AccountController.GetById (Authenticator) in 70.0235ms
2024-05-14 15:02:32.557 +01:00  INF  Executed endpoint 'Authenticator.Controllers.AccountController.GetById (Authenticator)'
2024-05-14 15:02:32.557 +01:00  INF  HTTP GET /api/Account/Get By UserId responded 200 in 71.4743 ms
2024-05-14 15:02:32.558 +01:00  INF  Request finished HTTP/2 GET https://localhost:44318/api/Account/Get By UserId?id=2 - - - 200 - application/json;+charset=utf-8 72.3023ms
2024-05-14 15:02:34.928 +01:00  INF  Request starting HTTP/2 GET https://localhost:44318/api/Account/Get By UserId?id=2 - -
2024-05-14 15:02:34.928 +01:00  INF  Executing endpoint 'Authenticator.Controllers.AccountController.GetById (Authenticator)'
2024-05-14 15:02:34.928 +01:00  INF  Route matched with {action = "GetById", controller = "Account"}. Executing controller action with signature System.Threading.Tasks.Task`1[Microsoft.AspNetCore.Mvc.IActionResult] GetById(Int32) on controller Authenticator.Controllers.AccountController (Authenticator).
2024-05-14 15:02:34.929 +01:00  INF  Executing ObjectResult, writing value of type 'System.Collections.Generic.List`1[[System.String, System.Private.CoreLib, Version=6.0.0.0, Culture=neutral, PublicKeyToken=7cec85d7bea7798e]]'.
2024-05-14 15:02:34.929 +01:00  INF  Executed action Authenticator.Controllers.AccountController.GetById (Authenticator) in 1.0879ms
2024-05-14 15:02:34.929 +01:00  INF  Executed endpoint 'Authenticator.Controllers.AccountController.GetById (Authenticator)'
2024-05-14 15:02:34.930 +01:00  INF  HTTP GET /api/Account/Get By UserId responded 200 in 1.6798 ms
2024-05-14 15:02:34.930 +01:00  INF  Request finished HTTP/2 GET https://localhost:44318/api/Account/Get By UserId?id=2 - - - 200 - application/json;+charset=utf-8 2.1587ms
2024-05-14 15:02:36.441 +01:00  INF  Request starting HTTP/2 GET https://localhost:44318/api/Account/Get By UserId?id=2 - -
2024-05-14 15:02:36.441 +01:00  INF  Executing endpoint 'Authenticator.Controllers.AccountController.GetById (Authenticator)'
2024-05-14 15:02:36.441 +01:00  INF  Route matched with {action = "GetById", controller = "Account"}. Executing controller action with signature System.Threading.Tasks.Task`1[Microsoft.AspNetCore.Mvc.IActionResult] GetById(Int32) on controller Authenticator.Controllers.AccountController (Authenticator).
2024-05-14 15:02:36.442 +01:00  INF  Executing ObjectResult, writing value of type 'System.Collections.Generic.List`1[[System.String, System.Private.CoreLib, Version=6.0.0.0, Culture=neutral, PublicKeyToken=7cec85d7bea7798e]]'.
2024-05-14 15:02:36.443 +01:00  INF  Executed action Authenticator.Controllers.AccountController.GetById (Authenticator) in 1.3321ms
2024-05-14 15:02:36.443 +01:00  INF  Executed endpoint 'Authenticator.Controllers.AccountController.GetById (Authenticator)'
2024-05-14 15:02:36.443 +01:00  INF  HTTP GET /api/Account/Get By UserId responded 200 in 2.3027 ms
2024-05-14 15:02:36.444 +01:00  INF  Request finished HTTP/2 GET https://localhost:44318/api/Account/Get By UserId?id=2 - - - 200 - application/json;+charset=utf-8 3.2139ms
2024-05-14 15:05:47.573 +01:00  INF  User profile is available. Using 'C:\Users\Oluwayanmife.ayeni\AppData\Local\ASP.NET\DataProtection-Keys' as key repository and Windows DPAPI to encrypt keys at rest.
2024-05-14 15:05:48.619 +01:00  INF  Request starting HTTP/2 GET https://localhost:44318/swagger/index.html - -
2024-05-14 15:05:48.693 +01:00  INF  Application started. Press Ctrl+C to shut down.
2024-05-14 15:05:48.696 +01:00  INF  Hosting environment: Development
2024-05-14 15:05:48.697 +01:00  INF  Content root path: C:\Users\Oluwayanmife.ayeni\OneDrive - United Capital Plc\Documents\ASP.NET\Authenticator\Authenticator\
2024-05-14 15:05:49.992 +01:00  INF  Request finished HTTP/2 GET https://localhost:44318/swagger/index.html - - - 200 - text/html;charset=utf-8 1371.0472ms
2024-05-14 15:05:50.518 +01:00  INF  Request starting HTTP/2 GET https://localhost:44318/_framework/aspnetcore-browser-refresh.js - -
2024-05-14 15:05:50.545 +01:00  INF  Request finished HTTP/2 GET https://localhost:44318/_framework/aspnetcore-browser-refresh.js - - - 200 12358 application/javascript;+charset=utf-8 17.6443ms
2024-05-14 15:05:50.943 +01:00  INF  Request starting HTTP/2 GET https://localhost:44318/_vs/browserLink - -
2024-05-14 15:05:51.175 +01:00  INF  Request finished HTTP/2 GET https://localhost:44318/_vs/browserLink - - - 200 - text/javascript;+charset=UTF-8 231.9202ms
2024-05-14 15:05:51.440 +01:00  INF  Request starting HTTP/2 GET https://localhost:44318/swagger/v1/swagger.json - -
2024-05-14 15:05:51.895 +01:00  INF  Request finished HTTP/2 GET https://localhost:44318/swagger/v1/swagger.json - - - 200 - application/json;charset=utf-8 455.1486ms
2024-05-14 15:06:04.483 +01:00  INF  Request starting HTTP/2 GET https://localhost:44318/api/Account/Get By UserId?id=1 - -
2024-05-14 15:06:04.897 +01:00  INF  Executing endpoint 'Authenticator.Controllers.AccountController.GetById (Authenticator)'
2024-05-14 15:06:05.029 +01:00  INF  Route matched with {action = "GetById", controller = "Account"}. Executing controller action with signature System.Threading.Tasks.Task`1[Microsoft.AspNetCore.Mvc.IActionResult] GetById(Int32) on controller Authenticator.Controllers.AccountController (Authenticator).
2024-05-14 15:06:09.591 +01:00  WRN  No store type was specified for the decimal property 'Div' on entity type 'Stocks'. This will cause values to be silently truncated if they do not fit in the default precision and scale. Explicitly specify the SQL server column type that can accommodate all the values in 'OnModelCreating' using 'HasColumnType', specify precision and scale using 'HasPrecision', or configure a value converter using 'HasConversion'.
2024-05-14 15:06:09.591 +01:00  WRN  No store type was specified for the decimal property 'Purchase' on entity type 'Stocks'. This will cause values to be silently truncated if they do not fit in the default precision and scale. Explicitly specify the SQL server column type that can accommodate all the values in 'OnModelCreating' using 'HasColumnType', specify precision and scale using 'HasPrecision', or configure a value converter using 'HasConversion'.
2024-05-14 15:06:10.281 +01:00  INF  Entity Framework Core 6.0.29 initialized 'ApplicationDbContext' using provider 'Microsoft.EntityFrameworkCore.SqlServer:6.0.29' with options: None
2024-05-14 15:06:14.300 +01:00  INF  Executed DbCommand (275ms) [Parameters=[@__id_0='?' (DbType = Int32)], CommandType='"Text"', CommandTimeout='30']
SELECT TOP(1) [a].[Id], [a].[EmailAddress], [a].[PasswordHash], [a].[PasswordSalt], [a].[Username]
FROM [AccountsTable] AS [a]
WHERE [a].[Id] = @__id_0
2024-05-14 15:06:14.888 +01:00  INF  Executing ObjectResult, writing value of type 'System.Collections.Generic.List`1[[System.String, System.Private.CoreLib, Version=6.0.0.0, Culture=neutral, PublicKeyToken=7cec85d7bea7798e]]'.
2024-05-14 15:06:14.914 +01:00  INF  Executed action Authenticator.Controllers.AccountController.GetById (Authenticator) in 9866.5841ms
2024-05-14 15:06:14.918 +01:00  INF  Executed endpoint 'Authenticator.Controllers.AccountController.GetById (Authenticator)'
2024-05-14 15:06:14.934 +01:00  INF  HTTP GET /api/Account/Get By UserId responded 200 in 10412.6323 ms
2024-05-14 15:06:14.968 +01:00  INF  Request finished HTTP/2 GET https://localhost:44318/api/Account/Get By UserId?id=1 - - - 200 - application/json;+charset=utf-8 10484.6696ms
2024-05-14 15:06:22.130 +01:00  INF  Request starting HTTP/2 GET https://localhost:44318/api/Account/Get By UserId?id=1 - -
2024-05-14 15:06:22.140 +01:00  INF  Executing endpoint 'Authenticator.Controllers.AccountController.GetById (Authenticator)'
2024-05-14 15:06:22.142 +01:00  INF  Route matched with {action = "GetById", controller = "Account"}. Executing controller action with signature System.Threading.Tasks.Task`1[Microsoft.AspNetCore.Mvc.IActionResult] GetById(Int32) on controller Authenticator.Controllers.AccountController (Authenticator).
2024-05-14 15:06:22.160 +01:00  INF  Executing ObjectResult, writing value of type 'System.Collections.Generic.List`1[[System.String, System.Private.CoreLib, Version=6.0.0.0, Culture=neutral, PublicKeyToken=7cec85d7bea7798e]]'.
2024-05-14 15:06:22.162 +01:00  INF  Executed action Authenticator.Controllers.AccountController.GetById (Authenticator) in 18.8751ms
2024-05-14 15:06:22.163 +01:00  INF  Executed endpoint 'Authenticator.Controllers.AccountController.GetById (Authenticator)'
2024-05-14 15:06:22.163 +01:00  INF  HTTP GET /api/Account/Get By UserId responded 200 in 23.8485 ms
2024-05-14 15:06:22.164 +01:00  INF  Request finished HTTP/2 GET https://localhost:44318/api/Account/Get By UserId?id=1 - - - 200 - application/json;+charset=utf-8 34.4665ms
2024-05-14 15:20:32.891 +01:00  INF  User profile is available. Using 'C:\Users\Oluwayanmife.ayeni\AppData\Local\ASP.NET\DataProtection-Keys' as key repository and Windows DPAPI to encrypt keys at rest.
2024-05-14 15:20:33.876 +01:00  INF  Request starting HTTP/2 GET https://localhost:44318/swagger/index.html - -
2024-05-14 15:20:33.961 +01:00  INF  Application started. Press Ctrl+C to shut down.
2024-05-14 15:20:33.962 +01:00  INF  Hosting environment: Development
2024-05-14 15:20:33.963 +01:00  INF  Content root path: C:\Users\Oluwayanmife.ayeni\OneDrive - United Capital Plc\Documents\ASP.NET\Authenticator\Authenticator\
2024-05-14 15:20:35.249 +01:00  INF  Request starting HTTP/2 GET https://localhost:44318/_framework/aspnetcore-browser-refresh.js - -
2024-05-14 15:20:35.249 +01:00  INF  Request finished HTTP/2 GET https://localhost:44318/swagger/index.html - - - 200 - text/html;charset=utf-8 1388.5666ms
2024-05-14 15:20:35.313 +01:00  INF  Request finished HTTP/2 GET https://localhost:44318/_framework/aspnetcore-browser-refresh.js - - - 200 12358 application/javascript;+charset=utf-8 59.0136ms
2024-05-14 15:20:35.711 +01:00  INF  Request starting HTTP/2 GET https://localhost:44318/_vs/browserLink - -
2024-05-14 15:20:36.034 +01:00  INF  Request finished HTTP/2 GET https://localhost:44318/_vs/browserLink - - - 200 - text/javascript;+charset=UTF-8 323.1830ms
2024-05-14 15:20:36.164 +01:00  INF  Request starting HTTP/2 GET https://localhost:44318/swagger/v1/swagger.json - -
2024-05-14 15:20:36.607 +01:00  INF  Request finished HTTP/2 GET https://localhost:44318/swagger/v1/swagger.json - - - 200 - application/json;charset=utf-8 442.7309ms
2024-05-14 15:20:43.365 +01:00  INF  Request starting HTTP/2 GET https://localhost:44318/api/Account/Get By UserId?id=1 - -
2024-05-14 15:20:44.038 +01:00  INF  Executing endpoint 'Authenticator.Controllers.AccountController.GetById (Authenticator)'
2024-05-14 15:20:44.119 +01:00  INF  Route matched with {action = "GetById", controller = "Account"}. Executing controller action with signature System.Threading.Tasks.Task`1[Microsoft.AspNetCore.Mvc.IActionResult] GetById(Int32) on controller Authenticator.Controllers.AccountController (Authenticator).
2024-05-14 15:20:48.731 +01:00  WRN  No store type was specified for the decimal property 'Div' on entity type 'Stocks'. This will cause values to be silently truncated if they do not fit in the default precision and scale. Explicitly specify the SQL server column type that can accommodate all the values in 'OnModelCreating' using 'HasColumnType', specify precision and scale using 'HasPrecision', or configure a value converter using 'HasConversion'.
2024-05-14 15:20:48.733 +01:00  WRN  No store type was specified for the decimal property 'Purchase' on entity type 'Stocks'. This will cause values to be silently truncated if they do not fit in the default precision and scale. Explicitly specify the SQL server column type that can accommodate all the values in 'OnModelCreating' using 'HasColumnType', specify precision and scale using 'HasPrecision', or configure a value converter using 'HasConversion'.
2024-05-14 15:20:49.587 +01:00  INF  Entity Framework Core 6.0.29 initialized 'ApplicationDbContext' using provider 'Microsoft.EntityFrameworkCore.SqlServer:6.0.29' with options: None
2024-05-14 15:20:54.461 +01:00  INF  Executed DbCommand (455ms) [Parameters=[@__id_0='?' (DbType = Int32)], CommandType='"Text"', CommandTimeout='30']
SELECT TOP(1) [a].[Id], [a].[EmailAddress], [a].[PasswordHash], [a].[PasswordSalt], [a].[Username]
FROM [AccountsTable] AS [a]
WHERE [a].[Id] = @__id_0
2024-05-14 15:20:55.196 +01:00  INF  Executing ObjectResult, writing value of type 'System.Collections.Generic.List`1[[System.String, System.Private.CoreLib, Version=6.0.0.0, Culture=neutral, PublicKeyToken=7cec85d7bea7798e]]'.
2024-05-14 15:20:55.246 +01:00  INF  Executed action Authenticator.Controllers.AccountController.GetById (Authenticator) in 11092.7586ms
2024-05-14 15:20:55.256 +01:00  INF  Executed endpoint 'Authenticator.Controllers.AccountController.GetById (Authenticator)'
2024-05-14 15:20:55.294 +01:00  INF  HTTP GET /api/Account/Get By UserId responded 200 in 11872.8187 ms
2024-05-14 15:20:55.370 +01:00  INF  Request finished HTTP/2 GET https://localhost:44318/api/Account/Get By UserId?id=1 - - - 200 - application/json;+charset=utf-8 12004.9105ms
2024-05-14 15:20:59.326 +01:00  INF  Request starting HTTP/2 GET https://localhost:44318/api/Account/Get By UserId?id=1 - -
2024-05-14 15:20:59.334 +01:00  INF  Executing endpoint 'Authenticator.Controllers.AccountController.GetById (Authenticator)'
2024-05-14 15:20:59.334 +01:00  INF  Route matched with {action = "GetById", controller = "Account"}. Executing controller action with signature System.Threading.Tasks.Task`1[Microsoft.AspNetCore.Mvc.IActionResult] GetById(Int32) on controller Authenticator.Controllers.AccountController (Authenticator).
2024-05-14 15:20:59.369 +01:00  INF  Executing ObjectResult, writing value of type 'System.Collections.Generic.List`1[[System.String, System.Private.CoreLib, Version=6.0.0.0, Culture=neutral, PublicKeyToken=7cec85d7bea7798e]]'.
2024-05-14 15:20:59.371 +01:00  INF  Executed action Authenticator.Controllers.AccountController.GetById (Authenticator) in 35.9974ms
2024-05-14 15:20:59.371 +01:00  INF  Executed endpoint 'Authenticator.Controllers.AccountController.GetById (Authenticator)'
2024-05-14 15:20:59.371 +01:00  INF  HTTP GET /api/Account/Get By UserId responded 200 in 38.5871 ms
2024-05-14 15:20:59.372 +01:00  INF  Request finished HTTP/2 GET https://localhost:44318/api/Account/Get By UserId?id=1 - - - 200 - application/json;+charset=utf-8 46.4753ms
2024-05-14 15:21:00.486 +01:00  INF  Request starting HTTP/2 GET https://localhost:44318/api/Account/Get By UserId?id=1 - -
2024-05-14 15:21:00.492 +01:00  INF  Executing endpoint 'Authenticator.Controllers.AccountController.GetById (Authenticator)'
2024-05-14 15:21:00.493 +01:00  INF  Route matched with {action = "GetById", controller = "Account"}. Executing controller action with signature System.Threading.Tasks.Task`1[Microsoft.AspNetCore.Mvc.IActionResult] GetById(Int32) on controller Authenticator.Controllers.AccountController (Authenticator).
2024-05-14 15:21:00.500 +01:00  INF  Executing ObjectResult, writing value of type 'System.Collections.Generic.List`1[[System.String, System.Private.CoreLib, Version=6.0.0.0, Culture=neutral, PublicKeyToken=7cec85d7bea7798e]]'.
2024-05-14 15:21:00.501 +01:00  INF  Executed action Authenticator.Controllers.AccountController.GetById (Authenticator) in 7.7459ms
2024-05-14 15:21:00.501 +01:00  INF  Executed endpoint 'Authenticator.Controllers.AccountController.GetById (Authenticator)'
2024-05-14 15:21:00.501 +01:00  INF  HTTP GET /api/Account/Get By UserId responded 200 in 15.2128 ms
2024-05-14 15:21:00.502 +01:00  INF  Request finished HTTP/2 GET https://localhost:44318/api/Account/Get By UserId?id=1 - - - 200 - application/json;+charset=utf-8 15.8598ms
2024-05-14 15:31:16.147 +01:00  INF  User profile is available. Using 'C:\Users\Oluwayanmife.ayeni\AppData\Local\ASP.NET\DataProtection-Keys' as key repository and Windows DPAPI to encrypt keys at rest.
2024-05-14 15:31:17.277 +01:00  INF  Request starting HTTP/2 GET https://localhost:44318/swagger/index.html - -
2024-05-14 15:31:17.361 +01:00  INF  Application started. Press Ctrl+C to shut down.
2024-05-14 15:31:17.363 +01:00  INF  Hosting environment: Development
2024-05-14 15:31:17.364 +01:00  INF  Content root path: C:\Users\Oluwayanmife.ayeni\OneDrive - United Capital Plc\Documents\ASP.NET\Authenticator\Authenticator\
2024-05-14 15:31:18.740 +01:00  INF  Request finished HTTP/2 GET https://localhost:44318/swagger/index.html - - - 200 - text/html;charset=utf-8 1476.1154ms
2024-05-14 15:31:18.845 +01:00  INF  Request starting HTTP/2 GET https://localhost:44318/_framework/aspnetcore-browser-refresh.js - -
2024-05-14 15:31:18.865 +01:00  INF  Request finished HTTP/2 GET https://localhost:44318/_framework/aspnetcore-browser-refresh.js - - - 200 12358 application/javascript;+charset=utf-8 19.4974ms
2024-05-14 15:31:20.580 +01:00  INF  Request starting HTTP/2 GET https://localhost:44318/_vs/browserLink - -
2024-05-14 15:31:20.738 +01:00  INF  Request finished HTTP/2 GET https://localhost:44318/_vs/browserLink - - - 200 - text/javascript;+charset=UTF-8 158.0313ms
2024-05-14 15:31:20.977 +01:00  INF  Request starting HTTP/2 GET https://localhost:44318/swagger/v1/swagger.json - -
2024-05-14 15:31:21.340 +01:00  INF  Request finished HTTP/2 GET https://localhost:44318/swagger/v1/swagger.json - - - 200 - application/json;charset=utf-8 363.4766ms
2024-05-14 15:32:38.544 +01:00  INF  Request starting HTTP/2 POST https://localhost:44318/api/Account/Register application/json 93
2024-05-14 15:32:39.050 +01:00  INF  Executing endpoint 'Authenticator.Controllers.AccountController.CreateAccount (Authenticator)'
2024-05-14 15:32:39.244 +01:00  INF  Route matched with {action = "CreateAccount", controller = "Account"}. Executing controller action with signature System.Threading.Tasks.Task`1[Microsoft.AspNetCore.Mvc.IActionResult] CreateAccount(Authenticator.DTO.Account.CreateAccountDTO) on controller Authenticator.Controllers.AccountController (Authenticator).
2024-05-14 15:32:44.663 +01:00  WRN  No store type was specified for the decimal property 'Div' on entity type 'Stocks'. This will cause values to be silently truncated if they do not fit in the default precision and scale. Explicitly specify the SQL server column type that can accommodate all the values in 'OnModelCreating' using 'HasColumnType', specify precision and scale using 'HasPrecision', or configure a value converter using 'HasConversion'.
2024-05-14 15:32:44.665 +01:00  WRN  No store type was specified for the decimal property 'Purchase' on entity type 'Stocks'. This will cause values to be silently truncated if they do not fit in the default precision and scale. Explicitly specify the SQL server column type that can accommodate all the values in 'OnModelCreating' using 'HasColumnType', specify precision and scale using 'HasPrecision', or configure a value converter using 'HasConversion'.
2024-05-14 15:32:45.751 +01:00  INF  Entity Framework Core 6.0.29 initialized 'ApplicationDbContext' using provider 'Microsoft.EntityFrameworkCore.SqlServer:6.0.29' with options: None
2024-05-14 15:32:51.334 +01:00  INF  Executed DbCommand (599ms) [Parameters=[@__create_EmailAddress_0='?' (Size = 4000), @__create_Username_1='?' (Size = 4000)], CommandType='"Text"', CommandTimeout='30']
SELECT CASE
    WHEN EXISTS (
        SELECT 1
        FROM [AccountsTable] AS [a]
        WHERE ([a].[EmailAddress] = @__create_EmailAddress_0) AND ([a].[Username] = @__create_Username_1)) THEN CAST(1 AS bit)
    ELSE CAST(0 AS bit)
END
2024-05-14 15:32:53.793 +01:00  INF  Executed DbCommand (567ms) [Parameters=[@p0='?' (Size = 4000), @p1='?' (Size = 8000) (DbType = Binary), @p2='?' (Size = 8000) (DbType = Binary), @p3='?' (Size = 4000)], CommandType='"Text"', CommandTimeout='30']
SET NOCOUNT ON;
INSERT INTO [AccountsTable] ([EmailAddress], [PasswordHash], [PasswordSalt], [Username])
VALUES (@p0, @p1, @p2, @p3);
SELECT [Id]
FROM [AccountsTable]
WHERE @@ROWCOUNT = 1 AND [Id] = scope_identity();
2024-05-14 15:32:54.133 +01:00  INF  Executing CreatedAtActionResult, writing value of type 'System.Collections.Generic.List`1[[System.String, System.Private.CoreLib, Version=6.0.0.0, Culture=neutral, PublicKeyToken=7cec85d7bea7798e]]'.
2024-05-14 15:32:54.254 +01:00  INF  Executed action Authenticator.Controllers.AccountController.CreateAccount (Authenticator) in 14990.295ms
2024-05-14 15:32:54.258 +01:00  INF  Executed endpoint 'Authenticator.Controllers.AccountController.CreateAccount (Authenticator)'
2024-05-14 15:32:54.276 +01:00  INF  HTTP POST /api/Account/Register responded 201 in 15681.9016 ms
2024-05-14 15:32:54.314 +01:00  INF  Request finished HTTP/2 POST https://localhost:44318/api/Account/Register application/json 93 - 201 - application/json;+charset=utf-8 15769.4321ms
2024-05-14 15:33:17.574 +01:00  INF  Request starting HTTP/2 POST https://localhost:44318/api/Account/Login application/json 54
2024-05-14 15:33:17.614 +01:00  INF  Executing endpoint 'Authenticator.Controllers.AccountController.Login (Authenticator)'
2024-05-14 15:33:17.720 +01:00  INF  Route matched with {action = "Login", controller = "Account"}. Executing controller action with signature System.Threading.Tasks.Task`1[Microsoft.AspNetCore.Mvc.IActionResult] Login(Authenticator.DTO.Account.LoginDTO) on controller Authenticator.Controllers.AccountController (Authenticator).
2024-05-14 15:33:17.746 +01:00  INF  Entity Framework Core 6.0.29 initialized 'ApplicationDbContext' using provider 'Microsoft.EntityFrameworkCore.SqlServer:6.0.29' with options: None
2024-05-14 15:33:25.438 +01:00  INF  Executed DbCommand (7,155ms) [Parameters=[@__ToLower_0='?' (Size = 4000)], CommandType='"Text"', CommandTimeout='30']
SELECT TOP(1) [a].[Id], [a].[EmailAddress], [a].[PasswordHash], [a].[PasswordSalt], [a].[Username]
FROM [AccountsTable] AS [a]
WHERE LOWER([a].[Username]) = @__ToLower_0
2024-05-14 15:33:26.031 +01:00  INF  Executing ObjectResult, writing value of type 'System.Collections.Generic.List`1[[System.String, System.Private.CoreLib, Version=6.0.0.0, Culture=neutral, PublicKeyToken=7cec85d7bea7798e]]'.
2024-05-14 15:33:26.033 +01:00  INF  Executed action Authenticator.Controllers.AccountController.Login (Authenticator) in 8311.9746ms
2024-05-14 15:33:26.034 +01:00  INF  Executed endpoint 'Authenticator.Controllers.AccountController.Login (Authenticator)'
2024-05-14 15:33:26.034 +01:00  INF  HTTP POST /api/Account/Login responded 200 in 8443.4342 ms
2024-05-14 15:33:26.035 +01:00  INF  Request finished HTTP/2 POST https://localhost:44318/api/Account/Login application/json 54 - 200 - application/json;+charset=utf-8 8460.1666ms
