2024-05-08 16:03:42.034 +01:00  INF  User profile is available. Using 'C:\Users\Oluwayanmife.ayeni\AppData\Local\ASP.NET\DataProtection-Keys' as key repository and Windows DPAPI to encrypt keys at rest.
2024-05-08 16:03:42.491 +01:00  FTL  Application startup exceptionSystem.InvalidOperationException: Unable to resolve service for type 'Serilog.Extensions.Hosting.DiagnosticContext' while attempting to activate 'Serilog.AspNetCore.RequestLoggingMiddleware'.
   at Microsoft.Extensions.Internal.ActivatorUtilities.ConstructorMatcher.CreateInstance(IServiceProvider provider)
   at Microsoft.Extensions.Internal.ActivatorUtilities.CreateInstance(IServiceProvider provider, Type instanceType, Object[] parameters)
   at Microsoft.AspNetCore.Builder.UseMiddlewareExtensions.<>c__DisplayClass5_0.<UseMiddleware>b__0(RequestDelegate next)
   at Microsoft.AspNetCore.Builder.ApplicationBuilder.Build()
   at Microsoft.AspNetCore.Builder.WebApplicationBuilder.<ConfigureApplication>b__27_0(RequestDelegate next)
   at Microsoft.AspNetCore.Builder.ApplicationBuilder.Build()
   at Microsoft.AspNetCore.Hosting.GenericWebHostService.StartAsync(CancellationToken cancellationToken)

2024-05-08 16:09:58.220 +01:00  INF  User profile is available. Using 'C:\Users\Oluwayanmife.ayeni\AppData\Local\ASP.NET\DataProtection-Keys' as key repository and Windows DPAPI to encrypt keys at rest.
2024-05-08 16:09:58.634 +01:00  FTL  Application startup exceptionSystem.InvalidOperationException: Unable to resolve service for type 'Serilog.Extensions.Hosting.DiagnosticContext' while attempting to activate 'Serilog.AspNetCore.RequestLoggingMiddleware'.
   at Microsoft.Extensions.Internal.ActivatorUtilities.ConstructorMatcher.CreateInstance(IServiceProvider provider)
   at Microsoft.Extensions.Internal.ActivatorUtilities.CreateInstance(IServiceProvider provider, Type instanceType, Object[] parameters)
   at Microsoft.AspNetCore.Builder.UseMiddlewareExtensions.<>c__DisplayClass5_0.<UseMiddleware>b__0(RequestDelegate next)
   at Microsoft.AspNetCore.Builder.ApplicationBuilder.Build()
   at Microsoft.AspNetCore.Builder.WebApplicationBuilder.<ConfigureApplication>b__27_0(RequestDelegate next)
   at Microsoft.AspNetCore.Builder.ApplicationBuilder.Build()
   at Microsoft.AspNetCore.Hosting.GenericWebHostService.StartAsync(CancellationToken cancellationToken)

2024-05-08 16:12:46.716 +01:00  INF  User profile is available. Using 'C:\Users\Oluwayanmife.ayeni\AppData\Local\ASP.NET\DataProtection-Keys' as key repository and Windows DPAPI to encrypt keys at rest.
2024-05-08 16:12:46.972 +01:00  FTL  Application startup exceptionSystem.InvalidOperationException: Unable to resolve service for type 'Serilog.Extensions.Hosting.DiagnosticContext' while attempting to activate 'Serilog.AspNetCore.RequestLoggingMiddleware'.
   at Microsoft.Extensions.Internal.ActivatorUtilities.ConstructorMatcher.CreateInstance(IServiceProvider provider)
   at Microsoft.Extensions.Internal.ActivatorUtilities.CreateInstance(IServiceProvider provider, Type instanceType, Object[] parameters)
   at Microsoft.AspNetCore.Builder.UseMiddlewareExtensions.<>c__DisplayClass5_0.<UseMiddleware>b__0(RequestDelegate next)
   at Microsoft.AspNetCore.Builder.ApplicationBuilder.Build()
   at Microsoft.AspNetCore.Builder.WebApplicationBuilder.<ConfigureApplication>b__27_0(RequestDelegate next)
   at Microsoft.AspNetCore.Builder.ApplicationBuilder.Build()
   at Microsoft.AspNetCore.Hosting.GenericWebHostService.StartAsync(CancellationToken cancellationToken)

2024-05-08 16:18:20.824 +01:00  INF  User profile is available. Using 'C:\Users\Oluwayanmife.ayeni\AppData\Local\ASP.NET\DataProtection-Keys' as key repository and Windows DPAPI to encrypt keys at rest.
2024-05-08 16:18:21.180 +01:00  FTL  Application startup exceptionSystem.InvalidOperationException: Unable to resolve service for type 'Serilog.Extensions.Hosting.DiagnosticContext' while attempting to activate 'Serilog.AspNetCore.RequestLoggingMiddleware'.
   at Microsoft.Extensions.Internal.ActivatorUtilities.ConstructorMatcher.CreateInstance(IServiceProvider provider)
   at Microsoft.Extensions.Internal.ActivatorUtilities.CreateInstance(IServiceProvider provider, Type instanceType, Object[] parameters)
   at Microsoft.AspNetCore.Builder.UseMiddlewareExtensions.<>c__DisplayClass5_0.<UseMiddleware>b__0(RequestDelegate next)
   at Microsoft.AspNetCore.Builder.ApplicationBuilder.Build()
   at Microsoft.AspNetCore.Builder.WebApplicationBuilder.<ConfigureApplication>b__27_0(RequestDelegate next)
   at Microsoft.AspNetCore.Builder.ApplicationBuilder.Build()
   at Microsoft.AspNetCore.Hosting.GenericWebHostService.StartAsync(CancellationToken cancellationToken)

2024-05-08 16:25:06.574 +01:00  INF  User profile is available. Using 'C:\Users\Oluwayanmife.ayeni\AppData\Local\ASP.NET\DataProtection-Keys' as key repository and Windows DPAPI to encrypt keys at rest.
2024-05-08 16:25:07.914 +01:00  INF  Application started. Press Ctrl+C to shut down.
2024-05-08 16:25:07.916 +01:00  INF  Hosting environment: Development
2024-05-08 16:25:07.916 +01:00  INF  Content root path: C:\Users\Oluwayanmife.ayeni\OneDrive - United Capital Plc\Documents\ASP.NET\Authenticator\Authenticator\
2024-05-08 16:25:08.056 +01:00  INF  Request starting HTTP/2 GET https://localhost:44318/swagger/index.html - -
2024-05-08 16:25:10.024 +01:00  INF  Request finished HTTP/2 GET https://localhost:44318/swagger/index.html - - - 200 - text/html;charset=utf-8 1975.1058ms
2024-05-08 16:25:10.419 +01:00  INF  Request starting HTTP/2 GET https://localhost:44318/_framework/aspnetcore-browser-refresh.js - -
2024-05-08 16:25:10.432 +01:00  INF  Request finished HTTP/2 GET https://localhost:44318/_framework/aspnetcore-browser-refresh.js - - - 200 12358 application/javascript;+charset=utf-8 12.4323ms
2024-05-08 16:25:10.490 +01:00  INF  Request starting HTTP/2 GET https://localhost:44318/_vs/browserLink - -
2024-05-08 16:25:10.717 +01:00  INF  Request finished HTTP/2 GET https://localhost:44318/_vs/browserLink - - - 200 - text/javascript;+charset=UTF-8 226.9865ms
2024-05-08 16:25:11.696 +01:00  INF  Request starting HTTP/2 GET https://localhost:44318/swagger/v1/swagger.json - -
2024-05-08 16:25:12.101 +01:00  INF  Request finished HTTP/2 GET https://localhost:44318/swagger/v1/swagger.json - - - 200 - application/json;charset=utf-8 405.3020ms
2024-05-08 16:25:26.162 +01:00  INF  Request starting HTTP/2 GET https://localhost:44318/api/Stock/Get By StockId?id=1 - -
2024-05-08 16:25:26.641 +01:00  INF  Executing endpoint 'Authenticator.Controllers.StockController.GetById (Authenticator)'
2024-05-08 16:25:26.682 +01:00  INF  Route matched with {action = "GetById", controller = "Stock"}. Executing controller action with signature System.Threading.Tasks.Task`1[Microsoft.AspNetCore.Mvc.IActionResult] GetById(Int32) on controller Authenticator.Controllers.StockController (Authenticator).
2024-05-08 16:25:28.465 +01:00  WRN  No store type was specified for the decimal property 'Div' on entity type 'Stocks'. This will cause values to be silently truncated if they do not fit in the default precision and scale. Explicitly specify the SQL server column type that can accommodate all the values in 'OnModelCreating' using 'HasColumnType', specify precision and scale using 'HasPrecision', or configure a value converter using 'HasConversion'.
2024-05-08 16:25:28.466 +01:00  WRN  No store type was specified for the decimal property 'Purchase' on entity type 'Stocks'. This will cause values to be silently truncated if they do not fit in the default precision and scale. Explicitly specify the SQL server column type that can accommodate all the values in 'OnModelCreating' using 'HasColumnType', specify precision and scale using 'HasPrecision', or configure a value converter using 'HasConversion'.
2024-05-08 16:25:28.735 +01:00  INF  Entity Framework Core 6.0.29 initialized 'ApplicationDbContext' using provider 'Microsoft.EntityFrameworkCore.SqlServer:6.0.29' with options: None
2024-05-08 16:25:32.343 +01:00  INF  Executed DbCommand (270ms) [Parameters=[@__p_0='?' (DbType = Int32)], CommandType='"Text"', CommandTimeout='30']
SELECT TOP(1) [s].[Id], [s].[CompanyName], [s].[Div], [s].[Industry], [s].[MarketCap], [s].[Purchase], [s].[Symbol]
FROM [StockTable] AS [s]
WHERE [s].[Id] = @__p_0
2024-05-08 16:25:32.710 +01:00  INF  5/8/2024 4:25:32 PM: stocks for customer 1 retrieved
2024-05-08 16:25:32.733 +01:00  INF  Executing OkObjectResult, writing value of type 'Authenticator.DTO.Stock.StockDTO'.
2024-05-08 16:25:32.765 +01:00  INF  Executed action Authenticator.Controllers.StockController.GetById (Authenticator) in 6071.5717ms
2024-05-08 16:25:32.768 +01:00  INF  Executed endpoint 'Authenticator.Controllers.StockController.GetById (Authenticator)'
2024-05-08 16:25:32.776 +01:00  INF  HTTP GET /api/Stock/Get By StockId responded 200 in 6602.4315 ms
2024-05-08 16:25:32.794 +01:00  INF  Request finished HTTP/2 GET https://localhost:44318/api/Stock/Get By StockId?id=1 - - - 200 - application/json;+charset=utf-8 6632.0239ms
