2024-05-16 14:28:49.413 +01:00  INF  User profile is available. Using 'C:\Users\Oluwayanmife.ayeni\AppData\Local\ASP.NET\DataProtection-Keys' as key repository and Windows DPAPI to encrypt keys at rest.
2024-05-16 14:28:50.303 +01:00  INF  Application started. Press Ctrl+C to shut down.
2024-05-16 14:28:50.303 +01:00  INF  Hosting environment: Development
2024-05-16 14:28:50.304 +01:00  INF  Content root path: C:\Users\Oluwayanmife.ayeni\OneDrive - United Capital Plc\Documents\ASP.NET\Authenticator\Authenticator\
2024-05-16 14:28:50.421 +01:00  INF  Request starting HTTP/2 GET https://localhost:44318/swagger/index.html - -
2024-05-16 14:28:51.503 +01:00  INF  Request finished HTTP/2 GET https://localhost:44318/swagger/index.html - - - 200 - text/html;charset=utf-8 1086.1888ms
2024-05-16 14:28:51.503 +01:00  INF  Request starting HTTP/2 GET https://localhost:44318/_framework/aspnetcore-browser-refresh.js - -
2024-05-16 14:28:51.518 +01:00  INF  Request finished HTTP/2 GET https://localhost:44318/_framework/aspnetcore-browser-refresh.js - - - 200 12358 application/javascript;+charset=utf-8 15.1704ms
2024-05-16 14:28:51.779 +01:00  INF  Request starting HTTP/2 GET https://localhost:44318/_vs/browserLink - -
2024-05-16 14:28:51.988 +01:00  INF  Request finished HTTP/2 GET https://localhost:44318/_vs/browserLink - - - 200 - text/javascript;+charset=UTF-8 209.8203ms
2024-05-16 14:28:52.074 +01:00  INF  Request starting HTTP/2 GET https://localhost:44318/swagger/v1/swagger.json - -
2024-05-16 14:28:52.454 +01:00  INF  Request finished HTTP/2 GET https://localhost:44318/swagger/v1/swagger.json - - - 200 - application/json;charset=utf-8 378.2110ms
2024-05-16 14:29:26.029 +01:00  INF  Request starting HTTP/2 POST https://localhost:44318/api/Account/Register application/json 90
2024-05-16 14:29:26.745 +01:00  INF  Executing endpoint 'Authenticator.Controllers.AccountController.CreateAccount (Authenticator)'
2024-05-16 14:29:26.812 +01:00  INF  Route matched with {action = "CreateAccount", controller = "Account"}. Executing controller action with signature System.Threading.Tasks.Task`1[Microsoft.AspNetCore.Mvc.IActionResult] CreateAccount(Authenticator.DTO.Account.CreateAccountDTO) on controller Authenticator.Controllers.AccountController (Authenticator).
2024-05-16 14:29:28.890 +01:00  WRN  No store type was specified for the decimal property 'Div' on entity type 'Stocks'. This will cause values to be silently truncated if they do not fit in the default precision and scale. Explicitly specify the SQL server column type that can accommodate all the values in 'OnModelCreating' using 'HasColumnType', specify precision and scale using 'HasPrecision', or configure a value converter using 'HasConversion'.
2024-05-16 14:29:28.890 +01:00  WRN  No store type was specified for the decimal property 'Purchase' on entity type 'Stocks'. This will cause values to be silently truncated if they do not fit in the default precision and scale. Explicitly specify the SQL server column type that can accommodate all the values in 'OnModelCreating' using 'HasColumnType', specify precision and scale using 'HasPrecision', or configure a value converter using 'HasConversion'.
2024-05-16 14:29:29.277 +01:00  INF  Entity Framework Core 6.0.29 initialized 'ApplicationDbContext' using provider 'Microsoft.EntityFrameworkCore.SqlServer:6.0.29' with options: None
2024-05-16 14:29:31.390 +01:00  INF  Executed DbCommand (86ms) [Parameters=[@__create_EmailAddress_0='?' (Size = 4000), @__create_Username_1='?' (Size = 4000)], CommandType='"Text"', CommandTimeout='30']
SELECT CASE
    WHEN EXISTS (
        SELECT 1
        FROM [AccountsTable] AS [a]
        WHERE ([a].[EmailAddress] = @__create_EmailAddress_0) AND ([a].[Username] = @__create_Username_1)) THEN CAST(1 AS bit)
    ELSE CAST(0 AS bit)
END
2024-05-16 14:29:31.837 +01:00  INF  Executed DbCommand (47ms) [Parameters=[@p0='?' (Size = 4000), @p1='?' (Size = 8000) (DbType = Binary), @p2='?' (Size = 8000) (DbType = Binary), @p3='?' (Size = 4000)], CommandType='"Text"', CommandTimeout='30']
SET NOCOUNT ON;
INSERT INTO [AccountsTable] ([EmailAddress], [PasswordHash], [PasswordSalt], [Username])
VALUES (@p0, @p1, @p2, @p3);
SELECT [Id]
FROM [AccountsTable]
WHERE @@ROWCOUNT = 1 AND [Id] = scope_identity();
2024-05-16 14:29:31.950 +01:00  INF  Executing CreatedAtActionResult, writing value of type 'System.Collections.Generic.List`1[[System.String, System.Private.CoreLib, Version=6.0.0.0, Culture=neutral, PublicKeyToken=7cec85d7bea7798e]]'.
2024-05-16 14:29:31.992 +01:00  INF  Executed action Authenticator.Controllers.AccountController.CreateAccount (Authenticator) in 5173.969ms
2024-05-16 14:29:31.994 +01:00  INF  Executed endpoint 'Authenticator.Controllers.AccountController.CreateAccount (Authenticator)'
2024-05-16 14:29:32.000 +01:00  INF  HTTP POST /api/Account/Register responded 201 in 5906.2360 ms
2024-05-16 14:29:32.012 +01:00  INF  Request finished HTTP/2 POST https://localhost:44318/api/Account/Register application/json 90 - 201 - application/json;+charset=utf-8 5982.9314ms
2024-05-16 14:30:15.117 +01:00  INF  Request starting HTTP/2 POST https://localhost:44318/api/Account/Login application/json 52
2024-05-16 14:30:15.120 +01:00  INF  Executing endpoint 'Authenticator.Controllers.AccountController.Login (Authenticator)'
2024-05-16 14:30:15.132 +01:00  INF  Route matched with {action = "Login", controller = "Account"}. Executing controller action with signature System.Threading.Tasks.Task`1[Microsoft.AspNetCore.Mvc.IActionResult] Login(Authenticator.DTO.Account.LoginDTO) on controller Authenticator.Controllers.AccountController (Authenticator).
2024-05-16 14:30:15.156 +01:00  INF  Entity Framework Core 6.0.29 initialized 'ApplicationDbContext' using provider 'Microsoft.EntityFrameworkCore.SqlServer:6.0.29' with options: None
2024-05-16 14:30:15.327 +01:00  INF  Executed DbCommand (12ms) [Parameters=[@__ToLower_0='?' (Size = 4000)], CommandType='"Text"', CommandTimeout='30']
SELECT TOP(1) [a].[Id], [a].[EmailAddress], [a].[PasswordHash], [a].[PasswordSalt], [a].[Username]
FROM [AccountsTable] AS [a]
WHERE LOWER([a].[Username]) = @__ToLower_0
2024-05-16 14:30:15.794 +01:00  INF  Executing ObjectResult, writing value of type 'System.Collections.Generic.List`1[[System.String, System.Private.CoreLib, Version=6.0.0.0, Culture=neutral, PublicKeyToken=7cec85d7bea7798e]]'.
2024-05-16 14:30:15.795 +01:00  INF  Executed action Authenticator.Controllers.AccountController.Login (Authenticator) in 662.6903ms
2024-05-16 14:30:15.795 +01:00  INF  Executed endpoint 'Authenticator.Controllers.AccountController.Login (Authenticator)'
2024-05-16 14:30:15.795 +01:00  INF  HTTP POST /api/Account/Login responded 200 in 675.3280 ms
2024-05-16 14:30:15.796 +01:00  INF  Request finished HTTP/2 POST https://localhost:44318/api/Account/Login application/json 52 - 200 - application/json;+charset=utf-8 678.3964ms
2024-05-16 14:30:37.645 +01:00  INF  Request starting HTTP/2 POST https://localhost:44318/api/Portfolios/Create Portfolio?stockId=1 - 0
2024-05-16 14:30:37.760 +01:00  INF  Executing endpoint 'Authenticator.Controllers.PortfoliosController.CreatePortfolio (Authenticator)'
2024-05-16 14:30:37.764 +01:00  INF  Route matched with {action = "CreatePortfolio", controller = "Portfolios"}. Executing controller action with signature System.Threading.Tasks.Task`1[Microsoft.AspNetCore.Mvc.IActionResult] CreatePortfolio(Int32) on controller Authenticator.Controllers.PortfoliosController (Authenticator).
2024-05-16 14:30:37.826 +01:00  INF  Entity Framework Core 6.0.29 initialized 'ApplicationDbContext' using provider 'Microsoft.EntityFrameworkCore.SqlServer:6.0.29' with options: None
2024-05-16 14:30:37.842 +01:00  INF  Executed DbCommand (11ms) [Parameters=[@__StockId_0='?' (DbType = Int32)], CommandType='"Text"', CommandTimeout='30']
SELECT TOP(1) [s].[Id], [s].[CompanyName], [s].[Div], [s].[Industry], [s].[MarketCap], [s].[Purchase], [s].[Symbol]
FROM [StockTable] AS [s]
WHERE [s].[Id] = @__StockId_0
2024-05-16 14:30:37.872 +01:00  INF  5/16/2024 2:30:37 PM: Portfolio created successfully
2024-05-16 14:30:37.960 +01:00  INF  Executed DbCommand (8ms) [Parameters=[@p0='?' (DbType = Int32), @p1='?' (DbType = Int32)], CommandType='"Text"', CommandTimeout='30']
SET NOCOUNT ON;
INSERT INTO [Porttfolios] ([AccountId], [StockId])
VALUES (@p0, @p1);
2024-05-16 14:30:37.962 +01:00  INF  Executing ObjectResult, writing value of type 'System.Collections.Generic.List`1[[System.String, System.Private.CoreLib, Version=6.0.0.0, Culture=neutral, PublicKeyToken=7cec85d7bea7798e]]'.
2024-05-16 14:30:37.962 +01:00  INF  Executed action Authenticator.Controllers.PortfoliosController.CreatePortfolio (Authenticator) in 198.4539ms
2024-05-16 14:30:37.963 +01:00  INF  Executed endpoint 'Authenticator.Controllers.PortfoliosController.CreatePortfolio (Authenticator)'
2024-05-16 14:30:37.964 +01:00  INF  HTTP POST /api/Portfolios/Create Portfolio responded 200 in 318.4119 ms
2024-05-16 14:30:37.964 +01:00  INF  Request finished HTTP/2 POST https://localhost:44318/api/Portfolios/Create Portfolio?stockId=1 - 0 - 200 - application/json;+charset=utf-8 319.0043ms
2024-05-16 14:30:56.385 +01:00  INF  Request starting HTTP/2 DELETE https://localhost:44318/api/Portfolios/Delete Portfolio?stockId=1 - -
2024-05-16 14:30:56.389 +01:00  INF  Executing endpoint 'Authenticator.Controllers.PortfoliosController.DeletePortfolio (Authenticator)'
2024-05-16 14:30:56.394 +01:00  INF  Route matched with {action = "DeletePortfolio", controller = "Portfolios"}. Executing controller action with signature System.Threading.Tasks.Task`1[Microsoft.AspNetCore.Mvc.IActionResult] DeletePortfolio(Int32) on controller Authenticator.Controllers.PortfoliosController (Authenticator).
2024-05-16 14:30:56.403 +01:00  INF  Entity Framework Core 6.0.29 initialized 'ApplicationDbContext' using provider 'Microsoft.EntityFrameworkCore.SqlServer:6.0.29' with options: None
2024-05-16 14:30:56.418 +01:00  INF  Executed DbCommand (9ms) [Parameters=[@__StockId_0='?' (DbType = Int32)], CommandType='"Text"', CommandTimeout='30']
SELECT TOP(1) [p].[AccountId], [p].[StockId]
FROM [Porttfolios] AS [p]
WHERE [p].[StockId] = @__StockId_0
2024-05-16 14:30:56.445 +01:00  INF  Executed DbCommand (5ms) [Parameters=[@p0='?' (DbType = Int32), @p1='?' (DbType = Int32)], CommandType='"Text"', CommandTimeout='30']
SET NOCOUNT ON;
DELETE FROM [Porttfolios]
WHERE [AccountId] = @p0 AND [StockId] = @p1;
SELECT @@ROWCOUNT;
2024-05-16 14:30:56.456 +01:00  INF  5/16/2024 2:30:56 PM: User Portfolio deleted successfully
2024-05-16 14:30:56.457 +01:00  INF  Executing ObjectResult, writing value of type 'System.Collections.Generic.List`1[[System.String, System.Private.CoreLib, Version=6.0.0.0, Culture=neutral, PublicKeyToken=7cec85d7bea7798e]]'.
2024-05-16 14:30:56.457 +01:00  INF  Executed action Authenticator.Controllers.PortfoliosController.DeletePortfolio (Authenticator) in 62.8125ms
2024-05-16 14:30:56.457 +01:00  INF  Executed endpoint 'Authenticator.Controllers.PortfoliosController.DeletePortfolio (Authenticator)'
2024-05-16 14:30:56.458 +01:00  INF  HTTP DELETE /api/Portfolios/Delete Portfolio responded 200 in 69.7891 ms
2024-05-16 14:30:56.458 +01:00  INF  Request finished HTTP/2 DELETE https://localhost:44318/api/Portfolios/Delete Portfolio?stockId=1 - - - 200 - application/json;+charset=utf-8 72.3167ms
2024-05-16 15:02:30.938 +01:00  INF  User profile is available. Using 'C:\Users\Oluwayanmife.ayeni\AppData\Local\ASP.NET\DataProtection-Keys' as key repository and Windows DPAPI to encrypt keys at rest.
2024-05-16 15:02:31.680 +01:00  INF  Application started. Press Ctrl+C to shut down.
2024-05-16 15:02:31.682 +01:00  INF  Hosting environment: Development
2024-05-16 15:02:31.683 +01:00  INF  Content root path: C:\Users\Oluwayanmife.ayeni\OneDrive - United Capital Plc\Documents\ASP.NET\Authenticator\Authenticator\
2024-05-16 15:02:31.708 +01:00  INF  Request starting HTTP/2 GET https://localhost:44318/swagger/index.html - -
2024-05-16 15:02:32.533 +01:00  INF  Request starting HTTP/2 GET https://localhost:44318/_framework/aspnetcore-browser-refresh.js - -
2024-05-16 15:02:32.533 +01:00  INF  Request finished HTTP/2 GET https://localhost:44318/swagger/index.html - - - 200 - text/html;charset=utf-8 828.7090ms
2024-05-16 15:02:32.620 +01:00  INF  Request finished HTTP/2 GET https://localhost:44318/_framework/aspnetcore-browser-refresh.js - - - 200 12358 application/javascript;+charset=utf-8 36.0579ms
2024-05-16 15:02:32.820 +01:00  INF  Request starting HTTP/2 GET https://localhost:44318/_vs/browserLink - -
2024-05-16 15:02:32.973 +01:00  INF  Request finished HTTP/2 GET https://localhost:44318/_vs/browserLink - - - 200 - text/javascript;+charset=UTF-8 152.8639ms
2024-05-16 15:02:33.110 +01:00  INF  Request starting HTTP/2 GET https://localhost:44318/swagger/v1/swagger.json - -
2024-05-16 15:02:33.386 +01:00  INF  Request finished HTTP/2 GET https://localhost:44318/swagger/v1/swagger.json - - - 200 - application/json;charset=utf-8 275.9904ms
2024-05-16 15:02:45.333 +01:00  INF  Request starting HTTP/2 GET https://localhost:44318/api/Stock/Get By StockId?id=1 - -
2024-05-16 15:02:45.701 +01:00  INF  Executing endpoint 'Authenticator.Controllers.StockController.GetById (Authenticator)'
2024-05-16 15:02:45.747 +01:00  INF  Route matched with {action = "GetById", controller = "Stock"}. Executing controller action with signature System.Threading.Tasks.Task`1[Microsoft.AspNetCore.Mvc.IActionResult] GetById(Int32) on controller Authenticator.Controllers.StockController (Authenticator).
2024-05-16 15:02:47.201 +01:00  WRN  No store type was specified for the decimal property 'Div' on entity type 'Stocks'. This will cause values to be silently truncated if they do not fit in the default precision and scale. Explicitly specify the SQL server column type that can accommodate all the values in 'OnModelCreating' using 'HasColumnType', specify precision and scale using 'HasPrecision', or configure a value converter using 'HasConversion'.
2024-05-16 15:02:47.201 +01:00  WRN  No store type was specified for the decimal property 'Purchase' on entity type 'Stocks'. This will cause values to be silently truncated if they do not fit in the default precision and scale. Explicitly specify the SQL server column type that can accommodate all the values in 'OnModelCreating' using 'HasColumnType', specify precision and scale using 'HasPrecision', or configure a value converter using 'HasConversion'.
2024-05-16 15:02:47.524 +01:00  INF  Entity Framework Core 6.0.29 initialized 'ApplicationDbContext' using provider 'Microsoft.EntityFrameworkCore.SqlServer:6.0.29' with options: None
2024-05-16 15:02:49.678 +01:00  INF  Executed DbCommand (239ms) [Parameters=[@__p_0='?' (DbType = Int32)], CommandType='"Text"', CommandTimeout='30']
SELECT TOP(1) [s].[Id], [s].[CompanyName], [s].[Div], [s].[Industry], [s].[MarketCap], [s].[Purchase], [s].[Symbol]
FROM [StockTable] AS [s]
WHERE [s].[Id] = @__p_0
2024-05-16 15:02:49.914 +01:00  INF  5/16/2024 3:02:49 PM: stocks for customer 1 retrieved
2024-05-16 15:02:49.929 +01:00  INF  Executing ObjectResult, writing value of type 'Authenticator.DTO.Stock.StockDTO'.
2024-05-16 15:02:49.947 +01:00  INF  Executed action Authenticator.Controllers.StockController.GetById (Authenticator) in 4192.7362ms
2024-05-16 15:02:49.949 +01:00  INF  Executed endpoint 'Authenticator.Controllers.StockController.GetById (Authenticator)'
2024-05-16 15:02:49.955 +01:00  INF  HTTP GET /api/Stock/Get By StockId responded 200 in 4611.8176 ms
2024-05-16 15:02:49.970 +01:00  INF  Request finished HTTP/2 GET https://localhost:44318/api/Stock/Get By StockId?id=1 - - - 200 - application/json;+charset=utf-8 4636.2994ms
2024-05-16 16:29:55.194 +01:00  INF  User profile is available. Using 'C:\Users\Oluwayanmife.ayeni\AppData\Local\ASP.NET\DataProtection-Keys' as key repository and Windows DPAPI to encrypt keys at rest.
2024-05-16 16:29:55.854 +01:00  INF  Application started. Press Ctrl+C to shut down.
2024-05-16 16:29:55.855 +01:00  INF  Hosting environment: Development
2024-05-16 16:29:55.856 +01:00  INF  Content root path: C:\Users\Oluwayanmife.ayeni\OneDrive - United Capital Plc\Documents\ASP.NET\Authenticator\Authenticator\
2024-05-16 16:29:55.878 +01:00  INF  Request starting HTTP/2 GET https://localhost:44318/swagger/index.html - -
2024-05-16 16:29:56.729 +01:00  INF  Request finished HTTP/2 GET https://localhost:44318/swagger/index.html - - - 200 - text/html;charset=utf-8 855.4856ms
2024-05-16 16:29:56.743 +01:00  INF  Request starting HTTP/2 GET https://localhost:44318/_framework/aspnetcore-browser-refresh.js - -
2024-05-16 16:29:56.766 +01:00  INF  Request finished HTTP/2 GET https://localhost:44318/_framework/aspnetcore-browser-refresh.js - - - 200 12358 application/javascript;+charset=utf-8 22.8693ms
2024-05-16 16:29:56.978 +01:00  INF  Request starting HTTP/2 GET https://localhost:44318/_vs/browserLink - -
2024-05-16 16:29:57.094 +01:00  INF  Request finished HTTP/2 GET https://localhost:44318/_vs/browserLink - - - 200 - text/javascript;+charset=UTF-8 115.8934ms
2024-05-16 16:29:57.393 +01:00  INF  Request starting HTTP/2 GET https://localhost:44318/swagger/v1/swagger.json - -
2024-05-16 16:29:57.640 +01:00  INF  Request finished HTTP/2 GET https://localhost:44318/swagger/v1/swagger.json - - - 200 - application/json;charset=utf-8 247.7955ms
2024-05-16 16:30:20.644 +01:00  INF  Request starting HTTP/2 POST https://localhost:44318/api/Stock/Create Stock application/json 148
2024-05-16 16:30:21.164 +01:00  INF  Executing endpoint 'Authenticator.Controllers.StockController.Create (Authenticator)'
2024-05-16 16:30:21.206 +01:00  INF  Route matched with {action = "Create", controller = "Stock"}. Executing controller action with signature System.Threading.Tasks.Task`1[Microsoft.AspNetCore.Mvc.IActionResult] Create(Authenticator.DTO.Stock.CreateStockDTO) on controller Authenticator.Controllers.StockController (Authenticator).
2024-05-16 16:30:23.062 +01:00  WRN  No store type was specified for the decimal property 'Div' on entity type 'Stocks'. This will cause values to be silently truncated if they do not fit in the default precision and scale. Explicitly specify the SQL server column type that can accommodate all the values in 'OnModelCreating' using 'HasColumnType', specify precision and scale using 'HasPrecision', or configure a value converter using 'HasConversion'.
2024-05-16 16:30:23.063 +01:00  WRN  No store type was specified for the decimal property 'Purchase' on entity type 'Stocks'. This will cause values to be silently truncated if they do not fit in the default precision and scale. Explicitly specify the SQL server column type that can accommodate all the values in 'OnModelCreating' using 'HasColumnType', specify precision and scale using 'HasPrecision', or configure a value converter using 'HasConversion'.
2024-05-16 16:30:23.293 +01:00  INF  Entity Framework Core 6.0.29 initialized 'ApplicationDbContext' using provider 'Microsoft.EntityFrameworkCore.SqlServer:6.0.29' with options: None
2024-05-16 16:30:25.517 +01:00  INF  Executed DbCommand (209ms) [Parameters=[@__createstock_CompanyName_0='?' (Size = 4000)], CommandType='"Text"', CommandTimeout='30']
SELECT CASE
    WHEN EXISTS (
        SELECT 1
        FROM [StockTable] AS [s]
        WHERE [s].[CompanyName] = @__createstock_CompanyName_0) THEN CAST(1 AS bit)
    ELSE CAST(0 AS bit)
END
2024-05-16 16:30:25.670 +01:00  INF  Executed DbCommand (24ms) [Parameters=[@__createstock_Symbol_0='?' (Size = 4000)], CommandType='"Text"', CommandTimeout='30']
SELECT CASE
    WHEN EXISTS (
        SELECT 1
        FROM [StockTable] AS [s]
        WHERE [s].[Symbol] = @__createstock_Symbol_0) THEN CAST(1 AS bit)
    ELSE CAST(0 AS bit)
END
2024-05-16 16:37:02.686 +01:00  INF  User profile is available. Using 'C:\Users\Oluwayanmife.ayeni\AppData\Local\ASP.NET\DataProtection-Keys' as key repository and Windows DPAPI to encrypt keys at rest.
2024-05-16 16:37:03.858 +01:00  INF  Application started. Press Ctrl+C to shut down.
2024-05-16 16:37:03.859 +01:00  INF  Hosting environment: Development
2024-05-16 16:37:03.859 +01:00  INF  Content root path: C:\Users\Oluwayanmife.ayeni\OneDrive - United Capital Plc\Documents\ASP.NET\Authenticator\Authenticator\
2024-05-16 16:37:03.988 +01:00  INF  Request starting HTTP/2 GET https://localhost:44318/swagger/index.html - -
2024-05-16 16:37:05.212 +01:00  INF  Request finished HTTP/2 GET https://localhost:44318/swagger/index.html - - - 200 - text/html;charset=utf-8 1233.1274ms
2024-05-16 16:37:05.744 +01:00  INF  Request starting HTTP/2 GET https://localhost:44318/_framework/aspnetcore-browser-refresh.js - -
2024-05-16 16:37:05.767 +01:00  INF  Request finished HTTP/2 GET https://localhost:44318/_framework/aspnetcore-browser-refresh.js - - - 200 12358 application/javascript;+charset=utf-8 13.5319ms
2024-05-16 16:37:06.216 +01:00  INF  Request starting HTTP/2 GET https://localhost:44318/_vs/browserLink - -
2024-05-16 16:37:06.369 +01:00  INF  Request finished HTTP/2 GET https://localhost:44318/_vs/browserLink - - - 200 - text/javascript;+charset=UTF-8 153.0075ms
2024-05-16 16:37:06.635 +01:00  INF  Request starting HTTP/2 GET https://localhost:44318/swagger/v1/swagger.json - -
2024-05-16 16:37:07.130 +01:00  INF  Request finished HTTP/2 GET https://localhost:44318/swagger/v1/swagger.json - - - 200 - application/json;charset=utf-8 494.8540ms
2024-05-16 16:38:13.523 +01:00  INF  Request starting HTTP/2 POST https://localhost:44318/api/Stock/Create Stock application/json 148
2024-05-16 16:38:14.330 +01:00  INF  Executing endpoint 'Authenticator.Controllers.StockController.Create (Authenticator)'
2024-05-16 16:38:14.456 +01:00  INF  Route matched with {action = "Create", controller = "Stock"}. Executing controller action with signature System.Threading.Tasks.Task`1[Microsoft.AspNetCore.Mvc.IActionResult] Create(Authenticator.DTO.Stock.CreateStockDTO) on controller Authenticator.Controllers.StockController (Authenticator).
2024-05-16 16:38:17.770 +01:00  WRN  No store type was specified for the decimal property 'Div' on entity type 'Stocks'. This will cause values to be silently truncated if they do not fit in the default precision and scale. Explicitly specify the SQL server column type that can accommodate all the values in 'OnModelCreating' using 'HasColumnType', specify precision and scale using 'HasPrecision', or configure a value converter using 'HasConversion'.
2024-05-16 16:38:17.770 +01:00  WRN  No store type was specified for the decimal property 'Purchase' on entity type 'Stocks'. This will cause values to be silently truncated if they do not fit in the default precision and scale. Explicitly specify the SQL server column type that can accommodate all the values in 'OnModelCreating' using 'HasColumnType', specify precision and scale using 'HasPrecision', or configure a value converter using 'HasConversion'.
2024-05-16 16:38:18.811 +01:00  INF  Entity Framework Core 6.0.29 initialized 'ApplicationDbContext' using provider 'Microsoft.EntityFrameworkCore.SqlServer:6.0.29' with options: None
2024-05-16 16:38:38.722 +01:00  INF  Executed DbCommand (14,501ms) [Parameters=[@__createstock_CompanyName_0='?' (Size = 4000)], CommandType='"Text"', CommandTimeout='30']
SELECT CASE
    WHEN EXISTS (
        SELECT 1
        FROM [StockTable] AS [s]
        WHERE [s].[CompanyName] = @__createstock_CompanyName_0) THEN CAST(1 AS bit)
    ELSE CAST(0 AS bit)
END
2024-05-16 16:38:38.937 +01:00  INF  Executed DbCommand (19ms) [Parameters=[@__createstock_Symbol_0='?' (Size = 4000)], CommandType='"Text"', CommandTimeout='30']
SELECT CASE
    WHEN EXISTS (
        SELECT 1
        FROM [StockTable] AS [s]
        WHERE [s].[Symbol] = @__createstock_Symbol_0) THEN CAST(1 AS bit)
    ELSE CAST(0 AS bit)
END
2024-05-16 17:03:38.393 +01:00  INF  User profile is available. Using 'C:\Users\Oluwayanmife.ayeni\AppData\Local\ASP.NET\DataProtection-Keys' as key repository and Windows DPAPI to encrypt keys at rest.
2024-05-16 17:03:39.640 +01:00  INF  Application started. Press Ctrl+C to shut down.
2024-05-16 17:03:39.644 +01:00  INF  Hosting environment: Development
2024-05-16 17:03:39.646 +01:00  INF  Content root path: C:\Users\Oluwayanmife.ayeni\OneDrive - United Capital Plc\Documents\ASP.NET\Authenticator\Authenticator\
2024-05-16 17:03:39.740 +01:00  INF  Request starting HTTP/2 GET https://localhost:44318/swagger/index.html - -
2024-05-16 17:03:41.456 +01:00  INF  Request finished HTTP/2 GET https://localhost:44318/swagger/index.html - - - 200 - text/html;charset=utf-8 1726.1643ms
2024-05-16 17:03:41.458 +01:00  INF  Request starting HTTP/2 GET https://localhost:44318/_framework/aspnetcore-browser-refresh.js - -
2024-05-16 17:03:41.527 +01:00  INF  Request finished HTTP/2 GET https://localhost:44318/_framework/aspnetcore-browser-refresh.js - - - 200 12358 application/javascript;+charset=utf-8 57.6260ms
2024-05-16 17:03:41.846 +01:00  INF  Request starting HTTP/2 GET https://localhost:44318/_vs/browserLink - -
2024-05-16 17:03:42.079 +01:00  INF  Request finished HTTP/2 GET https://localhost:44318/_vs/browserLink - - - 200 - text/javascript;+charset=UTF-8 233.1019ms
2024-05-16 17:03:42.197 +01:00  INF  Request starting HTTP/2 GET https://localhost:44318/swagger/v1/swagger.json - -
2024-05-16 17:03:42.691 +01:00  INF  Request finished HTTP/2 GET https://localhost:44318/swagger/v1/swagger.json - - - 200 - application/json;charset=utf-8 494.5065ms
2024-05-16 17:03:58.770 +01:00  INF  Request starting HTTP/2 POST https://localhost:44318/api/Stock/Create Stock application/json 148
2024-05-16 17:03:59.562 +01:00  INF  Executing endpoint 'Authenticator.Controllers.StockController.Create (Authenticator)'
2024-05-16 17:03:59.758 +01:00  INF  Route matched with {action = "Create", controller = "Stock"}. Executing controller action with signature System.Threading.Tasks.Task`1[Microsoft.AspNetCore.Mvc.IActionResult] Create(Authenticator.DTO.Stock.CreateStockDTO) on controller Authenticator.Controllers.StockController (Authenticator).
2024-05-16 17:04:05.334 +01:00  WRN  No store type was specified for the decimal property 'Div' on entity type 'Stocks'. This will cause values to be silently truncated if they do not fit in the default precision and scale. Explicitly specify the SQL server column type that can accommodate all the values in 'OnModelCreating' using 'HasColumnType', specify precision and scale using 'HasPrecision', or configure a value converter using 'HasConversion'.
2024-05-16 17:04:05.336 +01:00  WRN  No store type was specified for the decimal property 'Purchase' on entity type 'Stocks'. This will cause values to be silently truncated if they do not fit in the default precision and scale. Explicitly specify the SQL server column type that can accommodate all the values in 'OnModelCreating' using 'HasColumnType', specify precision and scale using 'HasPrecision', or configure a value converter using 'HasConversion'.
2024-05-16 17:04:06.551 +01:00  INF  Entity Framework Core 6.0.29 initialized 'ApplicationDbContext' using provider 'Microsoft.EntityFrameworkCore.SqlServer:6.0.29' with options: None
2024-05-16 17:04:12.122 +01:00  INF  Executed DbCommand (549ms) [Parameters=[@__createstock_CompanyName_0='?' (Size = 4000)], CommandType='"Text"', CommandTimeout='30']
SELECT CASE
    WHEN EXISTS (
        SELECT 1
        FROM [StockTable] AS [s]
        WHERE [s].[CompanyName] = @__createstock_CompanyName_0) THEN CAST(1 AS bit)
    ELSE CAST(0 AS bit)
END
2024-05-16 17:04:12.473 +01:00  INF  Executed DbCommand (63ms) [Parameters=[@__createstock_Symbol_0='?' (Size = 4000)], CommandType='"Text"', CommandTimeout='30']
SELECT CASE
    WHEN EXISTS (
        SELECT 1
        FROM [StockTable] AS [s]
        WHERE [s].[Symbol] = @__createstock_Symbol_0) THEN CAST(1 AS bit)
    ELSE CAST(0 AS bit)
END
2024-05-16 17:04:13.478 +01:00  INF  Executed DbCommand (53ms) [Parameters=[@p0='?' (Size = 4000), @p1='?' (Precision = 18) (Scale = 2) (DbType = Decimal), @p2='?' (Size = 4000), @p3='?' (DbType = Int64), @p4='?' (Precision = 18) (Scale = 2) (DbType = Decimal), @p5='?' (Size = 4000)], CommandType='"Text"', CommandTimeout='30']
SET NOCOUNT ON;
INSERT INTO [StockTable] ([CompanyName], [Div], [Industry], [MarketCap], [Purchase], [Symbol])
VALUES (@p0, @p1, @p2, @p3, @p4, @p5);
SELECT [Id]
FROM [StockTable]
WHERE @@ROWCOUNT = 1 AND [Id] = scope_identity();
2024-05-16 17:04:13.917 +01:00  INF  Executing CreatedAtActionResult, writing value of type 'Authenticator.DTO.Stock.StockDTO'.
2024-05-16 17:04:14.137 +01:00  INF  Executed action Authenticator.Controllers.StockController.Create (Authenticator) in 14354.7638ms
2024-05-16 17:04:14.143 +01:00  INF  Executed endpoint 'Authenticator.Controllers.StockController.Create (Authenticator)'
2024-05-16 17:04:14.169 +01:00  INF  HTTP POST /api/Stock/Create Stock responded 201 in 15365.4921 ms
2024-05-16 17:04:14.259 +01:00  INF  Request finished HTTP/2 POST https://localhost:44318/api/Stock/Create Stock application/json 148 - 201 - application/json;+charset=utf-8 15488.4181ms
2024-05-16 17:04:33.419 +01:00  INF  Request starting HTTP/2 POST https://localhost:44318/api/Stock/Create Stock application/json 148
2024-05-16 17:04:33.431 +01:00  INF  Executing endpoint 'Authenticator.Controllers.StockController.Create (Authenticator)'
2024-05-16 17:04:33.432 +01:00  INF  Route matched with {action = "Create", controller = "Stock"}. Executing controller action with signature System.Threading.Tasks.Task`1[Microsoft.AspNetCore.Mvc.IActionResult] Create(Authenticator.DTO.Stock.CreateStockDTO) on controller Authenticator.Controllers.StockController (Authenticator).
2024-05-16 17:04:33.462 +01:00  INF  Entity Framework Core 6.0.29 initialized 'ApplicationDbContext' using provider 'Microsoft.EntityFrameworkCore.SqlServer:6.0.29' with options: None
2024-05-16 17:04:33.526 +01:00  INF  Executed DbCommand (16ms) [Parameters=[@__createstock_CompanyName_0='?' (Size = 4000)], CommandType='"Text"', CommandTimeout='30']
SELECT CASE
    WHEN EXISTS (
        SELECT 1
        FROM [StockTable] AS [s]
        WHERE [s].[CompanyName] = @__createstock_CompanyName_0) THEN CAST(1 AS bit)
    ELSE CAST(0 AS bit)
END
2024-05-16 17:04:33.529 +01:00  INF  Executing ObjectResult, writing value of type 'System.Collections.Generic.List`1[[System.String, System.Private.CoreLib, Version=6.0.0.0, Culture=neutral, PublicKeyToken=7cec85d7bea7798e]]'.
2024-05-16 17:04:33.533 +01:00  INF  Executed action Authenticator.Controllers.StockController.Create (Authenticator) in 100.8199ms
2024-05-16 17:04:33.533 +01:00  INF  Executed endpoint 'Authenticator.Controllers.StockController.Create (Authenticator)'
2024-05-16 17:04:33.533 +01:00  INF  HTTP POST /api/Stock/Create Stock responded 400 in 103.4787 ms
2024-05-16 17:04:33.534 +01:00  INF  Request finished HTTP/2 POST https://localhost:44318/api/Stock/Create Stock application/json 148 - 400 - application/json;+charset=utf-8 115.0351ms
2024-05-16 17:04:57.709 +01:00  INF  Request starting HTTP/2 POST https://localhost:44318/api/Stock/Create Stock application/json 144
2024-05-16 17:04:57.713 +01:00  INF  Executing endpoint 'Authenticator.Controllers.StockController.Create (Authenticator)'
2024-05-16 17:04:57.713 +01:00  INF  Route matched with {action = "Create", controller = "Stock"}. Executing controller action with signature System.Threading.Tasks.Task`1[Microsoft.AspNetCore.Mvc.IActionResult] Create(Authenticator.DTO.Stock.CreateStockDTO) on controller Authenticator.Controllers.StockController (Authenticator).
2024-05-16 17:04:57.724 +01:00  INF  Executing BadRequestObjectResult, writing value of type 'Microsoft.AspNetCore.Mvc.ValidationProblemDetails'.
2024-05-16 17:04:57.730 +01:00  INF  Executed action Authenticator.Controllers.StockController.Create (Authenticator) in 16.792ms
2024-05-16 17:04:57.731 +01:00  INF  Executed endpoint 'Authenticator.Controllers.StockController.Create (Authenticator)'
2024-05-16 17:04:57.731 +01:00  INF  HTTP POST /api/Stock/Create Stock responded 400 in 21.3777 ms
2024-05-16 17:04:57.731 +01:00  INF  Request finished HTTP/2 POST https://localhost:44318/api/Stock/Create Stock application/json 144 - 400 - application/problem+json;+charset=utf-8 22.0342ms
2024-05-16 17:05:04.681 +01:00  INF  Request starting HTTP/2 POST https://localhost:44318/api/Stock/Create Stock application/json 150
2024-05-16 17:05:04.682 +01:00  INF  Executing endpoint 'Authenticator.Controllers.StockController.Create (Authenticator)'
2024-05-16 17:05:04.682 +01:00  INF  Route matched with {action = "Create", controller = "Stock"}. Executing controller action with signature System.Threading.Tasks.Task`1[Microsoft.AspNetCore.Mvc.IActionResult] Create(Authenticator.DTO.Stock.CreateStockDTO) on controller Authenticator.Controllers.StockController (Authenticator).
2024-05-16 17:05:04.841 +01:00  INF  Entity Framework Core 6.0.29 initialized 'ApplicationDbContext' using provider 'Microsoft.EntityFrameworkCore.SqlServer:6.0.29' with options: None
2024-05-16 17:05:04.861 +01:00  INF  Executed DbCommand (17ms) [Parameters=[@__createstock_CompanyName_0='?' (Size = 4000)], CommandType='"Text"', CommandTimeout='30']
SELECT CASE
    WHEN EXISTS (
        SELECT 1
        FROM [StockTable] AS [s]
        WHERE [s].[CompanyName] = @__createstock_CompanyName_0) THEN CAST(1 AS bit)
    ELSE CAST(0 AS bit)
END
2024-05-16 17:05:04.898 +01:00  INF  Executed DbCommand (17ms) [Parameters=[@__createstock_Symbol_0='?' (Size = 4000)], CommandType='"Text"', CommandTimeout='30']
SELECT CASE
    WHEN EXISTS (
        SELECT 1
        FROM [StockTable] AS [s]
        WHERE [s].[Symbol] = @__createstock_Symbol_0) THEN CAST(1 AS bit)
    ELSE CAST(0 AS bit)
END
2024-05-16 17:05:04.899 +01:00  INF  Executing ObjectResult, writing value of type 'System.Collections.Generic.List`1[[System.String, System.Private.CoreLib, Version=6.0.0.0, Culture=neutral, PublicKeyToken=7cec85d7bea7798e]]'.
2024-05-16 17:05:04.911 +01:00  INF  Executed action Authenticator.Controllers.StockController.Create (Authenticator) in 228.9045ms
2024-05-16 17:05:04.911 +01:00  INF  Executed endpoint 'Authenticator.Controllers.StockController.Create (Authenticator)'
2024-05-16 17:05:04.912 +01:00  INF  HTTP POST /api/Stock/Create Stock responded 400 in 230.0379 ms
2024-05-16 17:05:04.915 +01:00  INF  Request finished HTTP/2 POST https://localhost:44318/api/Stock/Create Stock application/json 150 - 400 - application/json;+charset=utf-8 233.0444ms
2024-05-16 17:10:46.875 +01:00  INF  User profile is available. Using 'C:\Users\Oluwayanmife.ayeni\AppData\Local\ASP.NET\DataProtection-Keys' as key repository and Windows DPAPI to encrypt keys at rest.
2024-05-16 17:10:48.069 +01:00  INF  Application started. Press Ctrl+C to shut down.
2024-05-16 17:10:48.070 +01:00  INF  Hosting environment: Development
2024-05-16 17:10:48.071 +01:00  INF  Content root path: C:\Users\Oluwayanmife.ayeni\OneDrive - United Capital Plc\Documents\ASP.NET\Authenticator\Authenticator\
2024-05-16 17:10:48.100 +01:00  INF  Request starting HTTP/2 GET https://localhost:44318/swagger/index.html - -
2024-05-16 17:10:49.879 +01:00  INF  Request finished HTTP/2 GET https://localhost:44318/swagger/index.html - - - 200 - text/html;charset=utf-8 1780.2443ms
2024-05-16 17:10:49.927 +01:00  INF  Request starting HTTP/2 GET https://localhost:44318/_framework/aspnetcore-browser-refresh.js - -
2024-05-16 17:10:49.946 +01:00  INF  Request finished HTTP/2 GET https://localhost:44318/_framework/aspnetcore-browser-refresh.js - - - 200 12358 application/javascript;+charset=utf-8 19.8638ms
2024-05-16 17:10:50.271 +01:00  INF  Request starting HTTP/2 GET https://localhost:44318/_vs/browserLink - -
2024-05-16 17:10:50.476 +01:00  INF  Request finished HTTP/2 GET https://localhost:44318/_vs/browserLink - - - 200 - text/javascript;+charset=UTF-8 204.0643ms
2024-05-16 17:10:50.808 +01:00  INF  Request starting HTTP/2 GET https://localhost:44318/swagger/v1/swagger.json - -
2024-05-16 17:10:51.317 +01:00  INF  Request finished HTTP/2 GET https://localhost:44318/swagger/v1/swagger.json - - - 200 - application/json;charset=utf-8 508.6895ms
2024-05-16 17:11:10.428 +01:00  INF  Request starting HTTP/2 POST https://localhost:44318/api/Stock/Create Stock application/json 148
2024-05-16 17:11:10.861 +01:00  INF  Executing endpoint 'Authenticator.Controllers.StockController.Create (Authenticator)'
2024-05-16 17:11:10.971 +01:00  INF  Route matched with {action = "Create", controller = "Stock"}. Executing controller action with signature System.Threading.Tasks.Task`1[Microsoft.AspNetCore.Mvc.IActionResult] Create(Authenticator.DTO.Stock.CreateStockDTO) on controller Authenticator.Controllers.StockController (Authenticator).
2024-05-16 17:11:14.723 +01:00  WRN  No store type was specified for the decimal property 'Div' on entity type 'Stocks'. This will cause values to be silently truncated if they do not fit in the default precision and scale. Explicitly specify the SQL server column type that can accommodate all the values in 'OnModelCreating' using 'HasColumnType', specify precision and scale using 'HasPrecision', or configure a value converter using 'HasConversion'.
2024-05-16 17:11:14.723 +01:00  WRN  No store type was specified for the decimal property 'Purchase' on entity type 'Stocks'. This will cause values to be silently truncated if they do not fit in the default precision and scale. Explicitly specify the SQL server column type that can accommodate all the values in 'OnModelCreating' using 'HasColumnType', specify precision and scale using 'HasPrecision', or configure a value converter using 'HasConversion'.
2024-05-16 17:11:15.365 +01:00  INF  Entity Framework Core 6.0.29 initialized 'ApplicationDbContext' using provider 'Microsoft.EntityFrameworkCore.SqlServer:6.0.29' with options: None
2024-05-16 17:11:20.563 +01:00  INF  Executed DbCommand (471ms) [Parameters=[@__ToLower_0='?' (Size = 4000), @__ToLower_1='?' (Size = 4000)], CommandType='"Text"', CommandTimeout='30']
SELECT CASE
    WHEN EXISTS (
        SELECT 1
        FROM [StockTable] AS [s]
        WHERE (LOWER([s].[CompanyName]) = @__ToLower_0) OR (LOWER([s].[Symbol]) = @__ToLower_1)) THEN CAST(1 AS bit)
    ELSE CAST(0 AS bit)
END
2024-05-16 17:11:20.920 +01:00  INF  Executing ObjectResult, writing value of type 'System.Collections.Generic.List`1[[System.String, System.Private.CoreLib, Version=6.0.0.0, Culture=neutral, PublicKeyToken=7cec85d7bea7798e]]'.
2024-05-16 17:11:20.960 +01:00  INF  Executed action Authenticator.Controllers.StockController.Create (Authenticator) in 9959.1552ms
2024-05-16 17:11:20.966 +01:00  INF  Executed endpoint 'Authenticator.Controllers.StockController.Create (Authenticator)'
2024-05-16 17:11:20.985 +01:00  INF  HTTP POST /api/Stock/Create Stock responded 400 in 10515.7494 ms
2024-05-16 17:11:21.029 +01:00  INF  Request finished HTTP/2 POST https://localhost:44318/api/Stock/Create Stock application/json 148 - 400 - application/json;+charset=utf-8 10600.7385ms
2024-05-16 17:11:42.925 +01:00  INF  Request starting HTTP/2 GET https://localhost:44318/api/Stock/Get By StockId?id=3 - -
2024-05-16 17:11:43.034 +01:00  INF  Executing endpoint 'Authenticator.Controllers.StockController.GetById (Authenticator)'
2024-05-16 17:11:43.072 +01:00  INF  Route matched with {action = "GetById", controller = "Stock"}. Executing controller action with signature System.Threading.Tasks.Task`1[Microsoft.AspNetCore.Mvc.IActionResult] GetById(Int32) on controller Authenticator.Controllers.StockController (Authenticator).
2024-05-16 17:11:43.134 +01:00  INF  Entity Framework Core 6.0.29 initialized 'ApplicationDbContext' using provider 'Microsoft.EntityFrameworkCore.SqlServer:6.0.29' with options: None
2024-05-16 17:11:43.591 +01:00  INF  Executed DbCommand (34ms) [Parameters=[@__p_0='?' (DbType = Int32)], CommandType='"Text"', CommandTimeout='30']
SELECT TOP(1) [s].[Id], [s].[CompanyName], [s].[Div], [s].[Industry], [s].[MarketCap], [s].[Purchase], [s].[Symbol]
FROM [StockTable] AS [s]
WHERE [s].[Id] = @__p_0
2024-05-16 17:11:43.689 +01:00  WRN  5/16/2024 5:11:43 PM: stocks for customer 3 not found 
2024-05-16 17:11:43.690 +01:00  INF  Executing ObjectResult, writing value of type 'System.Collections.Generic.List`1[[System.String, System.Private.CoreLib, Version=6.0.0.0, Culture=neutral, PublicKeyToken=7cec85d7bea7798e]]'.
2024-05-16 17:11:43.693 +01:00  INF  Executed action Authenticator.Controllers.StockController.GetById (Authenticator) in 620.6015ms
2024-05-16 17:11:43.695 +01:00  INF  Executed endpoint 'Authenticator.Controllers.StockController.GetById (Authenticator)'
2024-05-16 17:11:43.695 +01:00  INF  HTTP GET /api/Stock/Get By StockId responded 404 in 763.9090 ms
2024-05-16 17:11:43.698 +01:00  INF  Request finished HTTP/2 GET https://localhost:44318/api/Stock/Get By StockId?id=3 - - - 404 - application/json;+charset=utf-8 772.7668ms
2024-05-16 17:11:51.629 +01:00  INF  Request starting HTTP/2 GET https://localhost:44318/api/Stock/Get By StockId?id=2 - -
2024-05-16 17:11:51.638 +01:00  INF  Executing endpoint 'Authenticator.Controllers.StockController.GetById (Authenticator)'
2024-05-16 17:11:51.667 +01:00  INF  Route matched with {action = "GetById", controller = "Stock"}. Executing controller action with signature System.Threading.Tasks.Task`1[Microsoft.AspNetCore.Mvc.IActionResult] GetById(Int32) on controller Authenticator.Controllers.StockController (Authenticator).
2024-05-16 17:11:51.885 +01:00  INF  Entity Framework Core 6.0.29 initialized 'ApplicationDbContext' using provider 'Microsoft.EntityFrameworkCore.SqlServer:6.0.29' with options: None
2024-05-16 17:11:51.905 +01:00  INF  Executed DbCommand (10ms) [Parameters=[@__p_0='?' (DbType = Int32)], CommandType='"Text"', CommandTimeout='30']
SELECT TOP(1) [s].[Id], [s].[CompanyName], [s].[Div], [s].[Industry], [s].[MarketCap], [s].[Purchase], [s].[Symbol]
FROM [StockTable] AS [s]
WHERE [s].[Id] = @__p_0
2024-05-16 17:11:52.123 +01:00  INF  5/16/2024 5:11:52 PM: stocks for customer 2 retrieved
2024-05-16 17:11:52.128 +01:00  INF  Executing ObjectResult, writing value of type 'Authenticator.DTO.Stock.StockDTO'.
2024-05-16 17:11:52.144 +01:00  INF  Executed action Authenticator.Controllers.StockController.GetById (Authenticator) in 476.9169ms
2024-05-16 17:11:52.144 +01:00  INF  Executed endpoint 'Authenticator.Controllers.StockController.GetById (Authenticator)'
2024-05-16 17:11:52.145 +01:00  INF  HTTP GET /api/Stock/Get By StockId responded 200 in 514.6128 ms
2024-05-16 17:11:52.145 +01:00  INF  Request finished HTTP/2 GET https://localhost:44318/api/Stock/Get By StockId?id=2 - - - 200 - application/json;+charset=utf-8 515.8773ms
