2024-05-10 11:55:52.298 +01:00  INF  User profile is available. Using 'C:\Users\Oluwayanmife.ayeni\AppData\Local\ASP.NET\DataProtection-Keys' as key repository and Windows DPAPI to encrypt keys at rest.
2024-05-10 11:55:53.684 +01:00  INF  Application started. Press Ctrl+C to shut down.
2024-05-10 11:55:53.684 +01:00  INF  Hosting environment: Development
2024-05-10 11:55:53.685 +01:00  INF  Content root path: C:\Users\Oluwayanmife.ayeni\OneDrive - United Capital Plc\Documents\ASP.NET\Authenticator\Authenticator\
2024-05-10 11:55:53.772 +01:00  INF  Request starting HTTP/2 GET https://localhost:44318/swagger/index.html - -
2024-05-10 11:55:54.980 +01:00  INF  Request finished HTTP/2 GET https://localhost:44318/swagger/index.html - - - 200 - text/html;charset=utf-8 1211.3237ms
2024-05-10 11:55:55.134 +01:00  INF  Request starting HTTP/2 GET https://localhost:44318/_framework/aspnetcore-browser-refresh.js - -
2024-05-10 11:55:55.185 +01:00  INF  Request finished HTTP/2 GET https://localhost:44318/_framework/aspnetcore-browser-refresh.js - - - 200 12358 application/javascript;+charset=utf-8 51.1967ms
2024-05-10 11:55:55.401 +01:00  INF  Request starting HTTP/2 GET https://localhost:44318/_vs/browserLink - -
2024-05-10 11:55:55.848 +01:00  INF  Request finished HTTP/2 GET https://localhost:44318/_vs/browserLink - - - 200 - text/javascript;+charset=UTF-8 447.7457ms
2024-05-10 11:55:56.218 +01:00  INF  Request starting HTTP/2 GET https://localhost:44318/swagger/v1/swagger.json - -
2024-05-10 11:55:56.444 +01:00  INF  Request starting HTTP/2 GET https://localhost:44318/swagger/favicon-32x32.png - -
2024-05-10 11:55:56.486 +01:00  INF  Sending file. Request path: '/favicon-32x32.png'. Physical path: 'N/A'
2024-05-10 11:55:56.492 +01:00  INF  Request finished HTTP/2 GET https://localhost:44318/swagger/favicon-32x32.png - - - 200 628 image/png 47.9961ms
2024-05-10 11:55:56.783 +01:00  INF  Request finished HTTP/2 GET https://localhost:44318/swagger/v1/swagger.json - - - 200 - application/json;charset=utf-8 564.6425ms
2024-05-10 11:56:55.171 +01:00  INF  Request starting HTTP/2 POST https://localhost:44318/api/Account/Register application/json 95
2024-05-10 11:56:55.769 +01:00  INF  Executing endpoint 'Authenticator.Controllers.AccountController.CreateAccount (Authenticator)'
2024-05-10 11:56:55.815 +01:00  INF  Route matched with {action = "CreateAccount", controller = "Account"}. Executing controller action with signature System.Threading.Tasks.Task`1[Microsoft.AspNetCore.Mvc.IActionResult] CreateAccount(Authenticator.DTO.Account.CreateAccountDTO) on controller Authenticator.Controllers.AccountController (Authenticator).
2024-05-10 11:56:56.372 +01:00  INF  Executed action Authenticator.Controllers.AccountController.CreateAccount (Authenticator) in 549.808ms
2024-05-10 11:56:56.378 +01:00  INF  Executed endpoint 'Authenticator.Controllers.AccountController.CreateAccount (Authenticator)'
2024-05-10 11:56:56.381 +01:00  ERR  HTTP POST /api/Account/Register responded 500 in 1183.8330 msSystem.InvalidOperationException: Unable to resolve service for type 'Authenticator.Interfaces.ICacheRepo' while attempting to activate 'Authenticator.Controllers.AccountController'.
   at Microsoft.Extensions.DependencyInjection.ActivatorUtilities.GetService(IServiceProvider sp, Type type, Type requiredBy, Boolean isDefaultParameterRequired)
   at lambda_method9(Closure , IServiceProvider , Object[] )
   at Microsoft.AspNetCore.Mvc.Controllers.ControllerActivatorProvider.<>c__DisplayClass7_0.<CreateActivator>b__0(ControllerContext controllerContext)
   at Microsoft.AspNetCore.Mvc.Controllers.ControllerFactoryProvider.<>c__DisplayClass6_0.<CreateControllerFactory>g__CreateController|0(ControllerContext controllerContext)
   at Microsoft.AspNetCore.Mvc.Infrastructure.ControllerActionInvoker.Next(State& next, Scope& scope, Object& state, Boolean& isCompleted)
   at Microsoft.AspNetCore.Mvc.Infrastructure.ControllerActionInvoker.InvokeInnerFilterAsync()
--- End of stack trace from previous location ---
   at Microsoft.AspNetCore.Mvc.Infrastructure.ResourceInvoker.<InvokeFilterPipelineAsync>g__Awaited|20_0(ResourceInvoker invoker, Task lastTask, State next, Scope scope, Object state, Boolean isCompleted)
   at Microsoft.AspNetCore.Mvc.Infrastructure.ResourceInvoker.<InvokeAsync>g__Logged|17_1(ResourceInvoker invoker)
   at Microsoft.AspNetCore.Mvc.Infrastructure.ResourceInvoker.<InvokeAsync>g__Logged|17_1(ResourceInvoker invoker)
   at Microsoft.AspNetCore.Routing.EndpointMiddleware.<Invoke>g__AwaitRequestTask|6_0(Endpoint endpoint, Task requestTask, ILogger logger)
   at Microsoft.AspNetCore.Authorization.AuthorizationMiddleware.Invoke(HttpContext context)
   at Microsoft.AspNetCore.Authentication.AuthenticationMiddleware.Invoke(HttpContext context)
   at Serilog.AspNetCore.RequestLoggingMiddleware.Invoke(HttpContext httpContext)

2024-05-10 11:56:56.569 +01:00  ERR  An unhandled exception has occurred while executing the request.System.InvalidOperationException: Unable to resolve service for type 'Authenticator.Interfaces.ICacheRepo' while attempting to activate 'Authenticator.Controllers.AccountController'.
   at Microsoft.Extensions.DependencyInjection.ActivatorUtilities.GetService(IServiceProvider sp, Type type, Type requiredBy, Boolean isDefaultParameterRequired)
   at lambda_method9(Closure , IServiceProvider , Object[] )
   at Microsoft.AspNetCore.Mvc.Controllers.ControllerActivatorProvider.<>c__DisplayClass7_0.<CreateActivator>b__0(ControllerContext controllerContext)
   at Microsoft.AspNetCore.Mvc.Controllers.ControllerFactoryProvider.<>c__DisplayClass6_0.<CreateControllerFactory>g__CreateController|0(ControllerContext controllerContext)
   at Microsoft.AspNetCore.Mvc.Infrastructure.ControllerActionInvoker.Next(State& next, Scope& scope, Object& state, Boolean& isCompleted)
   at Microsoft.AspNetCore.Mvc.Infrastructure.ControllerActionInvoker.InvokeInnerFilterAsync()
--- End of stack trace from previous location ---
   at Microsoft.AspNetCore.Mvc.Infrastructure.ResourceInvoker.<InvokeFilterPipelineAsync>g__Awaited|20_0(ResourceInvoker invoker, Task lastTask, State next, Scope scope, Object state, Boolean isCompleted)
   at Microsoft.AspNetCore.Mvc.Infrastructure.ResourceInvoker.<InvokeAsync>g__Logged|17_1(ResourceInvoker invoker)
   at Microsoft.AspNetCore.Mvc.Infrastructure.ResourceInvoker.<InvokeAsync>g__Logged|17_1(ResourceInvoker invoker)
   at Microsoft.AspNetCore.Routing.EndpointMiddleware.<Invoke>g__AwaitRequestTask|6_0(Endpoint endpoint, Task requestTask, ILogger logger)
   at Microsoft.AspNetCore.Authorization.AuthorizationMiddleware.Invoke(HttpContext context)
   at Microsoft.AspNetCore.Authentication.AuthenticationMiddleware.Invoke(HttpContext context)
   at Serilog.AspNetCore.RequestLoggingMiddleware.Invoke(HttpContext httpContext)
   at Swashbuckle.AspNetCore.SwaggerUI.SwaggerUIMiddleware.Invoke(HttpContext httpContext)
   at Swashbuckle.AspNetCore.Swagger.SwaggerMiddleware.Invoke(HttpContext httpContext, ISwaggerProvider swaggerProvider)
   at Microsoft.AspNetCore.Diagnostics.DeveloperExceptionPageMiddleware.Invoke(HttpContext context)

2024-05-10 11:56:56.586 +01:00  INF  Request finished HTTP/2 POST https://localhost:44318/api/Account/Register application/json 95 - 500 - text/plain;+charset=utf-8 1415.6821ms
2024-05-10 12:06:34.826 +01:00  INF  User profile is available. Using 'C:\Users\Oluwayanmife.ayeni\AppData\Local\ASP.NET\DataProtection-Keys' as key repository and Windows DPAPI to encrypt keys at rest.
2024-05-10 12:06:35.331 +01:00  INF  Request starting HTTP/2 GET https://localhost:44318/swagger/index.html - -
2024-05-10 12:06:35.357 +01:00  INF  Application started. Press Ctrl+C to shut down.
2024-05-10 12:06:35.357 +01:00  INF  Hosting environment: Development
2024-05-10 12:06:35.358 +01:00  INF  Content root path: C:\Users\Oluwayanmife.ayeni\OneDrive - United Capital Plc\Documents\ASP.NET\Authenticator\Authenticator\
2024-05-10 12:06:35.985 +01:00  INF  Request finished HTTP/2 GET https://localhost:44318/swagger/index.html - - - 200 - text/html;charset=utf-8 659.5553ms
2024-05-10 12:06:35.999 +01:00  INF  Request starting HTTP/2 GET https://localhost:44318/_framework/aspnetcore-browser-refresh.js - -
2024-05-10 12:06:36.017 +01:00  INF  Request finished HTTP/2 GET https://localhost:44318/_framework/aspnetcore-browser-refresh.js - - - 200 12358 application/javascript;+charset=utf-8 11.5599ms
2024-05-10 12:06:36.280 +01:00  INF  Request starting HTTP/2 GET https://localhost:44318/_vs/browserLink - -
2024-05-10 12:06:36.542 +01:00  INF  Request finished HTTP/2 GET https://localhost:44318/_vs/browserLink - - - 200 - text/javascript;+charset=UTF-8 262.2321ms
2024-05-10 12:06:36.820 +01:00  INF  Request starting HTTP/2 GET https://localhost:44318/swagger/v1/swagger.json - -
2024-05-10 12:06:37.169 +01:00  INF  Request finished HTTP/2 GET https://localhost:44318/swagger/v1/swagger.json - - - 200 - application/json;charset=utf-8 348.5783ms
2024-05-10 13:38:17.654 +01:00  INF  User profile is available. Using 'C:\Users\Oluwayanmife.ayeni\AppData\Local\ASP.NET\DataProtection-Keys' as key repository and Windows DPAPI to encrypt keys at rest.
2024-05-10 13:38:21.106 +01:00  INF  Application started. Press Ctrl+C to shut down.
2024-05-10 13:38:21.107 +01:00  INF  Hosting environment: Development
2024-05-10 13:38:21.108 +01:00  INF  Content root path: C:\Users\Oluwayanmife.ayeni\OneDrive - United Capital Plc\Documents\ASP.NET\Authenticator\Authenticator\
2024-05-10 13:38:21.194 +01:00  INF  Request starting HTTP/2 GET https://localhost:44318/swagger/index.html - -
2024-05-10 13:38:25.234 +01:00  INF  Request finished HTTP/2 GET https://localhost:44318/swagger/index.html - - - 200 - text/html;charset=utf-8 3834.2854ms
2024-05-10 13:38:26.020 +01:00  INF  Request starting HTTP/2 GET https://localhost:44318/_framework/aspnetcore-browser-refresh.js - -
2024-05-10 13:38:26.023 +01:00  INF  Request starting HTTP/2 GET https://localhost:44318/_vs/browserLink - -
2024-05-10 13:38:26.034 +01:00  INF  Request finished HTTP/2 GET https://localhost:44318/_framework/aspnetcore-browser-refresh.js - - - 200 12358 application/javascript;+charset=utf-8 13.7195ms
2024-05-10 13:38:26.533 +01:00  INF  Request finished HTTP/2 GET https://localhost:44318/_vs/browserLink - - - 200 - text/javascript;+charset=UTF-8 509.9705ms
2024-05-10 13:38:26.930 +01:00  INF  Request starting HTTP/2 GET https://localhost:44318/swagger/v1/swagger.json - -
2024-05-10 13:38:27.608 +01:00  INF  Request finished HTTP/2 GET https://localhost:44318/swagger/v1/swagger.json - - - 200 - application/json;charset=utf-8 677.5549ms
2024-05-10 13:38:57.376 +01:00  INF  Request starting HTTP/2 POST https://localhost:44318/api/Account/Register application/json 94
2024-05-10 13:38:57.555 +01:00  INF  Executing endpoint 'Authenticator.Controllers.AccountController.CreateAccount (Authenticator)'
2024-05-10 13:38:57.592 +01:00  INF  Route matched with {action = "CreateAccount", controller = "Account"}. Executing controller action with signature System.Threading.Tasks.Task`1[Microsoft.AspNetCore.Mvc.IActionResult] CreateAccount(Authenticator.DTO.Account.CreateAccountDTO) on controller Authenticator.Controllers.AccountController (Authenticator).
2024-05-10 13:38:58.812 +01:00  WRN  No store type was specified for the decimal property 'Div' on entity type 'Stocks'. This will cause values to be silently truncated if they do not fit in the default precision and scale. Explicitly specify the SQL server column type that can accommodate all the values in 'OnModelCreating' using 'HasColumnType', specify precision and scale using 'HasPrecision', or configure a value converter using 'HasConversion'.
2024-05-10 13:38:58.812 +01:00  WRN  No store type was specified for the decimal property 'Purchase' on entity type 'Stocks'. This will cause values to be silently truncated if they do not fit in the default precision and scale. Explicitly specify the SQL server column type that can accommodate all the values in 'OnModelCreating' using 'HasColumnType', specify precision and scale using 'HasPrecision', or configure a value converter using 'HasConversion'.
2024-05-10 13:38:59.014 +01:00  INF  Entity Framework Core 6.0.29 initialized 'ApplicationDbContext' using provider 'Microsoft.EntityFrameworkCore.SqlServer:6.0.29' with options: None
2024-05-10 13:39:00.853 +01:00  INF  Executed DbCommand (129ms) [Parameters=[@__create_EmailAddress_0='?' (Size = 4000), @__create_Username_1='?' (Size = 4000)], CommandType='"Text"', CommandTimeout='30']
SELECT CASE
    WHEN EXISTS (
        SELECT 1
        FROM [AccountsTable] AS [a]
        WHERE ([a].[EmailAddress] = @__create_EmailAddress_0) AND ([a].[Username] = @__create_Username_1)) THEN CAST(1 AS bit)
    ELSE CAST(0 AS bit)
END
2024-05-10 13:39:01.237 +01:00  INF  Executed DbCommand (55ms) [Parameters=[@p0='?' (Size = 4000), @p1='?' (Size = 8000) (DbType = Binary), @p2='?' (Size = 8000) (DbType = Binary), @p3='?' (Size = 4000)], CommandType='"Text"', CommandTimeout='30']
SET NOCOUNT ON;
INSERT INTO [AccountsTable] ([EmailAddress], [PasswordHash], [PasswordSalt], [Username])
VALUES (@p0, @p1, @p2, @p3);
SELECT [Id]
FROM [AccountsTable]
WHERE @@ROWCOUNT = 1 AND [Id] = scope_identity();
2024-05-10 13:39:01.336 +01:00  INF  Executing CreatedAtActionResult, writing value of type 'Authenticator.DTO.Account.AccountDTO'.
2024-05-10 13:39:01.372 +01:00  INF  Executed action Authenticator.Controllers.AccountController.CreateAccount (Authenticator) in 3774.5151ms
2024-05-10 13:39:01.374 +01:00  INF  Executed endpoint 'Authenticator.Controllers.AccountController.CreateAccount (Authenticator)'
2024-05-10 13:39:01.380 +01:00  INF  HTTP POST /api/Account/Register responded 201 in 3972.4855 ms
2024-05-10 13:39:01.391 +01:00  INF  Request finished HTTP/2 POST https://localhost:44318/api/Account/Register application/json 94 - 201 - application/json;+charset=utf-8 4015.4219ms
2024-05-10 13:39:29.345 +01:00  INF  Request starting HTTP/2 POST https://localhost:44318/api/Account/Login application/json 53
2024-05-10 13:39:29.360 +01:00  INF  Executing endpoint 'Authenticator.Controllers.AccountController.Login (Authenticator)'
2024-05-10 13:39:29.386 +01:00  INF  Route matched with {action = "Login", controller = "Account"}. Executing controller action with signature System.Threading.Tasks.Task`1[Microsoft.AspNetCore.Mvc.IActionResult] Login(Authenticator.DTO.Account.LoginDTO) on controller Authenticator.Controllers.AccountController (Authenticator).
2024-05-10 13:39:29.395 +01:00  INF  Entity Framework Core 6.0.29 initialized 'ApplicationDbContext' using provider 'Microsoft.EntityFrameworkCore.SqlServer:6.0.29' with options: None
2024-05-10 13:39:29.527 +01:00  INF  Executed DbCommand (8ms) [Parameters=[@__ToLower_0='?' (Size = 4000)], CommandType='"Text"', CommandTimeout='30']
SELECT TOP(1) [a].[Id], [a].[EmailAddress], [a].[PasswordHash], [a].[PasswordSalt], [a].[Username]
FROM [AccountsTable] AS [a]
WHERE LOWER([a].[Username]) = @__ToLower_0
2024-05-10 13:44:23.536 +01:00  INF  User profile is available. Using 'C:\Users\Oluwayanmife.ayeni\AppData\Local\ASP.NET\DataProtection-Keys' as key repository and Windows DPAPI to encrypt keys at rest.
2024-05-10 13:44:23.932 +01:00  INF  Request starting HTTP/2 GET https://localhost:44318/swagger/index.html - -
2024-05-10 13:44:23.967 +01:00  INF  Application started. Press Ctrl+C to shut down.
2024-05-10 13:44:23.968 +01:00  INF  Hosting environment: Development
2024-05-10 13:44:23.969 +01:00  INF  Content root path: C:\Users\Oluwayanmife.ayeni\OneDrive - United Capital Plc\Documents\ASP.NET\Authenticator\Authenticator\
2024-05-10 13:44:24.494 +01:00  INF  Request finished HTTP/2 GET https://localhost:44318/swagger/index.html - - - 200 - text/html;charset=utf-8 570.0259ms
2024-05-10 13:44:24.526 +01:00  INF  Request starting HTTP/2 GET https://localhost:44318/_framework/aspnetcore-browser-refresh.js - -
2024-05-10 13:44:24.547 +01:00  INF  Request finished HTTP/2 GET https://localhost:44318/_framework/aspnetcore-browser-refresh.js - - - 200 12358 application/javascript;+charset=utf-8 20.1703ms
2024-05-10 13:44:24.722 +01:00  INF  Request starting HTTP/2 GET https://localhost:44318/_vs/browserLink - -
2024-05-10 13:44:24.841 +01:00  INF  Request finished HTTP/2 GET https://localhost:44318/_vs/browserLink - - - 200 - text/javascript;+charset=UTF-8 119.1670ms
2024-05-10 13:44:25.104 +01:00  INF  Request starting HTTP/2 GET https://localhost:44318/swagger/v1/swagger.json - -
2024-05-10 13:44:25.439 +01:00  INF  Request finished HTTP/2 GET https://localhost:44318/swagger/v1/swagger.json - - - 200 - application/json;charset=utf-8 335.1342ms
2024-05-10 13:44:49.044 +01:00  INF  Request starting HTTP/2 POST https://localhost:44318/api/Account/Login application/json 53
2024-05-10 13:44:49.207 +01:00  INF  Executing endpoint 'Authenticator.Controllers.AccountController.Login (Authenticator)'
2024-05-10 13:44:49.239 +01:00  INF  Route matched with {action = "Login", controller = "Account"}. Executing controller action with signature System.Threading.Tasks.Task`1[Microsoft.AspNetCore.Mvc.IActionResult] Login(Authenticator.DTO.Account.LoginDTO) on controller Authenticator.Controllers.AccountController (Authenticator).
2024-05-10 13:44:50.405 +01:00  WRN  No store type was specified for the decimal property 'Div' on entity type 'Stocks'. This will cause values to be silently truncated if they do not fit in the default precision and scale. Explicitly specify the SQL server column type that can accommodate all the values in 'OnModelCreating' using 'HasColumnType', specify precision and scale using 'HasPrecision', or configure a value converter using 'HasConversion'.
2024-05-10 13:44:50.405 +01:00  WRN  No store type was specified for the decimal property 'Purchase' on entity type 'Stocks'. This will cause values to be silently truncated if they do not fit in the default precision and scale. Explicitly specify the SQL server column type that can accommodate all the values in 'OnModelCreating' using 'HasColumnType', specify precision and scale using 'HasPrecision', or configure a value converter using 'HasConversion'.
2024-05-10 13:44:50.614 +01:00  INF  Entity Framework Core 6.0.29 initialized 'ApplicationDbContext' using provider 'Microsoft.EntityFrameworkCore.SqlServer:6.0.29' with options: None
2024-05-10 13:44:52.508 +01:00  INF  Executed DbCommand (415ms) [Parameters=[@__ToLower_0='?' (Size = 4000)], CommandType='"Text"', CommandTimeout='30']
SELECT TOP(1) [a].[Id], [a].[EmailAddress], [a].[PasswordHash], [a].[PasswordSalt], [a].[Username]
FROM [AccountsTable] AS [a]
WHERE LOWER([a].[Username]) = @__ToLower_0
2024-05-10 13:44:52.968 +01:00  INF  Executing ObjectResult, writing value of type 'System.Collections.Generic.List`1[[System.String, System.Private.CoreLib, Version=6.0.0.0, Culture=neutral, PublicKeyToken=7cec85d7bea7798e]]'.
2024-05-10 13:44:52.980 +01:00  INF  Executed action Authenticator.Controllers.AccountController.Login (Authenticator) in 3733.5044ms
2024-05-10 13:44:52.982 +01:00  INF  Executed endpoint 'Authenticator.Controllers.AccountController.Login (Authenticator)'
2024-05-10 13:44:52.987 +01:00  INF  HTTP POST /api/Account/Login responded 200 in 3913.4681 ms
2024-05-10 13:44:53.017 +01:00  INF  Request finished HTTP/2 POST https://localhost:44318/api/Account/Login application/json 53 - 200 - application/json;+charset=utf-8 3973.1563ms
2024-05-10 13:45:06.039 +01:00  INF  Request starting HTTP/2 POST https://localhost:44318/api/Account/Login application/json 52
2024-05-10 13:45:06.044 +01:00  INF  Executing endpoint 'Authenticator.Controllers.AccountController.Login (Authenticator)'
2024-05-10 13:45:06.044 +01:00  INF  Route matched with {action = "Login", controller = "Account"}. Executing controller action with signature System.Threading.Tasks.Task`1[Microsoft.AspNetCore.Mvc.IActionResult] Login(Authenticator.DTO.Account.LoginDTO) on controller Authenticator.Controllers.AccountController (Authenticator).
2024-05-10 13:45:06.048 +01:00  INF  Executing BadRequestObjectResult, writing value of type 'Microsoft.AspNetCore.Mvc.ValidationProblemDetails'.
2024-05-10 13:45:06.051 +01:00  INF  Executed action Authenticator.Controllers.AccountController.Login (Authenticator) in 7.3513ms
2024-05-10 13:45:06.052 +01:00  INF  Executed endpoint 'Authenticator.Controllers.AccountController.Login (Authenticator)'
2024-05-10 13:45:06.052 +01:00  INF  HTTP POST /api/Account/Login responded 400 in 8.9372 ms
2024-05-10 13:45:06.054 +01:00  INF  Request finished HTTP/2 POST https://localhost:44318/api/Account/Login application/json 52 - 400 - application/problem+json;+charset=utf-8 14.7283ms
2024-05-10 13:45:08.071 +01:00  INF  Request starting HTTP/2 POST https://localhost:44318/api/Account/Login application/json 52
2024-05-10 13:45:08.073 +01:00  INF  Executing endpoint 'Authenticator.Controllers.AccountController.Login (Authenticator)'
2024-05-10 13:45:08.074 +01:00  INF  Route matched with {action = "Login", controller = "Account"}. Executing controller action with signature System.Threading.Tasks.Task`1[Microsoft.AspNetCore.Mvc.IActionResult] Login(Authenticator.DTO.Account.LoginDTO) on controller Authenticator.Controllers.AccountController (Authenticator).
2024-05-10 13:45:08.078 +01:00  INF  Executing BadRequestObjectResult, writing value of type 'Microsoft.AspNetCore.Mvc.ValidationProblemDetails'.
2024-05-10 13:45:08.078 +01:00  INF  Executed action Authenticator.Controllers.AccountController.Login (Authenticator) in 4.5976ms
2024-05-10 13:45:08.079 +01:00  INF  Executed endpoint 'Authenticator.Controllers.AccountController.Login (Authenticator)'
2024-05-10 13:45:08.079 +01:00  INF  HTTP POST /api/Account/Login responded 400 in 7.4109 ms
2024-05-10 13:45:08.079 +01:00  INF  Request finished HTTP/2 POST https://localhost:44318/api/Account/Login application/json 52 - 400 - application/problem+json;+charset=utf-8 7.8558ms
2024-05-10 13:45:19.041 +01:00  INF  Request starting HTTP/2 POST https://localhost:44318/api/Account/Login application/json 54
2024-05-10 13:45:19.041 +01:00  INF  Executing endpoint 'Authenticator.Controllers.AccountController.Login (Authenticator)'
2024-05-10 13:45:19.041 +01:00  INF  Route matched with {action = "Login", controller = "Account"}. Executing controller action with signature System.Threading.Tasks.Task`1[Microsoft.AspNetCore.Mvc.IActionResult] Login(Authenticator.DTO.Account.LoginDTO) on controller Authenticator.Controllers.AccountController (Authenticator).
2024-05-10 13:45:19.044 +01:00  INF  Entity Framework Core 6.0.29 initialized 'ApplicationDbContext' using provider 'Microsoft.EntityFrameworkCore.SqlServer:6.0.29' with options: None
2024-05-10 13:45:19.068 +01:00  INF  Executed DbCommand (11ms) [Parameters=[@__ToLower_0='?' (Size = 4000)], CommandType='"Text"', CommandTimeout='30']
SELECT TOP(1) [a].[Id], [a].[EmailAddress], [a].[PasswordHash], [a].[PasswordSalt], [a].[Username]
FROM [AccountsTable] AS [a]
WHERE LOWER([a].[Username]) = @__ToLower_0
2024-05-10 13:45:19.069 +01:00  INF  Executing ObjectResult, writing value of type 'System.Collections.Generic.List`1[[System.String, System.Private.CoreLib, Version=6.0.0.0, Culture=neutral, PublicKeyToken=7cec85d7bea7798e]]'.
2024-05-10 13:45:19.069 +01:00  INF  Executed action Authenticator.Controllers.AccountController.Login (Authenticator) in 27.6926ms
2024-05-10 13:45:19.069 +01:00  INF  Executed endpoint 'Authenticator.Controllers.AccountController.Login (Authenticator)'
2024-05-10 13:45:19.069 +01:00  INF  HTTP POST /api/Account/Login responded 401 in 28.2653 ms
2024-05-10 13:45:19.069 +01:00  INF  Request finished HTTP/2 POST https://localhost:44318/api/Account/Login application/json 54 - 401 - application/json;+charset=utf-8 28.8944ms
2024-05-10 14:55:37.734 +01:00  INF  User profile is available. Using 'C:\Users\Oluwayanmife.ayeni\AppData\Local\ASP.NET\DataProtection-Keys' as key repository and Windows DPAPI to encrypt keys at rest.
2024-05-10 14:55:39.380 +01:00  INF  Request starting HTTP/2 GET https://localhost:44318/swagger/index.html - -
2024-05-10 14:55:39.681 +01:00  INF  Application started. Press Ctrl+C to shut down.
2024-05-10 14:55:39.682 +01:00  INF  Hosting environment: Development
2024-05-10 14:55:39.683 +01:00  INF  Content root path: C:\Users\Oluwayanmife.ayeni\OneDrive - United Capital Plc\Documents\ASP.NET\Authenticator\Authenticator\
2024-05-10 14:55:41.652 +01:00  INF  Request finished HTTP/2 GET https://localhost:44318/swagger/index.html - - - 200 - text/html;charset=utf-8 2297.2325ms
2024-05-10 14:55:42.296 +01:00  INF  Request starting HTTP/2 GET https://localhost:44318/_framework/aspnetcore-browser-refresh.js - -
2024-05-10 14:55:42.330 +01:00  INF  Request finished HTTP/2 GET https://localhost:44318/_framework/aspnetcore-browser-refresh.js - - - 200 12358 application/javascript;+charset=utf-8 34.3360ms
2024-05-10 14:55:42.887 +01:00  INF  Request starting HTTP/2 GET https://localhost:44318/_vs/browserLink - -
2024-05-10 14:55:43.107 +01:00  INF  Request finished HTTP/2 GET https://localhost:44318/_vs/browserLink - - - 200 - text/javascript;+charset=UTF-8 219.9596ms
2024-05-10 14:55:43.586 +01:00  INF  Request starting HTTP/2 GET https://localhost:44318/swagger/v1/swagger.json - -
2024-05-10 14:55:44.070 +01:00  INF  Request finished HTTP/2 GET https://localhost:44318/swagger/v1/swagger.json - - - 200 - application/json;charset=utf-8 484.8368ms
2024-05-10 14:56:15.732 +01:00  INF  Request starting HTTP/2 DELETE https://localhost:44318/api/Account/Delete Users application/json 53
2024-05-10 14:56:16.208 +01:00  INF  Executing endpoint 'Authenticator.Controllers.AccountController.Delete (Authenticator)'
2024-05-10 14:56:16.336 +01:00  INF  Route matched with {action = "Delete", controller = "Account"}. Executing controller action with signature System.Threading.Tasks.Task`1[Microsoft.AspNetCore.Mvc.IActionResult] Delete(Authenticator.DTO.Account.LoginDTO) on controller Authenticator.Controllers.AccountController (Authenticator).
2024-05-10 14:56:20.960 +01:00  WRN  No store type was specified for the decimal property 'Div' on entity type 'Stocks'. This will cause values to be silently truncated if they do not fit in the default precision and scale. Explicitly specify the SQL server column type that can accommodate all the values in 'OnModelCreating' using 'HasColumnType', specify precision and scale using 'HasPrecision', or configure a value converter using 'HasConversion'.
2024-05-10 14:56:20.960 +01:00  WRN  No store type was specified for the decimal property 'Purchase' on entity type 'Stocks'. This will cause values to be silently truncated if they do not fit in the default precision and scale. Explicitly specify the SQL server column type that can accommodate all the values in 'OnModelCreating' using 'HasColumnType', specify precision and scale using 'HasPrecision', or configure a value converter using 'HasConversion'.
2024-05-10 14:56:21.961 +01:00  INF  Entity Framework Core 6.0.29 initialized 'ApplicationDbContext' using provider 'Microsoft.EntityFrameworkCore.SqlServer:6.0.29' with options: None
2024-05-10 14:56:28.463 +01:00  INF  Executed DbCommand (443ms) [Parameters=[@__ToLower_0='?' (Size = 4000)], CommandType='"Text"', CommandTimeout='30']
SELECT TOP(1) [a].[Id], [a].[EmailAddress], [a].[PasswordHash], [a].[PasswordSalt], [a].[Username]
FROM [AccountsTable] AS [a]
WHERE LOWER([a].[Username]) = @__ToLower_0
2024-05-10 14:56:29.695 +01:00  INF  Executed DbCommand (80ms) [Parameters=[@p0='?' (DbType = Int32)], CommandType='"Text"', CommandTimeout='30']
SET NOCOUNT ON;
DELETE FROM [AccountsTable]
WHERE [Id] = @p0;
SELECT @@ROWCOUNT;
2024-05-10 14:56:29.867 +01:00  INF  Executing ObjectResult, writing value of type 'System.Collections.Generic.List`1[[System.String, System.Private.CoreLib, Version=6.0.0.0, Culture=neutral, PublicKeyToken=7cec85d7bea7798e]]'.
2024-05-10 14:56:29.904 +01:00  INF  Executed action Authenticator.Controllers.AccountController.Delete (Authenticator) in 13537.8562ms
2024-05-10 14:56:29.913 +01:00  INF  Executed endpoint 'Authenticator.Controllers.AccountController.Delete (Authenticator)'
2024-05-10 14:56:29.942 +01:00  INF  HTTP DELETE /api/Account/Delete Users responded 200 in 14142.2184 ms
2024-05-10 14:56:30.009 +01:00  INF  Request finished HTTP/2 DELETE https://localhost:44318/api/Account/Delete Users application/json 53 - 200 - application/json;+charset=utf-8 14276.5898ms
2024-05-10 14:57:46.338 +01:00  INF  Request starting HTTP/2 DELETE https://localhost:44318/api/Account/Delete Users application/json 53
2024-05-10 14:57:46.383 +01:00  INF  Executing endpoint 'Authenticator.Controllers.AccountController.Delete (Authenticator)'
2024-05-10 14:57:46.397 +01:00  INF  Route matched with {action = "Delete", controller = "Account"}. Executing controller action with signature System.Threading.Tasks.Task`1[Microsoft.AspNetCore.Mvc.IActionResult] Delete(Authenticator.DTO.Account.LoginDTO) on controller Authenticator.Controllers.AccountController (Authenticator).
2024-05-10 14:57:46.441 +01:00  INF  Entity Framework Core 6.0.29 initialized 'ApplicationDbContext' using provider 'Microsoft.EntityFrameworkCore.SqlServer:6.0.29' with options: None
2024-05-10 14:57:46.465 +01:00  INF  Executed DbCommand (15ms) [Parameters=[@__ToLower_0='?' (Size = 4000)], CommandType='"Text"', CommandTimeout='30']
SELECT TOP(1) [a].[Id], [a].[EmailAddress], [a].[PasswordHash], [a].[PasswordSalt], [a].[Username]
FROM [AccountsTable] AS [a]
WHERE LOWER([a].[Username]) = @__ToLower_0
2024-05-10 14:57:47.079 +01:00  INF  Executed action Authenticator.Controllers.AccountController.Delete (Authenticator) in 680.6553ms
2024-05-10 14:57:47.083 +01:00  INF  Executed endpoint 'Authenticator.Controllers.AccountController.Delete (Authenticator)'
2024-05-10 14:57:47.095 +01:00  ERR  HTTP DELETE /api/Account/Delete Users responded 500 in 736.7396 msSystem.ArgumentNullException: Value cannot be null. (Parameter 'entity')
   at Microsoft.EntityFrameworkCore.Utilities.Check.NotNull[T](T value, String parameterName)
   at Microsoft.EntityFrameworkCore.Internal.InternalDbSet`1.Remove(TEntity entity)
   at Authenticator.Controllers.AccountController.Delete(LoginDTO login) in C:\Users\Oluwayanmife.ayeni\OneDrive - United Capital Plc\Documents\ASP.NET\Authenticator\Authenticator\Controllers\AccountController.cs:line 95
   at Microsoft.AspNetCore.Mvc.Infrastructure.ActionMethodExecutor.TaskOfIActionResultExecutor.Execute(IActionResultTypeMapper mapper, ObjectMethodExecutor executor, Object controller, Object[] arguments)
   at Microsoft.AspNetCore.Mvc.Infrastructure.ControllerActionInvoker.<InvokeActionMethodAsync>g__Awaited|12_0(ControllerActionInvoker invoker, ValueTask`1 actionResultValueTask)
   at Microsoft.AspNetCore.Mvc.Infrastructure.ControllerActionInvoker.<InvokeNextActionFilterAsync>g__Awaited|10_0(ControllerActionInvoker invoker, Task lastTask, State next, Scope scope, Object state, Boolean isCompleted)
   at Microsoft.AspNetCore.Mvc.Infrastructure.ControllerActionInvoker.Rethrow(ActionExecutedContextSealed context)
   at Microsoft.AspNetCore.Mvc.Infrastructure.ControllerActionInvoker.Next(State& next, Scope& scope, Object& state, Boolean& isCompleted)
   at Microsoft.AspNetCore.Mvc.Infrastructure.ControllerActionInvoker.<InvokeInnerFilterAsync>g__Awaited|13_0(ControllerActionInvoker invoker, Task lastTask, State next, Scope scope, Object state, Boolean isCompleted)
   at Microsoft.AspNetCore.Mvc.Infrastructure.ResourceInvoker.<InvokeFilterPipelineAsync>g__Awaited|20_0(ResourceInvoker invoker, Task lastTask, State next, Scope scope, Object state, Boolean isCompleted)
   at Microsoft.AspNetCore.Mvc.Infrastructure.ResourceInvoker.<InvokeAsync>g__Logged|17_1(ResourceInvoker invoker)
   at Microsoft.AspNetCore.Mvc.Infrastructure.ResourceInvoker.<InvokeAsync>g__Logged|17_1(ResourceInvoker invoker)
   at Microsoft.AspNetCore.Routing.EndpointMiddleware.<Invoke>g__AwaitRequestTask|6_0(Endpoint endpoint, Task requestTask, ILogger logger)
   at Microsoft.AspNetCore.Authorization.AuthorizationMiddleware.Invoke(HttpContext context)
   at Microsoft.AspNetCore.Authentication.AuthenticationMiddleware.Invoke(HttpContext context)
   at Serilog.AspNetCore.RequestLoggingMiddleware.Invoke(HttpContext httpContext)

2024-05-10 14:57:47.349 +01:00  ERR  An unhandled exception has occurred while executing the request.System.ArgumentNullException: Value cannot be null. (Parameter 'entity')
   at Microsoft.EntityFrameworkCore.Utilities.Check.NotNull[T](T value, String parameterName)
   at Microsoft.EntityFrameworkCore.Internal.InternalDbSet`1.Remove(TEntity entity)
   at Authenticator.Controllers.AccountController.Delete(LoginDTO login) in C:\Users\Oluwayanmife.ayeni\OneDrive - United Capital Plc\Documents\ASP.NET\Authenticator\Authenticator\Controllers\AccountController.cs:line 95
   at Microsoft.AspNetCore.Mvc.Infrastructure.ActionMethodExecutor.TaskOfIActionResultExecutor.Execute(IActionResultTypeMapper mapper, ObjectMethodExecutor executor, Object controller, Object[] arguments)
   at Microsoft.AspNetCore.Mvc.Infrastructure.ControllerActionInvoker.<InvokeActionMethodAsync>g__Awaited|12_0(ControllerActionInvoker invoker, ValueTask`1 actionResultValueTask)
   at Microsoft.AspNetCore.Mvc.Infrastructure.ControllerActionInvoker.<InvokeNextActionFilterAsync>g__Awaited|10_0(ControllerActionInvoker invoker, Task lastTask, State next, Scope scope, Object state, Boolean isCompleted)
   at Microsoft.AspNetCore.Mvc.Infrastructure.ControllerActionInvoker.Rethrow(ActionExecutedContextSealed context)
   at Microsoft.AspNetCore.Mvc.Infrastructure.ControllerActionInvoker.Next(State& next, Scope& scope, Object& state, Boolean& isCompleted)
   at Microsoft.AspNetCore.Mvc.Infrastructure.ControllerActionInvoker.<InvokeInnerFilterAsync>g__Awaited|13_0(ControllerActionInvoker invoker, Task lastTask, State next, Scope scope, Object state, Boolean isCompleted)
   at Microsoft.AspNetCore.Mvc.Infrastructure.ResourceInvoker.<InvokeFilterPipelineAsync>g__Awaited|20_0(ResourceInvoker invoker, Task lastTask, State next, Scope scope, Object state, Boolean isCompleted)
   at Microsoft.AspNetCore.Mvc.Infrastructure.ResourceInvoker.<InvokeAsync>g__Logged|17_1(ResourceInvoker invoker)
   at Microsoft.AspNetCore.Mvc.Infrastructure.ResourceInvoker.<InvokeAsync>g__Logged|17_1(ResourceInvoker invoker)
   at Microsoft.AspNetCore.Routing.EndpointMiddleware.<Invoke>g__AwaitRequestTask|6_0(Endpoint endpoint, Task requestTask, ILogger logger)
   at Microsoft.AspNetCore.Authorization.AuthorizationMiddleware.Invoke(HttpContext context)
   at Microsoft.AspNetCore.Authentication.AuthenticationMiddleware.Invoke(HttpContext context)
   at Serilog.AspNetCore.RequestLoggingMiddleware.Invoke(HttpContext httpContext)
   at Swashbuckle.AspNetCore.SwaggerUI.SwaggerUIMiddleware.Invoke(HttpContext httpContext)
   at Swashbuckle.AspNetCore.Swagger.SwaggerMiddleware.Invoke(HttpContext httpContext, ISwaggerProvider swaggerProvider)
   at Microsoft.AspNetCore.Diagnostics.DeveloperExceptionPageMiddleware.Invoke(HttpContext context)

2024-05-10 14:57:47.387 +01:00  INF  Request finished HTTP/2 DELETE https://localhost:44318/api/Account/Delete Users application/json 53 - 500 - text/plain;+charset=utf-8 1049.0746ms
2024-05-10 14:57:58.044 +01:00  INF  Request starting HTTP/2 DELETE https://localhost:44318/api/Account/Delete Users application/json 53
2024-05-10 14:57:58.049 +01:00  INF  Executing endpoint 'Authenticator.Controllers.AccountController.Delete (Authenticator)'
2024-05-10 14:57:58.050 +01:00  INF  Route matched with {action = "Delete", controller = "Account"}. Executing controller action with signature System.Threading.Tasks.Task`1[Microsoft.AspNetCore.Mvc.IActionResult] Delete(Authenticator.DTO.Account.LoginDTO) on controller Authenticator.Controllers.AccountController (Authenticator).
2024-05-10 14:57:58.281 +01:00  INF  Entity Framework Core 6.0.29 initialized 'ApplicationDbContext' using provider 'Microsoft.EntityFrameworkCore.SqlServer:6.0.29' with options: None
2024-05-10 14:57:58.298 +01:00  INF  Executed DbCommand (12ms) [Parameters=[@__ToLower_0='?' (Size = 4000)], CommandType='"Text"', CommandTimeout='30']
SELECT TOP(1) [a].[Id], [a].[EmailAddress], [a].[PasswordHash], [a].[PasswordSalt], [a].[Username]
FROM [AccountsTable] AS [a]
WHERE LOWER([a].[Username]) = @__ToLower_0
2024-05-10 14:57:58.497 +01:00  INF  Executed action Authenticator.Controllers.AccountController.Delete (Authenticator) in 447.5534ms
2024-05-10 14:57:58.498 +01:00  INF  Executed endpoint 'Authenticator.Controllers.AccountController.Delete (Authenticator)'
2024-05-10 14:57:58.500 +01:00  ERR  HTTP DELETE /api/Account/Delete Users responded 500 in 454.8343 msSystem.ArgumentNullException: Value cannot be null. (Parameter 'entity')
   at Microsoft.EntityFrameworkCore.Utilities.Check.NotNull[T](T value, String parameterName)
   at Microsoft.EntityFrameworkCore.Internal.InternalDbSet`1.Remove(TEntity entity)
   at Authenticator.Controllers.AccountController.Delete(LoginDTO login) in C:\Users\Oluwayanmife.ayeni\OneDrive - United Capital Plc\Documents\ASP.NET\Authenticator\Authenticator\Controllers\AccountController.cs:line 95
   at Microsoft.AspNetCore.Mvc.Infrastructure.ActionMethodExecutor.TaskOfIActionResultExecutor.Execute(IActionResultTypeMapper mapper, ObjectMethodExecutor executor, Object controller, Object[] arguments)
   at Microsoft.AspNetCore.Mvc.Infrastructure.ControllerActionInvoker.<InvokeActionMethodAsync>g__Awaited|12_0(ControllerActionInvoker invoker, ValueTask`1 actionResultValueTask)
   at Microsoft.AspNetCore.Mvc.Infrastructure.ControllerActionInvoker.<InvokeNextActionFilterAsync>g__Awaited|10_0(ControllerActionInvoker invoker, Task lastTask, State next, Scope scope, Object state, Boolean isCompleted)
   at Microsoft.AspNetCore.Mvc.Infrastructure.ControllerActionInvoker.Rethrow(ActionExecutedContextSealed context)
   at Microsoft.AspNetCore.Mvc.Infrastructure.ControllerActionInvoker.Next(State& next, Scope& scope, Object& state, Boolean& isCompleted)
   at Microsoft.AspNetCore.Mvc.Infrastructure.ControllerActionInvoker.<InvokeInnerFilterAsync>g__Awaited|13_0(ControllerActionInvoker invoker, Task lastTask, State next, Scope scope, Object state, Boolean isCompleted)
   at Microsoft.AspNetCore.Mvc.Infrastructure.ResourceInvoker.<InvokeFilterPipelineAsync>g__Awaited|20_0(ResourceInvoker invoker, Task lastTask, State next, Scope scope, Object state, Boolean isCompleted)
   at Microsoft.AspNetCore.Mvc.Infrastructure.ResourceInvoker.<InvokeAsync>g__Logged|17_1(ResourceInvoker invoker)
   at Microsoft.AspNetCore.Mvc.Infrastructure.ResourceInvoker.<InvokeAsync>g__Logged|17_1(ResourceInvoker invoker)
   at Microsoft.AspNetCore.Routing.EndpointMiddleware.<Invoke>g__AwaitRequestTask|6_0(Endpoint endpoint, Task requestTask, ILogger logger)
   at Microsoft.AspNetCore.Authorization.AuthorizationMiddleware.Invoke(HttpContext context)
   at Microsoft.AspNetCore.Authentication.AuthenticationMiddleware.Invoke(HttpContext context)
   at Serilog.AspNetCore.RequestLoggingMiddleware.Invoke(HttpContext httpContext)

2024-05-10 14:57:58.504 +01:00  ERR  An unhandled exception has occurred while executing the request.System.ArgumentNullException: Value cannot be null. (Parameter 'entity')
   at Microsoft.EntityFrameworkCore.Utilities.Check.NotNull[T](T value, String parameterName)
   at Microsoft.EntityFrameworkCore.Internal.InternalDbSet`1.Remove(TEntity entity)
   at Authenticator.Controllers.AccountController.Delete(LoginDTO login) in C:\Users\Oluwayanmife.ayeni\OneDrive - United Capital Plc\Documents\ASP.NET\Authenticator\Authenticator\Controllers\AccountController.cs:line 95
   at Microsoft.AspNetCore.Mvc.Infrastructure.ActionMethodExecutor.TaskOfIActionResultExecutor.Execute(IActionResultTypeMapper mapper, ObjectMethodExecutor executor, Object controller, Object[] arguments)
   at Microsoft.AspNetCore.Mvc.Infrastructure.ControllerActionInvoker.<InvokeActionMethodAsync>g__Awaited|12_0(ControllerActionInvoker invoker, ValueTask`1 actionResultValueTask)
   at Microsoft.AspNetCore.Mvc.Infrastructure.ControllerActionInvoker.<InvokeNextActionFilterAsync>g__Awaited|10_0(ControllerActionInvoker invoker, Task lastTask, State next, Scope scope, Object state, Boolean isCompleted)
   at Microsoft.AspNetCore.Mvc.Infrastructure.ControllerActionInvoker.Rethrow(ActionExecutedContextSealed context)
   at Microsoft.AspNetCore.Mvc.Infrastructure.ControllerActionInvoker.Next(State& next, Scope& scope, Object& state, Boolean& isCompleted)
   at Microsoft.AspNetCore.Mvc.Infrastructure.ControllerActionInvoker.<InvokeInnerFilterAsync>g__Awaited|13_0(ControllerActionInvoker invoker, Task lastTask, State next, Scope scope, Object state, Boolean isCompleted)
   at Microsoft.AspNetCore.Mvc.Infrastructure.ResourceInvoker.<InvokeFilterPipelineAsync>g__Awaited|20_0(ResourceInvoker invoker, Task lastTask, State next, Scope scope, Object state, Boolean isCompleted)
   at Microsoft.AspNetCore.Mvc.Infrastructure.ResourceInvoker.<InvokeAsync>g__Logged|17_1(ResourceInvoker invoker)
   at Microsoft.AspNetCore.Mvc.Infrastructure.ResourceInvoker.<InvokeAsync>g__Logged|17_1(ResourceInvoker invoker)
   at Microsoft.AspNetCore.Routing.EndpointMiddleware.<Invoke>g__AwaitRequestTask|6_0(Endpoint endpoint, Task requestTask, ILogger logger)
   at Microsoft.AspNetCore.Authorization.AuthorizationMiddleware.Invoke(HttpContext context)
   at Microsoft.AspNetCore.Authentication.AuthenticationMiddleware.Invoke(HttpContext context)
   at Serilog.AspNetCore.RequestLoggingMiddleware.Invoke(HttpContext httpContext)
   at Swashbuckle.AspNetCore.SwaggerUI.SwaggerUIMiddleware.Invoke(HttpContext httpContext)
   at Swashbuckle.AspNetCore.Swagger.SwaggerMiddleware.Invoke(HttpContext httpContext, ISwaggerProvider swaggerProvider)
   at Microsoft.AspNetCore.Diagnostics.DeveloperExceptionPageMiddleware.Invoke(HttpContext context)

2024-05-10 14:57:58.508 +01:00  INF  Request finished HTTP/2 DELETE https://localhost:44318/api/Account/Delete Users application/json 53 - 500 - text/plain;+charset=utf-8 463.3263ms
2024-05-10 17:04:49.029 +01:00  INF  User profile is available. Using 'C:\Users\Oluwayanmife.ayeni\AppData\Local\ASP.NET\DataProtection-Keys' as key repository and Windows DPAPI to encrypt keys at rest.
2024-05-10 17:04:49.963 +01:00  INF  Application started. Press Ctrl+C to shut down.
2024-05-10 17:04:49.964 +01:00  INF  Hosting environment: Development
2024-05-10 17:04:49.965 +01:00  INF  Content root path: C:\Users\Oluwayanmife.ayeni\OneDrive - United Capital Plc\Documents\ASP.NET\Authenticator\Authenticator\
2024-05-10 17:04:49.998 +01:00  INF  Request starting HTTP/2 GET https://localhost:44318/swagger/index.html - -
2024-05-10 17:04:51.017 +01:00  INF  Request finished HTTP/2 GET https://localhost:44318/swagger/index.html - - - 200 - text/html;charset=utf-8 1028.6224ms
2024-05-10 17:04:51.461 +01:00  INF  Request starting HTTP/2 GET https://localhost:44318/_framework/aspnetcore-browser-refresh.js - -
2024-05-10 17:04:51.461 +01:00  INF  Request starting HTTP/2 GET https://localhost:44318/_vs/browserLink - -
2024-05-10 17:04:51.479 +01:00  INF  Request finished HTTP/2 GET https://localhost:44318/_framework/aspnetcore-browser-refresh.js - - - 200 12358 application/javascript;+charset=utf-8 10.3962ms
2024-05-10 17:04:51.734 +01:00  INF  Request finished HTTP/2 GET https://localhost:44318/_vs/browserLink - - - 200 - text/javascript;+charset=UTF-8 273.3865ms
2024-05-10 17:04:52.321 +01:00  INF  Request starting HTTP/2 GET https://localhost:44318/swagger/v1/swagger.json - -
2024-05-10 17:04:52.677 +01:00  INF  Request finished HTTP/2 GET https://localhost:44318/swagger/v1/swagger.json - - - 200 - application/json;charset=utf-8 355.7986ms
2024-05-10 17:06:27.585 +01:00  INF  Request starting HTTP/2 POST https://localhost:44318/api/Account/Register application/json 95
2024-05-10 17:06:28.156 +01:00  INF  Executing endpoint 'Authenticator.Controllers.AccountController.CreateAccount (Authenticator)'
2024-05-10 17:06:28.212 +01:00  INF  Route matched with {action = "CreateAccount", controller = "Account"}. Executing controller action with signature System.Threading.Tasks.Task`1[Microsoft.AspNetCore.Mvc.IActionResult] CreateAccount(Authenticator.DTO.Account.CreateAccountDTO) on controller Authenticator.Controllers.AccountController (Authenticator).
2024-05-10 17:06:30.074 +01:00  WRN  No store type was specified for the decimal property 'Div' on entity type 'Stocks'. This will cause values to be silently truncated if they do not fit in the default precision and scale. Explicitly specify the SQL server column type that can accommodate all the values in 'OnModelCreating' using 'HasColumnType', specify precision and scale using 'HasPrecision', or configure a value converter using 'HasConversion'.
2024-05-10 17:06:30.075 +01:00  WRN  No store type was specified for the decimal property 'Purchase' on entity type 'Stocks'. This will cause values to be silently truncated if they do not fit in the default precision and scale. Explicitly specify the SQL server column type that can accommodate all the values in 'OnModelCreating' using 'HasColumnType', specify precision and scale using 'HasPrecision', or configure a value converter using 'HasConversion'.
2024-05-10 17:06:30.558 +01:00  INF  Entity Framework Core 6.0.29 initialized 'ApplicationDbContext' using provider 'Microsoft.EntityFrameworkCore.SqlServer:6.0.29' with options: None
2024-05-10 17:06:32.487 +01:00  INF  Executed DbCommand (132ms) [Parameters=[@__create_EmailAddress_0='?' (Size = 4000), @__create_Username_1='?' (Size = 4000)], CommandType='"Text"', CommandTimeout='30']
SELECT CASE
    WHEN EXISTS (
        SELECT 1
        FROM [AccountsTable] AS [a]
        WHERE ([a].[EmailAddress] = @__create_EmailAddress_0) AND ([a].[Username] = @__create_Username_1)) THEN CAST(1 AS bit)
    ELSE CAST(0 AS bit)
END
2024-05-10 17:06:33.096 +01:00  INF  Executed DbCommand (69ms) [Parameters=[@p0='?' (Size = 4000), @p1='?' (Size = 8000) (DbType = Binary), @p2='?' (Size = 8000) (DbType = Binary), @p3='?' (Size = 4000)], CommandType='"Text"', CommandTimeout='30']
SET NOCOUNT ON;
INSERT INTO [AccountsTable] ([EmailAddress], [PasswordHash], [PasswordSalt], [Username])
VALUES (@p0, @p1, @p2, @p3);
SELECT [Id]
FROM [AccountsTable]
WHERE @@ROWCOUNT = 1 AND [Id] = scope_identity();
2024-05-10 17:06:33.247 +01:00  INF  Executing CreatedAtActionResult, writing value of type 'Authenticator.DTO.Account.AccountDTO'.
2024-05-10 17:06:33.312 +01:00  INF  Executed action Authenticator.Controllers.AccountController.CreateAccount (Authenticator) in 5089.1139ms
2024-05-10 17:06:33.314 +01:00  INF  Executed endpoint 'Authenticator.Controllers.AccountController.CreateAccount (Authenticator)'
2024-05-10 17:06:33.324 +01:00  INF  HTTP POST /api/Account/Register responded 201 in 5706.1653 ms
2024-05-10 17:06:33.343 +01:00  INF  Request finished HTTP/2 POST https://localhost:44318/api/Account/Register application/json 95 - 201 - application/json;+charset=utf-8 5758.4691ms
2024-05-10 17:07:00.076 +01:00  INF  Request starting HTTP/2 POST https://localhost:44318/api/Account/Login application/json 53
2024-05-10 17:07:00.105 +01:00  INF  Executing endpoint 'Authenticator.Controllers.AccountController.Login (Authenticator)'
2024-05-10 17:07:00.133 +01:00  INF  Route matched with {action = "Login", controller = "Account"}. Executing controller action with signature System.Threading.Tasks.Task`1[Microsoft.AspNetCore.Mvc.IActionResult] Login(Authenticator.DTO.Account.LoginDTO) on controller Authenticator.Controllers.AccountController (Authenticator).
2024-05-10 17:07:00.143 +01:00  INF  Entity Framework Core 6.0.29 initialized 'ApplicationDbContext' using provider 'Microsoft.EntityFrameworkCore.SqlServer:6.0.29' with options: None
2024-05-10 17:07:00.305 +01:00  INF  Executed DbCommand (16ms) [Parameters=[@__ToLower_0='?' (Size = 4000)], CommandType='"Text"', CommandTimeout='30']
SELECT TOP(1) [a].[Id], [a].[EmailAddress], [a].[PasswordHash], [a].[PasswordSalt], [a].[Username]
FROM [AccountsTable] AS [a]
WHERE LOWER([a].[Username]) = @__ToLower_0
2024-05-10 17:07:00.322 +01:00  INF  Executing ObjectResult, writing value of type 'System.Collections.Generic.List`1[[System.String, System.Private.CoreLib, Version=6.0.0.0, Culture=neutral, PublicKeyToken=7cec85d7bea7798e]]'.
2024-05-10 17:07:00.324 +01:00  INF  Executed action Authenticator.Controllers.AccountController.Login (Authenticator) in 189.7562ms
2024-05-10 17:07:00.325 +01:00  INF  Executed endpoint 'Authenticator.Controllers.AccountController.Login (Authenticator)'
2024-05-10 17:07:00.325 +01:00  INF  HTTP POST /api/Account/Login responded 401 in 238.8500 ms
2024-05-10 17:07:00.326 +01:00  INF  Request finished HTTP/2 POST https://localhost:44318/api/Account/Login application/json 53 - 401 - application/json;+charset=utf-8 250.2135ms
2024-05-10 17:07:17.156 +01:00  INF  Request starting HTTP/2 POST https://localhost:44318/api/Account/Login application/json 53
2024-05-10 17:07:17.159 +01:00  INF  Executing endpoint 'Authenticator.Controllers.AccountController.Login (Authenticator)'
2024-05-10 17:07:17.159 +01:00  INF  Route matched with {action = "Login", controller = "Account"}. Executing controller action with signature System.Threading.Tasks.Task`1[Microsoft.AspNetCore.Mvc.IActionResult] Login(Authenticator.DTO.Account.LoginDTO) on controller Authenticator.Controllers.AccountController (Authenticator).
2024-05-10 17:07:17.230 +01:00  INF  Entity Framework Core 6.0.29 initialized 'ApplicationDbContext' using provider 'Microsoft.EntityFrameworkCore.SqlServer:6.0.29' with options: None
2024-05-10 17:07:17.249 +01:00  INF  Executed DbCommand (13ms) [Parameters=[@__ToLower_0='?' (Size = 4000)], CommandType='"Text"', CommandTimeout='30']
SELECT TOP(1) [a].[Id], [a].[EmailAddress], [a].[PasswordHash], [a].[PasswordSalt], [a].[Username]
FROM [AccountsTable] AS [a]
WHERE LOWER([a].[Username]) = @__ToLower_0
2024-05-10 17:07:17.250 +01:00  INF  Executing ObjectResult, writing value of type 'System.Collections.Generic.List`1[[System.String, System.Private.CoreLib, Version=6.0.0.0, Culture=neutral, PublicKeyToken=7cec85d7bea7798e]]'.
2024-05-10 17:07:17.251 +01:00  INF  Executed action Authenticator.Controllers.AccountController.Login (Authenticator) in 91.6629ms
2024-05-10 17:07:17.251 +01:00  INF  Executed endpoint 'Authenticator.Controllers.AccountController.Login (Authenticator)'
2024-05-10 17:07:17.251 +01:00  INF  HTTP POST /api/Account/Login responded 401 in 94.7782 ms
2024-05-10 17:07:17.251 +01:00  INF  Request finished HTTP/2 POST https://localhost:44318/api/Account/Login application/json 53 - 401 - application/json;+charset=utf-8 95.4071ms
2024-05-10 17:07:39.767 +01:00  INF  Request starting HTTP/2 POST https://localhost:44318/api/Account/Login application/json 54
2024-05-10 17:07:39.768 +01:00  INF  Executing endpoint 'Authenticator.Controllers.AccountController.Login (Authenticator)'
2024-05-10 17:07:39.768 +01:00  INF  Route matched with {action = "Login", controller = "Account"}. Executing controller action with signature System.Threading.Tasks.Task`1[Microsoft.AspNetCore.Mvc.IActionResult] Login(Authenticator.DTO.Account.LoginDTO) on controller Authenticator.Controllers.AccountController (Authenticator).
2024-05-10 17:07:39.769 +01:00  INF  Entity Framework Core 6.0.29 initialized 'ApplicationDbContext' using provider 'Microsoft.EntityFrameworkCore.SqlServer:6.0.29' with options: None
2024-05-10 17:07:39.782 +01:00  INF  Executed DbCommand (13ms) [Parameters=[@__ToLower_0='?' (Size = 4000)], CommandType='"Text"', CommandTimeout='30']
SELECT TOP(1) [a].[Id], [a].[EmailAddress], [a].[PasswordHash], [a].[PasswordSalt], [a].[Username]
FROM [AccountsTable] AS [a]
WHERE LOWER([a].[Username]) = @__ToLower_0
2024-05-10 17:07:40.128 +01:00  INF  Executing ObjectResult, writing value of type 'System.Collections.Generic.List`1[[System.String, System.Private.CoreLib, Version=6.0.0.0, Culture=neutral, PublicKeyToken=7cec85d7bea7798e]]'.
2024-05-10 17:07:40.128 +01:00  INF  Executed action Authenticator.Controllers.AccountController.Login (Authenticator) in 360.5558ms
2024-05-10 17:07:40.129 +01:00  INF  Executed endpoint 'Authenticator.Controllers.AccountController.Login (Authenticator)'
2024-05-10 17:07:40.129 +01:00  INF  HTTP POST /api/Account/Login responded 200 in 361.0153 ms
2024-05-10 17:07:40.129 +01:00  INF  Request finished HTTP/2 POST https://localhost:44318/api/Account/Login application/json 54 - 200 - application/json;+charset=utf-8 361.7297ms
2024-05-10 17:07:58.648 +01:00  INF  Request starting HTTP/2 POST https://localhost:44318/api/Portfolios/Create Portfolio?stockId=1 - 0
2024-05-10 17:07:58.787 +01:00  INF  Executing endpoint 'Authenticator.Controllers.PortfoliosController.CreatePortfolio (Authenticator)'
2024-05-10 17:07:58.791 +01:00  INF  Route matched with {action = "CreatePortfolio", controller = "Portfolios"}. Executing controller action with signature System.Threading.Tasks.Task`1[Microsoft.AspNetCore.Mvc.IActionResult] CreatePortfolio(Int32) on controller Authenticator.Controllers.PortfoliosController (Authenticator).
2024-05-10 17:07:58.805 +01:00  INF  Entity Framework Core 6.0.29 initialized 'ApplicationDbContext' using provider 'Microsoft.EntityFrameworkCore.SqlServer:6.0.29' with options: None
2024-05-10 17:07:58.833 +01:00  INF  Executed DbCommand (24ms) [Parameters=[@__StockId_0='?' (DbType = Int32)], CommandType='"Text"', CommandTimeout='30']
SELECT TOP(1) [s].[Id], [s].[CompanyName], [s].[Div], [s].[Industry], [s].[MarketCap], [s].[Purchase], [s].[Symbol]
FROM [StockTable] AS [s]
WHERE [s].[Id] = @__StockId_0
2024-05-10 17:07:58.870 +01:00  INF  5/10/2024 5:07:58 PM: Portfolio created successfully
2024-05-10 17:07:58.934 +01:00  INF  Executed DbCommand (10ms) [Parameters=[@p0='?' (DbType = Int32), @p1='?' (DbType = Int32)], CommandType='"Text"', CommandTimeout='30']
SET NOCOUNT ON;
INSERT INTO [Porttfolios] ([AccountId], [StockId])
VALUES (@p0, @p1);
2024-05-10 17:07:58.941 +01:00  INF  Executing ObjectResult, writing value of type 'System.Collections.Generic.List`1[[System.String, System.Private.CoreLib, Version=6.0.0.0, Culture=neutral, PublicKeyToken=7cec85d7bea7798e]]'.
2024-05-10 17:07:58.942 +01:00  INF  Executed action Authenticator.Controllers.PortfoliosController.CreatePortfolio (Authenticator) in 151.2808ms
2024-05-10 17:07:58.943 +01:00  INF  Executed endpoint 'Authenticator.Controllers.PortfoliosController.CreatePortfolio (Authenticator)'
2024-05-10 17:07:58.944 +01:00  INF  HTTP POST /api/Portfolios/Create Portfolio responded 200 in 295.5902 ms
2024-05-10 17:07:58.944 +01:00  INF  Request finished HTTP/2 POST https://localhost:44318/api/Portfolios/Create Portfolio?stockId=1 - 0 - 200 - application/json;+charset=utf-8 296.4057ms
2024-05-10 17:21:02.653 +01:00  INF  User profile is available. Using 'C:\Users\Oluwayanmife.ayeni\AppData\Local\ASP.NET\DataProtection-Keys' as key repository and Windows DPAPI to encrypt keys at rest.
2024-05-10 17:21:03.239 +01:00  INF  Application started. Press Ctrl+C to shut down.
2024-05-10 17:21:03.240 +01:00  INF  Hosting environment: Development
2024-05-10 17:21:03.240 +01:00  INF  Content root path: C:\Users\Oluwayanmife.ayeni\OneDrive - United Capital Plc\Documents\ASP.NET\Authenticator\Authenticator\
2024-05-10 17:21:03.271 +01:00  INF  Request starting HTTP/2 GET https://localhost:44318/swagger/index.html - -
2024-05-10 17:21:03.953 +01:00  INF  Request finished HTTP/2 GET https://localhost:44318/swagger/index.html - - - 200 - text/html;charset=utf-8 686.2742ms
2024-05-10 17:21:04.001 +01:00  INF  Request starting HTTP/2 GET https://localhost:44318/_framework/aspnetcore-browser-refresh.js - -
2024-05-10 17:21:04.018 +01:00  INF  Request finished HTTP/2 GET https://localhost:44318/_framework/aspnetcore-browser-refresh.js - - - 200 12358 application/javascript;+charset=utf-8 9.2322ms
2024-05-10 17:21:04.273 +01:00  INF  Request starting HTTP/2 GET https://localhost:44318/_vs/browserLink - -
2024-05-10 17:21:04.441 +01:00  INF  Request finished HTTP/2 GET https://localhost:44318/_vs/browserLink - - - 200 - text/javascript;+charset=UTF-8 159.6846ms
2024-05-10 17:21:04.594 +01:00  INF  Request starting HTTP/2 GET https://localhost:44318/swagger/v1/swagger.json - -
2024-05-10 17:21:04.930 +01:00  INF  Request finished HTTP/2 GET https://localhost:44318/swagger/v1/swagger.json - - - 200 - application/json;charset=utf-8 335.9187ms
2024-05-10 17:22:34.291 +01:00  INF  Request starting HTTP/2 POST https://localhost:44318/api/Account/Login application/json 54
2024-05-10 17:22:35.138 +01:00  INF  Executing endpoint 'Authenticator.Controllers.AccountController.Login (Authenticator)'
2024-05-10 17:22:35.267 +01:00  INF  Route matched with {action = "Login", controller = "Account"}. Executing controller action with signature System.Threading.Tasks.Task`1[Microsoft.AspNetCore.Mvc.IActionResult] Login(Authenticator.DTO.Account.LoginDTO) on controller Authenticator.Controllers.AccountController (Authenticator).
2024-05-10 17:22:40.209 +01:00  WRN  No store type was specified for the decimal property 'Div' on entity type 'Stocks'. This will cause values to be silently truncated if they do not fit in the default precision and scale. Explicitly specify the SQL server column type that can accommodate all the values in 'OnModelCreating' using 'HasColumnType', specify precision and scale using 'HasPrecision', or configure a value converter using 'HasConversion'.
2024-05-10 17:22:40.212 +01:00  WRN  No store type was specified for the decimal property 'Purchase' on entity type 'Stocks'. This will cause values to be silently truncated if they do not fit in the default precision and scale. Explicitly specify the SQL server column type that can accommodate all the values in 'OnModelCreating' using 'HasColumnType', specify precision and scale using 'HasPrecision', or configure a value converter using 'HasConversion'.
2024-05-10 17:22:40.916 +01:00  INF  Entity Framework Core 6.0.29 initialized 'ApplicationDbContext' using provider 'Microsoft.EntityFrameworkCore.SqlServer:6.0.29' with options: None
2024-05-10 17:22:46.851 +01:00  INF  Executed DbCommand (784ms) [Parameters=[@__ToLower_0='?' (Size = 4000)], CommandType='"Text"', CommandTimeout='30']
SELECT TOP(1) [a].[Id], [a].[EmailAddress], [a].[PasswordHash], [a].[PasswordSalt], [a].[Username]
FROM [AccountsTable] AS [a]
WHERE LOWER([a].[Username]) = @__ToLower_0
2024-05-10 17:22:48.001 +01:00  INF  Executing ObjectResult, writing value of type 'System.Collections.Generic.List`1[[System.String, System.Private.CoreLib, Version=6.0.0.0, Culture=neutral, PublicKeyToken=7cec85d7bea7798e]]'.
2024-05-10 17:22:48.023 +01:00  INF  Executed action Authenticator.Controllers.AccountController.Login (Authenticator) in 12740.449ms
2024-05-10 17:22:48.026 +01:00  INF  Executed endpoint 'Authenticator.Controllers.AccountController.Login (Authenticator)'
2024-05-10 17:22:48.039 +01:00  INF  HTTP POST /api/Account/Login responded 200 in 13692.0094 ms
2024-05-10 17:22:48.067 +01:00  INF  Request finished HTTP/2 POST https://localhost:44318/api/Account/Login application/json 54 - 200 - application/json;+charset=utf-8 13776.2337ms
2024-05-10 17:23:30.358 +01:00  INF  Request starting HTTP/2 POST https://localhost:44318/api/Portfolios/Create Portfolio?stockId=2 - 0
2024-05-10 17:23:30.880 +01:00  INF  Executing endpoint 'Authenticator.Controllers.PortfoliosController.CreatePortfolio (Authenticator)'
2024-05-10 17:23:30.900 +01:00  INF  Route matched with {action = "CreatePortfolio", controller = "Portfolios"}. Executing controller action with signature System.Threading.Tasks.Task`1[Microsoft.AspNetCore.Mvc.IActionResult] CreatePortfolio(Int32) on controller Authenticator.Controllers.PortfoliosController (Authenticator).
2024-05-10 17:23:30.960 +01:00  INF  Entity Framework Core 6.0.29 initialized 'ApplicationDbContext' using provider 'Microsoft.EntityFrameworkCore.SqlServer:6.0.29' with options: None
2024-05-10 17:23:31.088 +01:00  INF  Executed DbCommand (77ms) [Parameters=[@__StockId_0='?' (DbType = Int32)], CommandType='"Text"', CommandTimeout='30']
SELECT TOP(1) [s].[Id], [s].[CompanyName], [s].[Div], [s].[Industry], [s].[MarketCap], [s].[Purchase], [s].[Symbol]
FROM [StockTable] AS [s]
WHERE [s].[Id] = @__StockId_0
2024-05-10 17:23:31.271 +01:00  INF  5/10/2024 5:23:31 PM: Portfolio created successfully
2024-05-10 17:23:32.346 +01:00  INF  Executed DbCommand (52ms) [Parameters=[@p0='?' (DbType = Int32), @p1='?' (DbType = Int32)], CommandType='"Text"', CommandTimeout='30']
SET NOCOUNT ON;
INSERT INTO [Porttfolios] ([AccountId], [StockId])
VALUES (@p0, @p1);
2024-05-10 17:23:32.534 +01:00  INF  Executing ObjectResult, writing value of type 'System.Collections.Generic.List`1[[System.String, System.Private.CoreLib, Version=6.0.0.0, Culture=neutral, PublicKeyToken=7cec85d7bea7798e]]'.
2024-05-10 17:23:32.538 +01:00  INF  Executed action Authenticator.Controllers.PortfoliosController.CreatePortfolio (Authenticator) in 1638.0874ms
2024-05-10 17:23:32.539 +01:00  INF  Executed endpoint 'Authenticator.Controllers.PortfoliosController.CreatePortfolio (Authenticator)'
2024-05-10 17:23:32.546 +01:00  INF  HTTP POST /api/Portfolios/Create Portfolio responded 200 in 2184.1633 ms
2024-05-10 17:23:32.547 +01:00  INF  Request finished HTTP/2 POST https://localhost:44318/api/Portfolios/Create Portfolio?stockId=2 - 0 - 200 - application/json;+charset=utf-8 2188.7415ms
2024-05-10 17:27:56.776 +01:00  INF  User profile is available. Using 'C:\Users\Oluwayanmife.ayeni\AppData\Local\ASP.NET\DataProtection-Keys' as key repository and Windows DPAPI to encrypt keys at rest.
2024-05-10 17:27:58.170 +01:00  INF  Request starting HTTP/2 GET https://localhost:44318/swagger/index.html - -
2024-05-10 17:27:58.256 +01:00  INF  Application started. Press Ctrl+C to shut down.
2024-05-10 17:27:58.258 +01:00  INF  Hosting environment: Development
2024-05-10 17:27:58.259 +01:00  INF  Content root path: C:\Users\Oluwayanmife.ayeni\OneDrive - United Capital Plc\Documents\ASP.NET\Authenticator\Authenticator\
2024-05-10 17:27:59.731 +01:00  INF  Request finished HTTP/2 GET https://localhost:44318/swagger/index.html - - - 200 - text/html;charset=utf-8 1569.0083ms
2024-05-10 17:27:59.854 +01:00  INF  Request starting HTTP/2 GET https://localhost:44318/_framework/aspnetcore-browser-refresh.js - -
2024-05-10 17:27:59.884 +01:00  INF  Request finished HTTP/2 GET https://localhost:44318/_framework/aspnetcore-browser-refresh.js - - - 200 12358 application/javascript;+charset=utf-8 18.4015ms
2024-05-10 17:28:00.060 +01:00  INF  Request starting HTTP/2 GET https://localhost:44318/_vs/browserLink - -
2024-05-10 17:28:00.247 +01:00  INF  Request finished HTTP/2 GET https://localhost:44318/_vs/browserLink - - - 200 - text/javascript;+charset=UTF-8 187.0510ms
2024-05-10 17:28:00.722 +01:00  INF  Request starting HTTP/2 GET https://localhost:44318/swagger/v1/swagger.json - -
2024-05-10 17:28:01.153 +01:00  INF  Request finished HTTP/2 GET https://localhost:44318/swagger/v1/swagger.json - - - 200 - application/json;charset=utf-8 422.0257ms
2024-05-10 17:29:36.720 +01:00  INF  Request starting HTTP/2 DELETE https://localhost:44318/api/Account/Delete Users application/json 54
2024-05-10 17:29:37.064 +01:00  INF  Executing endpoint 'Authenticator.Controllers.AccountController.Delete (Authenticator)'
2024-05-10 17:29:37.142 +01:00  INF  Route matched with {action = "Delete", controller = "Account"}. Executing controller action with signature System.Threading.Tasks.Task`1[Microsoft.AspNetCore.Mvc.IActionResult] Delete(Authenticator.DTO.Account.LoginDTO) on controller Authenticator.Controllers.AccountController (Authenticator).
2024-05-10 17:29:40.024 +01:00  WRN  No store type was specified for the decimal property 'Div' on entity type 'Stocks'. This will cause values to be silently truncated if they do not fit in the default precision and scale. Explicitly specify the SQL server column type that can accommodate all the values in 'OnModelCreating' using 'HasColumnType', specify precision and scale using 'HasPrecision', or configure a value converter using 'HasConversion'.
2024-05-10 17:29:40.024 +01:00  WRN  No store type was specified for the decimal property 'Purchase' on entity type 'Stocks'. This will cause values to be silently truncated if they do not fit in the default precision and scale. Explicitly specify the SQL server column type that can accommodate all the values in 'OnModelCreating' using 'HasColumnType', specify precision and scale using 'HasPrecision', or configure a value converter using 'HasConversion'.
2024-05-10 17:29:40.445 +01:00  INF  Entity Framework Core 6.0.29 initialized 'ApplicationDbContext' using provider 'Microsoft.EntityFrameworkCore.SqlServer:6.0.29' with options: None
2024-05-10 17:29:44.532 +01:00  INF  Executed DbCommand (480ms) [Parameters=[@__ToLower_0='?' (Size = 4000)], CommandType='"Text"', CommandTimeout='30']
SELECT TOP(1) [a].[Id], [a].[EmailAddress], [a].[PasswordHash], [a].[PasswordSalt], [a].[Username]
FROM [AccountsTable] AS [a]
WHERE LOWER([a].[Username]) = @__ToLower_0
2024-05-10 17:29:45.648 +01:00  INF  Executed DbCommand (51ms) [Parameters=[@p0='?' (DbType = Int32)], CommandType='"Text"', CommandTimeout='30']
SET NOCOUNT ON;
DELETE FROM [AccountsTable]
WHERE [Id] = @p0;
SELECT @@ROWCOUNT;
2024-05-10 17:29:45.770 +01:00  INF  Executing OkObjectResult, writing value of type 'Authenticator.DTO.Account.AccountDTO'.
2024-05-10 17:29:45.790 +01:00  INF  Executed action Authenticator.Controllers.AccountController.Delete (Authenticator) in 8634.9588ms
2024-05-10 17:29:45.794 +01:00  INF  Executed endpoint 'Authenticator.Controllers.AccountController.Delete (Authenticator)'
2024-05-10 17:29:45.807 +01:00  INF  HTTP DELETE /api/Account/Delete Users responded 200 in 9051.9673 ms
2024-05-10 17:29:45.831 +01:00  INF  Request finished HTTP/2 DELETE https://localhost:44318/api/Account/Delete Users application/json 54 - 200 - application/json;+charset=utf-8 9110.5459ms
