2024-06-08 20:42:50.023 +01:00  INF  User profile is available. Using 'C:\Users\Oluwayanmife.ayeni\AppData\Local\ASP.NET\DataProtection-Keys' as key repository and Windows DPAPI to encrypt keys at rest.
2024-06-08 20:42:51.732 +01:00  INF  Application started. Press Ctrl+C to shut down.
2024-06-08 20:42:51.733 +01:00  INF  Hosting environment: Development
2024-06-08 20:42:51.733 +01:00  INF  Content root path: C:\Users\Oluwayanmife.ayeni\OneDrive - United Capital Plc\Documents\ASP.NET\Authenticator - Copy\Authenticator\
2024-06-08 20:42:51.915 +01:00  INF  Request starting HTTP/2 GET https://localhost:44318/swagger/index.html - -
2024-06-08 20:42:53.719 +01:00  INF  Request finished HTTP/2 GET https://localhost:44318/swagger/index.html - - - 200 - text/html;charset=utf-8 1809.3709ms
2024-06-08 20:42:53.722 +01:00  INF  Request starting HTTP/2 GET https://localhost:44318/_framework/aspnetcore-browser-refresh.js - -
2024-06-08 20:42:53.740 +01:00  INF  Request finished HTTP/2 GET https://localhost:44318/_framework/aspnetcore-browser-refresh.js - - - 200 12358 application/javascript;+charset=utf-8 17.4931ms
2024-06-08 20:42:53.989 +01:00  INF  Request starting HTTP/2 GET https://localhost:44318/_vs/browserLink - -
2024-06-08 20:42:54.181 +01:00  INF  Request finished HTTP/2 GET https://localhost:44318/_vs/browserLink - - - 200 - text/javascript;+charset=UTF-8 192.0479ms
2024-06-08 20:42:54.984 +01:00  INF  Request starting HTTP/2 GET https://localhost:44318/swagger/v1/swagger.json - -
2024-06-08 20:42:55.484 +01:00  INF  Request finished HTTP/2 GET https://localhost:44318/swagger/v1/swagger.json - - - 200 - application/json;charset=utf-8 500.1831ms
2024-06-08 20:44:22.315 +01:00  INF  Request starting HTTP/2 POST https://localhost:44318/api/Stock/Create Stock application/json 135
2024-06-08 20:44:23.801 +01:00  INF  Executing endpoint 'Authenticator.Controllers.StockController.Create (Authenticator)'
2024-06-08 20:44:23.904 +01:00  INF  Route matched with {action = "Create", controller = "Stock"}. Executing controller action with signature System.Threading.Tasks.Task`1[Microsoft.AspNetCore.Mvc.IActionResult] Create(Authenticator.DTO.Stock.CreateStockDTO) on controller Authenticator.Controllers.StockController (Authenticator).
2024-06-08 20:44:28.403 +01:00  WRN  No store type was specified for the decimal property 'Div' on entity type 'Stocks'. This will cause values to be silently truncated if they do not fit in the default precision and scale. Explicitly specify the SQL server column type that can accommodate all the values in 'OnModelCreating' using 'HasColumnType', specify precision and scale using 'HasPrecision', or configure a value converter using 'HasConversion'.
2024-06-08 20:44:28.404 +01:00  WRN  No store type was specified for the decimal property 'Purchase' on entity type 'Stocks'. This will cause values to be silently truncated if they do not fit in the default precision and scale. Explicitly specify the SQL server column type that can accommodate all the values in 'OnModelCreating' using 'HasColumnType', specify precision and scale using 'HasPrecision', or configure a value converter using 'HasConversion'.
2024-06-08 20:44:29.500 +01:00  INF  Entity Framework Core 6.0.29 initialized 'ApplicationDbContext' using provider 'Microsoft.EntityFrameworkCore.SqlServer:6.0.29' with options: None
2024-06-08 20:44:34.103 +01:00  INF  Executed DbCommand (270ms) [Parameters=[@__ToLower_0='?' (Size = 4000), @__ToLower_1='?' (Size = 4000)], CommandType='"Text"', CommandTimeout='30']
SELECT CASE
    WHEN EXISTS (
        SELECT 1
        FROM [StockTable] AS [s]
        WHERE (LOWER([s].[CompanyName]) = @__ToLower_0) OR (LOWER([s].[Symbol]) = @__ToLower_1)) THEN CAST(1 AS bit)
    ELSE CAST(0 AS bit)
END
2024-06-08 20:44:35.152 +01:00  INF  Executed DbCommand (37ms) [Parameters=[@p0='?' (Size = 4000), @p1='?' (Precision = 18) (Scale = 2) (DbType = Decimal), @p2='?' (Size = 4000), @p3='?' (DbType = Int64), @p4='?' (Precision = 18) (Scale = 2) (DbType = Decimal), @p5='?' (Size = 4000)], CommandType='"Text"', CommandTimeout='30']
SET NOCOUNT ON;
INSERT INTO [StockTable] ([CompanyName], [Div], [Industry], [MarketCap], [Purchase], [Symbol])
VALUES (@p0, @p1, @p2, @p3, @p4, @p5);
SELECT [Id]
FROM [StockTable]
WHERE @@ROWCOUNT = 1 AND [Id] = scope_identity();
2024-06-08 20:44:35.432 +01:00  INF  Executing CreatedAtActionResult, writing value of type 'System.Func`1[[Authenticator.DTO.Stock.StockDTO, Authenticator, Version=1.0.0.0, Culture=neutral, PublicKeyToken=null]]'.
2024-06-08 20:44:35.589 +01:00  INF  Executed action Authenticator.Controllers.StockController.Create (Authenticator) in 11667.0053ms
2024-06-08 20:44:35.597 +01:00  INF  Executed endpoint 'Authenticator.Controllers.StockController.Create (Authenticator)'
2024-06-08 20:44:35.620 +01:00  ERR  HTTP POST /api/Stock/Create Stock responded 500 in 13261.8112 msSystem.NotSupportedException: Serialization and deserialization of 'System.Func`1[[Authenticator.DTO.Stock.StockDTO, Authenticator, Version=1.0.0.0, Culture=neutral, PublicKeyToken=null]]' instances are not supported. The unsupported member type is located on type 'System.Func`1[Authenticator.DTO.Stock.StockDTO]'. Path: $.
 ---> System.NotSupportedException: Serialization and deserialization of 'System.Func`1[[Authenticator.DTO.Stock.StockDTO, Authenticator, Version=1.0.0.0, Culture=neutral, PublicKeyToken=null]]' instances are not supported.
   at System.Text.Json.Serialization.Converters.UnsupportedTypeConverter`1.Write(Utf8JsonWriter writer, T value, JsonSerializerOptions options)
   at System.Text.Json.Serialization.JsonConverter`1.TryWrite(Utf8JsonWriter writer, T& value, JsonSerializerOptions options, WriteStack& state)
   at System.Text.Json.Serialization.JsonConverter`1.WriteCore(Utf8JsonWriter writer, T& value, JsonSerializerOptions options, WriteStack& state)
   --- End of inner exception stack trace ---
   at System.Text.Json.ThrowHelper.ThrowNotSupportedException(WriteStack& state, NotSupportedException ex)
   at System.Text.Json.Serialization.JsonConverter`1.WriteCore(Utf8JsonWriter writer, T& value, JsonSerializerOptions options, WriteStack& state)
   at System.Text.Json.Serialization.JsonConverter`1.WriteCoreAsObject(Utf8JsonWriter writer, Object value, JsonSerializerOptions options, WriteStack& state)
   at System.Text.Json.JsonSerializer.WriteCore[TValue](JsonConverter jsonConverter, Utf8JsonWriter writer, TValue& value, JsonSerializerOptions options, WriteStack& state)
   at System.Text.Json.JsonSerializer.WriteStreamAsync[TValue](Stream utf8Json, TValue value, JsonTypeInfo jsonTypeInfo, CancellationToken cancellationToken)
   at System.Text.Json.JsonSerializer.WriteStreamAsync[TValue](Stream utf8Json, TValue value, JsonTypeInfo jsonTypeInfo, CancellationToken cancellationToken)
   at System.Text.Json.JsonSerializer.WriteStreamAsync[TValue](Stream utf8Json, TValue value, JsonTypeInfo jsonTypeInfo, CancellationToken cancellationToken)
   at Microsoft.AspNetCore.Mvc.Formatters.SystemTextJsonOutputFormatter.WriteResponseBodyAsync(OutputFormatterWriteContext context, Encoding selectedEncoding)
   at Microsoft.AspNetCore.Mvc.Infrastructure.ResourceInvoker.<InvokeNextResultFilterAsync>g__Awaited|30_0[TFilter,TFilterAsync](ResourceInvoker invoker, Task lastTask, State next, Scope scope, Object state, Boolean isCompleted)
   at Microsoft.AspNetCore.Mvc.Infrastructure.ResourceInvoker.Rethrow(ResultExecutedContextSealed context)
   at Microsoft.AspNetCore.Mvc.Infrastructure.ResourceInvoker.ResultNext[TFilter,TFilterAsync](State& next, Scope& scope, Object& state, Boolean& isCompleted)
   at Microsoft.AspNetCore.Mvc.Infrastructure.ResourceInvoker.InvokeResultFilters()
--- End of stack trace from previous location ---
   at Microsoft.AspNetCore.Mvc.Infrastructure.ResourceInvoker.<InvokeFilterPipelineAsync>g__Awaited|20_0(ResourceInvoker invoker, Task lastTask, State next, Scope scope, Object state, Boolean isCompleted)
   at Microsoft.AspNetCore.Mvc.Infrastructure.ResourceInvoker.<InvokeAsync>g__Logged|17_1(ResourceInvoker invoker)
   at Microsoft.AspNetCore.Mvc.Infrastructure.ResourceInvoker.<InvokeAsync>g__Logged|17_1(ResourceInvoker invoker)
   at Microsoft.AspNetCore.Routing.EndpointMiddleware.<Invoke>g__AwaitRequestTask|6_0(Endpoint endpoint, Task requestTask, ILogger logger)
   at Microsoft.AspNetCore.Authorization.AuthorizationMiddleware.Invoke(HttpContext context)
   at Microsoft.AspNetCore.Authentication.AuthenticationMiddleware.Invoke(HttpContext context)
   at Serilog.AspNetCore.RequestLoggingMiddleware.Invoke(HttpContext httpContext)

2024-06-08 20:44:36.151 +01:00  ERR  An unhandled exception has occurred while executing the request.System.NotSupportedException: Serialization and deserialization of 'System.Func`1[[Authenticator.DTO.Stock.StockDTO, Authenticator, Version=1.0.0.0, Culture=neutral, PublicKeyToken=null]]' instances are not supported. The unsupported member type is located on type 'System.Func`1[Authenticator.DTO.Stock.StockDTO]'. Path: $.
 ---> System.NotSupportedException: Serialization and deserialization of 'System.Func`1[[Authenticator.DTO.Stock.StockDTO, Authenticator, Version=1.0.0.0, Culture=neutral, PublicKeyToken=null]]' instances are not supported.
   at System.Text.Json.Serialization.Converters.UnsupportedTypeConverter`1.Write(Utf8JsonWriter writer, T value, JsonSerializerOptions options)
   at System.Text.Json.Serialization.JsonConverter`1.TryWrite(Utf8JsonWriter writer, T& value, JsonSerializerOptions options, WriteStack& state)
   at System.Text.Json.Serialization.JsonConverter`1.WriteCore(Utf8JsonWriter writer, T& value, JsonSerializerOptions options, WriteStack& state)
   --- End of inner exception stack trace ---
   at System.Text.Json.ThrowHelper.ThrowNotSupportedException(WriteStack& state, NotSupportedException ex)
   at System.Text.Json.Serialization.JsonConverter`1.WriteCore(Utf8JsonWriter writer, T& value, JsonSerializerOptions options, WriteStack& state)
   at System.Text.Json.Serialization.JsonConverter`1.WriteCoreAsObject(Utf8JsonWriter writer, Object value, JsonSerializerOptions options, WriteStack& state)
   at System.Text.Json.JsonSerializer.WriteCore[TValue](JsonConverter jsonConverter, Utf8JsonWriter writer, TValue& value, JsonSerializerOptions options, WriteStack& state)
   at System.Text.Json.JsonSerializer.WriteStreamAsync[TValue](Stream utf8Json, TValue value, JsonTypeInfo jsonTypeInfo, CancellationToken cancellationToken)
   at System.Text.Json.JsonSerializer.WriteStreamAsync[TValue](Stream utf8Json, TValue value, JsonTypeInfo jsonTypeInfo, CancellationToken cancellationToken)
   at System.Text.Json.JsonSerializer.WriteStreamAsync[TValue](Stream utf8Json, TValue value, JsonTypeInfo jsonTypeInfo, CancellationToken cancellationToken)
   at Microsoft.AspNetCore.Mvc.Formatters.SystemTextJsonOutputFormatter.WriteResponseBodyAsync(OutputFormatterWriteContext context, Encoding selectedEncoding)
   at Microsoft.AspNetCore.Mvc.Infrastructure.ResourceInvoker.<InvokeNextResultFilterAsync>g__Awaited|30_0[TFilter,TFilterAsync](ResourceInvoker invoker, Task lastTask, State next, Scope scope, Object state, Boolean isCompleted)
   at Microsoft.AspNetCore.Mvc.Infrastructure.ResourceInvoker.Rethrow(ResultExecutedContextSealed context)
   at Microsoft.AspNetCore.Mvc.Infrastructure.ResourceInvoker.ResultNext[TFilter,TFilterAsync](State& next, Scope& scope, Object& state, Boolean& isCompleted)
   at Microsoft.AspNetCore.Mvc.Infrastructure.ResourceInvoker.InvokeResultFilters()
--- End of stack trace from previous location ---
   at Microsoft.AspNetCore.Mvc.Infrastructure.ResourceInvoker.<InvokeFilterPipelineAsync>g__Awaited|20_0(ResourceInvoker invoker, Task lastTask, State next, Scope scope, Object state, Boolean isCompleted)
   at Microsoft.AspNetCore.Mvc.Infrastructure.ResourceInvoker.<InvokeAsync>g__Logged|17_1(ResourceInvoker invoker)
   at Microsoft.AspNetCore.Mvc.Infrastructure.ResourceInvoker.<InvokeAsync>g__Logged|17_1(ResourceInvoker invoker)
   at Microsoft.AspNetCore.Routing.EndpointMiddleware.<Invoke>g__AwaitRequestTask|6_0(Endpoint endpoint, Task requestTask, ILogger logger)
   at Microsoft.AspNetCore.Authorization.AuthorizationMiddleware.Invoke(HttpContext context)
   at Microsoft.AspNetCore.Authentication.AuthenticationMiddleware.Invoke(HttpContext context)
   at Serilog.AspNetCore.RequestLoggingMiddleware.Invoke(HttpContext httpContext)
   at Swashbuckle.AspNetCore.SwaggerUI.SwaggerUIMiddleware.Invoke(HttpContext httpContext)
   at Swashbuckle.AspNetCore.Swagger.SwaggerMiddleware.Invoke(HttpContext httpContext, ISwaggerProvider swaggerProvider)
   at Microsoft.AspNetCore.Diagnostics.DeveloperExceptionPageMiddleware.Invoke(HttpContext context)

2024-06-08 20:44:36.227 +01:00  INF  Request finished HTTP/2 POST https://localhost:44318/api/Stock/Create Stock application/json 135 - 500 - text/plain;+charset=utf-8 13912.2197ms
2024-06-08 20:45:23.540 +01:00  INF  Request starting HTTP/2 POST https://localhost:44318/api/Stock/Create Stock application/json 131
2024-06-08 20:45:23.569 +01:00  INF  Executing endpoint 'Authenticator.Controllers.StockController.Create (Authenticator)'
2024-06-08 20:45:23.580 +01:00  INF  Route matched with {action = "Create", controller = "Stock"}. Executing controller action with signature System.Threading.Tasks.Task`1[Microsoft.AspNetCore.Mvc.IActionResult] Create(Authenticator.DTO.Stock.CreateStockDTO) on controller Authenticator.Controllers.StockController (Authenticator).
2024-06-08 20:45:23.669 +01:00  INF  Entity Framework Core 6.0.29 initialized 'ApplicationDbContext' using provider 'Microsoft.EntityFrameworkCore.SqlServer:6.0.29' with options: None
2024-06-08 20:45:23.730 +01:00  INF  Executed DbCommand (47ms) [Parameters=[@__ToLower_0='?' (Size = 4000), @__ToLower_1='?' (Size = 4000)], CommandType='"Text"', CommandTimeout='30']
SELECT CASE
    WHEN EXISTS (
        SELECT 1
        FROM [StockTable] AS [s]
        WHERE (LOWER([s].[CompanyName]) = @__ToLower_0) OR (LOWER([s].[Symbol]) = @__ToLower_1)) THEN CAST(1 AS bit)
    ELSE CAST(0 AS bit)
END
2024-06-08 20:45:23.734 +01:00  INF  Executing ObjectResult, writing value of type 'System.Collections.Generic.List`1[[System.String, System.Private.CoreLib, Version=6.0.0.0, Culture=neutral, PublicKeyToken=7cec85d7bea7798e]]'.
2024-06-08 20:45:23.737 +01:00  INF  Executed action Authenticator.Controllers.StockController.Create (Authenticator) in 156.449ms
2024-06-08 20:45:23.737 +01:00  INF  Executed endpoint 'Authenticator.Controllers.StockController.Create (Authenticator)'
2024-06-08 20:45:23.737 +01:00  INF  HTTP POST /api/Stock/Create Stock responded 400 in 189.5275 ms
2024-06-08 20:45:23.738 +01:00  INF  Request finished HTTP/2 POST https://localhost:44318/api/Stock/Create Stock application/json 131 - 400 - application/json;+charset=utf-8 197.6144ms
2024-06-08 20:45:38.869 +01:00  INF  Request starting HTTP/2 GET https://localhost:44318/api/Stock/Get By StockId?id=1 - -
2024-06-08 20:45:38.875 +01:00  INF  Executing endpoint 'Authenticator.Controllers.StockController.GetById (Authenticator)'
2024-06-08 20:45:38.891 +01:00  INF  Route matched with {action = "GetById", controller = "Stock"}. Executing controller action with signature System.Threading.Tasks.Task`1[Microsoft.AspNetCore.Mvc.IActionResult] GetById(Int32) on controller Authenticator.Controllers.StockController (Authenticator).
2024-06-08 20:45:39.098 +01:00  INF  Entity Framework Core 6.0.29 initialized 'ApplicationDbContext' using provider 'Microsoft.EntityFrameworkCore.SqlServer:6.0.29' with options: None
2024-06-08 20:45:39.355 +01:00  INF  Executed DbCommand (23ms) [Parameters=[@__p_0='?' (DbType = Int32)], CommandType='"Text"', CommandTimeout='30']
SELECT TOP(1) [s].[Id], [s].[CompanyName], [s].[Div], [s].[Industry], [s].[MarketCap], [s].[Purchase], [s].[Symbol]
FROM [StockTable] AS [s]
WHERE [s].[Id] = @__p_0
2024-06-08 20:45:39.424 +01:00  INF  6/8/2024 8:45:39 PM: stocks for customer 1 retrieved
2024-06-08 20:45:39.428 +01:00  INF  Executing ObjectResult, writing value of type 'Authenticator.DTO.Stock.StockDTO'.
2024-06-08 20:45:39.439 +01:00  INF  Executed action Authenticator.Controllers.StockController.GetById (Authenticator) in 548.0474ms
2024-06-08 20:45:39.440 +01:00  INF  Executed endpoint 'Authenticator.Controllers.StockController.GetById (Authenticator)'
2024-06-08 20:45:39.440 +01:00  INF  HTTP GET /api/Stock/Get By StockId responded 200 in 570.7708 ms
2024-06-08 20:45:39.441 +01:00  INF  Request finished HTTP/2 GET https://localhost:44318/api/Stock/Get By StockId?id=1 - - - 200 - application/json;+charset=utf-8 571.8437ms
2024-06-08 20:48:50.689 +01:00  INF  User profile is available. Using 'C:\Users\Oluwayanmife.ayeni\AppData\Local\ASP.NET\DataProtection-Keys' as key repository and Windows DPAPI to encrypt keys at rest.
2024-06-08 20:48:51.582 +01:00  INF  Request starting HTTP/2 GET https://localhost:44318/swagger/index.html - -
2024-06-08 20:48:51.647 +01:00  INF  Application started. Press Ctrl+C to shut down.
2024-06-08 20:48:51.648 +01:00  INF  Hosting environment: Development
2024-06-08 20:48:51.648 +01:00  INF  Content root path: C:\Users\Oluwayanmife.ayeni\OneDrive - United Capital Plc\Documents\ASP.NET\Authenticator - Copy\Authenticator\
2024-06-08 20:48:52.889 +01:00  INF  Request finished HTTP/2 GET https://localhost:44318/swagger/index.html - - - 200 - text/html;charset=utf-8 1315.8068ms
2024-06-08 20:48:52.893 +01:00  INF  Request starting HTTP/2 GET https://localhost:44318/_framework/aspnetcore-browser-refresh.js - -
2024-06-08 20:48:52.943 +01:00  INF  Request finished HTTP/2 GET https://localhost:44318/_framework/aspnetcore-browser-refresh.js - - - 200 12358 application/javascript;+charset=utf-8 49.9715ms
2024-06-08 20:48:53.171 +01:00  INF  Request starting HTTP/2 GET https://localhost:44318/_vs/browserLink - -
2024-06-08 20:48:53.332 +01:00  INF  Request finished HTTP/2 GET https://localhost:44318/_vs/browserLink - - - 200 - text/javascript;+charset=UTF-8 161.2777ms
2024-06-08 20:48:54.095 +01:00  INF  Request starting HTTP/2 GET https://localhost:44318/swagger/v1/swagger.json - -
2024-06-08 20:48:54.558 +01:00  INF  Request finished HTTP/2 GET https://localhost:44318/swagger/v1/swagger.json - - - 200 - application/json;charset=utf-8 462.9168ms
2024-06-08 20:50:41.221 +01:00  INF  Request starting HTTP/2 POST https://localhost:44318/api/Stock/Create Stock application/json 150
2024-06-08 20:50:41.613 +01:00  INF  Executing endpoint 'Authenticator.Controllers.StockController.Create (Authenticator)'
2024-06-08 20:50:41.695 +01:00  INF  Route matched with {action = "Create", controller = "Stock"}. Executing controller action with signature System.Threading.Tasks.Task`1[Microsoft.AspNetCore.Mvc.IActionResult] Create(Authenticator.DTO.Stock.CreateStockDTO) on controller Authenticator.Controllers.StockController (Authenticator).
2024-06-08 20:50:45.492 +01:00  WRN  No store type was specified for the decimal property 'Div' on entity type 'Stocks'. This will cause values to be silently truncated if they do not fit in the default precision and scale. Explicitly specify the SQL server column type that can accommodate all the values in 'OnModelCreating' using 'HasColumnType', specify precision and scale using 'HasPrecision', or configure a value converter using 'HasConversion'.
2024-06-08 20:50:45.493 +01:00  WRN  No store type was specified for the decimal property 'Purchase' on entity type 'Stocks'. This will cause values to be silently truncated if they do not fit in the default precision and scale. Explicitly specify the SQL server column type that can accommodate all the values in 'OnModelCreating' using 'HasColumnType', specify precision and scale using 'HasPrecision', or configure a value converter using 'HasConversion'.
2024-06-08 20:50:46.193 +01:00  INF  Entity Framework Core 6.0.29 initialized 'ApplicationDbContext' using provider 'Microsoft.EntityFrameworkCore.SqlServer:6.0.29' with options: None
2024-06-08 20:50:50.559 +01:00  INF  Executed DbCommand (356ms) [Parameters=[@__ToLower_0='?' (Size = 4000), @__ToLower_1='?' (Size = 4000)], CommandType='"Text"', CommandTimeout='30']
SELECT CASE
    WHEN EXISTS (
        SELECT 1
        FROM [StockTable] AS [s]
        WHERE (LOWER([s].[CompanyName]) = @__ToLower_0) OR (LOWER([s].[Symbol]) = @__ToLower_1)) THEN CAST(1 AS bit)
    ELSE CAST(0 AS bit)
END
2024-06-08 20:50:51.672 +01:00  INF  Executed DbCommand (27ms) [Parameters=[@p0='?' (Size = 4000), @p1='?' (Precision = 18) (Scale = 2) (DbType = Decimal), @p2='?' (Size = 4000), @p3='?' (DbType = Int64), @p4='?' (Precision = 18) (Scale = 2) (DbType = Decimal), @p5='?' (Size = 4000)], CommandType='"Text"', CommandTimeout='30']
SET NOCOUNT ON;
INSERT INTO [StockTable] ([CompanyName], [Div], [Industry], [MarketCap], [Purchase], [Symbol])
VALUES (@p0, @p1, @p2, @p3, @p4, @p5);
SELECT [Id]
FROM [StockTable]
WHERE @@ROWCOUNT = 1 AND [Id] = scope_identity();
2024-06-08 20:50:52.051 +01:00  INF  Executing CreatedAtActionResult, writing value of type 'Authenticator.Models.Stocks'.
2024-06-08 20:50:52.150 +01:00  INF  Executed action Authenticator.Controllers.StockController.Create (Authenticator) in 10438.0773ms
2024-06-08 20:50:52.154 +01:00  INF  Executed endpoint 'Authenticator.Controllers.StockController.Create (Authenticator)'
2024-06-08 20:50:52.171 +01:00  INF  HTTP POST /api/Stock/Create Stock responded 201 in 10896.1930 ms
2024-06-08 20:50:52.212 +01:00  INF  Request finished HTTP/2 POST https://localhost:44318/api/Stock/Create Stock application/json 150 - 201 - application/json;+charset=utf-8 10990.4640ms
2024-06-08 20:51:14.531 +01:00  INF  Request starting HTTP/2 DELETE https://localhost:44318/api/Stock/Delete Stock?id=2 - -
2024-06-08 20:51:14.600 +01:00  INF  Executing endpoint 'Authenticator.Controllers.StockController.Delete (Authenticator)'
2024-06-08 20:51:14.643 +01:00  INF  Route matched with {action = "Delete", controller = "Stock"}. Executing controller action with signature System.Threading.Tasks.Task`1[Microsoft.AspNetCore.Mvc.IActionResult] Delete(Int32) on controller Authenticator.Controllers.StockController (Authenticator).
2024-06-08 20:51:14.681 +01:00  INF  Entity Framework Core 6.0.29 initialized 'ApplicationDbContext' using provider 'Microsoft.EntityFrameworkCore.SqlServer:6.0.29' with options: None
2024-06-08 20:51:14.864 +01:00  INF  Executed DbCommand (4ms) [Parameters=[@__p_0='?' (DbType = Int32)], CommandType='"Text"', CommandTimeout='30']
SELECT TOP(1) [s].[Id], [s].[CompanyName], [s].[Div], [s].[Industry], [s].[MarketCap], [s].[Purchase], [s].[Symbol]
FROM [StockTable] AS [s]
WHERE [s].[Id] = @__p_0
2024-06-08 20:51:15.000 +01:00  INF  Executed DbCommand (27ms) [Parameters=[@p0='?' (DbType = Int32)], CommandType='"Text"', CommandTimeout='30']
SET NOCOUNT ON;
DELETE FROM [StockTable]
WHERE [Id] = @p0;
SELECT @@ROWCOUNT;
2024-06-08 20:51:15.030 +01:00  INF  Executing ObjectResult, writing value of type 'Authenticator.DTO.Stock.StockDTO'.
2024-06-08 20:51:15.037 +01:00  INF  Executed action Authenticator.Controllers.StockController.Delete (Authenticator) in 393.9728ms
2024-06-08 20:51:15.037 +01:00  INF  Executed endpoint 'Authenticator.Controllers.StockController.Delete (Authenticator)'
2024-06-08 20:51:15.037 +01:00  INF  HTTP DELETE /api/Stock/Delete Stock responded 200 in 486.7403 ms
2024-06-08 20:51:15.038 +01:00  INF  Request finished HTTP/2 DELETE https://localhost:44318/api/Stock/Delete Stock?id=2 - - - 200 - application/json;+charset=utf-8 507.0763ms
2024-06-08 20:52:26.703 +01:00  INF  Request starting HTTP/2 GET https://localhost:44318/swagger/index.html - -
2024-06-08 20:52:26.745 +01:00  INF  Request finished HTTP/2 GET https://localhost:44318/swagger/index.html - - - 200 - text/html;charset=utf-8 42.3910ms
2024-06-08 20:52:26.819 +01:00  INF  Request starting HTTP/2 GET https://localhost:44318/_framework/aspnetcore-browser-refresh.js - -
2024-06-08 20:52:26.824 +01:00  INF  Request finished HTTP/2 GET https://localhost:44318/_framework/aspnetcore-browser-refresh.js - - - 200 12358 application/javascript;+charset=utf-8 5.0401ms
2024-06-08 20:52:26.832 +01:00  INF  Request starting HTTP/2 GET https://localhost:44318/_vs/browserLink - -
2024-06-08 20:52:26.898 +01:00  INF  Request finished HTTP/2 GET https://localhost:44318/_vs/browserLink - - - 200 - text/javascript;+charset=UTF-8 66.6235ms
2024-06-08 20:52:28.063 +01:00  INF  Request starting HTTP/2 GET https://localhost:44318/swagger/v1/swagger.json - -
2024-06-08 20:52:28.100 +01:00  INF  Request finished HTTP/2 GET https://localhost:44318/swagger/v1/swagger.json - - - 200 - application/json;charset=utf-8 37.4658ms
2024-06-08 20:52:28.118 +01:00  INF  Request starting HTTP/2 GET https://localhost:44318/swagger/favicon-32x32.png - -
2024-06-08 20:52:28.143 +01:00  INF  Sending file. Request path: '/favicon-32x32.png'. Physical path: 'N/A'
2024-06-08 20:52:28.143 +01:00  INF  Request finished HTTP/2 GET https://localhost:44318/swagger/favicon-32x32.png - - - 200 628 image/png 25.4460ms
2024-06-08 20:53:07.838 +01:00  INF  User profile is available. Using 'C:\Users\Oluwayanmife.ayeni\AppData\Local\ASP.NET\DataProtection-Keys' as key repository and Windows DPAPI to encrypt keys at rest.
2024-06-08 20:53:08.494 +01:00  INF  Request starting HTTP/2 GET https://localhost:44318/swagger/index.html - -
2024-06-08 20:53:08.539 +01:00  INF  Application started. Press Ctrl+C to shut down.
2024-06-08 20:53:08.540 +01:00  INF  Hosting environment: Development
2024-06-08 20:53:08.540 +01:00  INF  Content root path: C:\Users\Oluwayanmife.ayeni\OneDrive - United Capital Plc\Documents\ASP.NET\Authenticator - Copy\Authenticator\
2024-06-08 20:53:09.420 +01:00  INF  Request finished HTTP/2 GET https://localhost:44318/swagger/index.html - - - 200 - text/html;charset=utf-8 837.2140ms
2024-06-08 20:53:09.420 +01:00  INF  Request starting HTTP/2 GET https://localhost:44318/_framework/aspnetcore-browser-refresh.js - -
2024-06-08 20:53:09.451 +01:00  INF  Request finished HTTP/2 GET https://localhost:44318/_framework/aspnetcore-browser-refresh.js - - - 200 12358 application/javascript;+charset=utf-8 29.9991ms
2024-06-08 20:53:09.622 +01:00  INF  Request starting HTTP/2 GET https://localhost:44318/_vs/browserLink - -
2024-06-08 20:53:09.761 +01:00  INF  Request finished HTTP/2 GET https://localhost:44318/_vs/browserLink - - - 200 - text/javascript;+charset=UTF-8 139.6443ms
2024-06-08 20:53:10.163 +01:00  INF  Request starting HTTP/2 GET https://localhost:44318/swagger/v1/swagger.json - -
2024-06-08 20:53:10.663 +01:00  INF  Request finished HTTP/2 GET https://localhost:44318/swagger/v1/swagger.json - - - 200 - application/json;charset=utf-8 499.5443ms
2024-06-08 20:53:18.910 +01:00  INF  Request starting HTTP/2 POST https://localhost:44318/api/Stock/Create Stock application/json 150
2024-06-08 20:53:19.306 +01:00  INF  Executing endpoint 'Authenticator.Controllers.StockController.Create (Authenticator)'
2024-06-08 20:53:19.388 +01:00  INF  Route matched with {action = "Create", controller = "Stock"}. Executing controller action with signature System.Threading.Tasks.Task`1[Microsoft.AspNetCore.Mvc.IActionResult] Create(Authenticator.DTO.Stock.CreateStockDTO) on controller Authenticator.Controllers.StockController (Authenticator).
2024-06-08 20:53:23.019 +01:00  WRN  No store type was specified for the decimal property 'Div' on entity type 'Stocks'. This will cause values to be silently truncated if they do not fit in the default precision and scale. Explicitly specify the SQL server column type that can accommodate all the values in 'OnModelCreating' using 'HasColumnType', specify precision and scale using 'HasPrecision', or configure a value converter using 'HasConversion'.
2024-06-08 20:53:23.020 +01:00  WRN  No store type was specified for the decimal property 'Purchase' on entity type 'Stocks'. This will cause values to be silently truncated if they do not fit in the default precision and scale. Explicitly specify the SQL server column type that can accommodate all the values in 'OnModelCreating' using 'HasColumnType', specify precision and scale using 'HasPrecision', or configure a value converter using 'HasConversion'.
2024-06-08 20:53:23.964 +01:00  INF  Entity Framework Core 6.0.29 initialized 'ApplicationDbContext' using provider 'Microsoft.EntityFrameworkCore.SqlServer:6.0.29' with options: None
2024-06-08 20:53:27.476 +01:00  INF  Executed DbCommand (339ms) [Parameters=[@__ToLower_0='?' (Size = 4000), @__ToLower_1='?' (Size = 4000)], CommandType='"Text"', CommandTimeout='30']
SELECT CASE
    WHEN EXISTS (
        SELECT 1
        FROM [StockTable] AS [s]
        WHERE (LOWER([s].[CompanyName]) = @__ToLower_0) OR (LOWER([s].[Symbol]) = @__ToLower_1)) THEN CAST(1 AS bit)
    ELSE CAST(0 AS bit)
END
2024-06-08 20:53:28.554 +01:00  INF  Executed DbCommand (43ms) [Parameters=[@p0='?' (Size = 4000), @p1='?' (Precision = 18) (Scale = 2) (DbType = Decimal), @p2='?' (Size = 4000), @p3='?' (DbType = Int64), @p4='?' (Precision = 18) (Scale = 2) (DbType = Decimal), @p5='?' (Size = 4000)], CommandType='"Text"', CommandTimeout='30']
SET NOCOUNT ON;
INSERT INTO [StockTable] ([CompanyName], [Div], [Industry], [MarketCap], [Purchase], [Symbol])
VALUES (@p0, @p1, @p2, @p3, @p4, @p5);
SELECT [Id]
FROM [StockTable]
WHERE @@ROWCOUNT = 1 AND [Id] = scope_identity();
2024-06-08 20:53:28.844 +01:00  INF  Executing CreatedAtActionResult, writing value of type 'Authenticator.DTO.Stock.StockDTO'.
2024-06-08 20:53:28.958 +01:00  INF  Executed action Authenticator.Controllers.StockController.Create (Authenticator) in 9557.483ms
2024-06-08 20:53:28.963 +01:00  INF  Executed endpoint 'Authenticator.Controllers.StockController.Create (Authenticator)'
2024-06-08 20:53:28.976 +01:00  INF  HTTP POST /api/Stock/Create Stock responded 201 in 10046.4222 ms
2024-06-08 20:53:29.005 +01:00  INF  Request finished HTTP/2 POST https://localhost:44318/api/Stock/Create Stock application/json 150 - 201 - application/json;+charset=utf-8 10094.8450ms
2024-06-08 20:54:54.086 +01:00  INF  Request starting HTTP/2 POST https://localhost:44318/api/Stock/Edit Stock using StockId?id=3 application/json 129
2024-06-08 20:54:54.149 +01:00  INF  Executing endpoint 'Authenticator.Controllers.StockController.Edit (Authenticator)'
2024-06-08 20:54:54.193 +01:00  INF  Route matched with {action = "Edit", controller = "Stock"}. Executing controller action with signature System.Threading.Tasks.Task`1[Microsoft.AspNetCore.Mvc.IActionResult] Edit(Int32, Authenticator.DTO.Stock.UpdateStockDTO) on controller Authenticator.Controllers.StockController (Authenticator).
2024-06-08 20:54:54.233 +01:00  INF  Entity Framework Core 6.0.29 initialized 'ApplicationDbContext' using provider 'Microsoft.EntityFrameworkCore.SqlServer:6.0.29' with options: None
2024-06-08 20:54:54.459 +01:00  INF  Executed DbCommand (16ms) [Parameters=[@__id_0='?' (DbType = Int32)], CommandType='"Text"', CommandTimeout='30']
SELECT TOP(1) [s].[Id], [s].[CompanyName], [s].[Div], [s].[Industry], [s].[MarketCap], [s].[Purchase], [s].[Symbol]
FROM [StockTable] AS [s]
WHERE [s].[Id] = @__id_0
2024-06-08 20:54:54.494 +01:00  INF  Executing ObjectResult, writing value of type 'Authenticator.DTO.Stock.StockDTO'.
2024-06-08 20:54:54.495 +01:00  INF  Executed action Authenticator.Controllers.StockController.Edit (Authenticator) in 301.2652ms
2024-06-08 20:54:54.495 +01:00  INF  Executed endpoint 'Authenticator.Controllers.StockController.Edit (Authenticator)'
2024-06-08 20:54:54.495 +01:00  INF  HTTP POST /api/Stock/Edit Stock using StockId responded 200 in 399.1726 ms
2024-06-08 20:54:54.496 +01:00  INF  Request finished HTTP/2 POST https://localhost:44318/api/Stock/Edit Stock using StockId?id=3 application/json 129 - 200 - application/json;+charset=utf-8 409.6275ms
2024-06-08 20:56:15.087 +01:00  INF  Request starting HTTP/2 GET https://localhost:44318/api/Stock/Get By StockId?id=1 - -
2024-06-08 20:56:15.104 +01:00  INF  Executing endpoint 'Authenticator.Controllers.StockController.GetById (Authenticator)'
2024-06-08 20:56:15.114 +01:00  INF  Route matched with {action = "GetById", controller = "Stock"}. Executing controller action with signature System.Threading.Tasks.Task`1[Microsoft.AspNetCore.Mvc.IActionResult] GetById(Int32) on controller Authenticator.Controllers.StockController (Authenticator).
2024-06-08 20:56:15.341 +01:00  INF  Entity Framework Core 6.0.29 initialized 'ApplicationDbContext' using provider 'Microsoft.EntityFrameworkCore.SqlServer:6.0.29' with options: None
2024-06-08 20:56:15.408 +01:00  INF  Executed DbCommand (11ms) [Parameters=[@__p_0='?' (DbType = Int32)], CommandType='"Text"', CommandTimeout='30']
SELECT TOP(1) [s].[Id], [s].[CompanyName], [s].[Div], [s].[Industry], [s].[MarketCap], [s].[Purchase], [s].[Symbol]
FROM [StockTable] AS [s]
WHERE [s].[Id] = @__p_0
2024-06-08 20:56:15.450 +01:00  INF  6/8/2024 8:56:15 PM: stocks for customer 1 retrieved
2024-06-08 20:56:15.452 +01:00  INF  Executing ObjectResult, writing value of type 'Authenticator.DTO.Stock.StockDTO'.
2024-06-08 20:56:15.453 +01:00  INF  Executed action Authenticator.Controllers.StockController.GetById (Authenticator) in 338.5323ms
2024-06-08 20:56:15.453 +01:00  INF  Executed endpoint 'Authenticator.Controllers.StockController.GetById (Authenticator)'
2024-06-08 20:56:15.453 +01:00  INF  HTTP GET /api/Stock/Get By StockId responded 200 in 365.1929 ms
2024-06-08 20:56:15.454 +01:00  INF  Request finished HTTP/2 GET https://localhost:44318/api/Stock/Get By StockId?id=1 - - - 200 - application/json;+charset=utf-8 366.2849ms
2024-06-08 20:56:19.831 +01:00  INF  Request starting HTTP/2 GET https://localhost:44318/api/Stock/Get By StockId?id=2 - -
2024-06-08 20:56:19.831 +01:00  INF  Executing endpoint 'Authenticator.Controllers.StockController.GetById (Authenticator)'
2024-06-08 20:56:19.832 +01:00  INF  Route matched with {action = "GetById", controller = "Stock"}. Executing controller action with signature System.Threading.Tasks.Task`1[Microsoft.AspNetCore.Mvc.IActionResult] GetById(Int32) on controller Authenticator.Controllers.StockController (Authenticator).
2024-06-08 20:56:19.836 +01:00  INF  Entity Framework Core 6.0.29 initialized 'ApplicationDbContext' using provider 'Microsoft.EntityFrameworkCore.SqlServer:6.0.29' with options: None
2024-06-08 20:56:19.858 +01:00  INF  Executed DbCommand (7ms) [Parameters=[@__p_0='?' (DbType = Int32)], CommandType='"Text"', CommandTimeout='30']
SELECT TOP(1) [s].[Id], [s].[CompanyName], [s].[Div], [s].[Industry], [s].[MarketCap], [s].[Purchase], [s].[Symbol]
FROM [StockTable] AS [s]
WHERE [s].[Id] = @__p_0
2024-06-08 20:56:19.858 +01:00  WRN  6/8/2024 8:56:19 PM: stocks for customer 2 not found 
2024-06-08 20:56:19.859 +01:00  INF  Executing ObjectResult, writing value of type 'System.Collections.Generic.List`1[[System.String, System.Private.CoreLib, Version=6.0.0.0, Culture=neutral, PublicKeyToken=7cec85d7bea7798e]]'.
2024-06-08 20:56:19.862 +01:00  INF  Executed action Authenticator.Controllers.StockController.GetById (Authenticator) in 29.7913ms
2024-06-08 20:56:19.862 +01:00  INF  Executed endpoint 'Authenticator.Controllers.StockController.GetById (Authenticator)'
2024-06-08 20:56:19.863 +01:00  INF  HTTP GET /api/Stock/Get By StockId responded 404 in 31.6076 ms
2024-06-08 20:56:19.864 +01:00  INF  Request finished HTTP/2 GET https://localhost:44318/api/Stock/Get By StockId?id=2 - - - 404 - application/json;+charset=utf-8 32.9399ms
2024-06-08 20:56:23.558 +01:00  INF  Request starting HTTP/2 GET https://localhost:44318/api/Stock/Get By StockId?id=3 - -
2024-06-08 20:56:23.558 +01:00  INF  Executing endpoint 'Authenticator.Controllers.StockController.GetById (Authenticator)'
2024-06-08 20:56:23.559 +01:00  INF  Route matched with {action = "GetById", controller = "Stock"}. Executing controller action with signature System.Threading.Tasks.Task`1[Microsoft.AspNetCore.Mvc.IActionResult] GetById(Int32) on controller Authenticator.Controllers.StockController (Authenticator).
2024-06-08 20:56:23.560 +01:00  INF  Entity Framework Core 6.0.29 initialized 'ApplicationDbContext' using provider 'Microsoft.EntityFrameworkCore.SqlServer:6.0.29' with options: None
2024-06-08 20:56:23.573 +01:00  INF  Executed DbCommand (11ms) [Parameters=[@__p_0='?' (DbType = Int32)], CommandType='"Text"', CommandTimeout='30']
SELECT TOP(1) [s].[Id], [s].[CompanyName], [s].[Div], [s].[Industry], [s].[MarketCap], [s].[Purchase], [s].[Symbol]
FROM [StockTable] AS [s]
WHERE [s].[Id] = @__p_0
2024-06-08 20:56:23.575 +01:00  INF  6/8/2024 8:56:23 PM: stocks for customer 3 retrieved
2024-06-08 20:56:23.577 +01:00  INF  Executing ObjectResult, writing value of type 'Authenticator.DTO.Stock.StockDTO'.
2024-06-08 20:56:23.577 +01:00  INF  Executed action Authenticator.Controllers.StockController.GetById (Authenticator) in 18.6947ms
2024-06-08 20:56:23.578 +01:00  INF  Executed endpoint 'Authenticator.Controllers.StockController.GetById (Authenticator)'
2024-06-08 20:56:23.578 +01:00  INF  HTTP GET /api/Stock/Get By StockId responded 200 in 19.8083 ms
2024-06-08 20:56:23.579 +01:00  INF  Request finished HTTP/2 GET https://localhost:44318/api/Stock/Get By StockId?id=3 - - - 200 - application/json;+charset=utf-8 20.8450ms
2024-06-08 20:56:34.155 +01:00  INF  Request starting HTTP/2 GET https://localhost:44318/api/Stock/Get By StockId?id=0 - -
2024-06-08 20:56:34.155 +01:00  INF  Executing endpoint 'Authenticator.Controllers.StockController.GetById (Authenticator)'
2024-06-08 20:56:34.156 +01:00  INF  Route matched with {action = "GetById", controller = "Stock"}. Executing controller action with signature System.Threading.Tasks.Task`1[Microsoft.AspNetCore.Mvc.IActionResult] GetById(Int32) on controller Authenticator.Controllers.StockController (Authenticator).
2024-06-08 20:56:34.156 +01:00  INF  Entity Framework Core 6.0.29 initialized 'ApplicationDbContext' using provider 'Microsoft.EntityFrameworkCore.SqlServer:6.0.29' with options: None
2024-06-08 20:56:34.163 +01:00  INF  Executed DbCommand (5ms) [Parameters=[@__p_0='?' (DbType = Int32)], CommandType='"Text"', CommandTimeout='30']
SELECT TOP(1) [s].[Id], [s].[CompanyName], [s].[Div], [s].[Industry], [s].[MarketCap], [s].[Purchase], [s].[Symbol]
FROM [StockTable] AS [s]
WHERE [s].[Id] = @__p_0
2024-06-08 20:56:34.163 +01:00  WRN  6/8/2024 8:56:34 PM: stocks for customer 0 not found 
2024-06-08 20:56:34.163 +01:00  INF  Executing ObjectResult, writing value of type 'System.Collections.Generic.List`1[[System.String, System.Private.CoreLib, Version=6.0.0.0, Culture=neutral, PublicKeyToken=7cec85d7bea7798e]]'.
2024-06-08 20:56:34.164 +01:00  INF  Executed action Authenticator.Controllers.StockController.GetById (Authenticator) in 7.9944ms
2024-06-08 20:56:34.164 +01:00  INF  Executed endpoint 'Authenticator.Controllers.StockController.GetById (Authenticator)'
2024-06-08 20:56:34.164 +01:00  INF  HTTP GET /api/Stock/Get By StockId responded 404 in 8.7189 ms
2024-06-08 20:56:34.164 +01:00  INF  Request finished HTTP/2 GET https://localhost:44318/api/Stock/Get By StockId?id=0 - - - 404 - application/json;+charset=utf-8 9.2669ms
2024-06-08 20:56:36.932 +01:00  INF  Request starting HTTP/2 GET https://localhost:44318/api/Stock/Get By StockId?id=1 - -
2024-06-08 20:56:36.933 +01:00  INF  Executing endpoint 'Authenticator.Controllers.StockController.GetById (Authenticator)'
2024-06-08 20:56:36.933 +01:00  INF  Route matched with {action = "GetById", controller = "Stock"}. Executing controller action with signature System.Threading.Tasks.Task`1[Microsoft.AspNetCore.Mvc.IActionResult] GetById(Int32) on controller Authenticator.Controllers.StockController (Authenticator).
2024-06-08 20:56:36.935 +01:00  INF  Entity Framework Core 6.0.29 initialized 'ApplicationDbContext' using provider 'Microsoft.EntityFrameworkCore.SqlServer:6.0.29' with options: None
2024-06-08 20:56:36.943 +01:00  INF  Executed DbCommand (7ms) [Parameters=[@__p_0='?' (DbType = Int32)], CommandType='"Text"', CommandTimeout='30']
SELECT TOP(1) [s].[Id], [s].[CompanyName], [s].[Div], [s].[Industry], [s].[MarketCap], [s].[Purchase], [s].[Symbol]
FROM [StockTable] AS [s]
WHERE [s].[Id] = @__p_0
2024-06-08 20:56:36.946 +01:00  INF  6/8/2024 8:56:36 PM: stocks for customer 1 retrieved
2024-06-08 20:56:36.946 +01:00  INF  Executing ObjectResult, writing value of type 'Authenticator.DTO.Stock.StockDTO'.
2024-06-08 20:56:36.955 +01:00  INF  Executed action Authenticator.Controllers.StockController.GetById (Authenticator) in 21.769ms
2024-06-08 20:56:36.955 +01:00  INF  Executed endpoint 'Authenticator.Controllers.StockController.GetById (Authenticator)'
2024-06-08 20:56:36.955 +01:00  INF  HTTP GET /api/Stock/Get By StockId responded 200 in 23.0122 ms
2024-06-08 20:56:36.965 +01:00  INF  Request finished HTTP/2 GET https://localhost:44318/api/Stock/Get By StockId?id=1 - - - 200 - application/json;+charset=utf-8 32.5842ms
2024-06-08 20:56:39.739 +01:00  INF  Request starting HTTP/2 GET https://localhost:44318/api/Stock/Get By StockId?id=2 - -
2024-06-08 20:56:39.740 +01:00  INF  Executing endpoint 'Authenticator.Controllers.StockController.GetById (Authenticator)'
2024-06-08 20:56:39.740 +01:00  INF  Route matched with {action = "GetById", controller = "Stock"}. Executing controller action with signature System.Threading.Tasks.Task`1[Microsoft.AspNetCore.Mvc.IActionResult] GetById(Int32) on controller Authenticator.Controllers.StockController (Authenticator).
2024-06-08 20:56:39.741 +01:00  INF  Entity Framework Core 6.0.29 initialized 'ApplicationDbContext' using provider 'Microsoft.EntityFrameworkCore.SqlServer:6.0.29' with options: None
2024-06-08 20:56:39.749 +01:00  INF  Executed DbCommand (7ms) [Parameters=[@__p_0='?' (DbType = Int32)], CommandType='"Text"', CommandTimeout='30']
SELECT TOP(1) [s].[Id], [s].[CompanyName], [s].[Div], [s].[Industry], [s].[MarketCap], [s].[Purchase], [s].[Symbol]
FROM [StockTable] AS [s]
WHERE [s].[Id] = @__p_0
2024-06-08 20:56:39.749 +01:00  WRN  6/8/2024 8:56:39 PM: stocks for customer 2 not found 
2024-06-08 20:56:39.750 +01:00  INF  Executing ObjectResult, writing value of type 'System.Collections.Generic.List`1[[System.String, System.Private.CoreLib, Version=6.0.0.0, Culture=neutral, PublicKeyToken=7cec85d7bea7798e]]'.
2024-06-08 20:56:39.751 +01:00  INF  Executed action Authenticator.Controllers.StockController.GetById (Authenticator) in 10.7379ms
2024-06-08 20:56:39.751 +01:00  INF  Executed endpoint 'Authenticator.Controllers.StockController.GetById (Authenticator)'
2024-06-08 20:56:39.751 +01:00  INF  HTTP GET /api/Stock/Get By StockId responded 404 in 11.6128 ms
2024-06-08 20:56:39.752 +01:00  INF  Request finished HTTP/2 GET https://localhost:44318/api/Stock/Get By StockId?id=2 - - - 404 - application/json;+charset=utf-8 12.4533ms
2024-06-08 20:56:46.380 +01:00  INF  Request starting HTTP/2 GET https://localhost:44318/api/Stock/Get By StockId?id=3 - -
2024-06-08 20:56:46.380 +01:00  INF  Executing endpoint 'Authenticator.Controllers.StockController.GetById (Authenticator)'
2024-06-08 20:56:46.380 +01:00  INF  Route matched with {action = "GetById", controller = "Stock"}. Executing controller action with signature System.Threading.Tasks.Task`1[Microsoft.AspNetCore.Mvc.IActionResult] GetById(Int32) on controller Authenticator.Controllers.StockController (Authenticator).
2024-06-08 20:56:46.382 +01:00  INF  Entity Framework Core 6.0.29 initialized 'ApplicationDbContext' using provider 'Microsoft.EntityFrameworkCore.SqlServer:6.0.29' with options: None
2024-06-08 20:56:46.387 +01:00  INF  Executed DbCommand (4ms) [Parameters=[@__p_0='?' (DbType = Int32)], CommandType='"Text"', CommandTimeout='30']
SELECT TOP(1) [s].[Id], [s].[CompanyName], [s].[Div], [s].[Industry], [s].[MarketCap], [s].[Purchase], [s].[Symbol]
FROM [StockTable] AS [s]
WHERE [s].[Id] = @__p_0
2024-06-08 20:56:46.387 +01:00  INF  6/8/2024 8:56:46 PM: stocks for customer 3 retrieved
2024-06-08 20:56:46.388 +01:00  INF  Executing ObjectResult, writing value of type 'Authenticator.DTO.Stock.StockDTO'.
2024-06-08 20:56:46.389 +01:00  INF  Executed action Authenticator.Controllers.StockController.GetById (Authenticator) in 8.5203ms
2024-06-08 20:56:46.389 +01:00  INF  Executed endpoint 'Authenticator.Controllers.StockController.GetById (Authenticator)'
2024-06-08 20:56:46.389 +01:00  INF  HTTP GET /api/Stock/Get By StockId responded 200 in 9.5297 ms
2024-06-08 20:56:46.390 +01:00  INF  Request finished HTTP/2 GET https://localhost:44318/api/Stock/Get By StockId?id=3 - - - 200 - application/json;+charset=utf-8 10.3849ms
2024-06-08 20:56:53.221 +01:00  INF  Request starting HTTP/2 POST https://localhost:44318/api/Stock/Edit Stock using StockId?id=3 application/json 129
2024-06-08 20:56:53.222 +01:00  INF  Executing endpoint 'Authenticator.Controllers.StockController.Edit (Authenticator)'
2024-06-08 20:56:53.222 +01:00  INF  Route matched with {action = "Edit", controller = "Stock"}. Executing controller action with signature System.Threading.Tasks.Task`1[Microsoft.AspNetCore.Mvc.IActionResult] Edit(Int32, Authenticator.DTO.Stock.UpdateStockDTO) on controller Authenticator.Controllers.StockController (Authenticator).
2024-06-08 20:56:53.226 +01:00  INF  Entity Framework Core 6.0.29 initialized 'ApplicationDbContext' using provider 'Microsoft.EntityFrameworkCore.SqlServer:6.0.29' with options: None
2024-06-08 20:56:53.235 +01:00  INF  Executed DbCommand (8ms) [Parameters=[@__id_0='?' (DbType = Int32)], CommandType='"Text"', CommandTimeout='30']
SELECT TOP(1) [s].[Id], [s].[CompanyName], [s].[Div], [s].[Industry], [s].[MarketCap], [s].[Purchase], [s].[Symbol]
FROM [StockTable] AS [s]
WHERE [s].[Id] = @__id_0
2024-06-08 20:56:53.239 +01:00  INF  Executing ObjectResult, writing value of type 'Authenticator.DTO.Stock.StockDTO'.
2024-06-08 20:56:53.252 +01:00  INF  Executed action Authenticator.Controllers.StockController.Edit (Authenticator) in 28.9221ms
2024-06-08 20:56:53.252 +01:00  INF  Executed endpoint 'Authenticator.Controllers.StockController.Edit (Authenticator)'
2024-06-08 20:56:53.252 +01:00  INF  HTTP POST /api/Stock/Edit Stock using StockId responded 200 in 30.3192 ms
2024-06-08 20:56:53.256 +01:00  INF  Request finished HTTP/2 POST https://localhost:44318/api/Stock/Edit Stock using StockId?id=3 application/json 129 - 200 - application/json;+charset=utf-8 34.7182ms
2024-06-08 20:56:54.131 +01:00  INF  Request starting HTTP/2 POST https://localhost:44318/api/Stock/Edit Stock using StockId?id=3 application/json 129
2024-06-08 20:56:54.131 +01:00  INF  Executing endpoint 'Authenticator.Controllers.StockController.Edit (Authenticator)'
2024-06-08 20:56:54.132 +01:00  INF  Route matched with {action = "Edit", controller = "Stock"}. Executing controller action with signature System.Threading.Tasks.Task`1[Microsoft.AspNetCore.Mvc.IActionResult] Edit(Int32, Authenticator.DTO.Stock.UpdateStockDTO) on controller Authenticator.Controllers.StockController (Authenticator).
2024-06-08 20:56:54.133 +01:00  INF  Entity Framework Core 6.0.29 initialized 'ApplicationDbContext' using provider 'Microsoft.EntityFrameworkCore.SqlServer:6.0.29' with options: None
2024-06-08 20:56:54.142 +01:00  INF  Executed DbCommand (8ms) [Parameters=[@__id_0='?' (DbType = Int32)], CommandType='"Text"', CommandTimeout='30']
SELECT TOP(1) [s].[Id], [s].[CompanyName], [s].[Div], [s].[Industry], [s].[MarketCap], [s].[Purchase], [s].[Symbol]
FROM [StockTable] AS [s]
WHERE [s].[Id] = @__id_0
2024-06-08 20:56:54.143 +01:00  INF  Executing ObjectResult, writing value of type 'Authenticator.DTO.Stock.StockDTO'.
2024-06-08 20:56:54.144 +01:00  INF  Executed action Authenticator.Controllers.StockController.Edit (Authenticator) in 11.8632ms
2024-06-08 20:56:54.144 +01:00  INF  Executed endpoint 'Authenticator.Controllers.StockController.Edit (Authenticator)'
2024-06-08 20:56:54.144 +01:00  INF  HTTP POST /api/Stock/Edit Stock using StockId responded 200 in 13.2165 ms
2024-06-08 20:56:54.145 +01:00  INF  Request finished HTTP/2 POST https://localhost:44318/api/Stock/Edit Stock using StockId?id=3 application/json 129 - 200 - application/json;+charset=utf-8 14.6043ms
2024-06-08 20:56:54.937 +01:00  INF  Request starting HTTP/2 POST https://localhost:44318/api/Stock/Edit Stock using StockId?id=3 application/json 129
2024-06-08 20:56:54.937 +01:00  INF  Executing endpoint 'Authenticator.Controllers.StockController.Edit (Authenticator)'
2024-06-08 20:56:54.938 +01:00  INF  Route matched with {action = "Edit", controller = "Stock"}. Executing controller action with signature System.Threading.Tasks.Task`1[Microsoft.AspNetCore.Mvc.IActionResult] Edit(Int32, Authenticator.DTO.Stock.UpdateStockDTO) on controller Authenticator.Controllers.StockController (Authenticator).
2024-06-08 20:56:54.940 +01:00  INF  Entity Framework Core 6.0.29 initialized 'ApplicationDbContext' using provider 'Microsoft.EntityFrameworkCore.SqlServer:6.0.29' with options: None
2024-06-08 20:56:54.947 +01:00  INF  Executed DbCommand (7ms) [Parameters=[@__id_0='?' (DbType = Int32)], CommandType='"Text"', CommandTimeout='30']
SELECT TOP(1) [s].[Id], [s].[CompanyName], [s].[Div], [s].[Industry], [s].[MarketCap], [s].[Purchase], [s].[Symbol]
FROM [StockTable] AS [s]
WHERE [s].[Id] = @__id_0
2024-06-08 20:56:54.949 +01:00  INF  Executing ObjectResult, writing value of type 'Authenticator.DTO.Stock.StockDTO'.
2024-06-08 20:56:54.950 +01:00  INF  Executed action Authenticator.Controllers.StockController.Edit (Authenticator) in 11.9133ms
2024-06-08 20:56:54.950 +01:00  INF  Executed endpoint 'Authenticator.Controllers.StockController.Edit (Authenticator)'
2024-06-08 20:56:54.950 +01:00  INF  HTTP POST /api/Stock/Edit Stock using StockId responded 200 in 13.1841 ms
2024-06-08 20:56:54.951 +01:00  INF  Request finished HTTP/2 POST https://localhost:44318/api/Stock/Edit Stock using StockId?id=3 application/json 129 - 200 - application/json;+charset=utf-8 14.1634ms
2024-06-08 20:56:55.576 +01:00  INF  Request starting HTTP/2 POST https://localhost:44318/api/Stock/Edit Stock using StockId?id=3 application/json 129
2024-06-08 20:56:55.576 +01:00  INF  Executing endpoint 'Authenticator.Controllers.StockController.Edit (Authenticator)'
2024-06-08 20:56:55.576 +01:00  INF  Route matched with {action = "Edit", controller = "Stock"}. Executing controller action with signature System.Threading.Tasks.Task`1[Microsoft.AspNetCore.Mvc.IActionResult] Edit(Int32, Authenticator.DTO.Stock.UpdateStockDTO) on controller Authenticator.Controllers.StockController (Authenticator).
2024-06-08 20:56:55.578 +01:00  INF  Entity Framework Core 6.0.29 initialized 'ApplicationDbContext' using provider 'Microsoft.EntityFrameworkCore.SqlServer:6.0.29' with options: None
2024-06-08 20:56:55.584 +01:00  INF  Executed DbCommand (6ms) [Parameters=[@__id_0='?' (DbType = Int32)], CommandType='"Text"', CommandTimeout='30']
SELECT TOP(1) [s].[Id], [s].[CompanyName], [s].[Div], [s].[Industry], [s].[MarketCap], [s].[Purchase], [s].[Symbol]
FROM [StockTable] AS [s]
WHERE [s].[Id] = @__id_0
2024-06-08 20:56:55.585 +01:00  INF  Executing ObjectResult, writing value of type 'Authenticator.DTO.Stock.StockDTO'.
2024-06-08 20:56:55.586 +01:00  INF  Executed action Authenticator.Controllers.StockController.Edit (Authenticator) in 9.7078ms
2024-06-08 20:56:55.586 +01:00  INF  Executed endpoint 'Authenticator.Controllers.StockController.Edit (Authenticator)'
2024-06-08 20:56:55.586 +01:00  INF  HTTP POST /api/Stock/Edit Stock using StockId responded 200 in 10.5212 ms
2024-06-08 20:56:55.587 +01:00  INF  Request finished HTTP/2 POST https://localhost:44318/api/Stock/Edit Stock using StockId?id=3 application/json 129 - 200 - application/json;+charset=utf-8 11.4950ms
2024-06-08 20:56:56.335 +01:00  INF  Request starting HTTP/2 POST https://localhost:44318/api/Stock/Edit Stock using StockId?id=3 application/json 129
2024-06-08 20:56:56.335 +01:00  INF  Executing endpoint 'Authenticator.Controllers.StockController.Edit (Authenticator)'
2024-06-08 20:56:56.335 +01:00  INF  Route matched with {action = "Edit", controller = "Stock"}. Executing controller action with signature System.Threading.Tasks.Task`1[Microsoft.AspNetCore.Mvc.IActionResult] Edit(Int32, Authenticator.DTO.Stock.UpdateStockDTO) on controller Authenticator.Controllers.StockController (Authenticator).
2024-06-08 20:56:56.336 +01:00  INF  Entity Framework Core 6.0.29 initialized 'ApplicationDbContext' using provider 'Microsoft.EntityFrameworkCore.SqlServer:6.0.29' with options: None
2024-06-08 20:56:56.341 +01:00  INF  Executed DbCommand (4ms) [Parameters=[@__id_0='?' (DbType = Int32)], CommandType='"Text"', CommandTimeout='30']
SELECT TOP(1) [s].[Id], [s].[CompanyName], [s].[Div], [s].[Industry], [s].[MarketCap], [s].[Purchase], [s].[Symbol]
FROM [StockTable] AS [s]
WHERE [s].[Id] = @__id_0
2024-06-08 20:56:56.342 +01:00  INF  Executing ObjectResult, writing value of type 'Authenticator.DTO.Stock.StockDTO'.
2024-06-08 20:56:56.343 +01:00  INF  Executed action Authenticator.Controllers.StockController.Edit (Authenticator) in 7.1102ms
2024-06-08 20:56:56.343 +01:00  INF  Executed endpoint 'Authenticator.Controllers.StockController.Edit (Authenticator)'
2024-06-08 20:56:56.343 +01:00  INF  HTTP POST /api/Stock/Edit Stock using StockId responded 200 in 7.8556 ms
2024-06-08 20:56:56.343 +01:00  INF  Request finished HTTP/2 POST https://localhost:44318/api/Stock/Edit Stock using StockId?id=3 application/json 129 - 200 - application/json;+charset=utf-8 8.5029ms
2024-06-08 20:57:00.591 +01:00  INF  Request starting HTTP/2 GET https://localhost:44318/api/Stock/Get By StockId?id=3 - -
2024-06-08 20:57:00.592 +01:00  INF  Executing endpoint 'Authenticator.Controllers.StockController.GetById (Authenticator)'
2024-06-08 20:57:00.592 +01:00  INF  Route matched with {action = "GetById", controller = "Stock"}. Executing controller action with signature System.Threading.Tasks.Task`1[Microsoft.AspNetCore.Mvc.IActionResult] GetById(Int32) on controller Authenticator.Controllers.StockController (Authenticator).
2024-06-08 20:57:00.593 +01:00  INF  Entity Framework Core 6.0.29 initialized 'ApplicationDbContext' using provider 'Microsoft.EntityFrameworkCore.SqlServer:6.0.29' with options: None
2024-06-08 20:57:00.621 +01:00  INF  Executed DbCommand (27ms) [Parameters=[@__p_0='?' (DbType = Int32)], CommandType='"Text"', CommandTimeout='30']
SELECT TOP(1) [s].[Id], [s].[CompanyName], [s].[Div], [s].[Industry], [s].[MarketCap], [s].[Purchase], [s].[Symbol]
FROM [StockTable] AS [s]
WHERE [s].[Id] = @__p_0
2024-06-08 20:57:00.621 +01:00  INF  6/8/2024 8:57:00 PM: stocks for customer 3 retrieved
2024-06-08 20:57:00.622 +01:00  INF  Executing ObjectResult, writing value of type 'Authenticator.DTO.Stock.StockDTO'.
2024-06-08 20:57:00.622 +01:00  INF  Executed action Authenticator.Controllers.StockController.GetById (Authenticator) in 30.2596ms
2024-06-08 20:57:00.622 +01:00  INF  Executed endpoint 'Authenticator.Controllers.StockController.GetById (Authenticator)'
2024-06-08 20:57:00.622 +01:00  INF  HTTP GET /api/Stock/Get By StockId responded 200 in 30.8970 ms
2024-06-08 20:57:00.623 +01:00  INF  Request finished HTTP/2 GET https://localhost:44318/api/Stock/Get By StockId?id=3 - - - 200 - application/json;+charset=utf-8 31.3966ms
2024-06-08 20:57:02.256 +01:00  INF  Request starting HTTP/2 GET https://localhost:44318/api/Stock/Get By StockId?id=3 - -
2024-06-08 20:57:02.257 +01:00  INF  Executing endpoint 'Authenticator.Controllers.StockController.GetById (Authenticator)'
2024-06-08 20:57:02.257 +01:00  INF  Route matched with {action = "GetById", controller = "Stock"}. Executing controller action with signature System.Threading.Tasks.Task`1[Microsoft.AspNetCore.Mvc.IActionResult] GetById(Int32) on controller Authenticator.Controllers.StockController (Authenticator).
2024-06-08 20:57:02.258 +01:00  INF  Executing ObjectResult, writing value of type 'Authenticator.DTO.Stock.StockDTO'.
2024-06-08 20:57:02.259 +01:00  INF  Executed action Authenticator.Controllers.StockController.GetById (Authenticator) in 1.8262ms
2024-06-08 20:57:02.259 +01:00  INF  Executed endpoint 'Authenticator.Controllers.StockController.GetById (Authenticator)'
2024-06-08 20:57:02.259 +01:00  INF  HTTP GET /api/Stock/Get By StockId responded 200 in 2.6859 ms
2024-06-08 20:57:02.260 +01:00  INF  Request finished HTTP/2 GET https://localhost:44318/api/Stock/Get By StockId?id=3 - - - 200 - application/json;+charset=utf-8 3.2629ms
2024-06-08 20:57:02.809 +01:00  INF  Request starting HTTP/2 GET https://localhost:44318/api/Stock/Get By StockId?id=3 - -
2024-06-08 20:57:02.810 +01:00  INF  Executing endpoint 'Authenticator.Controllers.StockController.GetById (Authenticator)'
2024-06-08 20:57:02.810 +01:00  INF  Route matched with {action = "GetById", controller = "Stock"}. Executing controller action with signature System.Threading.Tasks.Task`1[Microsoft.AspNetCore.Mvc.IActionResult] GetById(Int32) on controller Authenticator.Controllers.StockController (Authenticator).
2024-06-08 20:57:02.811 +01:00  INF  Executing ObjectResult, writing value of type 'Authenticator.DTO.Stock.StockDTO'.
2024-06-08 20:57:02.812 +01:00  INF  Executed action Authenticator.Controllers.StockController.GetById (Authenticator) in 1.2826ms
2024-06-08 20:57:02.812 +01:00  INF  Executed endpoint 'Authenticator.Controllers.StockController.GetById (Authenticator)'
2024-06-08 20:57:02.812 +01:00  INF  HTTP GET /api/Stock/Get By StockId responded 200 in 2.1304 ms
2024-06-08 20:57:02.812 +01:00  INF  Request finished HTTP/2 GET https://localhost:44318/api/Stock/Get By StockId?id=3 - - - 200 - application/json;+charset=utf-8 2.8414ms
2024-06-08 20:57:03.402 +01:00  INF  Request starting HTTP/2 GET https://localhost:44318/api/Stock/Get By StockId?id=3 - -
2024-06-08 20:57:03.403 +01:00  INF  Executing endpoint 'Authenticator.Controllers.StockController.GetById (Authenticator)'
2024-06-08 20:57:03.403 +01:00  INF  Route matched with {action = "GetById", controller = "Stock"}. Executing controller action with signature System.Threading.Tasks.Task`1[Microsoft.AspNetCore.Mvc.IActionResult] GetById(Int32) on controller Authenticator.Controllers.StockController (Authenticator).
2024-06-08 20:57:03.403 +01:00  INF  Executing ObjectResult, writing value of type 'Authenticator.DTO.Stock.StockDTO'.
2024-06-08 20:57:03.404 +01:00  INF  Executed action Authenticator.Controllers.StockController.GetById (Authenticator) in 0.974ms
2024-06-08 20:57:03.404 +01:00  INF  Executed endpoint 'Authenticator.Controllers.StockController.GetById (Authenticator)'
2024-06-08 20:57:03.404 +01:00  INF  HTTP GET /api/Stock/Get By StockId responded 200 in 1.6107 ms
2024-06-08 20:57:03.404 +01:00  INF  Request finished HTTP/2 GET https://localhost:44318/api/Stock/Get By StockId?id=3 - - - 200 - application/json;+charset=utf-8 2.1073ms
2024-06-08 20:57:17.579 +01:00  INF  Request starting HTTP/2 POST https://localhost:44318/api/Stock/Edit Stock using StockId?id=3 application/json 129
2024-06-08 20:57:17.581 +01:00  INF  Executing endpoint 'Authenticator.Controllers.StockController.Edit (Authenticator)'
2024-06-08 20:57:17.581 +01:00  INF  Route matched with {action = "Edit", controller = "Stock"}. Executing controller action with signature System.Threading.Tasks.Task`1[Microsoft.AspNetCore.Mvc.IActionResult] Edit(Int32, Authenticator.DTO.Stock.UpdateStockDTO) on controller Authenticator.Controllers.StockController (Authenticator).
2024-06-08 20:57:17.583 +01:00  INF  Entity Framework Core 6.0.29 initialized 'ApplicationDbContext' using provider 'Microsoft.EntityFrameworkCore.SqlServer:6.0.29' with options: None
2024-06-08 20:57:17.588 +01:00  INF  Executed DbCommand (4ms) [Parameters=[@__id_0='?' (DbType = Int32)], CommandType='"Text"', CommandTimeout='30']
SELECT TOP(1) [s].[Id], [s].[CompanyName], [s].[Div], [s].[Industry], [s].[MarketCap], [s].[Purchase], [s].[Symbol]
FROM [StockTable] AS [s]
WHERE [s].[Id] = @__id_0
2024-06-08 20:57:17.589 +01:00  INF  Executing ObjectResult, writing value of type 'Authenticator.DTO.Stock.StockDTO'.
2024-06-08 20:57:17.590 +01:00  INF  Executed action Authenticator.Controllers.StockController.Edit (Authenticator) in 8.2663ms
2024-06-08 20:57:17.590 +01:00  INF  Executed endpoint 'Authenticator.Controllers.StockController.Edit (Authenticator)'
2024-06-08 20:57:17.590 +01:00  INF  HTTP POST /api/Stock/Edit Stock using StockId responded 200 in 9.2218 ms
2024-06-08 20:57:17.591 +01:00  INF  Request finished HTTP/2 POST https://localhost:44318/api/Stock/Edit Stock using StockId?id=3 application/json 129 - 200 - application/json;+charset=utf-8 11.7298ms
2024-06-08 20:57:33.106 +01:00  INF  Request starting HTTP/2 GET https://localhost:44318/api/Stock/Get By StockId?id=3 - -
2024-06-08 20:57:33.107 +01:00  INF  Executing endpoint 'Authenticator.Controllers.StockController.GetById (Authenticator)'
2024-06-08 20:57:33.107 +01:00  INF  Route matched with {action = "GetById", controller = "Stock"}. Executing controller action with signature System.Threading.Tasks.Task`1[Microsoft.AspNetCore.Mvc.IActionResult] GetById(Int32) on controller Authenticator.Controllers.StockController (Authenticator).
2024-06-08 20:57:33.109 +01:00  INF  Entity Framework Core 6.0.29 initialized 'ApplicationDbContext' using provider 'Microsoft.EntityFrameworkCore.SqlServer:6.0.29' with options: None
2024-06-08 20:57:33.119 +01:00  INF  Executed DbCommand (8ms) [Parameters=[@__p_0='?' (DbType = Int32)], CommandType='"Text"', CommandTimeout='30']
SELECT TOP(1) [s].[Id], [s].[CompanyName], [s].[Div], [s].[Industry], [s].[MarketCap], [s].[Purchase], [s].[Symbol]
FROM [StockTable] AS [s]
WHERE [s].[Id] = @__p_0
2024-06-08 20:57:33.120 +01:00  INF  6/8/2024 8:57:33 PM: stocks for customer 3 retrieved
2024-06-08 20:57:33.120 +01:00  INF  Executing ObjectResult, writing value of type 'Authenticator.DTO.Stock.StockDTO'.
2024-06-08 20:57:33.121 +01:00  INF  Executed action Authenticator.Controllers.StockController.GetById (Authenticator) in 13.3434ms
2024-06-08 20:57:33.121 +01:00  INF  Executed endpoint 'Authenticator.Controllers.StockController.GetById (Authenticator)'
2024-06-08 20:57:33.121 +01:00  INF  HTTP GET /api/Stock/Get By StockId responded 200 in 14.6676 ms
2024-06-08 20:57:33.122 +01:00  INF  Request finished HTTP/2 GET https://localhost:44318/api/Stock/Get By StockId?id=3 - - - 200 - application/json;+charset=utf-8 15.7823ms
2024-06-08 20:58:23.945 +01:00  INF  Request starting HTTP/2 GET https://localhost:44318/api/Stock/Get By StockId?id=3 - -
2024-06-08 20:58:23.946 +01:00  INF  Executing endpoint 'Authenticator.Controllers.StockController.GetById (Authenticator)'
2024-06-08 20:58:23.951 +01:00  INF  Route matched with {action = "GetById", controller = "Stock"}. Executing controller action with signature System.Threading.Tasks.Task`1[Microsoft.AspNetCore.Mvc.IActionResult] GetById(Int32) on controller Authenticator.Controllers.StockController (Authenticator).
2024-06-08 20:58:23.976 +01:00  INF  Entity Framework Core 6.0.29 initialized 'ApplicationDbContext' using provider 'Microsoft.EntityFrameworkCore.SqlServer:6.0.29' with options: None
2024-06-08 20:58:24.023 +01:00  INF  Executed DbCommand (41ms) [Parameters=[@__p_0='?' (DbType = Int32)], CommandType='"Text"', CommandTimeout='30']
SELECT TOP(1) [s].[Id], [s].[CompanyName], [s].[Div], [s].[Industry], [s].[MarketCap], [s].[Purchase], [s].[Symbol]
FROM [StockTable] AS [s]
WHERE [s].[Id] = @__p_0
2024-06-08 20:58:24.047 +01:00  INF  6/8/2024 8:58:24 PM: stocks for customer 3 retrieved
2024-06-08 20:58:24.049 +01:00  INF  Executing ObjectResult, writing value of type 'Authenticator.DTO.Stock.StockDTO'.
2024-06-08 20:58:24.051 +01:00  INF  Executed action Authenticator.Controllers.StockController.GetById (Authenticator) in 99.534ms
2024-06-08 20:58:24.051 +01:00  INF  Executed endpoint 'Authenticator.Controllers.StockController.GetById (Authenticator)'
2024-06-08 20:58:24.051 +01:00  INF  HTTP GET /api/Stock/Get By StockId responded 200 in 105.7063 ms
2024-06-08 20:58:24.052 +01:00  INF  Request finished HTTP/2 GET https://localhost:44318/api/Stock/Get By StockId?id=3 - - - 200 - application/json;+charset=utf-8 107.4398ms
2024-06-08 21:05:35.952 +01:00  INF  User profile is available. Using 'C:\Users\Oluwayanmife.ayeni\AppData\Local\ASP.NET\DataProtection-Keys' as key repository and Windows DPAPI to encrypt keys at rest.
2024-06-08 21:05:36.494 +01:00  INF  Request starting HTTP/2 GET https://localhost:44318/swagger/index.html - -
2024-06-08 21:05:36.541 +01:00  INF  Application started. Press Ctrl+C to shut down.
2024-06-08 21:05:36.541 +01:00  INF  Hosting environment: Development
2024-06-08 21:05:36.541 +01:00  INF  Content root path: C:\Users\Oluwayanmife.ayeni\OneDrive - United Capital Plc\Documents\ASP.NET\Authenticator - Copy\Authenticator\
2024-06-08 21:05:37.288 +01:00  INF  Request finished HTTP/2 GET https://localhost:44318/swagger/index.html - - - 200 - text/html;charset=utf-8 798.7629ms
2024-06-08 21:05:37.366 +01:00  INF  Request starting HTTP/2 GET https://localhost:44318/_framework/aspnetcore-browser-refresh.js - -
2024-06-08 21:05:37.385 +01:00  INF  Request finished HTTP/2 GET https://localhost:44318/_framework/aspnetcore-browser-refresh.js - - - 200 12358 application/javascript;+charset=utf-8 12.2975ms
2024-06-08 21:05:37.555 +01:00  INF  Request starting HTTP/2 GET https://localhost:44318/_vs/browserLink - -
2024-06-08 21:05:37.702 +01:00  INF  Request finished HTTP/2 GET https://localhost:44318/_vs/browserLink - - - 200 - text/javascript;+charset=UTF-8 147.1175ms
2024-06-08 21:05:38.039 +01:00  INF  Request starting HTTP/2 GET https://localhost:44318/swagger/v1/swagger.json - -
2024-06-08 21:05:38.424 +01:00  INF  Request finished HTTP/2 GET https://localhost:44318/swagger/v1/swagger.json - - - 200 - application/json;charset=utf-8 384.6486ms
2024-06-08 21:06:38.758 +01:00  INF  Request starting HTTP/2 POST https://localhost:44318/api/Stock/Edit Stock using StockId?id=3 application/json 148
2024-06-08 21:06:39.026 +01:00  INF  Executing endpoint 'Authenticator.Controllers.StockController.Edit (Authenticator)'
2024-06-08 21:06:39.103 +01:00  INF  Route matched with {action = "Edit", controller = "Stock"}. Executing controller action with signature System.Threading.Tasks.Task`1[Microsoft.AspNetCore.Mvc.IActionResult] Edit(Int32, Authenticator.DTO.Stock.UpdateStockDTO) on controller Authenticator.Controllers.StockController (Authenticator).
2024-06-08 21:06:41.192 +01:00  WRN  No store type was specified for the decimal property 'Div' on entity type 'Stocks'. This will cause values to be silently truncated if they do not fit in the default precision and scale. Explicitly specify the SQL server column type that can accommodate all the values in 'OnModelCreating' using 'HasColumnType', specify precision and scale using 'HasPrecision', or configure a value converter using 'HasConversion'.
2024-06-08 21:06:41.192 +01:00  WRN  No store type was specified for the decimal property 'Purchase' on entity type 'Stocks'. This will cause values to be silently truncated if they do not fit in the default precision and scale. Explicitly specify the SQL server column type that can accommodate all the values in 'OnModelCreating' using 'HasColumnType', specify precision and scale using 'HasPrecision', or configure a value converter using 'HasConversion'.
2024-06-08 21:06:41.593 +01:00  INF  Entity Framework Core 6.0.29 initialized 'ApplicationDbContext' using provider 'Microsoft.EntityFrameworkCore.SqlServer:6.0.29' with options: None
2024-06-08 21:06:43.909 +01:00  INF  Executed DbCommand (222ms) [Parameters=[@__id_0='?' (DbType = Int32)], CommandType='"Text"', CommandTimeout='30']
SELECT TOP(1) [s].[Id], [s].[CompanyName], [s].[Div], [s].[Industry], [s].[MarketCap], [s].[Purchase], [s].[Symbol]
FROM [StockTable] AS [s]
WHERE [s].[Id] = @__id_0
2024-06-08 21:06:44.012 +01:00  INF  Executing ObjectResult, writing value of type 'System.Collections.Generic.List`1[[System.String, System.Private.CoreLib, Version=6.0.0.0, Culture=neutral, PublicKeyToken=7cec85d7bea7798e]]'.
2024-06-08 21:06:44.030 +01:00  INF  Executed action Authenticator.Controllers.StockController.Edit (Authenticator) in 4914.5237ms
2024-06-08 21:06:44.033 +01:00  INF  Executed endpoint 'Authenticator.Controllers.StockController.Edit (Authenticator)'
2024-06-08 21:06:44.044 +01:00  INF  HTTP POST /api/Stock/Edit Stock using StockId responded 404 in 5247.8891 ms
2024-06-08 21:06:44.073 +01:00  INF  Request finished HTTP/2 POST https://localhost:44318/api/Stock/Edit Stock using StockId?id=3 application/json 148 - 404 - application/json;+charset=utf-8 5314.5833ms
2024-06-08 21:07:01.601 +01:00  INF  Request starting HTTP/2 POST https://localhost:44318/api/Stock/Create Stock application/json 150
2024-06-08 21:07:01.606 +01:00  INF  Executing endpoint 'Authenticator.Controllers.StockController.Create (Authenticator)'
2024-06-08 21:07:01.612 +01:00  INF  Route matched with {action = "Create", controller = "Stock"}. Executing controller action with signature System.Threading.Tasks.Task`1[Microsoft.AspNetCore.Mvc.IActionResult] Create(Authenticator.DTO.Stock.CreateStockDTO) on controller Authenticator.Controllers.StockController (Authenticator).
2024-06-08 21:07:01.654 +01:00  INF  Entity Framework Core 6.0.29 initialized 'ApplicationDbContext' using provider 'Microsoft.EntityFrameworkCore.SqlServer:6.0.29' with options: None
2024-06-08 21:07:01.883 +01:00  INF  Executed DbCommand (20ms) [Parameters=[@__ToLower_0='?' (Size = 4000), @__ToLower_1='?' (Size = 4000)], CommandType='"Text"', CommandTimeout='30']
SELECT CASE
    WHEN EXISTS (
        SELECT 1
        FROM [StockTable] AS [s]
        WHERE (LOWER([s].[CompanyName]) = @__ToLower_0) OR (LOWER([s].[Symbol]) = @__ToLower_1)) THEN CAST(1 AS bit)
    ELSE CAST(0 AS bit)
END
2024-06-08 21:07:02.472 +01:00  INF  Executed DbCommand (20ms) [Parameters=[@p0='?' (Size = 4000), @p1='?' (Precision = 18) (Scale = 2) (DbType = Decimal), @p2='?' (Size = 4000), @p3='?' (DbType = Int64), @p4='?' (Precision = 18) (Scale = 2) (DbType = Decimal), @p5='?' (Size = 4000)], CommandType='"Text"', CommandTimeout='30']
SET NOCOUNT ON;
INSERT INTO [StockTable] ([CompanyName], [Div], [Industry], [MarketCap], [Purchase], [Symbol])
VALUES (@p0, @p1, @p2, @p3, @p4, @p5);
SELECT [Id]
FROM [StockTable]
WHERE @@ROWCOUNT = 1 AND [Id] = scope_identity();
2024-06-08 21:07:02.618 +01:00  INF  Executing CreatedAtActionResult, writing value of type 'Authenticator.DTO.Stock.StockDTO'.
2024-06-08 21:07:02.681 +01:00  INF  Executed action Authenticator.Controllers.StockController.Create (Authenticator) in 1068.9248ms
2024-06-08 21:07:02.681 +01:00  INF  Executed endpoint 'Authenticator.Controllers.StockController.Create (Authenticator)'
2024-06-08 21:07:02.681 +01:00  INF  HTTP POST /api/Stock/Create Stock responded 201 in 1075.3418 ms
2024-06-08 21:07:02.682 +01:00  INF  Request finished HTTP/2 POST https://localhost:44318/api/Stock/Create Stock application/json 150 - 201 - application/json;+charset=utf-8 1080.2325ms
2024-06-08 21:07:31.387 +01:00  INF  Request starting HTTP/2 POST https://localhost:44318/api/Stock/Edit Stock using StockId?id=4 application/json 134
2024-06-08 21:07:31.391 +01:00  INF  Executing endpoint 'Authenticator.Controllers.StockController.Edit (Authenticator)'
2024-06-08 21:07:31.391 +01:00  INF  Route matched with {action = "Edit", controller = "Stock"}. Executing controller action with signature System.Threading.Tasks.Task`1[Microsoft.AspNetCore.Mvc.IActionResult] Edit(Int32, Authenticator.DTO.Stock.UpdateStockDTO) on controller Authenticator.Controllers.StockController (Authenticator).
2024-06-08 21:07:31.492 +01:00  INF  Entity Framework Core 6.0.29 initialized 'ApplicationDbContext' using provider 'Microsoft.EntityFrameworkCore.SqlServer:6.0.29' with options: None
2024-06-08 21:07:31.508 +01:00  INF  Executed DbCommand (11ms) [Parameters=[@__id_0='?' (DbType = Int32)], CommandType='"Text"', CommandTimeout='30']
SELECT TOP(1) [s].[Id], [s].[CompanyName], [s].[Div], [s].[Industry], [s].[MarketCap], [s].[Purchase], [s].[Symbol]
FROM [StockTable] AS [s]
WHERE [s].[Id] = @__id_0
2024-06-08 21:07:31.557 +01:00  INF  Executed DbCommand (13ms) [Parameters=[@p6='?' (DbType = Int32), @p0='?' (Size = 4000), @p1='?' (Precision = 18) (Scale = 2) (DbType = Decimal), @p2='?' (Size = 4000), @p3='?' (DbType = Int64), @p4='?' (Precision = 18) (Scale = 2) (DbType = Decimal), @p5='?' (Size = 4000)], CommandType='"Text"', CommandTimeout='30']
SET NOCOUNT ON;
UPDATE [StockTable] SET [CompanyName] = @p0, [Div] = @p1, [Industry] = @p2, [MarketCap] = @p3, [Purchase] = @p4, [Symbol] = @p5
WHERE [Id] = @p6;
SELECT @@ROWCOUNT;
2024-06-08 21:07:31.562 +01:00  INF  Executing ObjectResult, writing value of type 'Authenticator.DTO.Stock.StockDTO'.
2024-06-08 21:07:31.562 +01:00  INF  Executed action Authenticator.Controllers.StockController.Edit (Authenticator) in 170.9387ms
2024-06-08 21:07:31.562 +01:00  INF  Executed endpoint 'Authenticator.Controllers.StockController.Edit (Authenticator)'
2024-06-08 21:07:31.562 +01:00  INF  HTTP POST /api/Stock/Edit Stock using StockId responded 200 in 174.6581 ms
2024-06-08 21:07:31.563 +01:00  INF  Request finished HTTP/2 POST https://localhost:44318/api/Stock/Edit Stock using StockId?id=4 application/json 134 - 200 - application/json;+charset=utf-8 175.1952ms
2024-06-08 21:07:42.804 +01:00  INF  Request starting HTTP/2 POST https://localhost:44318/api/Stock/Edit Stock using StockId?id=4 application/json 134
2024-06-08 21:07:42.804 +01:00  INF  Executing endpoint 'Authenticator.Controllers.StockController.Edit (Authenticator)'
2024-06-08 21:07:42.804 +01:00  INF  Route matched with {action = "Edit", controller = "Stock"}. Executing controller action with signature System.Threading.Tasks.Task`1[Microsoft.AspNetCore.Mvc.IActionResult] Edit(Int32, Authenticator.DTO.Stock.UpdateStockDTO) on controller Authenticator.Controllers.StockController (Authenticator).
2024-06-08 21:07:42.805 +01:00  INF  Entity Framework Core 6.0.29 initialized 'ApplicationDbContext' using provider 'Microsoft.EntityFrameworkCore.SqlServer:6.0.29' with options: None
2024-06-08 21:07:42.813 +01:00  INF  Executed DbCommand (7ms) [Parameters=[@__id_0='?' (DbType = Int32)], CommandType='"Text"', CommandTimeout='30']
SELECT TOP(1) [s].[Id], [s].[CompanyName], [s].[Div], [s].[Industry], [s].[MarketCap], [s].[Purchase], [s].[Symbol]
FROM [StockTable] AS [s]
WHERE [s].[Id] = @__id_0
2024-06-08 21:07:42.820 +01:00  INF  Executed DbCommand (6ms) [Parameters=[@p1='?' (DbType = Int32), @p0='?' (DbType = Int64)], CommandType='"Text"', CommandTimeout='30']
SET NOCOUNT ON;
UPDATE [StockTable] SET [MarketCap] = @p0
WHERE [Id] = @p1;
SELECT @@ROWCOUNT;
2024-06-08 21:07:42.821 +01:00  INF  Executing ObjectResult, writing value of type 'Authenticator.DTO.Stock.StockDTO'.
2024-06-08 21:07:42.821 +01:00  INF  Executed action Authenticator.Controllers.StockController.Edit (Authenticator) in 17.3223ms
2024-06-08 21:07:42.822 +01:00  INF  Executed endpoint 'Authenticator.Controllers.StockController.Edit (Authenticator)'
2024-06-08 21:07:42.822 +01:00  INF  HTTP POST /api/Stock/Edit Stock using StockId responded 200 in 17.8587 ms
2024-06-08 21:07:42.822 +01:00  INF  Request finished HTTP/2 POST https://localhost:44318/api/Stock/Edit Stock using StockId?id=4 application/json 134 - 200 - application/json;+charset=utf-8 18.3664ms
2024-06-08 21:08:32.019 +01:00  INF  Request starting HTTP/2 GET https://localhost:44318/api/Stock/Get all stocks - -
2024-06-08 21:08:32.042 +01:00  INF  Authorization failed. These requirements were not met:
DenyAnonymousAuthorizationRequirement: Requires an authenticated user.
2024-06-08 21:08:32.060 +01:00  INF  AuthenticationScheme: Bearer was challenged.
2024-06-08 21:08:32.061 +01:00  INF  HTTP GET /api/Stock/Get all stocks responded 401 in 41.1022 ms
2024-06-08 21:08:32.062 +01:00  INF  Request finished HTTP/2 GET https://localhost:44318/api/Stock/Get all stocks - - - 401 - - 43.1209ms
2024-06-08 21:08:47.642 +01:00  INF  Request starting HTTP/2 POST https://localhost:44318/api/Account/Login application/json 52
2024-06-08 21:08:47.642 +01:00  INF  Executing endpoint 'Authenticator.Controllers.AccountController.Login (Authenticator)'
2024-06-08 21:08:47.654 +01:00  INF  Route matched with {action = "Login", controller = "Account"}. Executing controller action with signature System.Threading.Tasks.Task`1[Microsoft.AspNetCore.Mvc.IActionResult] Login(Authenticator.DTO.Account.LoginDTO) on controller Authenticator.Controllers.AccountController (Authenticator).
2024-06-08 21:08:47.663 +01:00  INF  Entity Framework Core 6.0.29 initialized 'ApplicationDbContext' using provider 'Microsoft.EntityFrameworkCore.SqlServer:6.0.29' with options: None
2024-06-08 21:08:47.676 +01:00  INF  Executed DbCommand (5ms) [Parameters=[@__ToLower_0='?' (Size = 4000)], CommandType='"Text"', CommandTimeout='30']
SELECT TOP(1) [a].[Id], [a].[EmailAddress], [a].[PasswordHash], [a].[PasswordSalt], [a].[Username]
FROM [AccountsTable] AS [a]
WHERE LOWER([a].[Username]) = @__ToLower_0
2024-06-08 21:08:48.105 +01:00  INF  Executing ObjectResult, writing value of type 'System.Collections.Generic.List`1[[System.String, System.Private.CoreLib, Version=6.0.0.0, Culture=neutral, PublicKeyToken=7cec85d7bea7798e]]'.
2024-06-08 21:08:48.106 +01:00  INF  Executed action Authenticator.Controllers.AccountController.Login (Authenticator) in 451.2907ms
2024-06-08 21:08:48.106 +01:00  INF  Executed endpoint 'Authenticator.Controllers.AccountController.Login (Authenticator)'
2024-06-08 21:08:48.106 +01:00  INF  HTTP POST /api/Account/Login responded 200 in 463.5869 ms
2024-06-08 21:08:48.106 +01:00  INF  Request finished HTTP/2 POST https://localhost:44318/api/Account/Login application/json 52 - 200 - application/json;+charset=utf-8 464.2618ms
2024-06-08 21:09:02.543 +01:00  INF  Request starting HTTP/2 GET https://localhost:44318/api/Stock/Get all stocks - -
2024-06-08 21:09:02.745 +01:00  INF  Executing endpoint 'Authenticator.Controllers.StockController.GetAll (Authenticator)'
2024-06-08 21:09:02.751 +01:00  INF  Route matched with {action = "GetAll", controller = "Stock"}. Executing controller action with signature System.Threading.Tasks.Task`1[Microsoft.AspNetCore.Mvc.IActionResult] GetAll() on controller Authenticator.Controllers.StockController (Authenticator).
2024-06-08 21:09:02.759 +01:00  INF  Entity Framework Core 6.0.29 initialized 'ApplicationDbContext' using provider 'Microsoft.EntityFrameworkCore.SqlServer:6.0.29' with options: None
2024-06-08 21:09:02.844 +01:00  INF  Executed DbCommand (33ms) [Parameters=[], CommandType='"Text"', CommandTimeout='30']
SELECT [s].[Id], [s].[CompanyName], [s].[Div], [s].[Industry], [s].[MarketCap], [s].[Purchase], [s].[Symbol]
FROM [StockTable] AS [s]
2024-06-08 21:09:02.865 +01:00  INF  Executing ObjectResult, writing value of type 'System.Collections.Generic.List`1[[Authenticator.DTO.Stock.StockDTO, Authenticator, Version=1.0.0.0, Culture=neutral, PublicKeyToken=null]]'.
2024-06-08 21:09:02.867 +01:00  INF  Executed action Authenticator.Controllers.StockController.GetAll (Authenticator) in 115.7783ms
2024-06-08 21:09:02.867 +01:00  INF  Executed endpoint 'Authenticator.Controllers.StockController.GetAll (Authenticator)'
2024-06-08 21:09:02.872 +01:00  INF  HTTP GET /api/Stock/Get all stocks responded 200 in 329.1157 ms
2024-06-08 21:09:02.873 +01:00  INF  Request finished HTTP/2 GET https://localhost:44318/api/Stock/Get all stocks - - - 200 - application/json;+charset=utf-8 329.8969ms
2024-06-08 21:10:26.324 +01:00  INF  User profile is available. Using 'C:\Users\Oluwayanmife.ayeni\AppData\Local\ASP.NET\DataProtection-Keys' as key repository and Windows DPAPI to encrypt keys at rest.
2024-06-08 21:10:26.952 +01:00  INF  Request starting HTTP/2 GET https://localhost:44318/swagger/index.html - -
2024-06-08 21:10:27.026 +01:00  INF  Application started. Press Ctrl+C to shut down.
2024-06-08 21:10:27.026 +01:00  INF  Hosting environment: Development
2024-06-08 21:10:27.026 +01:00  INF  Content root path: C:\Users\Oluwayanmife.ayeni\OneDrive - United Capital Plc\Documents\ASP.NET\Authenticator - Copy\Authenticator\
2024-06-08 21:10:28.535 +01:00  INF  Request finished HTTP/2 GET https://localhost:44318/swagger/index.html - - - 200 - text/html;charset=utf-8 1571.1480ms
2024-06-08 21:10:28.636 +01:00  INF  Request starting HTTP/2 GET https://localhost:44318/_framework/aspnetcore-browser-refresh.js - -
2024-06-08 21:10:28.653 +01:00  INF  Request finished HTTP/2 GET https://localhost:44318/_framework/aspnetcore-browser-refresh.js - - - 200 12358 application/javascript;+charset=utf-8 15.8292ms
2024-06-08 21:10:28.954 +01:00  INF  Request starting HTTP/2 GET https://localhost:44318/_vs/browserLink - -
2024-06-08 21:10:29.226 +01:00  INF  Request finished HTTP/2 GET https://localhost:44318/_vs/browserLink - - - 200 - text/javascript;+charset=UTF-8 271.9263ms
2024-06-08 21:10:29.534 +01:00  INF  Request starting HTTP/2 GET https://localhost:44318/swagger/v1/swagger.json - -
2024-06-08 21:10:29.941 +01:00  INF  Request finished HTTP/2 GET https://localhost:44318/swagger/v1/swagger.json - - - 200 - application/json;charset=utf-8 407.3942ms
2024-06-08 21:12:49.253 +01:00  INF  Request starting HTTP/2 POST https://localhost:44318/api/Account/Login application/json 52
2024-06-08 21:12:49.510 +01:00  INF  Executing endpoint 'Authenticator.Controllers.AccountController.Login (Authenticator)'
2024-06-08 21:12:49.571 +01:00  INF  Route matched with {action = "Login", controller = "Account"}. Executing controller action with signature System.Threading.Tasks.Task`1[Microsoft.AspNetCore.Mvc.IActionResult] Login(Authenticator.DTO.Account.LoginDTO) on controller Authenticator.Controllers.AccountController (Authenticator).
2024-06-08 21:12:51.536 +01:00  WRN  No store type was specified for the decimal property 'Div' on entity type 'Stocks'. This will cause values to be silently truncated if they do not fit in the default precision and scale. Explicitly specify the SQL server column type that can accommodate all the values in 'OnModelCreating' using 'HasColumnType', specify precision and scale using 'HasPrecision', or configure a value converter using 'HasConversion'.
2024-06-08 21:12:51.537 +01:00  WRN  No store type was specified for the decimal property 'Purchase' on entity type 'Stocks'. This will cause values to be silently truncated if they do not fit in the default precision and scale. Explicitly specify the SQL server column type that can accommodate all the values in 'OnModelCreating' using 'HasColumnType', specify precision and scale using 'HasPrecision', or configure a value converter using 'HasConversion'.
2024-06-08 21:12:51.881 +01:00  INF  Entity Framework Core 6.0.29 initialized 'ApplicationDbContext' using provider 'Microsoft.EntityFrameworkCore.SqlServer:6.0.29' with options: None
2024-06-08 21:12:54.183 +01:00  INF  Executed DbCommand (195ms) [Parameters=[@__ToLower_0='?' (Size = 4000)], CommandType='"Text"', CommandTimeout='30']
SELECT TOP(1) [a].[Id], [a].[EmailAddress], [a].[PasswordHash], [a].[PasswordSalt], [a].[Username]
FROM [AccountsTable] AS [a]
WHERE LOWER([a].[Username]) = @__ToLower_0
2024-06-08 21:12:54.719 +01:00  INF  Executing ObjectResult, writing value of type 'System.Collections.Generic.List`1[[System.String, System.Private.CoreLib, Version=6.0.0.0, Culture=neutral, PublicKeyToken=7cec85d7bea7798e]]'.
2024-06-08 21:12:54.734 +01:00  INF  Executed action Authenticator.Controllers.AccountController.Login (Authenticator) in 5152.1897ms
2024-06-08 21:12:54.736 +01:00  INF  Executed endpoint 'Authenticator.Controllers.AccountController.Login (Authenticator)'
2024-06-08 21:12:54.747 +01:00  INF  HTTP POST /api/Account/Login responded 200 in 5455.7181 ms
2024-06-08 21:12:54.770 +01:00  INF  Request finished HTTP/2 POST https://localhost:44318/api/Account/Login application/json 52 - 200 - application/json;+charset=utf-8 5516.7475ms
2024-06-08 21:13:15.180 +01:00  INF  Request starting HTTP/2 GET https://localhost:44318/api/Stock/Get all stocks - -
2024-06-08 21:13:15.512 +01:00  INF  Executing endpoint 'Authenticator.Controllers.StockController.GetAll (Authenticator)'
2024-06-08 21:13:15.515 +01:00  INF  Route matched with {action = "GetAll", controller = "Stock"}. Executing controller action with signature System.Threading.Tasks.Task`1[Microsoft.AspNetCore.Mvc.IActionResult] GetAll() on controller Authenticator.Controllers.StockController (Authenticator).
2024-06-08 21:13:15.523 +01:00  INF  Entity Framework Core 6.0.29 initialized 'ApplicationDbContext' using provider 'Microsoft.EntityFrameworkCore.SqlServer:6.0.29' with options: None
2024-06-08 21:13:15.590 +01:00  INF  Executed DbCommand (17ms) [Parameters=[], CommandType='"Text"', CommandTimeout='30']
SELECT [s].[Id], [s].[CompanyName], [s].[Div], [s].[Industry], [s].[MarketCap], [s].[Purchase], [s].[Symbol]
FROM [StockTable] AS [s]
2024-06-08 21:13:15.629 +01:00  INF  Executing ObjectResult, writing value of type 'System.Collections.Generic.List`1[[Authenticator.DTO.Stock.StockDTO, Authenticator, Version=1.0.0.0, Culture=neutral, PublicKeyToken=null]]'.
2024-06-08 21:13:15.641 +01:00  INF  Executed action Authenticator.Controllers.StockController.GetAll (Authenticator) in 125.3652ms
2024-06-08 21:13:15.641 +01:00  INF  Executed endpoint 'Authenticator.Controllers.StockController.GetAll (Authenticator)'
2024-06-08 21:13:15.643 +01:00  INF  HTTP GET /api/Stock/Get all stocks responded 200 in 459.7847 ms
2024-06-08 21:13:15.643 +01:00  INF  Request finished HTTP/2 GET https://localhost:44318/api/Stock/Get all stocks - - - 200 - application/json;+charset=utf-8 463.5613ms
