2024-05-23 11:10:44.513 +01:00  INF  User profile is available. Using 'C:\Users\Oluwayanmife.ayeni\AppData\Local\ASP.NET\DataProtection-Keys' as key repository and Windows DPAPI to encrypt keys at rest.
2024-05-23 11:10:46.617 +01:00  INF  Application started. Press Ctrl+C to shut down.
2024-05-23 11:10:46.617 +01:00  INF  Hosting environment: Development
2024-05-23 11:10:46.618 +01:00  INF  Content root path: C:\Users\Oluwayanmife.ayeni\OneDrive - United Capital Plc\Documents\ASP.NET\Authenticator\Authenticator\
2024-05-23 11:10:46.778 +01:00  INF  Request starting HTTP/2 GET https://localhost:44318/swagger/index.html - -
2024-05-23 11:10:49.149 +01:00  INF  Request starting HTTP/2 GET https://localhost:44318/_framework/aspnetcore-browser-refresh.js - -
2024-05-23 11:10:49.153 +01:00  INF  Request finished HTTP/2 GET https://localhost:44318/swagger/index.html - - - 200 - text/html;charset=utf-8 2386.1105ms
2024-05-23 11:10:49.162 +01:00  INF  Request finished HTTP/2 GET https://localhost:44318/_framework/aspnetcore-browser-refresh.js - - - 200 12358 application/javascript;+charset=utf-8 13.1098ms
2024-05-23 11:10:49.344 +01:00  INF  Request starting HTTP/2 GET https://localhost:44318/_vs/browserLink - -
2024-05-23 11:10:49.518 +01:00  INF  Request finished HTTP/2 GET https://localhost:44318/_vs/browserLink - - - 200 - text/javascript;+charset=UTF-8 173.5044ms
2024-05-23 11:10:49.980 +01:00  INF  Request starting HTTP/2 GET https://localhost:44318/swagger/v1/swagger.json - -
2024-05-23 11:10:50.393 +01:00  INF  Request finished HTTP/2 GET https://localhost:44318/swagger/v1/swagger.json - - - 200 - application/json;charset=utf-8 413.1975ms
2024-05-23 11:11:16.409 +01:00  INF  Request starting HTTP/2 POST https://localhost:44318/api/Account/Login application/json 52
2024-05-23 11:11:18.484 +01:00  INF  Executing endpoint 'Authenticator.Controllers.AccountController.Login (Authenticator)'
2024-05-23 11:11:18.602 +01:00  INF  Route matched with {action = "Login", controller = "Account"}. Executing controller action with signature System.Threading.Tasks.Task`1[Microsoft.AspNetCore.Mvc.IActionResult] Login(Authenticator.DTO.Account.LoginDTO) on controller Authenticator.Controllers.AccountController (Authenticator).
2024-05-23 11:11:25.041 +01:00  WRN  No store type was specified for the decimal property 'Div' on entity type 'Stocks'. This will cause values to be silently truncated if they do not fit in the default precision and scale. Explicitly specify the SQL server column type that can accommodate all the values in 'OnModelCreating' using 'HasColumnType', specify precision and scale using 'HasPrecision', or configure a value converter using 'HasConversion'.
2024-05-23 11:11:25.041 +01:00  WRN  No store type was specified for the decimal property 'Purchase' on entity type 'Stocks'. This will cause values to be silently truncated if they do not fit in the default precision and scale. Explicitly specify the SQL server column type that can accommodate all the values in 'OnModelCreating' using 'HasColumnType', specify precision and scale using 'HasPrecision', or configure a value converter using 'HasConversion'.
2024-05-23 11:11:25.972 +01:00  INF  Entity Framework Core 6.0.29 initialized 'ApplicationDbContext' using provider 'Microsoft.EntityFrameworkCore.SqlServer:6.0.29' with options: None
2024-05-23 11:11:46.431 +01:00  INF  Executed DbCommand (622ms) [Parameters=[@__ToLower_0='?' (Size = 4000)], CommandType='"Text"', CommandTimeout='30']
SELECT TOP(1) [a].[Id], [a].[EmailAddress], [a].[PasswordHash], [a].[PasswordSalt], [a].[Username]
FROM [AccountsTable] AS [a]
WHERE LOWER([a].[Username]) = @__ToLower_0
2024-05-23 11:11:48.477 +01:00  INF  Executing ObjectResult, writing value of type 'System.Collections.Generic.List`1[[System.String, System.Private.CoreLib, Version=6.0.0.0, Culture=neutral, PublicKeyToken=7cec85d7bea7798e]]'.
2024-05-23 11:11:48.515 +01:00  INF  Executed action Authenticator.Controllers.AccountController.Login (Authenticator) in 29886.5133ms
2024-05-23 11:11:48.523 +01:00  INF  Executed endpoint 'Authenticator.Controllers.AccountController.Login (Authenticator)'
2024-05-23 11:11:48.548 +01:00  INF  HTTP POST /api/Account/Login responded 200 in 32017.7580 ms
2024-05-23 11:11:48.596 +01:00  INF  Request finished HTTP/2 POST https://localhost:44318/api/Account/Login application/json 52 - 200 - application/json;+charset=utf-8 32186.6449ms
2024-05-23 11:12:16.721 +01:00  INF  Request starting HTTP/2 GET https://localhost:44318/api/Portfolios/Get user portfolio - -
2024-05-23 11:12:17.349 +01:00  INF  Executing endpoint 'Authenticator.Controllers.PortfoliosController.GetPortfolio (Authenticator)'
2024-05-23 11:12:17.371 +01:00  INF  Route matched with {action = "GetPortfolio", controller = "Portfolios"}. Executing controller action with signature System.Threading.Tasks.Task`1[Microsoft.AspNetCore.Mvc.IActionResult] GetPortfolio() on controller Authenticator.Controllers.PortfoliosController (Authenticator).
2024-05-23 11:12:17.403 +01:00  INF  Entity Framework Core 6.0.29 initialized 'ApplicationDbContext' using provider 'Microsoft.EntityFrameworkCore.SqlServer:6.0.29' with options: None
2024-05-23 11:12:17.642 +01:00  INF  Executed DbCommand (74ms) [Parameters=[@__AccountId_0='?' (DbType = Int32)], CommandType='"Text"', CommandTimeout='30']
SELECT [p].[AccountId], [p].[StockId]
FROM [Porttfolios] AS [p]
WHERE [p].[AccountId] = @__AccountId_0
2024-05-23 11:12:17.841 +01:00  INF  5/23/2024 11:12:17 AM: User Portfolio Returned
2024-05-23 11:12:17.843 +01:00  INF  Executing ObjectResult, writing value of type 'System.Collections.Generic.List`1[[Authenticator.DTO.Portfolio.PortfolioDTO, Authenticator, Version=1.0.0.0, Culture=neutral, PublicKeyToken=null]]'.
2024-05-23 11:12:17.850 +01:00  INF  Executed action Authenticator.Controllers.PortfoliosController.GetPortfolio (Authenticator) in 478.3873ms
2024-05-23 11:12:17.850 +01:00  INF  Executed endpoint 'Authenticator.Controllers.PortfoliosController.GetPortfolio (Authenticator)'
2024-05-23 11:12:17.851 +01:00  INF  HTTP GET /api/Portfolios/Get user portfolio responded 200 in 1125.0472 ms
2024-05-23 11:12:17.852 +01:00  INF  Request finished HTTP/2 GET https://localhost:44318/api/Portfolios/Get user portfolio - - - 200 - application/json;+charset=utf-8 1131.6859ms
2024-05-23 11:12:29.969 +01:00  INF  Request starting HTTP/2 POST https://localhost:44318/api/Portfolios/Create Portfolio?stockId=1 - 0
2024-05-23 11:12:29.977 +01:00  INF  Executing endpoint 'Authenticator.Controllers.PortfoliosController.CreatePortfolio (Authenticator)'
2024-05-23 11:12:29.985 +01:00  INF  Route matched with {action = "CreatePortfolio", controller = "Portfolios"}. Executing controller action with signature System.Threading.Tasks.Task`1[Microsoft.AspNetCore.Mvc.IActionResult] CreatePortfolio(Int32) on controller Authenticator.Controllers.PortfoliosController (Authenticator).
2024-05-23 11:12:30.304 +01:00  INF  Entity Framework Core 6.0.29 initialized 'ApplicationDbContext' using provider 'Microsoft.EntityFrameworkCore.SqlServer:6.0.29' with options: None
2024-05-23 11:12:30.488 +01:00  INF  Executed DbCommand (40ms) [Parameters=[@__StockId_0='?' (DbType = Int32)], CommandType='"Text"', CommandTimeout='30']
SELECT CASE
    WHEN EXISTS (
        SELECT 1
        FROM [Porttfolios] AS [p]
        WHERE [p].[StockId] = @__StockId_0) THEN CAST(1 AS bit)
    ELSE CAST(0 AS bit)
END
2024-05-23 11:12:31.294 +01:00  ERR  5/23/2024 11:12:31 AM: Portfolio already exists
2024-05-23 11:12:31.295 +01:00  INF  Executing ObjectResult, writing value of type 'System.Collections.Generic.List`1[[System.String, System.Private.CoreLib, Version=6.0.0.0, Culture=neutral, PublicKeyToken=7cec85d7bea7798e]]'.
2024-05-23 11:12:31.303 +01:00  INF  Executed action Authenticator.Controllers.PortfoliosController.CreatePortfolio (Authenticator) in 1318.1643ms
2024-05-23 11:12:31.304 +01:00  INF  Executed endpoint 'Authenticator.Controllers.PortfoliosController.CreatePortfolio (Authenticator)'
2024-05-23 11:12:31.304 +01:00  INF  HTTP POST /api/Portfolios/Create Portfolio responded 400 in 1332.3098 ms
2024-05-23 11:12:31.305 +01:00  INF  Request finished HTTP/2 POST https://localhost:44318/api/Portfolios/Create Portfolio?stockId=1 - 0 - 400 - application/json;+charset=utf-8 1336.2575ms
2024-05-23 11:12:38.013 +01:00  INF  Request starting HTTP/2 POST https://localhost:44318/api/Portfolios/Create Portfolio?stockId=2 - 0
2024-05-23 11:12:38.017 +01:00  INF  Executing endpoint 'Authenticator.Controllers.PortfoliosController.CreatePortfolio (Authenticator)'
2024-05-23 11:12:38.018 +01:00  INF  Route matched with {action = "CreatePortfolio", controller = "Portfolios"}. Executing controller action with signature System.Threading.Tasks.Task`1[Microsoft.AspNetCore.Mvc.IActionResult] CreatePortfolio(Int32) on controller Authenticator.Controllers.PortfoliosController (Authenticator).
2024-05-23 11:12:38.025 +01:00  INF  Entity Framework Core 6.0.29 initialized 'ApplicationDbContext' using provider 'Microsoft.EntityFrameworkCore.SqlServer:6.0.29' with options: None
2024-05-23 11:12:38.047 +01:00  INF  Executed DbCommand (14ms) [Parameters=[@__StockId_0='?' (DbType = Int32)], CommandType='"Text"', CommandTimeout='30']
SELECT CASE
    WHEN EXISTS (
        SELECT 1
        FROM [Porttfolios] AS [p]
        WHERE [p].[StockId] = @__StockId_0) THEN CAST(1 AS bit)
    ELSE CAST(0 AS bit)
END
2024-05-23 11:12:38.319 +01:00  ERR  5/23/2024 11:12:38 AM: Portfolio already exists
2024-05-23 11:12:38.319 +01:00  INF  Executing ObjectResult, writing value of type 'System.Collections.Generic.List`1[[System.String, System.Private.CoreLib, Version=6.0.0.0, Culture=neutral, PublicKeyToken=7cec85d7bea7798e]]'.
2024-05-23 11:12:38.320 +01:00  INF  Executed action Authenticator.Controllers.PortfoliosController.CreatePortfolio (Authenticator) in 302.541ms
2024-05-23 11:12:38.321 +01:00  INF  Executed endpoint 'Authenticator.Controllers.PortfoliosController.CreatePortfolio (Authenticator)'
2024-05-23 11:12:38.321 +01:00  INF  HTTP POST /api/Portfolios/Create Portfolio responded 400 in 307.7218 ms
2024-05-23 11:12:38.321 +01:00  INF  Request finished HTTP/2 POST https://localhost:44318/api/Portfolios/Create Portfolio?stockId=2 - 0 - 400 - application/json;+charset=utf-8 308.5674ms
2024-05-23 11:42:53.381 +01:00  WRN  No store type was specified for the decimal property 'Div' on entity type 'Stocks'. This will cause values to be silently truncated if they do not fit in the default precision and scale. Explicitly specify the SQL server column type that can accommodate all the values in 'OnModelCreating' using 'HasColumnType', specify precision and scale using 'HasPrecision', or configure a value converter using 'HasConversion'.
2024-05-23 11:42:53.483 +01:00  WRN  No store type was specified for the decimal property 'Purchase' on entity type 'Stocks'. This will cause values to be silently truncated if they do not fit in the default precision and scale. Explicitly specify the SQL server column type that can accommodate all the values in 'OnModelCreating' using 'HasColumnType', specify precision and scale using 'HasPrecision', or configure a value converter using 'HasConversion'.
2024-05-23 11:42:53.849 +01:00  INF  Entity Framework Core 6.0.29 initialized 'ApplicationDbContext' using provider 'Microsoft.EntityFrameworkCore.SqlServer:6.0.29' with options: None
2024-05-23 11:42:53.906 +01:00  WRN  No store type was specified for the decimal property 'Div' on entity type 'Stocks'. This will cause values to be silently truncated if they do not fit in the default precision and scale. Explicitly specify the SQL server column type that can accommodate all the values in 'OnModelCreating' using 'HasColumnType', specify precision and scale using 'HasPrecision', or configure a value converter using 'HasConversion'.
2024-05-23 11:42:53.907 +01:00  WRN  No store type was specified for the decimal property 'Purchase' on entity type 'Stocks'. This will cause values to be silently truncated if they do not fit in the default precision and scale. Explicitly specify the SQL server column type that can accommodate all the values in 'OnModelCreating' using 'HasColumnType', specify precision and scale using 'HasPrecision', or configure a value converter using 'HasConversion'.
2024-05-23 11:43:15.017 +01:00  WRN  No store type was specified for the decimal property 'Div' on entity type 'Stocks'. This will cause values to be silently truncated if they do not fit in the default precision and scale. Explicitly specify the SQL server column type that can accommodate all the values in 'OnModelCreating' using 'HasColumnType', specify precision and scale using 'HasPrecision', or configure a value converter using 'HasConversion'.
2024-05-23 11:43:15.163 +01:00  WRN  No store type was specified for the decimal property 'Purchase' on entity type 'Stocks'. This will cause values to be silently truncated if they do not fit in the default precision and scale. Explicitly specify the SQL server column type that can accommodate all the values in 'OnModelCreating' using 'HasColumnType', specify precision and scale using 'HasPrecision', or configure a value converter using 'HasConversion'.
2024-05-23 11:43:15.573 +01:00  INF  Entity Framework Core 6.0.29 initialized 'ApplicationDbContext' using provider 'Microsoft.EntityFrameworkCore.SqlServer:6.0.29' with options: None
2024-05-23 11:43:16.992 +01:00  WRN  No store type was specified for the decimal property 'Div' on entity type 'Stocks'. This will cause values to be silently truncated if they do not fit in the default precision and scale. Explicitly specify the SQL server column type that can accommodate all the values in 'OnModelCreating' using 'HasColumnType', specify precision and scale using 'HasPrecision', or configure a value converter using 'HasConversion'.
2024-05-23 11:43:16.992 +01:00  WRN  No store type was specified for the decimal property 'Purchase' on entity type 'Stocks'. This will cause values to be silently truncated if they do not fit in the default precision and scale. Explicitly specify the SQL server column type that can accommodate all the values in 'OnModelCreating' using 'HasColumnType', specify precision and scale using 'HasPrecision', or configure a value converter using 'HasConversion'.
2024-05-23 11:44:22.173 +01:00  ERR  Failed executing DbCommand (65,043ms) [Parameters=[], CommandType='"Text"', CommandTimeout='60']
CREATE DATABASE [AuthenticationDb];
2024-05-23 11:45:40.527 +01:00  WRN  No store type was specified for the decimal property 'Div' on entity type 'Stocks'. This will cause values to be silently truncated if they do not fit in the default precision and scale. Explicitly specify the SQL server column type that can accommodate all the values in 'OnModelCreating' using 'HasColumnType', specify precision and scale using 'HasPrecision', or configure a value converter using 'HasConversion'.
2024-05-23 11:45:40.598 +01:00  WRN  No store type was specified for the decimal property 'Purchase' on entity type 'Stocks'. This will cause values to be silently truncated if they do not fit in the default precision and scale. Explicitly specify the SQL server column type that can accommodate all the values in 'OnModelCreating' using 'HasColumnType', specify precision and scale using 'HasPrecision', or configure a value converter using 'HasConversion'.
2024-05-23 11:45:40.813 +01:00  INF  Entity Framework Core 6.0.29 initialized 'ApplicationDbContext' using provider 'Microsoft.EntityFrameworkCore.SqlServer:6.0.29' with options: None
2024-05-23 11:45:41.667 +01:00  WRN  No store type was specified for the decimal property 'Div' on entity type 'Stocks'. This will cause values to be silently truncated if they do not fit in the default precision and scale. Explicitly specify the SQL server column type that can accommodate all the values in 'OnModelCreating' using 'HasColumnType', specify precision and scale using 'HasPrecision', or configure a value converter using 'HasConversion'.
2024-05-23 11:45:41.668 +01:00  WRN  No store type was specified for the decimal property 'Purchase' on entity type 'Stocks'. This will cause values to be silently truncated if they do not fit in the default precision and scale. Explicitly specify the SQL server column type that can accommodate all the values in 'OnModelCreating' using 'HasColumnType', specify precision and scale using 'HasPrecision', or configure a value converter using 'HasConversion'.
2024-05-23 11:45:42.406 +01:00  INF  Executed DbCommand (631ms) [Parameters=[], CommandType='"Text"', CommandTimeout='60']
CREATE DATABASE [AuthenticationDb];
2024-05-23 11:45:42.651 +01:00  INF  Executed DbCommand (238ms) [Parameters=[], CommandType='"Text"', CommandTimeout='60']
IF SERVERPROPERTY('EngineEdition') <> 5
BEGIN
    ALTER DATABASE [AuthenticationDb] SET READ_COMMITTED_SNAPSHOT ON;
END;
2024-05-23 11:45:42.705 +01:00  INF  Executed DbCommand (25ms) [Parameters=[], CommandType='"Text"', CommandTimeout='30']
SELECT 1
2024-05-23 11:45:42.942 +01:00  INF  Executed DbCommand (17ms) [Parameters=[], CommandType='"Text"', CommandTimeout='30']
CREATE TABLE [__EFMigrationsHistory] (
    [MigrationId] nvarchar(150) NOT NULL,
    [ProductVersion] nvarchar(32) NOT NULL,
    CONSTRAINT [PK___EFMigrationsHistory] PRIMARY KEY ([MigrationId])
);
2024-05-23 11:45:42.944 +01:00  INF  Executed DbCommand (0ms) [Parameters=[], CommandType='"Text"', CommandTimeout='30']
SELECT 1
2024-05-23 11:45:42.980 +01:00  INF  Executed DbCommand (27ms) [Parameters=[], CommandType='"Text"', CommandTimeout='30']
SELECT OBJECT_ID(N'[__EFMigrationsHistory]');
2024-05-23 11:45:43.007 +01:00  INF  Executed DbCommand (24ms) [Parameters=[], CommandType='"Text"', CommandTimeout='30']
SELECT [MigrationId], [ProductVersion]
FROM [__EFMigrationsHistory]
ORDER BY [MigrationId];
2024-05-23 11:45:43.041 +01:00  INF  Applying migration '20240523104254_InitialCreate'.
2024-05-23 11:45:43.120 +01:00  INF  Executed DbCommand (8ms) [Parameters=[], CommandType='"Text"', CommandTimeout='30']
CREATE TABLE [AccountsTable] (
    [Id] int NOT NULL IDENTITY,
    [Username] nvarchar(max) NOT NULL,
    [EmailAddress] nvarchar(max) NOT NULL,
    [PasswordHash] varbinary(max) NOT NULL,
    [PasswordSalt] varbinary(max) NOT NULL,
    CONSTRAINT [PK_AccountsTable] PRIMARY KEY ([Id])
);
2024-05-23 11:45:43.125 +01:00  INF  Executed DbCommand (3ms) [Parameters=[], CommandType='"Text"', CommandTimeout='30']
CREATE TABLE [StockTable] (
    [Id] int NOT NULL IDENTITY,
    [Symbol] nvarchar(max) NOT NULL,
    [CompanyName] nvarchar(max) NOT NULL,
    [Div] decimal(18,2) NOT NULL,
    [Purchase] decimal(18,2) NOT NULL,
    [Industry] nvarchar(max) NOT NULL,
    [MarketCap] bigint NOT NULL,
    CONSTRAINT [PK_StockTable] PRIMARY KEY ([Id])
);
2024-05-23 11:45:43.130 +01:00  INF  Executed DbCommand (5ms) [Parameters=[], CommandType='"Text"', CommandTimeout='30']
CREATE TABLE [Porttfolios] (
    [AccountId] int NOT NULL,
    [StockId] int NOT NULL,
    CONSTRAINT [PK_Porttfolios] PRIMARY KEY ([AccountId], [StockId]),
    CONSTRAINT [FK_Porttfolios_AccountsTable_AccountId] FOREIGN KEY ([AccountId]) REFERENCES [AccountsTable] ([Id]) ON DELETE CASCADE,
    CONSTRAINT [FK_Porttfolios_StockTable_StockId] FOREIGN KEY ([StockId]) REFERENCES [StockTable] ([Id]) ON DELETE CASCADE
);
2024-05-23 11:45:43.138 +01:00  INF  Executed DbCommand (8ms) [Parameters=[], CommandType='"Text"', CommandTimeout='30']
CREATE INDEX [IX_Porttfolios_StockId] ON [Porttfolios] ([StockId]);
2024-05-23 11:45:43.149 +01:00  INF  Executed DbCommand (11ms) [Parameters=[], CommandType='"Text"', CommandTimeout='30']
INSERT INTO [__EFMigrationsHistory] ([MigrationId], [ProductVersion])
VALUES (N'20240523104254_InitialCreate', N'6.0.29');
2024-05-23 11:51:25.145 +01:00  INF  User profile is available. Using 'C:\Users\Oluwayanmife.ayeni\AppData\Local\ASP.NET\DataProtection-Keys' as key repository and Windows DPAPI to encrypt keys at rest.
2024-05-23 11:51:25.989 +01:00  INF  Request starting HTTP/2 GET https://localhost:44318/swagger/index.html - -
2024-05-23 11:51:26.039 +01:00  INF  Application started. Press Ctrl+C to shut down.
2024-05-23 11:51:26.040 +01:00  INF  Hosting environment: Development
2024-05-23 11:51:26.041 +01:00  INF  Content root path: C:\Users\Oluwayanmife.ayeni\OneDrive - United Capital Plc\Documents\ASP.NET\Authenticator\Authenticator\
2024-05-23 11:51:26.766 +01:00  INF  Request finished HTTP/2 GET https://localhost:44318/swagger/index.html - - - 200 - text/html;charset=utf-8 782.6891ms
2024-05-23 11:51:27.063 +01:00  INF  Request starting HTTP/2 GET https://localhost:44318/_framework/aspnetcore-browser-refresh.js - -
2024-05-23 11:51:27.082 +01:00  INF  Request finished HTTP/2 GET https://localhost:44318/_framework/aspnetcore-browser-refresh.js - - - 200 12358 application/javascript;+charset=utf-8 12.2161ms
2024-05-23 11:51:27.367 +01:00  INF  Request starting HTTP/2 GET https://localhost:44318/_vs/browserLink - -
2024-05-23 11:51:27.519 +01:00  INF  Request finished HTTP/2 GET https://localhost:44318/_vs/browserLink - - - 200 - text/javascript;+charset=UTF-8 152.4823ms
2024-05-23 11:51:27.874 +01:00  INF  Request starting HTTP/2 GET https://localhost:44318/swagger/v1/swagger.json - -
2024-05-23 11:51:28.182 +01:00  INF  Request finished HTTP/2 GET https://localhost:44318/swagger/v1/swagger.json - - - 200 - application/json;charset=utf-8 308.0115ms
2024-05-23 11:52:47.168 +01:00  INF  Request starting HTTP/2 POST https://localhost:44318/api/Account/Login application/json 52
2024-05-23 11:52:47.347 +01:00  INF  Executing endpoint 'Authenticator.Controllers.AccountController.Login (Authenticator)'
2024-05-23 11:52:47.398 +01:00  INF  Route matched with {action = "Login", controller = "Account"}. Executing controller action with signature System.Threading.Tasks.Task`1[Microsoft.AspNetCore.Mvc.IActionResult] Login(Authenticator.DTO.Account.LoginDTO) on controller Authenticator.Controllers.AccountController (Authenticator).
2024-05-23 11:52:48.670 +01:00  WRN  No store type was specified for the decimal property 'Div' on entity type 'Stocks'. This will cause values to be silently truncated if they do not fit in the default precision and scale. Explicitly specify the SQL server column type that can accommodate all the values in 'OnModelCreating' using 'HasColumnType', specify precision and scale using 'HasPrecision', or configure a value converter using 'HasConversion'.
2024-05-23 11:52:48.670 +01:00  WRN  No store type was specified for the decimal property 'Purchase' on entity type 'Stocks'. This will cause values to be silently truncated if they do not fit in the default precision and scale. Explicitly specify the SQL server column type that can accommodate all the values in 'OnModelCreating' using 'HasColumnType', specify precision and scale using 'HasPrecision', or configure a value converter using 'HasConversion'.
2024-05-23 11:52:48.931 +01:00  INF  Entity Framework Core 6.0.29 initialized 'ApplicationDbContext' using provider 'Microsoft.EntityFrameworkCore.SqlServer:6.0.29' with options: None
2024-05-23 11:52:50.439 +01:00  INF  Executed DbCommand (107ms) [Parameters=[@__ToLower_0='?' (Size = 4000)], CommandType='"Text"', CommandTimeout='30']
SELECT TOP(1) [a].[Id], [a].[EmailAddress], [a].[PasswordHash], [a].[PasswordSalt], [a].[Username]
FROM [AccountsTable] AS [a]
WHERE LOWER([a].[Username]) = @__ToLower_0
2024-05-23 11:52:50.499 +01:00  INF  Executing ObjectResult, writing value of type 'System.Collections.Generic.List`1[[System.String, System.Private.CoreLib, Version=6.0.0.0, Culture=neutral, PublicKeyToken=7cec85d7bea7798e]]'.
2024-05-23 11:52:50.509 +01:00  INF  Executed action Authenticator.Controllers.AccountController.Login (Authenticator) in 3106.3316ms
2024-05-23 11:52:50.511 +01:00  INF  Executed endpoint 'Authenticator.Controllers.AccountController.Login (Authenticator)'
2024-05-23 11:52:50.516 +01:00  INF  HTTP POST /api/Account/Login responded 401 in 3329.0801 ms
2024-05-23 11:52:50.527 +01:00  INF  Request finished HTTP/2 POST https://localhost:44318/api/Account/Login application/json 52 - 401 - application/json;+charset=utf-8 3359.0542ms
2024-05-23 11:59:54.063 +01:00  INF  User profile is available. Using 'C:\Users\Oluwayanmife.ayeni\AppData\Local\ASP.NET\DataProtection-Keys' as key repository and Windows DPAPI to encrypt keys at rest.
2024-05-23 11:59:54.593 +01:00  INF  Request starting HTTP/2 GET https://localhost:44318/swagger/index.html - -
2024-05-23 11:59:54.633 +01:00  INF  Application started. Press Ctrl+C to shut down.
2024-05-23 11:59:54.634 +01:00  INF  Hosting environment: Development
2024-05-23 11:59:54.634 +01:00  INF  Content root path: C:\Users\Oluwayanmife.ayeni\OneDrive - United Capital Plc\Documents\ASP.NET\Authenticator\Authenticator\
2024-05-23 11:59:55.319 +01:00  INF  Request finished HTTP/2 GET https://localhost:44318/swagger/index.html - - - 200 - text/html;charset=utf-8 731.9760ms
2024-05-23 11:59:55.428 +01:00  INF  Request starting HTTP/2 GET https://localhost:44318/_framework/aspnetcore-browser-refresh.js - -
2024-05-23 11:59:55.461 +01:00  INF  Request finished HTTP/2 GET https://localhost:44318/_framework/aspnetcore-browser-refresh.js - - - 200 12358 application/javascript;+charset=utf-8 10.5282ms
2024-05-23 11:59:55.613 +01:00  INF  Request starting HTTP/2 GET https://localhost:44318/_vs/browserLink - -
2024-05-23 11:59:55.736 +01:00  INF  Request finished HTTP/2 GET https://localhost:44318/_vs/browserLink - - - 200 - text/javascript;+charset=UTF-8 122.0338ms
2024-05-23 11:59:56.053 +01:00  INF  Request starting HTTP/2 GET https://localhost:44318/swagger/v1/swagger.json - -
2024-05-23 11:59:56.442 +01:00  INF  Request finished HTTP/2 GET https://localhost:44318/swagger/v1/swagger.json - - - 200 - application/json;charset=utf-8 388.8443ms
2024-05-23 12:00:56.080 +01:00  INF  Request starting HTTP/2 POST https://localhost:44318/api/Account/Login application/json 52
2024-05-23 12:00:56.285 +01:00  INF  Executing endpoint 'Authenticator.Controllers.AccountController.Login (Authenticator)'
2024-05-23 12:00:56.332 +01:00  INF  Route matched with {action = "Login", controller = "Account"}. Executing controller action with signature System.Threading.Tasks.Task`1[Microsoft.AspNetCore.Mvc.IActionResult] Login(Authenticator.DTO.Account.LoginDTO) on controller Authenticator.Controllers.AccountController (Authenticator).
2024-05-23 12:00:57.563 +01:00  WRN  No store type was specified for the decimal property 'Div' on entity type 'Stocks'. This will cause values to be silently truncated if they do not fit in the default precision and scale. Explicitly specify the SQL server column type that can accommodate all the values in 'OnModelCreating' using 'HasColumnType', specify precision and scale using 'HasPrecision', or configure a value converter using 'HasConversion'.
2024-05-23 12:00:57.563 +01:00  WRN  No store type was specified for the decimal property 'Purchase' on entity type 'Stocks'. This will cause values to be silently truncated if they do not fit in the default precision and scale. Explicitly specify the SQL server column type that can accommodate all the values in 'OnModelCreating' using 'HasColumnType', specify precision and scale using 'HasPrecision', or configure a value converter using 'HasConversion'.
2024-05-23 12:00:57.781 +01:00  INF  Entity Framework Core 6.0.29 initialized 'ApplicationDbContext' using provider 'Microsoft.EntityFrameworkCore.SqlServer:6.0.29' with options: None
2024-05-23 12:00:59.259 +01:00  INF  Executed DbCommand (156ms) [Parameters=[@__ToLower_0='?' (Size = 4000)], CommandType='"Text"', CommandTimeout='30']
SELECT TOP(1) [a].[Id], [a].[EmailAddress], [a].[PasswordHash], [a].[PasswordSalt], [a].[Username]
FROM [AccountsTable] AS [a]
WHERE LOWER([a].[Username]) = @__ToLower_0
2024-05-23 12:00:59.486 +01:00  INF  Executed action Authenticator.Controllers.AccountController.Login (Authenticator) in 3147.7774ms
2024-05-23 12:00:59.490 +01:00  INF  Executed endpoint 'Authenticator.Controllers.AccountController.Login (Authenticator)'
2024-05-23 12:00:59.497 +01:00  ERR  HTTP POST /api/Account/Login responded 500 in 3365.0664 msSystem.Exception: User does not exist
   at Authenticator.Repository.Account.AccountRepo.Login(LoginDTO login) in C:\Users\Oluwayanmife.ayeni\OneDrive - United Capital Plc\Documents\ASP.NET\Authenticator\Authenticator\Repository\Account\AccountRepo.cs:line 72
   at Authenticator.Controllers.AccountController.Login(LoginDTO login) in C:\Users\Oluwayanmife.ayeni\OneDrive - United Capital Plc\Documents\ASP.NET\Authenticator\Authenticator\Controllers\AccountController.cs:line 52
   at Microsoft.AspNetCore.Mvc.Infrastructure.ActionMethodExecutor.TaskOfIActionResultExecutor.Execute(IActionResultTypeMapper mapper, ObjectMethodExecutor executor, Object controller, Object[] arguments)
   at Microsoft.AspNetCore.Mvc.Infrastructure.ControllerActionInvoker.<InvokeActionMethodAsync>g__Awaited|12_0(ControllerActionInvoker invoker, ValueTask`1 actionResultValueTask)
   at Microsoft.AspNetCore.Mvc.Infrastructure.ControllerActionInvoker.<InvokeNextActionFilterAsync>g__Awaited|10_0(ControllerActionInvoker invoker, Task lastTask, State next, Scope scope, Object state, Boolean isCompleted)
   at Microsoft.AspNetCore.Mvc.Infrastructure.ControllerActionInvoker.Rethrow(ActionExecutedContextSealed context)
   at Microsoft.AspNetCore.Mvc.Infrastructure.ControllerActionInvoker.Next(State& next, Scope& scope, Object& state, Boolean& isCompleted)
   at Microsoft.AspNetCore.Mvc.Infrastructure.ControllerActionInvoker.<InvokeInnerFilterAsync>g__Awaited|13_0(ControllerActionInvoker invoker, Task lastTask, State next, Scope scope, Object state, Boolean isCompleted)
   at Microsoft.AspNetCore.Mvc.Infrastructure.ResourceInvoker.<InvokeFilterPipelineAsync>g__Awaited|20_0(ResourceInvoker invoker, Task lastTask, State next, Scope scope, Object state, Boolean isCompleted)
   at Microsoft.AspNetCore.Mvc.Infrastructure.ResourceInvoker.<InvokeAsync>g__Logged|17_1(ResourceInvoker invoker)
   at Microsoft.AspNetCore.Mvc.Infrastructure.ResourceInvoker.<InvokeAsync>g__Logged|17_1(ResourceInvoker invoker)
   at Microsoft.AspNetCore.Routing.EndpointMiddleware.<Invoke>g__AwaitRequestTask|6_0(Endpoint endpoint, Task requestTask, ILogger logger)
   at Microsoft.AspNetCore.Authorization.AuthorizationMiddleware.Invoke(HttpContext context)
   at Microsoft.AspNetCore.Authentication.AuthenticationMiddleware.Invoke(HttpContext context)
   at Serilog.AspNetCore.RequestLoggingMiddleware.Invoke(HttpContext httpContext)

2024-05-23 12:00:59.600 +01:00  ERR  An unhandled exception has occurred while executing the request.System.Exception: User does not exist
   at Authenticator.Repository.Account.AccountRepo.Login(LoginDTO login) in C:\Users\Oluwayanmife.ayeni\OneDrive - United Capital Plc\Documents\ASP.NET\Authenticator\Authenticator\Repository\Account\AccountRepo.cs:line 72
   at Authenticator.Controllers.AccountController.Login(LoginDTO login) in C:\Users\Oluwayanmife.ayeni\OneDrive - United Capital Plc\Documents\ASP.NET\Authenticator\Authenticator\Controllers\AccountController.cs:line 52
   at Microsoft.AspNetCore.Mvc.Infrastructure.ActionMethodExecutor.TaskOfIActionResultExecutor.Execute(IActionResultTypeMapper mapper, ObjectMethodExecutor executor, Object controller, Object[] arguments)
   at Microsoft.AspNetCore.Mvc.Infrastructure.ControllerActionInvoker.<InvokeActionMethodAsync>g__Awaited|12_0(ControllerActionInvoker invoker, ValueTask`1 actionResultValueTask)
   at Microsoft.AspNetCore.Mvc.Infrastructure.ControllerActionInvoker.<InvokeNextActionFilterAsync>g__Awaited|10_0(ControllerActionInvoker invoker, Task lastTask, State next, Scope scope, Object state, Boolean isCompleted)
   at Microsoft.AspNetCore.Mvc.Infrastructure.ControllerActionInvoker.Rethrow(ActionExecutedContextSealed context)
   at Microsoft.AspNetCore.Mvc.Infrastructure.ControllerActionInvoker.Next(State& next, Scope& scope, Object& state, Boolean& isCompleted)
   at Microsoft.AspNetCore.Mvc.Infrastructure.ControllerActionInvoker.<InvokeInnerFilterAsync>g__Awaited|13_0(ControllerActionInvoker invoker, Task lastTask, State next, Scope scope, Object state, Boolean isCompleted)
   at Microsoft.AspNetCore.Mvc.Infrastructure.ResourceInvoker.<InvokeFilterPipelineAsync>g__Awaited|20_0(ResourceInvoker invoker, Task lastTask, State next, Scope scope, Object state, Boolean isCompleted)
   at Microsoft.AspNetCore.Mvc.Infrastructure.ResourceInvoker.<InvokeAsync>g__Logged|17_1(ResourceInvoker invoker)
   at Microsoft.AspNetCore.Mvc.Infrastructure.ResourceInvoker.<InvokeAsync>g__Logged|17_1(ResourceInvoker invoker)
   at Microsoft.AspNetCore.Routing.EndpointMiddleware.<Invoke>g__AwaitRequestTask|6_0(Endpoint endpoint, Task requestTask, ILogger logger)
   at Microsoft.AspNetCore.Authorization.AuthorizationMiddleware.Invoke(HttpContext context)
   at Microsoft.AspNetCore.Authentication.AuthenticationMiddleware.Invoke(HttpContext context)
   at Serilog.AspNetCore.RequestLoggingMiddleware.Invoke(HttpContext httpContext)
   at Swashbuckle.AspNetCore.SwaggerUI.SwaggerUIMiddleware.Invoke(HttpContext httpContext)
   at Swashbuckle.AspNetCore.Swagger.SwaggerMiddleware.Invoke(HttpContext httpContext, ISwaggerProvider swaggerProvider)
   at Microsoft.AspNetCore.Diagnostics.DeveloperExceptionPageMiddleware.Invoke(HttpContext context)

2024-05-23 12:00:59.628 +01:00  INF  Request finished HTTP/2 POST https://localhost:44318/api/Account/Login application/json 52 - 500 - text/plain;+charset=utf-8 3548.7865ms
2024-05-23 12:14:27.599 +01:00  INF  User profile is available. Using 'C:\Users\Oluwayanmife.ayeni\AppData\Local\ASP.NET\DataProtection-Keys' as key repository and Windows DPAPI to encrypt keys at rest.
2024-05-23 12:14:28.149 +01:00  INF  Request starting HTTP/2 GET https://localhost:44318/swagger/index.html - -
2024-05-23 12:14:28.188 +01:00  INF  Application started. Press Ctrl+C to shut down.
2024-05-23 12:14:28.189 +01:00  INF  Hosting environment: Development
2024-05-23 12:14:28.189 +01:00  INF  Content root path: C:\Users\Oluwayanmife.ayeni\OneDrive - United Capital Plc\Documents\ASP.NET\Authenticator\Authenticator\
2024-05-23 12:14:28.906 +01:00  INF  Request finished HTTP/2 GET https://localhost:44318/swagger/index.html - - - 200 - text/html;charset=utf-8 763.1864ms
2024-05-23 12:14:28.991 +01:00  INF  Request starting HTTP/2 GET https://localhost:44318/_framework/aspnetcore-browser-refresh.js - -
2024-05-23 12:14:29.010 +01:00  INF  Request finished HTTP/2 GET https://localhost:44318/_framework/aspnetcore-browser-refresh.js - - - 200 12358 application/javascript;+charset=utf-8 11.1631ms
2024-05-23 12:14:29.263 +01:00  INF  Request starting HTTP/2 GET https://localhost:44318/_vs/browserLink - -
2024-05-23 12:14:29.506 +01:00  INF  Request finished HTTP/2 GET https://localhost:44318/_vs/browserLink - - - 200 - text/javascript;+charset=UTF-8 243.3400ms
2024-05-23 12:14:29.604 +01:00  INF  Request starting HTTP/2 GET https://localhost:44318/swagger/v1/swagger.json - -
2024-05-23 12:14:29.973 +01:00  INF  Request finished HTTP/2 GET https://localhost:44318/swagger/v1/swagger.json - - - 200 - application/json;charset=utf-8 369.1836ms
2024-05-23 12:14:51.891 +01:00  INF  Request starting HTTP/2 POST https://localhost:44318/api/Account/Login application/json 52
2024-05-23 12:14:52.074 +01:00  INF  Executing endpoint 'Authenticator.Controllers.AccountController.Login (Authenticator)'
2024-05-23 12:14:52.123 +01:00  INF  Route matched with {action = "Login", controller = "Account"}. Executing controller action with signature System.Threading.Tasks.Task`1[Microsoft.AspNetCore.Mvc.IActionResult] Login(Authenticator.DTO.Account.LoginDTO) on controller Authenticator.Controllers.AccountController (Authenticator).
2024-05-23 12:14:53.599 +01:00  WRN  No store type was specified for the decimal property 'Div' on entity type 'Stocks'. This will cause values to be silently truncated if they do not fit in the default precision and scale. Explicitly specify the SQL server column type that can accommodate all the values in 'OnModelCreating' using 'HasColumnType', specify precision and scale using 'HasPrecision', or configure a value converter using 'HasConversion'.
2024-05-23 12:14:53.599 +01:00  WRN  No store type was specified for the decimal property 'Purchase' on entity type 'Stocks'. This will cause values to be silently truncated if they do not fit in the default precision and scale. Explicitly specify the SQL server column type that can accommodate all the values in 'OnModelCreating' using 'HasColumnType', specify precision and scale using 'HasPrecision', or configure a value converter using 'HasConversion'.
2024-05-23 12:14:53.816 +01:00  INF  Entity Framework Core 6.0.29 initialized 'ApplicationDbContext' using provider 'Microsoft.EntityFrameworkCore.SqlServer:6.0.29' with options: None
2024-05-23 12:14:55.404 +01:00  INF  Executed DbCommand (144ms) [Parameters=[@__ToLower_0='?' (Size = 4000)], CommandType='"Text"', CommandTimeout='30']
SELECT TOP(1) [a].[Id], [a].[EmailAddress], [a].[PasswordHash], [a].[PasswordSalt], [a].[Username]
FROM [AccountsTable] AS [a]
WHERE LOWER([a].[Username]) = @__ToLower_0
2024-05-23 12:14:55.627 +01:00  INF  Executing ObjectResult, writing value of type 'System.Collections.Generic.List`1[[System.String, System.Private.CoreLib, Version=6.0.0.0, Culture=neutral, PublicKeyToken=7cec85d7bea7798e]]'.
2024-05-23 12:14:55.636 +01:00  INF  Executed action Authenticator.Controllers.AccountController.Login (Authenticator) in 3506.7531ms
2024-05-23 12:14:55.637 +01:00  INF  Executed endpoint 'Authenticator.Controllers.AccountController.Login (Authenticator)'
2024-05-23 12:14:55.643 +01:00  INF  HTTP POST /api/Account/Login responded 401 in 3727.6157 ms
2024-05-23 12:14:55.660 +01:00  INF  Request finished HTTP/2 POST https://localhost:44318/api/Account/Login application/json 52 - 401 - application/json;+charset=utf-8 3769.0182ms
2024-05-23 12:35:15.927 +01:00  INF  User profile is available. Using 'C:\Users\Oluwayanmife.ayeni\AppData\Local\ASP.NET\DataProtection-Keys' as key repository and Windows DPAPI to encrypt keys at rest.
2024-05-23 12:35:16.853 +01:00  INF  Application started. Press Ctrl+C to shut down.
2024-05-23 12:35:16.854 +01:00  INF  Hosting environment: Development
2024-05-23 12:35:16.855 +01:00  INF  Content root path: C:\Users\Oluwayanmife.ayeni\OneDrive - United Capital Plc\Documents\ASP.NET\Authenticator\Authenticator\
2024-05-23 12:35:16.890 +01:00  INF  Request starting HTTP/2 GET https://localhost:44318/swagger/index.html - -
2024-05-23 12:35:18.893 +01:00  INF  Request finished HTTP/2 GET https://localhost:44318/swagger/index.html - - - 200 - text/html;charset=utf-8 1987.3020ms
2024-05-23 12:35:20.011 +01:00  INF  Request starting HTTP/2 GET https://localhost:44318/_framework/aspnetcore-browser-refresh.js - -
2024-05-23 12:35:20.025 +01:00  INF  Request finished HTTP/2 GET https://localhost:44318/_framework/aspnetcore-browser-refresh.js - - - 200 12358 application/javascript;+charset=utf-8 13.9738ms
2024-05-23 12:35:20.085 +01:00  INF  Request starting HTTP/2 GET https://localhost:44318/_vs/browserLink - -
2024-05-23 12:35:20.273 +01:00  INF  Request finished HTTP/2 GET https://localhost:44318/_vs/browserLink - - - 200 - text/javascript;+charset=UTF-8 188.7797ms
2024-05-23 12:35:20.471 +01:00  INF  Request starting HTTP/2 GET https://localhost:44318/swagger/v1/swagger.json - -
2024-05-23 12:35:20.794 +01:00  INF  Request finished HTTP/2 GET https://localhost:44318/swagger/v1/swagger.json - - - 200 - application/json;charset=utf-8 322.9065ms
2024-05-23 12:36:08.995 +01:00  INF  Request starting HTTP/2 POST https://localhost:44318/api/Account/Register application/json 90
2024-05-23 12:36:09.235 +01:00  INF  Executing endpoint 'Authenticator.Controllers.AccountController.CreateAccount (Authenticator)'
2024-05-23 12:36:09.285 +01:00  INF  Route matched with {action = "CreateAccount", controller = "Account"}. Executing controller action with signature System.Threading.Tasks.Task`1[Microsoft.AspNetCore.Mvc.IActionResult] CreateAccount(Authenticator.DTO.Account.CreateAccountDTO) on controller Authenticator.Controllers.AccountController (Authenticator).
2024-05-23 12:36:10.876 +01:00  WRN  No store type was specified for the decimal property 'Div' on entity type 'Stocks'. This will cause values to be silently truncated if they do not fit in the default precision and scale. Explicitly specify the SQL server column type that can accommodate all the values in 'OnModelCreating' using 'HasColumnType', specify precision and scale using 'HasPrecision', or configure a value converter using 'HasConversion'.
2024-05-23 12:36:10.878 +01:00  WRN  No store type was specified for the decimal property 'Purchase' on entity type 'Stocks'. This will cause values to be silently truncated if they do not fit in the default precision and scale. Explicitly specify the SQL server column type that can accommodate all the values in 'OnModelCreating' using 'HasColumnType', specify precision and scale using 'HasPrecision', or configure a value converter using 'HasConversion'.
2024-05-23 12:36:11.145 +01:00  INF  Entity Framework Core 6.0.29 initialized 'ApplicationDbContext' using provider 'Microsoft.EntityFrameworkCore.SqlServer:6.0.29' with options: None
2024-05-23 12:36:12.774 +01:00  INF  Executed DbCommand (108ms) [Parameters=[@__create_Username_0='?' (Size = 4000), @__create_EmailAddress_1='?' (Size = 4000)], CommandType='"Text"', CommandTimeout='30']
SELECT CASE
    WHEN EXISTS (
        SELECT 1
        FROM [AccountsTable] AS [a]
        WHERE ([a].[Username] = @__create_Username_0) AND ([a].[EmailAddress] = @__create_EmailAddress_1)) THEN CAST(1 AS bit)
    ELSE CAST(0 AS bit)
END
2024-05-23 12:36:13.306 +01:00  INF  Executed DbCommand (70ms) [Parameters=[@p0='?' (Size = 4000), @p1='?' (Size = 8000) (DbType = Binary), @p2='?' (Size = 8000) (DbType = Binary), @p3='?' (Size = 4000)], CommandType='"Text"', CommandTimeout='30']
SET NOCOUNT ON;
INSERT INTO [AccountsTable] ([EmailAddress], [PasswordHash], [PasswordSalt], [Username])
VALUES (@p0, @p1, @p2, @p3);
SELECT [Id]
FROM [AccountsTable]
WHERE @@ROWCOUNT = 1 AND [Id] = scope_identity();
2024-05-23 12:36:13.434 +01:00  INF  Executing CreatedAtActionResult, writing value of type 'Authenticator.DTO.Account.AccountDTO'.
2024-05-23 12:36:13.505 +01:00  INF  Executed action Authenticator.Controllers.AccountController.CreateAccount (Authenticator) in 4206.7416ms
2024-05-23 12:36:13.508 +01:00  INF  Executed endpoint 'Authenticator.Controllers.AccountController.CreateAccount (Authenticator)'
2024-05-23 12:36:13.522 +01:00  INF  HTTP POST /api/Account/Register responded 201 in 4492.8050 ms
2024-05-23 12:36:13.551 +01:00  INF  Request finished HTTP/2 POST https://localhost:44318/api/Account/Register application/json 90 - 201 - application/json;+charset=utf-8 4555.8554ms
2024-05-23 12:36:17.828 +01:00  INF  Request starting HTTP/2 POST https://localhost:44318/api/Account/Register application/json 90
2024-05-23 12:36:17.835 +01:00  INF  Executing endpoint 'Authenticator.Controllers.AccountController.CreateAccount (Authenticator)'
2024-05-23 12:36:17.835 +01:00  INF  Route matched with {action = "CreateAccount", controller = "Account"}. Executing controller action with signature System.Threading.Tasks.Task`1[Microsoft.AspNetCore.Mvc.IActionResult] CreateAccount(Authenticator.DTO.Account.CreateAccountDTO) on controller Authenticator.Controllers.AccountController (Authenticator).
2024-05-23 12:36:17.895 +01:00  INF  Entity Framework Core 6.0.29 initialized 'ApplicationDbContext' using provider 'Microsoft.EntityFrameworkCore.SqlServer:6.0.29' with options: None
2024-05-23 12:36:17.935 +01:00  INF  Executed DbCommand (36ms) [Parameters=[@__create_Username_0='?' (Size = 4000), @__create_EmailAddress_1='?' (Size = 4000)], CommandType='"Text"', CommandTimeout='30']
SELECT CASE
    WHEN EXISTS (
        SELECT 1
        FROM [AccountsTable] AS [a]
        WHERE ([a].[Username] = @__create_Username_0) AND ([a].[EmailAddress] = @__create_EmailAddress_1)) THEN CAST(1 AS bit)
    ELSE CAST(0 AS bit)
END
2024-05-23 12:38:49.480 +01:00  INF  User profile is available. Using 'C:\Users\Oluwayanmife.ayeni\AppData\Local\ASP.NET\DataProtection-Keys' as key repository and Windows DPAPI to encrypt keys at rest.
2024-05-23 12:38:49.983 +01:00  INF  Request starting HTTP/2 GET https://localhost:44318/swagger/index.html - -
2024-05-23 12:38:50.016 +01:00  INF  Application started. Press Ctrl+C to shut down.
2024-05-23 12:38:50.017 +01:00  INF  Hosting environment: Development
2024-05-23 12:38:50.017 +01:00  INF  Content root path: C:\Users\Oluwayanmife.ayeni\OneDrive - United Capital Plc\Documents\ASP.NET\Authenticator\Authenticator\
2024-05-23 12:38:51.190 +01:00  INF  Request finished HTTP/2 GET https://localhost:44318/swagger/index.html - - - 200 - text/html;charset=utf-8 1201.7570ms
2024-05-23 12:38:51.375 +01:00  INF  Request starting HTTP/2 GET https://localhost:44318/_framework/aspnetcore-browser-refresh.js - -
2024-05-23 12:38:51.389 +01:00  INF  Request finished HTTP/2 GET https://localhost:44318/_framework/aspnetcore-browser-refresh.js - - - 200 12358 application/javascript;+charset=utf-8 12.6935ms
2024-05-23 12:38:51.466 +01:00  INF  Request starting HTTP/2 GET https://localhost:44318/_vs/browserLink - -
2024-05-23 12:38:51.671 +01:00  INF  Request finished HTTP/2 GET https://localhost:44318/_vs/browserLink - - - 200 - text/javascript;+charset=UTF-8 205.2901ms
2024-05-23 12:38:52.064 +01:00  INF  Request starting HTTP/2 GET https://localhost:44318/swagger/v1/swagger.json - -
2024-05-23 12:38:52.483 +01:00  INF  Request finished HTTP/2 GET https://localhost:44318/swagger/v1/swagger.json - - - 200 - application/json;charset=utf-8 418.9815ms
2024-05-23 12:39:44.366 +01:00  INF  Request starting HTTP/2 POST https://localhost:44318/api/Account/Register application/json 90
2024-05-23 12:39:44.578 +01:00  INF  Executing endpoint 'Authenticator.Controllers.AccountController.CreateAccount (Authenticator)'
2024-05-23 12:39:44.622 +01:00  INF  Route matched with {action = "CreateAccount", controller = "Account"}. Executing controller action with signature System.Threading.Tasks.Task`1[Microsoft.AspNetCore.Mvc.IActionResult] CreateAccount(Authenticator.DTO.Account.CreateAccountDTO) on controller Authenticator.Controllers.AccountController (Authenticator).
2024-05-23 12:39:46.012 +01:00  WRN  No store type was specified for the decimal property 'Div' on entity type 'Stocks'. This will cause values to be silently truncated if they do not fit in the default precision and scale. Explicitly specify the SQL server column type that can accommodate all the values in 'OnModelCreating' using 'HasColumnType', specify precision and scale using 'HasPrecision', or configure a value converter using 'HasConversion'.
2024-05-23 12:39:46.012 +01:00  WRN  No store type was specified for the decimal property 'Purchase' on entity type 'Stocks'. This will cause values to be silently truncated if they do not fit in the default precision and scale. Explicitly specify the SQL server column type that can accommodate all the values in 'OnModelCreating' using 'HasColumnType', specify precision and scale using 'HasPrecision', or configure a value converter using 'HasConversion'.
2024-05-23 12:39:46.257 +01:00  INF  Entity Framework Core 6.0.29 initialized 'ApplicationDbContext' using provider 'Microsoft.EntityFrameworkCore.SqlServer:6.0.29' with options: None
2024-05-23 12:39:47.891 +01:00  INF  Executed DbCommand (114ms) [Parameters=[@__create_Username_0='?' (Size = 4000), @__create_EmailAddress_1='?' (Size = 4000)], CommandType='"Text"', CommandTimeout='30']
SELECT CASE
    WHEN EXISTS (
        SELECT 1
        FROM [AccountsTable] AS [a]
        WHERE ([a].[Username] = @__create_Username_0) AND ([a].[EmailAddress] = @__create_EmailAddress_1)) THEN CAST(1 AS bit)
    ELSE CAST(0 AS bit)
END
2024-05-23 12:39:47.946 +01:00  INF  Executing ObjectResult, writing value of type 'System.Collections.Generic.List`1[[System.String, System.Private.CoreLib, Version=6.0.0.0, Culture=neutral, PublicKeyToken=7cec85d7bea7798e]]'.
2024-05-23 12:39:47.960 +01:00  INF  Executed action Authenticator.Controllers.AccountController.CreateAccount (Authenticator) in 3327.2953ms
2024-05-23 12:39:47.960 +01:00  INF  Executed endpoint 'Authenticator.Controllers.AccountController.CreateAccount (Authenticator)'
2024-05-23 12:39:47.964 +01:00  INF  HTTP POST /api/Account/Register responded 400 in 3571.2778 ms
2024-05-23 12:39:47.980 +01:00  INF  Request finished HTTP/2 POST https://localhost:44318/api/Account/Register application/json 90 - 400 - application/json;+charset=utf-8 3614.2528ms
