2024-06-04 09:11:32.437 +01:00  INF  User profile is available. Using 'C:\Users\Oluwayanmife.ayeni\AppData\Local\ASP.NET\DataProtection-Keys' as key repository and Windows DPAPI to encrypt keys at rest.
2024-06-04 09:11:33.549 +01:00  INF  Request starting HTTP/2 GET https://localhost:44318/swagger/index.html - -
2024-06-04 09:11:33.588 +01:00  INF  Application started. Press Ctrl+C to shut down.
2024-06-04 09:11:33.588 +01:00  INF  Hosting environment: Development
2024-06-04 09:11:33.588 +01:00  INF  Content root path: C:\Users\Oluwayanmife.ayeni\OneDrive - United Capital Plc\Documents\ASP.NET\Authenticator - Copy\Authenticator\
2024-06-04 09:11:35.854 +01:00  INF  Request finished HTTP/2 GET https://localhost:44318/swagger/index.html - - - 200 - text/html;charset=utf-8 2295.6600ms
2024-06-04 09:11:35.856 +01:00  INF  Request starting HTTP/2 GET https://localhost:44318/_framework/aspnetcore-browser-refresh.js - -
2024-06-04 09:11:35.907 +01:00  INF  Request finished HTTP/2 GET https://localhost:44318/_framework/aspnetcore-browser-refresh.js - - - 200 12358 application/javascript;+charset=utf-8 50.3710ms
2024-06-04 09:11:36.081 +01:00  INF  Request starting HTTP/2 GET https://localhost:44318/_vs/browserLink - -
2024-06-04 09:11:36.384 +01:00  INF  Request finished HTTP/2 GET https://localhost:44318/_vs/browserLink - - - 200 - text/javascript;+charset=UTF-8 302.8972ms
2024-06-04 09:11:36.672 +01:00  INF  Request starting HTTP/2 GET https://localhost:44318/swagger/v1/swagger.json - -
2024-06-04 09:11:37.075 +01:00  INF  Request finished HTTP/2 GET https://localhost:44318/swagger/v1/swagger.json - - - 200 - application/json;charset=utf-8 402.2325ms
2024-06-04 09:12:22.289 +01:00  INF  Request starting HTTP/2 POST https://localhost:44318/api/Account/Send mail?body=i%20am%20testing - 0
2024-06-04 09:12:22.591 +01:00  INF  Executing endpoint 'Authenticator.Controllers.AccountController.Sendmail (Authenticator)'
2024-06-04 09:12:22.663 +01:00  INF  Route matched with {action = "Sendmail", controller = "Account"}. Executing controller action with signature Microsoft.AspNetCore.Mvc.IActionResult Sendmail(System.String) on controller Authenticator.Controllers.AccountController (Authenticator).
2024-06-04 09:12:26.087 +01:00  INF  Executing StatusCodeResult, setting HTTP status code 200
2024-06-04 09:12:26.095 +01:00  INF  Executed action Authenticator.Controllers.AccountController.Sendmail (Authenticator) in 3424.9264ms
2024-06-04 09:12:26.095 +01:00  INF  Executed endpoint 'Authenticator.Controllers.AccountController.Sendmail (Authenticator)'
2024-06-04 09:12:26.098 +01:00  INF  HTTP POST /api/Account/Send mail responded 200 in 3776.3123 ms
2024-06-04 09:12:26.104 +01:00  INF  Request finished HTTP/2 POST https://localhost:44318/api/Account/Send mail?body=i%20am%20testing - 0 - 200 - - 3815.4442ms
2024-06-04 09:48:41.653 +01:00  INF  User profile is available. Using 'C:\Users\Oluwayanmife.ayeni\AppData\Local\ASP.NET\DataProtection-Keys' as key repository and Windows DPAPI to encrypt keys at rest.
2024-06-04 09:48:42.584 +01:00  INF  Application started. Press Ctrl+C to shut down.
2024-06-04 09:48:42.585 +01:00  INF  Hosting environment: Development
2024-06-04 09:48:42.585 +01:00  INF  Content root path: C:\Users\Oluwayanmife.ayeni\OneDrive - United Capital Plc\Documents\ASP.NET\Authenticator - Copy\Authenticator\
2024-06-04 09:48:42.693 +01:00  INF  Request starting HTTP/2 GET https://localhost:44318/swagger/index.html - -
2024-06-04 09:48:43.607 +01:00  INF  Request finished HTTP/2 GET https://localhost:44318/swagger/index.html - - - 200 - text/html;charset=utf-8 919.9631ms
2024-06-04 09:48:43.675 +01:00  INF  Request starting HTTP/2 GET https://localhost:44318/_framework/aspnetcore-browser-refresh.js - -
2024-06-04 09:48:43.711 +01:00  INF  Request finished HTTP/2 GET https://localhost:44318/_framework/aspnetcore-browser-refresh.js - - - 200 12358 application/javascript;+charset=utf-8 33.7240ms
2024-06-04 09:48:44.040 +01:00  INF  Request starting HTTP/2 GET https://localhost:44318/_vs/browserLink - -
2024-06-04 09:48:44.235 +01:00  INF  Request finished HTTP/2 GET https://localhost:44318/_vs/browserLink - - - 200 - text/javascript;+charset=UTF-8 194.7408ms
2024-06-04 09:48:44.451 +01:00  INF  Request starting HTTP/2 GET https://localhost:44318/swagger/v1/swagger.json - -
2024-06-04 09:48:44.819 +01:00  INF  Request finished HTTP/2 GET https://localhost:44318/swagger/v1/swagger.json - - - 200 - application/json;charset=utf-8 368.9620ms
2024-06-04 09:48:56.862 +01:00  INF  Request starting HTTP/2 GET https://localhost:44318/api/Account/Forgot password?EmailAddress=curtisdave86%40gmail.com - -
2024-06-04 09:48:57.223 +01:00  INF  Executing endpoint 'Authenticator.Controllers.AccountController.ForgotPassword (Authenticator)'
2024-06-04 09:48:57.285 +01:00  INF  Route matched with {action = "ForgotPassword", controller = "Account"}. Executing controller action with signature System.Threading.Tasks.Task`1[Microsoft.AspNetCore.Mvc.IActionResult] ForgotPassword(System.String) on controller Authenticator.Controllers.AccountController (Authenticator).
2024-06-04 09:48:59.229 +01:00  WRN  No store type was specified for the decimal property 'Div' on entity type 'Stocks'. This will cause values to be silently truncated if they do not fit in the default precision and scale. Explicitly specify the SQL server column type that can accommodate all the values in 'OnModelCreating' using 'HasColumnType', specify precision and scale using 'HasPrecision', or configure a value converter using 'HasConversion'.
2024-06-04 09:48:59.229 +01:00  WRN  No store type was specified for the decimal property 'Purchase' on entity type 'Stocks'. This will cause values to be silently truncated if they do not fit in the default precision and scale. Explicitly specify the SQL server column type that can accommodate all the values in 'OnModelCreating' using 'HasColumnType', specify precision and scale using 'HasPrecision', or configure a value converter using 'HasConversion'.
2024-06-04 09:48:59.533 +01:00  INF  Entity Framework Core 6.0.29 initialized 'ApplicationDbContext' using provider 'Microsoft.EntityFrameworkCore.SqlServer:6.0.29' with options: None
2024-06-04 09:49:03.011 +01:00  INF  Executed DbCommand (317ms) [Parameters=[@__Email_0='?' (Size = 4000)], CommandType='"Text"', CommandTimeout='30']
SELECT TOP(1) [a].[Id], [a].[EmailAddress], [a].[PasswordHash], [a].[PasswordSalt], [a].[Username]
FROM [AccountsTable] AS [a]
WHERE [a].[EmailAddress] = @__Email_0
2024-06-04 09:49:06.187 +01:00  INF  Executed DbCommand (23ms) [Parameters=[@p2='?' (DbType = Int32), @p0='?' (Size = 8000) (DbType = Binary), @p1='?' (Size = 8000) (DbType = Binary)], CommandType='"Text"', CommandTimeout='30']
SET NOCOUNT ON;
UPDATE [AccountsTable] SET [PasswordHash] = @p0, [PasswordSalt] = @p1
WHERE [Id] = @p2;
SELECT @@ROWCOUNT;
2024-06-04 09:49:06.282 +01:00  INF  Executing ObjectResult, writing value of type 'System.Collections.Generic.List`1[[System.String, System.Private.CoreLib, Version=6.0.0.0, Culture=neutral, PublicKeyToken=7cec85d7bea7798e]]'.
2024-06-04 09:49:06.296 +01:00  INF  Executed action Authenticator.Controllers.AccountController.ForgotPassword (Authenticator) in 9001.8763ms
2024-06-04 09:49:06.298 +01:00  INF  Executed endpoint 'Authenticator.Controllers.AccountController.ForgotPassword (Authenticator)'
2024-06-04 09:49:06.305 +01:00  INF  HTTP GET /api/Account/Forgot password responded 200 in 9431.4452 ms
2024-06-04 09:49:06.325 +01:00  INF  Request finished HTTP/2 GET https://localhost:44318/api/Account/Forgot password?EmailAddress=curtisdave86%40gmail.com - - - 200 - application/json;+charset=utf-8 9463.7013ms
2024-06-04 09:50:16.697 +01:00  INF  Request starting HTTP/2 GET https://localhost:44318/api/Account/Forgot password?EmailAddress=curtisdave86%40gmail.com - -
2024-06-04 09:50:16.702 +01:00  INF  Executing endpoint 'Authenticator.Controllers.AccountController.ForgotPassword (Authenticator)'
2024-06-04 09:50:16.749 +01:00  INF  Route matched with {action = "ForgotPassword", controller = "Account"}. Executing controller action with signature System.Threading.Tasks.Task`1[Microsoft.AspNetCore.Mvc.IActionResult] ForgotPassword(System.String) on controller Authenticator.Controllers.AccountController (Authenticator).
2024-06-04 09:50:16.770 +01:00  INF  Entity Framework Core 6.0.29 initialized 'ApplicationDbContext' using provider 'Microsoft.EntityFrameworkCore.SqlServer:6.0.29' with options: None
2024-06-04 09:50:16.810 +01:00  INF  Executed DbCommand (4ms) [Parameters=[@__Email_0='?' (Size = 4000)], CommandType='"Text"', CommandTimeout='30']
SELECT TOP(1) [a].[Id], [a].[EmailAddress], [a].[PasswordHash], [a].[PasswordSalt], [a].[Username]
FROM [AccountsTable] AS [a]
WHERE [a].[EmailAddress] = @__Email_0
2024-06-04 09:50:18.612 +01:00  INF  Executed DbCommand (4ms) [Parameters=[@p2='?' (DbType = Int32), @p0='?' (Size = 8000) (DbType = Binary), @p1='?' (Size = 8000) (DbType = Binary)], CommandType='"Text"', CommandTimeout='30']
SET NOCOUNT ON;
UPDATE [AccountsTable] SET [PasswordHash] = @p0, [PasswordSalt] = @p1
WHERE [Id] = @p2;
SELECT @@ROWCOUNT;
2024-06-04 09:50:18.613 +01:00  INF  Executing ObjectResult, writing value of type 'System.Collections.Generic.List`1[[System.String, System.Private.CoreLib, Version=6.0.0.0, Culture=neutral, PublicKeyToken=7cec85d7bea7798e]]'.
2024-06-04 09:50:18.614 +01:00  INF  Executed action Authenticator.Controllers.AccountController.ForgotPassword (Authenticator) in 1864.804ms
2024-06-04 09:50:18.615 +01:00  INF  Executed endpoint 'Authenticator.Controllers.AccountController.ForgotPassword (Authenticator)'
2024-06-04 09:50:18.615 +01:00  INF  HTTP GET /api/Account/Forgot password responded 200 in 1914.5905 ms
2024-06-04 09:50:18.615 +01:00  INF  Request finished HTTP/2 GET https://localhost:44318/api/Account/Forgot password?EmailAddress=curtisdave86%40gmail.com - - - 200 - application/json;+charset=utf-8 1917.6768ms
